ARM GAS  C:\Users\leoja\AppData\Local\Temp\ccvdDFai.s 			page 1


   1              		.syntax unified
   2              		.cpu cortex-m3
   3              		.fpu softvfp
   4              		.eabi_attribute 20, 1
   5              		.eabi_attribute 21, 1
   6              		.eabi_attribute 23, 3
   7              		.eabi_attribute 24, 1
   8              		.eabi_attribute 25, 1
   9              		.eabi_attribute 26, 1
  10              		.eabi_attribute 30, 6
  11              		.eabi_attribute 34, 1
  12              		.eabi_attribute 18, 4
  13              		.thumb
  14              		.syntax unified
  15              		.file	"cyfitter_cfg.c"
  16              		.text
  17              	.Ltext0:
  18              		.cfi_sections	.debug_frame
  19              		.section	.text.CYMEMZERO,"ax",%progbits
  20              		.align	2
  21              		.thumb
  22              		.thumb_func
  23              		.type	CYMEMZERO, %function
  24              	CYMEMZERO:
  25              	.LFB0:
  26              		.file 1 "Generated_Source\\PSoC5\\cyfitter_cfg.c"
   1:Generated_Source\PSoC5/cyfitter_cfg.c **** 
   2:Generated_Source\PSoC5/cyfitter_cfg.c **** /*******************************************************************************
   3:Generated_Source\PSoC5/cyfitter_cfg.c **** * File Name: cyfitter_cfg.c
   4:Generated_Source\PSoC5/cyfitter_cfg.c **** * 
   5:Generated_Source\PSoC5/cyfitter_cfg.c **** * PSoC Creator  4.4
   6:Generated_Source\PSoC5/cyfitter_cfg.c **** *
   7:Generated_Source\PSoC5/cyfitter_cfg.c **** * Description:
   8:Generated_Source\PSoC5/cyfitter_cfg.c **** * This file contains device initialization code.
   9:Generated_Source\PSoC5/cyfitter_cfg.c **** * Except for the user defined sections in CyClockStartupError(), this file should not be modified.
  10:Generated_Source\PSoC5/cyfitter_cfg.c **** * This file is automatically generated by PSoC Creator.
  11:Generated_Source\PSoC5/cyfitter_cfg.c **** *
  12:Generated_Source\PSoC5/cyfitter_cfg.c **** ********************************************************************************
  13:Generated_Source\PSoC5/cyfitter_cfg.c **** * Copyright (c) 2007-2020 Cypress Semiconductor.  All rights reserved.
  14:Generated_Source\PSoC5/cyfitter_cfg.c **** * You may use this file only in accordance with the license, terms, conditions, 
  15:Generated_Source\PSoC5/cyfitter_cfg.c **** * disclaimers, and limitations in the end user license agreement accompanying 
  16:Generated_Source\PSoC5/cyfitter_cfg.c **** * the software package with which this file was provided.
  17:Generated_Source\PSoC5/cyfitter_cfg.c **** ********************************************************************************/
  18:Generated_Source\PSoC5/cyfitter_cfg.c **** 
  19:Generated_Source\PSoC5/cyfitter_cfg.c **** #include <string.h>
  20:Generated_Source\PSoC5/cyfitter_cfg.c **** #include "cytypes.h"
  21:Generated_Source\PSoC5/cyfitter_cfg.c **** #include "cydevice_trm.h"
  22:Generated_Source\PSoC5/cyfitter_cfg.c **** #include "cyfitter.h"
  23:Generated_Source\PSoC5/cyfitter_cfg.c **** #include "CyLib.h"
  24:Generated_Source\PSoC5/cyfitter_cfg.c **** #include "cyfitter_cfg.h"
  25:Generated_Source\PSoC5/cyfitter_cfg.c **** #include "cyapicallbacks.h"
  26:Generated_Source\PSoC5/cyfitter_cfg.c **** 
  27:Generated_Source\PSoC5/cyfitter_cfg.c **** #define CY_NEED_CYCLOCKSTARTUPERROR 1
  28:Generated_Source\PSoC5/cyfitter_cfg.c **** 
  29:Generated_Source\PSoC5/cyfitter_cfg.c **** 
  30:Generated_Source\PSoC5/cyfitter_cfg.c **** #if defined(__GNUC__) || defined(__ARMCC_VERSION)
  31:Generated_Source\PSoC5/cyfitter_cfg.c ****     #define CYPACKED 
ARM GAS  C:\Users\leoja\AppData\Local\Temp\ccvdDFai.s 			page 2


  32:Generated_Source\PSoC5/cyfitter_cfg.c ****     #define CYPACKED_ATTR __attribute__ ((packed))
  33:Generated_Source\PSoC5/cyfitter_cfg.c ****     #define CYALIGNED __attribute__ ((aligned))
  34:Generated_Source\PSoC5/cyfitter_cfg.c ****     #define CY_CFG_UNUSED __attribute__ ((unused))
  35:Generated_Source\PSoC5/cyfitter_cfg.c ****     #ifndef CY_CFG_SECTION
  36:Generated_Source\PSoC5/cyfitter_cfg.c ****         #define CY_CFG_SECTION __attribute__ ((section(".psocinit")))
  37:Generated_Source\PSoC5/cyfitter_cfg.c ****     #endif
  38:Generated_Source\PSoC5/cyfitter_cfg.c ****     
  39:Generated_Source\PSoC5/cyfitter_cfg.c ****     #if defined(__ARMCC_VERSION)
  40:Generated_Source\PSoC5/cyfitter_cfg.c ****         #define CY_CFG_MEMORY_BARRIER() __memory_changed()
  41:Generated_Source\PSoC5/cyfitter_cfg.c ****     #else
  42:Generated_Source\PSoC5/cyfitter_cfg.c ****         #define CY_CFG_MEMORY_BARRIER() __sync_synchronize()
  43:Generated_Source\PSoC5/cyfitter_cfg.c ****     #endif
  44:Generated_Source\PSoC5/cyfitter_cfg.c ****     
  45:Generated_Source\PSoC5/cyfitter_cfg.c **** #elif defined(__ICCARM__)
  46:Generated_Source\PSoC5/cyfitter_cfg.c ****     #include <intrinsics.h>
  47:Generated_Source\PSoC5/cyfitter_cfg.c **** 
  48:Generated_Source\PSoC5/cyfitter_cfg.c ****     #define CYPACKED __packed
  49:Generated_Source\PSoC5/cyfitter_cfg.c ****     #define CYPACKED_ATTR 
  50:Generated_Source\PSoC5/cyfitter_cfg.c ****     #define CYALIGNED _Pragma("data_alignment=4")
  51:Generated_Source\PSoC5/cyfitter_cfg.c ****     #define CY_CFG_UNUSED _Pragma("diag_suppress=Pe177")
  52:Generated_Source\PSoC5/cyfitter_cfg.c ****     #define CY_CFG_SECTION _Pragma("location=\".psocinit\"")
  53:Generated_Source\PSoC5/cyfitter_cfg.c ****     
  54:Generated_Source\PSoC5/cyfitter_cfg.c ****     #define CY_CFG_MEMORY_BARRIER() __DMB()
  55:Generated_Source\PSoC5/cyfitter_cfg.c ****     
  56:Generated_Source\PSoC5/cyfitter_cfg.c **** #else
  57:Generated_Source\PSoC5/cyfitter_cfg.c ****     #error Unsupported toolchain
  58:Generated_Source\PSoC5/cyfitter_cfg.c **** #endif
  59:Generated_Source\PSoC5/cyfitter_cfg.c **** 
  60:Generated_Source\PSoC5/cyfitter_cfg.c **** #ifndef CYCODE
  61:Generated_Source\PSoC5/cyfitter_cfg.c ****     #define CYCODE
  62:Generated_Source\PSoC5/cyfitter_cfg.c **** #endif
  63:Generated_Source\PSoC5/cyfitter_cfg.c **** #ifndef CYDATA
  64:Generated_Source\PSoC5/cyfitter_cfg.c ****     #define CYDATA
  65:Generated_Source\PSoC5/cyfitter_cfg.c **** #endif
  66:Generated_Source\PSoC5/cyfitter_cfg.c **** #ifndef CYFAR
  67:Generated_Source\PSoC5/cyfitter_cfg.c ****     #define CYFAR
  68:Generated_Source\PSoC5/cyfitter_cfg.c **** #endif
  69:Generated_Source\PSoC5/cyfitter_cfg.c **** #ifndef CYXDATA
  70:Generated_Source\PSoC5/cyfitter_cfg.c ****     #define CYXDATA
  71:Generated_Source\PSoC5/cyfitter_cfg.c **** #endif
  72:Generated_Source\PSoC5/cyfitter_cfg.c **** 
  73:Generated_Source\PSoC5/cyfitter_cfg.c **** 
  74:Generated_Source\PSoC5/cyfitter_cfg.c **** CY_CFG_UNUSED
  75:Generated_Source\PSoC5/cyfitter_cfg.c **** static void CYMEMZERO(void *s, size_t n);
  76:Generated_Source\PSoC5/cyfitter_cfg.c **** CY_CFG_UNUSED
  77:Generated_Source\PSoC5/cyfitter_cfg.c **** static void CYMEMZERO(void *s, size_t n)
  78:Generated_Source\PSoC5/cyfitter_cfg.c **** {
  27              		.loc 1 78 0
  28              		.cfi_startproc
  29              		@ args = 0, pretend = 0, frame = 8
  30              		@ frame_needed = 1, uses_anonymous_args = 0
  31 0000 80B5     		push	{r7, lr}
  32              		.cfi_def_cfa_offset 8
  33              		.cfi_offset 7, -8
  34              		.cfi_offset 14, -4
  35 0002 82B0     		sub	sp, sp, #8
  36              		.cfi_def_cfa_offset 16
ARM GAS  C:\Users\leoja\AppData\Local\Temp\ccvdDFai.s 			page 3


  37 0004 00AF     		add	r7, sp, #0
  38              		.cfi_def_cfa_register 7
  39 0006 7860     		str	r0, [r7, #4]
  40 0008 3960     		str	r1, [r7]
  79:Generated_Source\PSoC5/cyfitter_cfg.c **** 	(void)memset(s, 0, n);
  41              		.loc 1 79 0
  42 000a 3A68     		ldr	r2, [r7]
  43 000c 0021     		movs	r1, #0
  44 000e 7868     		ldr	r0, [r7, #4]
  45 0010 FFF7FEFF 		bl	memset
  80:Generated_Source\PSoC5/cyfitter_cfg.c **** }
  46              		.loc 1 80 0
  47 0014 00BF     		nop
  48 0016 0837     		adds	r7, r7, #8
  49              		.cfi_def_cfa_offset 8
  50 0018 BD46     		mov	sp, r7
  51              		.cfi_def_cfa_register 13
  52              		@ sp needed
  53 001a 80BD     		pop	{r7, pc}
  54              		.cfi_endproc
  55              	.LFE0:
  56              		.size	CYMEMZERO, .-CYMEMZERO
  57              		.section	.text.CYCONFIGCPY,"ax",%progbits
  58              		.align	2
  59              		.thumb
  60              		.thumb_func
  61              		.type	CYCONFIGCPY, %function
  62              	CYCONFIGCPY:
  63              	.LFB1:
  81:Generated_Source\PSoC5/cyfitter_cfg.c **** CY_CFG_UNUSED
  82:Generated_Source\PSoC5/cyfitter_cfg.c **** static void CYCONFIGCPY(void *dest, const void *src, size_t n);
  83:Generated_Source\PSoC5/cyfitter_cfg.c **** CY_CFG_UNUSED
  84:Generated_Source\PSoC5/cyfitter_cfg.c **** static void CYCONFIGCPY(void *dest, const void *src, size_t n)
  85:Generated_Source\PSoC5/cyfitter_cfg.c **** {
  64              		.loc 1 85 0
  65              		.cfi_startproc
  66              		@ args = 0, pretend = 0, frame = 16
  67              		@ frame_needed = 1, uses_anonymous_args = 0
  68 0000 80B5     		push	{r7, lr}
  69              		.cfi_def_cfa_offset 8
  70              		.cfi_offset 7, -8
  71              		.cfi_offset 14, -4
  72 0002 84B0     		sub	sp, sp, #16
  73              		.cfi_def_cfa_offset 24
  74 0004 00AF     		add	r7, sp, #0
  75              		.cfi_def_cfa_register 7
  76 0006 F860     		str	r0, [r7, #12]
  77 0008 B960     		str	r1, [r7, #8]
  78 000a 7A60     		str	r2, [r7, #4]
  86:Generated_Source\PSoC5/cyfitter_cfg.c **** 	(void)memcpy(dest, src, n);
  79              		.loc 1 86 0
  80 000c 7A68     		ldr	r2, [r7, #4]
  81 000e B968     		ldr	r1, [r7, #8]
  82 0010 F868     		ldr	r0, [r7, #12]
  83 0012 FFF7FEFF 		bl	memcpy
  87:Generated_Source\PSoC5/cyfitter_cfg.c **** }
  84              		.loc 1 87 0
ARM GAS  C:\Users\leoja\AppData\Local\Temp\ccvdDFai.s 			page 4


  85 0016 00BF     		nop
  86 0018 1037     		adds	r7, r7, #16
  87              		.cfi_def_cfa_offset 8
  88 001a BD46     		mov	sp, r7
  89              		.cfi_def_cfa_register 13
  90              		@ sp needed
  91 001c 80BD     		pop	{r7, pc}
  92              		.cfi_endproc
  93              	.LFE1:
  94              		.size	CYCONFIGCPY, .-CYCONFIGCPY
  95 001e 00BF     		.section	.text.CYCONFIGCPYCODE,"ax",%progbits
  96              		.align	2
  97              		.thumb
  98              		.thumb_func
  99              		.type	CYCONFIGCPYCODE, %function
 100              	CYCONFIGCPYCODE:
 101              	.LFB2:
  88:Generated_Source\PSoC5/cyfitter_cfg.c **** CY_CFG_UNUSED
  89:Generated_Source\PSoC5/cyfitter_cfg.c **** static void CYCONFIGCPYCODE(void *dest, const void *src, size_t n);
  90:Generated_Source\PSoC5/cyfitter_cfg.c **** CY_CFG_UNUSED
  91:Generated_Source\PSoC5/cyfitter_cfg.c **** static void CYCONFIGCPYCODE(void *dest, const void *src, size_t n)
  92:Generated_Source\PSoC5/cyfitter_cfg.c **** {
 102              		.loc 1 92 0
 103              		.cfi_startproc
 104              		@ args = 0, pretend = 0, frame = 16
 105              		@ frame_needed = 1, uses_anonymous_args = 0
 106 0000 80B5     		push	{r7, lr}
 107              		.cfi_def_cfa_offset 8
 108              		.cfi_offset 7, -8
 109              		.cfi_offset 14, -4
 110 0002 84B0     		sub	sp, sp, #16
 111              		.cfi_def_cfa_offset 24
 112 0004 00AF     		add	r7, sp, #0
 113              		.cfi_def_cfa_register 7
 114 0006 F860     		str	r0, [r7, #12]
 115 0008 B960     		str	r1, [r7, #8]
 116 000a 7A60     		str	r2, [r7, #4]
  93:Generated_Source\PSoC5/cyfitter_cfg.c **** 	(void)memcpy(dest, src, n);
 117              		.loc 1 93 0
 118 000c 7A68     		ldr	r2, [r7, #4]
 119 000e B968     		ldr	r1, [r7, #8]
 120 0010 F868     		ldr	r0, [r7, #12]
 121 0012 FFF7FEFF 		bl	memcpy
  94:Generated_Source\PSoC5/cyfitter_cfg.c **** }
 122              		.loc 1 94 0
 123 0016 00BF     		nop
 124 0018 1037     		adds	r7, r7, #16
 125              		.cfi_def_cfa_offset 8
 126 001a BD46     		mov	sp, r7
 127              		.cfi_def_cfa_register 13
 128              		@ sp needed
 129 001c 80BD     		pop	{r7, pc}
 130              		.cfi_endproc
 131              	.LFE2:
 132              		.size	CYCONFIGCPYCODE, .-CYCONFIGCPYCODE
 133 001e 00BF     		.section	.text.CyClockStartupError,"ax",%progbits
 134              		.align	2
ARM GAS  C:\Users\leoja\AppData\Local\Temp\ccvdDFai.s 			page 5


 135              		.thumb
 136              		.thumb_func
 137              		.type	CyClockStartupError, %function
 138              	CyClockStartupError:
 139              	.LFB3:
  95:Generated_Source\PSoC5/cyfitter_cfg.c **** 
  96:Generated_Source\PSoC5/cyfitter_cfg.c **** 
  97:Generated_Source\PSoC5/cyfitter_cfg.c **** 
  98:Generated_Source\PSoC5/cyfitter_cfg.c **** 
  99:Generated_Source\PSoC5/cyfitter_cfg.c **** /* Clock startup error codes                                                   */
 100:Generated_Source\PSoC5/cyfitter_cfg.c **** #define CYCLOCKSTART_NO_ERROR    0u
 101:Generated_Source\PSoC5/cyfitter_cfg.c **** #define CYCLOCKSTART_XTAL_ERROR  1u
 102:Generated_Source\PSoC5/cyfitter_cfg.c **** #define CYCLOCKSTART_32KHZ_ERROR 2u
 103:Generated_Source\PSoC5/cyfitter_cfg.c **** #define CYCLOCKSTART_PLL_ERROR   3u
 104:Generated_Source\PSoC5/cyfitter_cfg.c **** #define CYCLOCKSTART_FLL_ERROR   4u
 105:Generated_Source\PSoC5/cyfitter_cfg.c **** #define CYCLOCKSTART_WCO_ERROR   5u
 106:Generated_Source\PSoC5/cyfitter_cfg.c **** 
 107:Generated_Source\PSoC5/cyfitter_cfg.c **** 
 108:Generated_Source\PSoC5/cyfitter_cfg.c **** #ifdef CY_NEED_CYCLOCKSTARTUPERROR
 109:Generated_Source\PSoC5/cyfitter_cfg.c **** /*******************************************************************************
 110:Generated_Source\PSoC5/cyfitter_cfg.c **** * Function Name: CyClockStartupError
 111:Generated_Source\PSoC5/cyfitter_cfg.c **** ********************************************************************************
 112:Generated_Source\PSoC5/cyfitter_cfg.c **** * Summary:
 113:Generated_Source\PSoC5/cyfitter_cfg.c **** *  If an error is encountered during clock configuration (crystal startup error,
 114:Generated_Source\PSoC5/cyfitter_cfg.c **** *  PLL lock error, etc.), the system will end up here.  Unless reimplemented by
 115:Generated_Source\PSoC5/cyfitter_cfg.c **** *  the customer, this function will stop in an infinite loop.
 116:Generated_Source\PSoC5/cyfitter_cfg.c **** *
 117:Generated_Source\PSoC5/cyfitter_cfg.c **** * Parameters:
 118:Generated_Source\PSoC5/cyfitter_cfg.c **** *   void
 119:Generated_Source\PSoC5/cyfitter_cfg.c **** *
 120:Generated_Source\PSoC5/cyfitter_cfg.c **** * Return:
 121:Generated_Source\PSoC5/cyfitter_cfg.c **** *   void
 122:Generated_Source\PSoC5/cyfitter_cfg.c **** *
 123:Generated_Source\PSoC5/cyfitter_cfg.c **** *******************************************************************************/
 124:Generated_Source\PSoC5/cyfitter_cfg.c **** CY_CFG_UNUSED
 125:Generated_Source\PSoC5/cyfitter_cfg.c **** static void CyClockStartupError(uint8 errorCode);
 126:Generated_Source\PSoC5/cyfitter_cfg.c **** CY_CFG_UNUSED
 127:Generated_Source\PSoC5/cyfitter_cfg.c **** static void CyClockStartupError(uint8 errorCode)
 128:Generated_Source\PSoC5/cyfitter_cfg.c **** {
 140              		.loc 1 128 0
 141              		.cfi_startproc
 142              		@ args = 0, pretend = 0, frame = 8
 143              		@ frame_needed = 1, uses_anonymous_args = 0
 144              		@ link register save eliminated.
 145 0000 80B4     		push	{r7}
 146              		.cfi_def_cfa_offset 4
 147              		.cfi_offset 7, -4
 148 0002 83B0     		sub	sp, sp, #12
 149              		.cfi_def_cfa_offset 16
 150 0004 00AF     		add	r7, sp, #0
 151              		.cfi_def_cfa_register 7
 152 0006 0346     		mov	r3, r0
 153 0008 FB71     		strb	r3, [r7, #7]
 154              	.L5:
 129:Generated_Source\PSoC5/cyfitter_cfg.c ****     /* To remove the compiler warning if errorCode not used.                */
 130:Generated_Source\PSoC5/cyfitter_cfg.c ****     errorCode = errorCode;
 131:Generated_Source\PSoC5/cyfitter_cfg.c **** 
ARM GAS  C:\Users\leoja\AppData\Local\Temp\ccvdDFai.s 			page 6


 132:Generated_Source\PSoC5/cyfitter_cfg.c ****     /* If we have a clock startup error (bad MHz crystal, PLL lock, etc.),  */
 133:Generated_Source\PSoC5/cyfitter_cfg.c ****     /* we will end up here to allow the customer to implement something to  */
 134:Generated_Source\PSoC5/cyfitter_cfg.c ****     /* deal with the clock condition.                                       */
 135:Generated_Source\PSoC5/cyfitter_cfg.c **** 
 136:Generated_Source\PSoC5/cyfitter_cfg.c **** #ifdef CY_CFG_CLOCK_STARTUP_ERROR_CALLBACK
 137:Generated_Source\PSoC5/cyfitter_cfg.c ****     CY_CFG_Clock_Startup_ErrorCallback();
 138:Generated_Source\PSoC5/cyfitter_cfg.c **** #else
 139:Generated_Source\PSoC5/cyfitter_cfg.c ****     /*  If not using CY_CFG_CLOCK_STARTUP_ERROR_CALLBACK, place your clock startup code here. */
 140:Generated_Source\PSoC5/cyfitter_cfg.c ****     /* `#START CyClockStartupError` */
 141:Generated_Source\PSoC5/cyfitter_cfg.c **** 
 142:Generated_Source\PSoC5/cyfitter_cfg.c **** 
 143:Generated_Source\PSoC5/cyfitter_cfg.c **** 
 144:Generated_Source\PSoC5/cyfitter_cfg.c ****     /* `#END` */
 145:Generated_Source\PSoC5/cyfitter_cfg.c **** 
 146:Generated_Source\PSoC5/cyfitter_cfg.c ****     while(1) {}
 155              		.loc 1 146 0 discriminator 1
 156 000a FEE7     		b	.L5
 157              		.cfi_endproc
 158              	.LFE3:
 159              		.size	CyClockStartupError, .-CyClockStartupError
 160              		.section	.text.ClockSetup,"ax",%progbits
 161              		.align	2
 162              		.thumb
 163              		.thumb_func
 164              		.type	ClockSetup, %function
 165              	ClockSetup:
 166              	.LFB4:
 147:Generated_Source\PSoC5/cyfitter_cfg.c **** #endif /* CY_CFG_CLOCK_STARTUP_ERROR_CALLBACK */
 148:Generated_Source\PSoC5/cyfitter_cfg.c **** }
 149:Generated_Source\PSoC5/cyfitter_cfg.c **** #endif
 150:Generated_Source\PSoC5/cyfitter_cfg.c **** 
 151:Generated_Source\PSoC5/cyfitter_cfg.c **** 
 152:Generated_Source\PSoC5/cyfitter_cfg.c **** /*******************************************************************************
 153:Generated_Source\PSoC5/cyfitter_cfg.c **** * Function Name: ClockSetup
 154:Generated_Source\PSoC5/cyfitter_cfg.c **** ********************************************************************************
 155:Generated_Source\PSoC5/cyfitter_cfg.c **** *
 156:Generated_Source\PSoC5/cyfitter_cfg.c **** * Summary:
 157:Generated_Source\PSoC5/cyfitter_cfg.c **** *  Performs the initialization of all of the clocks in the device based on the
 158:Generated_Source\PSoC5/cyfitter_cfg.c **** *  settings in the Clock tab of the DWR.  This includes enabling the requested
 159:Generated_Source\PSoC5/cyfitter_cfg.c **** *  clocks and setting the necessary dividers to produce the desired frequency. 
 160:Generated_Source\PSoC5/cyfitter_cfg.c **** *
 161:Generated_Source\PSoC5/cyfitter_cfg.c **** * Parameters:
 162:Generated_Source\PSoC5/cyfitter_cfg.c **** *  void
 163:Generated_Source\PSoC5/cyfitter_cfg.c **** *
 164:Generated_Source\PSoC5/cyfitter_cfg.c **** * Return:
 165:Generated_Source\PSoC5/cyfitter_cfg.c **** *  void
 166:Generated_Source\PSoC5/cyfitter_cfg.c **** *
 167:Generated_Source\PSoC5/cyfitter_cfg.c **** *******************************************************************************/
 168:Generated_Source\PSoC5/cyfitter_cfg.c **** static void ClockSetup(void);
 169:Generated_Source\PSoC5/cyfitter_cfg.c **** static void ClockSetup(void)
 170:Generated_Source\PSoC5/cyfitter_cfg.c **** {
 167              		.loc 1 170 0
 168              		.cfi_startproc
 169              		@ args = 0, pretend = 0, frame = 8
 170              		@ frame_needed = 1, uses_anonymous_args = 0
 171 0000 80B5     		push	{r7, lr}
 172              		.cfi_def_cfa_offset 8
ARM GAS  C:\Users\leoja\AppData\Local\Temp\ccvdDFai.s 			page 7


 173              		.cfi_offset 7, -8
 174              		.cfi_offset 14, -4
 175 0002 82B0     		sub	sp, sp, #8
 176              		.cfi_def_cfa_offset 16
 177 0004 00AF     		add	r7, sp, #0
 178              		.cfi_def_cfa_register 7
 171:Generated_Source\PSoC5/cyfitter_cfg.c **** 	uint32 timeout;
 172:Generated_Source\PSoC5/cyfitter_cfg.c **** 	uint8 pllLock;
 173:Generated_Source\PSoC5/cyfitter_cfg.c **** 
 174:Generated_Source\PSoC5/cyfitter_cfg.c **** 
 175:Generated_Source\PSoC5/cyfitter_cfg.c **** 	/* Configure ILO based on settings from Clock DWR */
 176:Generated_Source\PSoC5/cyfitter_cfg.c **** 	CY_SET_XTND_REG8((void CYFAR *)(CYREG_SLOWCLK_ILO_CR0), 0x02u);
 179              		.loc 1 176 0
 180 0006 294B     		ldr	r3, .L11
 181 0008 0222     		movs	r2, #2
 182 000a 1A70     		strb	r2, [r3]
 177:Generated_Source\PSoC5/cyfitter_cfg.c **** 	CY_SET_XTND_REG8((void CYFAR *)(CYREG_CLKDIST_CR), 0x08u);
 183              		.loc 1 177 0
 184 000c 4FF04023 		mov	r3, #1073758208
 185 0010 0822     		movs	r2, #8
 186 0012 1A70     		strb	r2, [r3]
 178:Generated_Source\PSoC5/cyfitter_cfg.c **** 
 179:Generated_Source\PSoC5/cyfitter_cfg.c **** 	/* Configure IMO based on settings from Clock DWR */
 180:Generated_Source\PSoC5/cyfitter_cfg.c **** 	CY_SET_XTND_REG8((void CYFAR *)(CYREG_FASTCLK_IMO_CR), 0x03u);
 187              		.loc 1 180 0
 188 0014 264B     		ldr	r3, .L11+4
 189 0016 0322     		movs	r2, #3
 190 0018 1A70     		strb	r2, [r3]
 181:Generated_Source\PSoC5/cyfitter_cfg.c **** 	CY_SET_XTND_REG8((void CYFAR *)(CYREG_IMO_TR1), (CY_GET_XTND_REG8((void CYFAR *)CYREG_FLSHID_CUST_
 191              		.loc 1 181 0
 192 001a 264B     		ldr	r3, .L11+8
 193 001c 264A     		ldr	r2, .L11+12
 194 001e 1278     		ldrb	r2, [r2]
 195 0020 D2B2     		uxtb	r2, r2
 196 0022 1A70     		strb	r2, [r3]
 182:Generated_Source\PSoC5/cyfitter_cfg.c **** 
 183:Generated_Source\PSoC5/cyfitter_cfg.c **** 	/* Configure PLL based on settings from Clock DWR */
 184:Generated_Source\PSoC5/cyfitter_cfg.c **** 	CY_SET_XTND_REG16((void CYFAR *)(CYREG_FASTCLK_PLL_P), 0x0008u);
 197              		.loc 1 184 0
 198 0024 254B     		ldr	r3, .L11+16
 199 0026 0822     		movs	r2, #8
 200 0028 1A80     		strh	r2, [r3]	@ movhi
 185:Generated_Source\PSoC5/cyfitter_cfg.c **** 	CY_SET_XTND_REG16((void CYFAR *)(CYREG_FASTCLK_PLL_CFG0), 0x1251u);
 201              		.loc 1 185 0
 202 002a 254B     		ldr	r3, .L11+20
 203 002c 41F25122 		movw	r2, #4689
 204 0030 1A80     		strh	r2, [r3]	@ movhi
 186:Generated_Source\PSoC5/cyfitter_cfg.c **** 	/* Wait up to 250us for the PLL to lock */
 187:Generated_Source\PSoC5/cyfitter_cfg.c **** 	pllLock = 0u;
 205              		.loc 1 187 0
 206 0032 0023     		movs	r3, #0
 207 0034 FB70     		strb	r3, [r7, #3]
 188:Generated_Source\PSoC5/cyfitter_cfg.c **** 	for (timeout = 250u / 10u; (timeout > 0u) && (pllLock != 0x03u); timeout--)
 208              		.loc 1 188 0
 209 0036 1923     		movs	r3, #25
 210 0038 7B60     		str	r3, [r7, #4]
 211 003a 14E0     		b	.L7
ARM GAS  C:\Users\leoja\AppData\Local\Temp\ccvdDFai.s 			page 8


 212              	.L9:
 189:Generated_Source\PSoC5/cyfitter_cfg.c **** 	{ 
 190:Generated_Source\PSoC5/cyfitter_cfg.c **** 		pllLock = 0x03u & ((uint8)((uint8)pllLock << 1) | ((CY_GET_XTND_REG8((void CYFAR *)CYREG_FASTCLK_
 213              		.loc 1 190 0 discriminator 4
 214 003c FB78     		ldrb	r3, [r7, #3]
 215 003e 5B00     		lsls	r3, r3, #1
 216 0040 DAB2     		uxtb	r2, r3
 217 0042 204B     		ldr	r3, .L11+24
 218 0044 1B78     		ldrb	r3, [r3]
 219 0046 DBB2     		uxtb	r3, r3
 220 0048 03F00103 		and	r3, r3, #1
 221 004c DBB2     		uxtb	r3, r3
 222 004e 1343     		orrs	r3, r3, r2
 223 0050 DBB2     		uxtb	r3, r3
 224 0052 03F00303 		and	r3, r3, #3
 225 0056 FB70     		strb	r3, [r7, #3]
 191:Generated_Source\PSoC5/cyfitter_cfg.c **** 		CyDelayCycles(10u * 48u); /* Delay 10us based on 48MHz clock */
 226              		.loc 1 191 0 discriminator 4
 227 0058 4FF4F070 		mov	r0, #480
 228 005c FFF7FEFF 		bl	CyDelayCycles
 188:Generated_Source\PSoC5/cyfitter_cfg.c **** 	for (timeout = 250u / 10u; (timeout > 0u) && (pllLock != 0x03u); timeout--)
 229              		.loc 1 188 0 discriminator 4
 230 0060 7B68     		ldr	r3, [r7, #4]
 231 0062 013B     		subs	r3, r3, #1
 232 0064 7B60     		str	r3, [r7, #4]
 233              	.L7:
 188:Generated_Source\PSoC5/cyfitter_cfg.c **** 	for (timeout = 250u / 10u; (timeout > 0u) && (pllLock != 0x03u); timeout--)
 234              		.loc 1 188 0 is_stmt 0 discriminator 1
 235 0066 7B68     		ldr	r3, [r7, #4]
 236 0068 002B     		cmp	r3, #0
 237 006a 02D0     		beq	.L8
 188:Generated_Source\PSoC5/cyfitter_cfg.c **** 	for (timeout = 250u / 10u; (timeout > 0u) && (pllLock != 0x03u); timeout--)
 238              		.loc 1 188 0 discriminator 3
 239 006c FB78     		ldrb	r3, [r7, #3]	@ zero_extendqisi2
 240 006e 032B     		cmp	r3, #3
 241 0070 E4D1     		bne	.L9
 242              	.L8:
 192:Generated_Source\PSoC5/cyfitter_cfg.c **** 	}
 193:Generated_Source\PSoC5/cyfitter_cfg.c **** 	/* If we ran out of time the PLL didn't lock so go to the error function */
 194:Generated_Source\PSoC5/cyfitter_cfg.c **** 	if (timeout == 0u)
 243              		.loc 1 194 0 is_stmt 1
 244 0072 7B68     		ldr	r3, [r7, #4]
 245 0074 002B     		cmp	r3, #0
 246 0076 02D1     		bne	.L10
 195:Generated_Source\PSoC5/cyfitter_cfg.c **** 	{
 196:Generated_Source\PSoC5/cyfitter_cfg.c **** 		CyClockStartupError(CYCLOCKSTART_PLL_ERROR);
 247              		.loc 1 196 0
 248 0078 0320     		movs	r0, #3
 249 007a FFF7FEFF 		bl	CyClockStartupError
 250              	.L10:
 197:Generated_Source\PSoC5/cyfitter_cfg.c **** 	}
 198:Generated_Source\PSoC5/cyfitter_cfg.c **** 
 199:Generated_Source\PSoC5/cyfitter_cfg.c **** 	/* Configure Bus/Master Clock based on settings from Clock DWR */
 200:Generated_Source\PSoC5/cyfitter_cfg.c **** 	CY_SET_XTND_REG16((void CYFAR *)(CYREG_CLKDIST_MSTR0), 0x0100u);
 251              		.loc 1 200 0
 252 007e 124B     		ldr	r3, .L11+28
 253 0080 4FF48072 		mov	r2, #256
ARM GAS  C:\Users\leoja\AppData\Local\Temp\ccvdDFai.s 			page 9


 254 0084 1A80     		strh	r2, [r3]	@ movhi
 201:Generated_Source\PSoC5/cyfitter_cfg.c **** 	CY_SET_XTND_REG8((void CYFAR *)(CYREG_CLKDIST_MSTR0), 0x07u);
 255              		.loc 1 201 0
 256 0086 104B     		ldr	r3, .L11+28
 257 0088 0722     		movs	r2, #7
 258 008a 1A70     		strb	r2, [r3]
 202:Generated_Source\PSoC5/cyfitter_cfg.c **** 	CY_SET_XTND_REG8((void CYFAR *)(CYREG_CLKDIST_BCFG0), 0x00u);
 259              		.loc 1 202 0
 260 008c 0F4B     		ldr	r3, .L11+32
 261 008e 0022     		movs	r2, #0
 262 0090 1A70     		strb	r2, [r3]
 203:Generated_Source\PSoC5/cyfitter_cfg.c **** 	CY_SET_XTND_REG8((void CYFAR *)(CYREG_CLKDIST_BCFG2), 0x48u);
 263              		.loc 1 203 0
 264 0092 0F4B     		ldr	r3, .L11+36
 265 0094 4822     		movs	r2, #72
 266 0096 1A70     		strb	r2, [r3]
 204:Generated_Source\PSoC5/cyfitter_cfg.c **** 	CY_SET_XTND_REG8((void CYFAR *)(CYREG_CLKDIST_MSTR0), 0x00u);
 267              		.loc 1 204 0
 268 0098 0B4B     		ldr	r3, .L11+28
 269 009a 0022     		movs	r2, #0
 270 009c 1A70     		strb	r2, [r3]
 205:Generated_Source\PSoC5/cyfitter_cfg.c **** 	CY_SET_XTND_REG8((void CYFAR *)(CYREG_CLKDIST_LD), 0x02u);
 271              		.loc 1 205 0
 272 009e 0D4B     		ldr	r3, .L11+40
 273 00a0 0222     		movs	r2, #2
 274 00a2 1A70     		strb	r2, [r3]
 206:Generated_Source\PSoC5/cyfitter_cfg.c **** }
 275              		.loc 1 206 0
 276 00a4 00BF     		nop
 277 00a6 0837     		adds	r7, r7, #8
 278              		.cfi_def_cfa_offset 8
 279 00a8 BD46     		mov	sp, r7
 280              		.cfi_def_cfa_register 13
 281              		@ sp needed
 282 00aa 80BD     		pop	{r7, pc}
 283              	.L12:
 284              		.align	2
 285              	.L11:
 286 00ac 00430040 		.word	1073758976
 287 00b0 00420040 		.word	1073758720
 288 00b4 A1460040 		.word	1073759905
 289 00b8 08010049 		.word	1224737032
 290 00bc 22420040 		.word	1073758754
 291 00c0 20420040 		.word	1073758752
 292 00c4 25420040 		.word	1073758757
 293 00c8 04400040 		.word	1073758212
 294 00cc 06400040 		.word	1073758214
 295 00d0 08400040 		.word	1073758216
 296 00d4 01400040 		.word	1073758209
 297              		.cfi_endproc
 298              	.LFE4:
 299              		.size	ClockSetup, .-ClockSetup
 300              		.section	.text.AnalogSetDefault,"ax",%progbits
 301              		.align	2
 302              		.thumb
 303              		.thumb_func
 304              		.type	AnalogSetDefault, %function
ARM GAS  C:\Users\leoja\AppData\Local\Temp\ccvdDFai.s 			page 10


 305              	AnalogSetDefault:
 306              	.LFB5:
 207:Generated_Source\PSoC5/cyfitter_cfg.c **** 
 208:Generated_Source\PSoC5/cyfitter_cfg.c **** 
 209:Generated_Source\PSoC5/cyfitter_cfg.c **** /* Analog API Functions */
 210:Generated_Source\PSoC5/cyfitter_cfg.c **** 
 211:Generated_Source\PSoC5/cyfitter_cfg.c **** 
 212:Generated_Source\PSoC5/cyfitter_cfg.c **** /*******************************************************************************
 213:Generated_Source\PSoC5/cyfitter_cfg.c **** * Function Name: AnalogSetDefault
 214:Generated_Source\PSoC5/cyfitter_cfg.c **** ********************************************************************************
 215:Generated_Source\PSoC5/cyfitter_cfg.c **** *
 216:Generated_Source\PSoC5/cyfitter_cfg.c **** * Summary:
 217:Generated_Source\PSoC5/cyfitter_cfg.c **** *  Sets up the analog portions of the chip to default values based on chip
 218:Generated_Source\PSoC5/cyfitter_cfg.c **** *  configuration options from the project.
 219:Generated_Source\PSoC5/cyfitter_cfg.c **** *
 220:Generated_Source\PSoC5/cyfitter_cfg.c **** * Parameters:
 221:Generated_Source\PSoC5/cyfitter_cfg.c **** *  void
 222:Generated_Source\PSoC5/cyfitter_cfg.c **** *
 223:Generated_Source\PSoC5/cyfitter_cfg.c **** * Return:
 224:Generated_Source\PSoC5/cyfitter_cfg.c **** *  void
 225:Generated_Source\PSoC5/cyfitter_cfg.c **** *
 226:Generated_Source\PSoC5/cyfitter_cfg.c **** *******************************************************************************/
 227:Generated_Source\PSoC5/cyfitter_cfg.c **** static void AnalogSetDefault(void);
 228:Generated_Source\PSoC5/cyfitter_cfg.c **** static void AnalogSetDefault(void)
 229:Generated_Source\PSoC5/cyfitter_cfg.c **** {
 307              		.loc 1 229 0
 308              		.cfi_startproc
 309              		@ args = 0, pretend = 0, frame = 8
 310              		@ frame_needed = 1, uses_anonymous_args = 0
 311              		@ link register save eliminated.
 312 0000 80B4     		push	{r7}
 313              		.cfi_def_cfa_offset 4
 314              		.cfi_offset 7, -4
 315 0002 83B0     		sub	sp, sp, #12
 316              		.cfi_def_cfa_offset 16
 317 0004 00AF     		add	r7, sp, #0
 318              		.cfi_def_cfa_register 7
 230:Generated_Source\PSoC5/cyfitter_cfg.c **** 	uint8 bg_xover_inl_trim = CY_GET_XTND_REG8((void CYFAR *)(CYREG_FLSHID_MFG_CFG_BG_XOVER_INL_TRIM +
 319              		.loc 1 230 0
 320 0006 0B4B     		ldr	r3, .L14
 321 0008 1B78     		ldrb	r3, [r3]
 322 000a FB71     		strb	r3, [r7, #7]
 231:Generated_Source\PSoC5/cyfitter_cfg.c **** 	CY_SET_XTND_REG8((void CYFAR *)(CYREG_BG_DFT0), (bg_xover_inl_trim & 0x07u));
 323              		.loc 1 231 0
 324 000c 0A4A     		ldr	r2, .L14+4
 325 000e FB79     		ldrb	r3, [r7, #7]
 326 0010 03F00703 		and	r3, r3, #7
 327 0014 DBB2     		uxtb	r3, r3
 328 0016 1370     		strb	r3, [r2]
 232:Generated_Source\PSoC5/cyfitter_cfg.c **** 	CY_SET_XTND_REG8((void CYFAR *)(CYREG_BG_DFT1), ((bg_xover_inl_trim >> 4) & 0x0Fu));
 329              		.loc 1 232 0
 330 0018 084A     		ldr	r2, .L14+8
 331 001a FB79     		ldrb	r3, [r7, #7]	@ zero_extendqisi2
 332 001c 1B09     		lsrs	r3, r3, #4
 333 001e DBB2     		uxtb	r3, r3
 334 0020 1370     		strb	r3, [r2]
 233:Generated_Source\PSoC5/cyfitter_cfg.c **** 	CY_SET_XTND_REG8((void CYFAR *)CYREG_PUMP_CR0, 0x44u);
ARM GAS  C:\Users\leoja\AppData\Local\Temp\ccvdDFai.s 			page 11


 335              		.loc 1 233 0
 336 0022 074B     		ldr	r3, .L14+12
 337 0024 4422     		movs	r2, #68
 338 0026 1A70     		strb	r2, [r3]
 234:Generated_Source\PSoC5/cyfitter_cfg.c **** }
 339              		.loc 1 234 0
 340 0028 00BF     		nop
 341 002a 0C37     		adds	r7, r7, #12
 342              		.cfi_def_cfa_offset 4
 343 002c BD46     		mov	sp, r7
 344              		.cfi_def_cfa_register 13
 345              		@ sp needed
 346 002e 80BC     		pop	{r7}
 347              		.cfi_restore 7
 348              		.cfi_def_cfa_offset 0
 349 0030 7047     		bx	lr
 350              	.L15:
 351 0032 00BF     		.align	2
 352              	.L14:
 353 0034 CF010049 		.word	1224737231
 354 0038 6E580040 		.word	1073764462
 355 003c 6F580040 		.word	1073764463
 356 0040 76580040 		.word	1073764470
 357              		.cfi_endproc
 358              	.LFE5:
 359              		.size	AnalogSetDefault, .-AnalogSetDefault
 360              		.section	.text.SetAnalogRoutingPumps,"ax",%progbits
 361              		.align	2
 362              		.global	SetAnalogRoutingPumps
 363              		.thumb
 364              		.thumb_func
 365              		.type	SetAnalogRoutingPumps, %function
 366              	SetAnalogRoutingPumps:
 367              	.LFB6:
 235:Generated_Source\PSoC5/cyfitter_cfg.c **** 
 236:Generated_Source\PSoC5/cyfitter_cfg.c **** 
 237:Generated_Source\PSoC5/cyfitter_cfg.c **** /*******************************************************************************
 238:Generated_Source\PSoC5/cyfitter_cfg.c **** * Function Name: SetAnalogRoutingPumps
 239:Generated_Source\PSoC5/cyfitter_cfg.c **** ********************************************************************************
 240:Generated_Source\PSoC5/cyfitter_cfg.c **** *
 241:Generated_Source\PSoC5/cyfitter_cfg.c **** * Summary:
 242:Generated_Source\PSoC5/cyfitter_cfg.c **** * Enables or disables the analog pumps feeding analog routing switches.
 243:Generated_Source\PSoC5/cyfitter_cfg.c **** * Intended to be called at startup, based on the Vdda system configuration;
 244:Generated_Source\PSoC5/cyfitter_cfg.c **** * may be called during operation when the user informs us that the Vdda voltage
 245:Generated_Source\PSoC5/cyfitter_cfg.c **** * crossed the pump threshold.
 246:Generated_Source\PSoC5/cyfitter_cfg.c **** *
 247:Generated_Source\PSoC5/cyfitter_cfg.c **** * Parameters:
 248:Generated_Source\PSoC5/cyfitter_cfg.c **** *  enabled - 1 to enable the pumps, 0 to disable the pumps
 249:Generated_Source\PSoC5/cyfitter_cfg.c **** *
 250:Generated_Source\PSoC5/cyfitter_cfg.c **** * Return:
 251:Generated_Source\PSoC5/cyfitter_cfg.c **** *  void
 252:Generated_Source\PSoC5/cyfitter_cfg.c **** *
 253:Generated_Source\PSoC5/cyfitter_cfg.c **** *******************************************************************************/
 254:Generated_Source\PSoC5/cyfitter_cfg.c **** void SetAnalogRoutingPumps(uint8 enabled)
 255:Generated_Source\PSoC5/cyfitter_cfg.c **** {
 368              		.loc 1 255 0
 369              		.cfi_startproc
ARM GAS  C:\Users\leoja\AppData\Local\Temp\ccvdDFai.s 			page 12


 370              		@ args = 0, pretend = 0, frame = 16
 371              		@ frame_needed = 1, uses_anonymous_args = 0
 372              		@ link register save eliminated.
 373 0000 80B4     		push	{r7}
 374              		.cfi_def_cfa_offset 4
 375              		.cfi_offset 7, -4
 376 0002 85B0     		sub	sp, sp, #20
 377              		.cfi_def_cfa_offset 24
 378 0004 00AF     		add	r7, sp, #0
 379              		.cfi_def_cfa_register 7
 380 0006 0346     		mov	r3, r0
 381 0008 FB71     		strb	r3, [r7, #7]
 256:Generated_Source\PSoC5/cyfitter_cfg.c **** 	uint8 regValue = CY_GET_XTND_REG8((void CYFAR *)CYREG_PUMP_CR0);
 382              		.loc 1 256 0
 383 000a 064B     		ldr	r3, .L19
 384 000c 1B78     		ldrb	r3, [r3]
 385 000e FB73     		strb	r3, [r7, #15]
 257:Generated_Source\PSoC5/cyfitter_cfg.c **** 	if (enabled != 0u)
 386              		.loc 1 257 0
 387 0010 FB79     		ldrb	r3, [r7, #7]	@ zero_extendqisi2
 388 0012 002B     		cmp	r3, #0
 258:Generated_Source\PSoC5/cyfitter_cfg.c **** 	{
 259:Generated_Source\PSoC5/cyfitter_cfg.c **** 		regValue |= 0x00u;
 260:Generated_Source\PSoC5/cyfitter_cfg.c **** 	}
 261:Generated_Source\PSoC5/cyfitter_cfg.c **** 	else
 262:Generated_Source\PSoC5/cyfitter_cfg.c **** 	{
 263:Generated_Source\PSoC5/cyfitter_cfg.c **** 		regValue &= (uint8)~0x00u;
 264:Generated_Source\PSoC5/cyfitter_cfg.c **** 	}
 265:Generated_Source\PSoC5/cyfitter_cfg.c **** 	CY_SET_XTND_REG8((void CYFAR *)CYREG_PUMP_CR0, regValue);
 389              		.loc 1 265 0
 390 0014 034A     		ldr	r2, .L19
 391 0016 FB7B     		ldrb	r3, [r7, #15]
 392 0018 1370     		strb	r3, [r2]
 266:Generated_Source\PSoC5/cyfitter_cfg.c **** }
 393              		.loc 1 266 0
 394 001a 00BF     		nop
 395 001c 1437     		adds	r7, r7, #20
 396              		.cfi_def_cfa_offset 4
 397 001e BD46     		mov	sp, r7
 398              		.cfi_def_cfa_register 13
 399              		@ sp needed
 400 0020 80BC     		pop	{r7}
 401              		.cfi_restore 7
 402              		.cfi_def_cfa_offset 0
 403 0022 7047     		bx	lr
 404              	.L20:
 405              		.align	2
 406              	.L19:
 407 0024 76580040 		.word	1073764470
 408              		.cfi_endproc
 409              	.LFE6:
 410              		.size	SetAnalogRoutingPumps, .-SetAnalogRoutingPumps
 411              		.section	.text.cyfitter_cfg,"ax",%progbits
 412              		.align	2
 413              		.global	cyfitter_cfg
 414              		.thumb
 415              		.thumb_func
ARM GAS  C:\Users\leoja\AppData\Local\Temp\ccvdDFai.s 			page 13


 416              		.type	cyfitter_cfg, %function
 417              	cyfitter_cfg:
 418              	.LFB7:
 267:Generated_Source\PSoC5/cyfitter_cfg.c **** 
 268:Generated_Source\PSoC5/cyfitter_cfg.c **** 
 269:Generated_Source\PSoC5/cyfitter_cfg.c **** 
 270:Generated_Source\PSoC5/cyfitter_cfg.c **** 
 271:Generated_Source\PSoC5/cyfitter_cfg.c **** /*******************************************************************************
 272:Generated_Source\PSoC5/cyfitter_cfg.c **** * Function Name: cyfitter_cfg
 273:Generated_Source\PSoC5/cyfitter_cfg.c **** ********************************************************************************
 274:Generated_Source\PSoC5/cyfitter_cfg.c **** * Summary:
 275:Generated_Source\PSoC5/cyfitter_cfg.c **** *  This function is called by the start-up code for the selected device. It
 276:Generated_Source\PSoC5/cyfitter_cfg.c **** *  performs all of the necessary device configuration based on the design
 277:Generated_Source\PSoC5/cyfitter_cfg.c **** *  settings.  This includes settings from the Design Wide Resources (DWR) such
 278:Generated_Source\PSoC5/cyfitter_cfg.c **** *  as Clocks and Pins as well as any component configuration that is necessary.
 279:Generated_Source\PSoC5/cyfitter_cfg.c **** *
 280:Generated_Source\PSoC5/cyfitter_cfg.c **** * Parameters:
 281:Generated_Source\PSoC5/cyfitter_cfg.c **** *   void
 282:Generated_Source\PSoC5/cyfitter_cfg.c **** *
 283:Generated_Source\PSoC5/cyfitter_cfg.c **** * Return:
 284:Generated_Source\PSoC5/cyfitter_cfg.c **** *   void
 285:Generated_Source\PSoC5/cyfitter_cfg.c **** *
 286:Generated_Source\PSoC5/cyfitter_cfg.c **** *******************************************************************************/
 287:Generated_Source\PSoC5/cyfitter_cfg.c **** 
 288:Generated_Source\PSoC5/cyfitter_cfg.c **** void cyfitter_cfg(void)
 289:Generated_Source\PSoC5/cyfitter_cfg.c **** {
 419              		.loc 1 289 0
 420              		.cfi_startproc
 421              		@ args = 0, pretend = 0, frame = 8
 422              		@ frame_needed = 1, uses_anonymous_args = 0
 423 0000 80B5     		push	{r7, lr}
 424              		.cfi_def_cfa_offset 8
 425              		.cfi_offset 7, -8
 426              		.cfi_offset 14, -4
 427 0002 82B0     		sub	sp, sp, #8
 428              		.cfi_def_cfa_offset 16
 429 0004 00AF     		add	r7, sp, #0
 430              		.cfi_def_cfa_register 7
 290:Generated_Source\PSoC5/cyfitter_cfg.c **** 	/* IOPINS0_1 Address: CYREG_PRT1_DM0 Size (bytes): 8 */
 291:Generated_Source\PSoC5/cyfitter_cfg.c **** 	static const uint8 CYCODE BS_IOPINS0_1_VAL[] = {
 292:Generated_Source\PSoC5/cyfitter_cfg.c **** 		0x00u, 0x0Bu, 0x0Bu, 0x00u, 0x00u, 0x00u, 0x00u, 0x00u};
 293:Generated_Source\PSoC5/cyfitter_cfg.c **** 
 294:Generated_Source\PSoC5/cyfitter_cfg.c **** 	/* IOPINS0_2 Address: CYREG_PRT2_DM0 Size (bytes): 8 */
 295:Generated_Source\PSoC5/cyfitter_cfg.c **** 	static const uint8 CYCODE BS_IOPINS0_2_VAL[] = {
 296:Generated_Source\PSoC5/cyfitter_cfg.c **** 		0x00u, 0x7Fu, 0x7Fu, 0x00u, 0x00u, 0x00u, 0x00u, 0x00u};
 297:Generated_Source\PSoC5/cyfitter_cfg.c **** 
 298:Generated_Source\PSoC5/cyfitter_cfg.c **** #ifdef CYGlobalIntDisable
 299:Generated_Source\PSoC5/cyfitter_cfg.c **** 	/* Disable interrupts by default. Let user enable if/when they want. */
 300:Generated_Source\PSoC5/cyfitter_cfg.c **** 	CYGlobalIntDisable
 431              		.loc 1 300 0
 432              		.syntax unified
 433              	@ 300 "Generated_Source\PSoC5\cyfitter_cfg.c" 1
 434 0006 72B6     		CPSID   i
 435              	@ 0 "" 2
 301:Generated_Source\PSoC5/cyfitter_cfg.c **** #endif
 302:Generated_Source\PSoC5/cyfitter_cfg.c **** 
 303:Generated_Source\PSoC5/cyfitter_cfg.c **** 	/* Enable/Disable Debug functionality based on settings from System DWR */
ARM GAS  C:\Users\leoja\AppData\Local\Temp\ccvdDFai.s 			page 14


 304:Generated_Source\PSoC5/cyfitter_cfg.c **** 	CY_SET_XTND_REG8((void CYFAR *)CYREG_MLOGIC_DEBUG, (CY_GET_XTND_REG8((void CYFAR *)CYREG_MLOGIC_DE
 436              		.loc 1 304 0
 437              		.thumb
 438              		.syntax unified
 439 0008 2C4A     		ldr	r2, .L24
 440 000a 2C4B     		ldr	r3, .L24
 441 000c 1B78     		ldrb	r3, [r3]
 442 000e DBB2     		uxtb	r3, r3
 443 0010 43F00403 		orr	r3, r3, #4
 444 0014 DBB2     		uxtb	r3, r3
 445 0016 1370     		strb	r3, [r2]
 446              	.LBB2:
 305:Generated_Source\PSoC5/cyfitter_cfg.c **** 
 306:Generated_Source\PSoC5/cyfitter_cfg.c **** 	{
 307:Generated_Source\PSoC5/cyfitter_cfg.c **** 
 308:Generated_Source\PSoC5/cyfitter_cfg.c **** 		CYPACKED typedef struct {
 309:Generated_Source\PSoC5/cyfitter_cfg.c **** 			void CYFAR *address;
 310:Generated_Source\PSoC5/cyfitter_cfg.c **** 			uint16 size;
 311:Generated_Source\PSoC5/cyfitter_cfg.c **** 		} CYPACKED_ATTR cfg_memset_t;
 312:Generated_Source\PSoC5/cyfitter_cfg.c **** 
 313:Generated_Source\PSoC5/cyfitter_cfg.c **** 		static const cfg_memset_t CYCODE cfg_memset_list[] = {
 314:Generated_Source\PSoC5/cyfitter_cfg.c **** 			/* address, size */
 315:Generated_Source\PSoC5/cyfitter_cfg.c **** 			{(void CYFAR *)(CYREG_PRT0_DR), 16u},
 316:Generated_Source\PSoC5/cyfitter_cfg.c **** 			{(void CYFAR *)(CYREG_PRT3_DR), 64u},
 317:Generated_Source\PSoC5/cyfitter_cfg.c **** 			{(void CYFAR *)(CYREG_PRT12_DR), 16u},
 318:Generated_Source\PSoC5/cyfitter_cfg.c **** 			{(void CYFAR *)(CYREG_PRT15_DR), 16u},
 319:Generated_Source\PSoC5/cyfitter_cfg.c **** 			{(void CYFAR *)(CYDEV_UCFG_B0_P0_U0_BASE), 4096u},
 320:Generated_Source\PSoC5/cyfitter_cfg.c **** 			{(void CYFAR *)(CYDEV_UCFG_B1_P2_U0_BASE), 2048u},
 321:Generated_Source\PSoC5/cyfitter_cfg.c **** 			{(void CYFAR *)(CYDEV_UCFG_DSI0_BASE), 2560u},
 322:Generated_Source\PSoC5/cyfitter_cfg.c **** 			{(void CYFAR *)(CYDEV_UCFG_DSI12_BASE), 512u},
 323:Generated_Source\PSoC5/cyfitter_cfg.c **** 			{(void CYFAR *)(CYREG_BCTL0_MDCLK_EN), 32u},
 324:Generated_Source\PSoC5/cyfitter_cfg.c **** 		};
 325:Generated_Source\PSoC5/cyfitter_cfg.c **** 
 326:Generated_Source\PSoC5/cyfitter_cfg.c **** 		uint8 CYDATA i;
 327:Generated_Source\PSoC5/cyfitter_cfg.c **** 
 328:Generated_Source\PSoC5/cyfitter_cfg.c **** 		/* Zero out critical memory blocks before beginning configuration */
 329:Generated_Source\PSoC5/cyfitter_cfg.c **** 		for (i = 0u; i < (sizeof(cfg_memset_list)/sizeof(cfg_memset_list[0])); i++)
 447              		.loc 1 329 0
 448 0018 0023     		movs	r3, #0
 449 001a FB71     		strb	r3, [r7, #7]
 450 001c 13E0     		b	.L22
 451              	.L23:
 452              	.LBB3:
 330:Generated_Source\PSoC5/cyfitter_cfg.c **** 		{
 331:Generated_Source\PSoC5/cyfitter_cfg.c **** 			const cfg_memset_t CYCODE * CYDATA ms = &cfg_memset_list[i];
 453              		.loc 1 331 0 discriminator 3
 454 001e FA79     		ldrb	r2, [r7, #7]	@ zero_extendqisi2
 455 0020 1346     		mov	r3, r2
 456 0022 5B00     		lsls	r3, r3, #1
 457 0024 1344     		add	r3, r3, r2
 458 0026 5B00     		lsls	r3, r3, #1
 459 0028 254A     		ldr	r2, .L24+4
 460 002a 1344     		add	r3, r3, r2
 461 002c 3B60     		str	r3, [r7]
 332:Generated_Source\PSoC5/cyfitter_cfg.c **** 			CYMEMZERO(ms->address, (size_t)(uint32)(ms->size));
 462              		.loc 1 332 0 discriminator 3
 463 002e 3B68     		ldr	r3, [r7]
ARM GAS  C:\Users\leoja\AppData\Local\Temp\ccvdDFai.s 			page 15


 464 0030 1A68     		ldr	r2, [r3]	@ unaligned
 465 0032 3B68     		ldr	r3, [r7]
 466 0034 9B88     		ldrh	r3, [r3, #4]	@ unaligned
 467 0036 9BB2     		uxth	r3, r3
 468 0038 1946     		mov	r1, r3
 469 003a 1046     		mov	r0, r2
 470 003c FFF7FEFF 		bl	CYMEMZERO
 471              	.LBE3:
 329:Generated_Source\PSoC5/cyfitter_cfg.c **** 		{
 472              		.loc 1 329 0 discriminator 3
 473 0040 FB79     		ldrb	r3, [r7, #7]	@ zero_extendqisi2
 474 0042 0133     		adds	r3, r3, #1
 475 0044 FB71     		strb	r3, [r7, #7]
 476              	.L22:
 329:Generated_Source\PSoC5/cyfitter_cfg.c **** 		{
 477              		.loc 1 329 0 is_stmt 0 discriminator 1
 478 0046 FB79     		ldrb	r3, [r7, #7]	@ zero_extendqisi2
 479 0048 082B     		cmp	r3, #8
 480 004a E8D9     		bls	.L23
 333:Generated_Source\PSoC5/cyfitter_cfg.c **** 		}
 334:Generated_Source\PSoC5/cyfitter_cfg.c **** 
 335:Generated_Source\PSoC5/cyfitter_cfg.c **** 		/* Enable digital routing */
 336:Generated_Source\PSoC5/cyfitter_cfg.c **** 		CY_SET_XTND_REG8((void CYFAR *)CYREG_BCTL0_BANK_CTL, CY_GET_XTND_REG8((void CYFAR *)CYREG_BCTL0_B
 481              		.loc 1 336 0 is_stmt 1
 482 004c 1D4A     		ldr	r2, .L24+8
 483 004e 1D4B     		ldr	r3, .L24+8
 484 0050 1B78     		ldrb	r3, [r3]
 485 0052 DBB2     		uxtb	r3, r3
 486 0054 43F00203 		orr	r3, r3, #2
 487 0058 DBB2     		uxtb	r3, r3
 488 005a 1370     		strb	r3, [r2]
 337:Generated_Source\PSoC5/cyfitter_cfg.c **** 		CY_SET_XTND_REG8((void CYFAR *)CYREG_BCTL1_BANK_CTL, CY_GET_XTND_REG8((void CYFAR *)CYREG_BCTL1_B
 489              		.loc 1 337 0
 490 005c 1A4A     		ldr	r2, .L24+12
 491 005e 1A4B     		ldr	r3, .L24+12
 492 0060 1B78     		ldrb	r3, [r3]
 493 0062 DBB2     		uxtb	r3, r3
 494 0064 43F00203 		orr	r3, r3, #2
 495 0068 DBB2     		uxtb	r3, r3
 496 006a 1370     		strb	r3, [r2]
 497              	.LBE2:
 338:Generated_Source\PSoC5/cyfitter_cfg.c **** 	}
 339:Generated_Source\PSoC5/cyfitter_cfg.c **** 
 340:Generated_Source\PSoC5/cyfitter_cfg.c **** 
 341:Generated_Source\PSoC5/cyfitter_cfg.c **** 	/* Perform second pass device configuration. These items must be configured in specific order afte
 342:Generated_Source\PSoC5/cyfitter_cfg.c **** 	CYCONFIGCPYCODE((void CYFAR *)(CYREG_PRT1_DM0), (const void CYCODE *)(BS_IOPINS0_1_VAL), 8u);
 498              		.loc 1 342 0
 499 006c 0822     		movs	r2, #8
 500 006e 1749     		ldr	r1, .L24+16
 501 0070 1748     		ldr	r0, .L24+20
 502 0072 FFF7FEFF 		bl	CYCONFIGCPYCODE
 343:Generated_Source\PSoC5/cyfitter_cfg.c **** 	CYCONFIGCPYCODE((void CYFAR *)(CYREG_PRT2_DM0), (const void CYCODE *)(BS_IOPINS0_2_VAL), 8u);
 503              		.loc 1 343 0
 504 0076 0822     		movs	r2, #8
 505 0078 1649     		ldr	r1, .L24+24
 506 007a 1748     		ldr	r0, .L24+28
 507 007c FFF7FEFF 		bl	CYCONFIGCPYCODE
ARM GAS  C:\Users\leoja\AppData\Local\Temp\ccvdDFai.s 			page 16


 344:Generated_Source\PSoC5/cyfitter_cfg.c **** 	/* Switch Boost to the precision bandgap reference from its internal reference */
 345:Generated_Source\PSoC5/cyfitter_cfg.c **** 	CY_SET_REG8((void CYXDATA *)CYREG_BOOST_CR2, (CY_GET_REG8((void CYXDATA *)CYREG_BOOST_CR2) | 0x08u
 508              		.loc 1 345 0
 509 0080 164A     		ldr	r2, .L24+32
 510 0082 164B     		ldr	r3, .L24+32
 511 0084 1B78     		ldrb	r3, [r3]
 512 0086 DBB2     		uxtb	r3, r3
 513 0088 43F00803 		orr	r3, r3, #8
 514 008c DBB2     		uxtb	r3, r3
 515 008e 1370     		strb	r3, [r2]
 346:Generated_Source\PSoC5/cyfitter_cfg.c **** 
 347:Generated_Source\PSoC5/cyfitter_cfg.c **** 	/* Set Flash Cycles based on max possible frequency in case a glitch occurs during ClockSetup(). *
 348:Generated_Source\PSoC5/cyfitter_cfg.c **** 	CY_SET_XTND_REG8((void CYFAR *)(CYREG_CACHE_CC_CTL), (((CYDEV_INSTRUCT_CACHE_ENABLED) != 0) ? 0x61
 516              		.loc 1 348 0
 517 0090 134B     		ldr	r3, .L24+36
 518 0092 6122     		movs	r2, #97
 519 0094 1A70     		strb	r2, [r3]
 349:Generated_Source\PSoC5/cyfitter_cfg.c **** 	/* Setup clocks based on selections from Clock DWR */
 350:Generated_Source\PSoC5/cyfitter_cfg.c **** 	ClockSetup();
 520              		.loc 1 350 0
 521 0096 FFF7FEFF 		bl	ClockSetup
 351:Generated_Source\PSoC5/cyfitter_cfg.c **** 	/* Set Flash Cycles based on newly configured 24.00MHz Bus Clock. */
 352:Generated_Source\PSoC5/cyfitter_cfg.c **** 	CY_SET_XTND_REG8((void CYFAR *)(CYREG_CACHE_CC_CTL), (((CYDEV_INSTRUCT_CACHE_ENABLED) != 0) ? 0x81
 522              		.loc 1 352 0
 523 009a 114B     		ldr	r3, .L24+36
 524 009c 8122     		movs	r2, #129
 525 009e 1A70     		strb	r2, [r3]
 353:Generated_Source\PSoC5/cyfitter_cfg.c **** 	CY_SET_XTND_REG8((void CYFAR *)(CYREG_PANTHER_WAITPIPE), 0x01u);
 526              		.loc 1 353 0
 527 00a0 104B     		ldr	r3, .L24+40
 528 00a2 0122     		movs	r2, #1
 529 00a4 1A70     		strb	r2, [r3]
 354:Generated_Source\PSoC5/cyfitter_cfg.c **** 
 355:Generated_Source\PSoC5/cyfitter_cfg.c **** 	/* Perform basic analog initialization to defaults */
 356:Generated_Source\PSoC5/cyfitter_cfg.c **** 	AnalogSetDefault();
 530              		.loc 1 356 0
 531 00a6 FFF7FEFF 		bl	AnalogSetDefault
 357:Generated_Source\PSoC5/cyfitter_cfg.c **** 
 358:Generated_Source\PSoC5/cyfitter_cfg.c **** 	/* Configure alternate active mode */
 359:Generated_Source\PSoC5/cyfitter_cfg.c **** 	CYCONFIGCPY((void CYFAR *)CYDEV_PM_STBY_BASE, (const void CYFAR *)CYDEV_PM_ACT_BASE, 14u);
 532              		.loc 1 359 0
 533 00aa 0E22     		movs	r2, #14
 534 00ac 0E49     		ldr	r1, .L24+44
 535 00ae 0F48     		ldr	r0, .L24+48
 536 00b0 FFF7FEFF 		bl	CYCONFIGCPY
 360:Generated_Source\PSoC5/cyfitter_cfg.c **** }
 537              		.loc 1 360 0
 538 00b4 00BF     		nop
 539 00b6 0837     		adds	r7, r7, #8
 540              		.cfi_def_cfa_offset 8
 541 00b8 BD46     		mov	sp, r7
 542              		.cfi_def_cfa_register 13
 543              		@ sp needed
 544 00ba 80BD     		pop	{r7, pc}
 545              	.L25:
 546              		.align	2
 547              	.L24:
ARM GAS  C:\Users\leoja\AppData\Local\Temp\ccvdDFai.s 			page 17


 548 00bc E8460040 		.word	1073759976
 549 00c0 00000000 		.word	cfg_memset_list.4988
 550 00c4 03500140 		.word	1073827843
 551 00c8 13500140 		.word	1073827859
 552 00cc 38000000 		.word	BS_IOPINS0_1_VAL.4982
 553 00d0 12510040 		.word	1073762578
 554 00d4 40000000 		.word	BS_IOPINS0_2_VAL.4983
 555 00d8 22510040 		.word	1073762594
 556 00dc 22430040 		.word	1073759010
 557 00e0 00480040 		.word	1073760256
 558 00e4 04000840 		.word	1074266116
 559 00e8 A0430040 		.word	1073759136
 560 00ec B0430040 		.word	1073759152
 561              		.cfi_endproc
 562              	.LFE7:
 563              		.size	cyfitter_cfg, .-cyfitter_cfg
 564              		.section	.rodata
 565              		.align	2
 566              		.type	cfg_memset_list.4988, %object
 567              		.size	cfg_memset_list.4988, 54
 568              	cfg_memset_list.4988:
 569 0000 00510040 		.word	1073762560
 570 0004 1000     		.short	16
 571 0006 30510040 		.4byte	1073762608
 572 000a 4000     		.short	64
 573 000c C0510040 		.word	1073762752
 574 0010 1000     		.short	16
 575 0012 F0510040 		.4byte	1073762800
 576 0016 1000     		.short	16
 577 0018 00000140 		.word	1073807360
 578 001c 0010     		.short	4096
 579 001e 00140140 		.4byte	1073812480
 580 0022 0008     		.short	2048
 581 0024 00400140 		.word	1073823744
 582 0028 000A     		.short	2560
 583 002a 004C0140 		.4byte	1073826816
 584 002e 0002     		.short	512
 585 0030 00500140 		.word	1073827840
 586 0034 2000     		.short	32
 587 0036 0000     		.align	2
 588              		.type	BS_IOPINS0_1_VAL.4982, %object
 589              		.size	BS_IOPINS0_1_VAL.4982, 8
 590              	BS_IOPINS0_1_VAL.4982:
 591 0038 00       		.byte	0
 592 0039 0B       		.byte	11
 593 003a 0B       		.byte	11
 594 003b 00       		.byte	0
 595 003c 00       		.byte	0
 596 003d 00       		.byte	0
 597 003e 00       		.byte	0
 598 003f 00       		.byte	0
 599              		.align	2
 600              		.type	BS_IOPINS0_2_VAL.4983, %object
 601              		.size	BS_IOPINS0_2_VAL.4983, 8
 602              	BS_IOPINS0_2_VAL.4983:
 603 0040 00       		.byte	0
 604 0041 7F       		.byte	127
ARM GAS  C:\Users\leoja\AppData\Local\Temp\ccvdDFai.s 			page 18


 605 0042 7F       		.byte	127
 606 0043 00       		.byte	0
 607 0044 00       		.byte	0
 608 0045 00       		.byte	0
 609 0046 00       		.byte	0
 610 0047 00       		.byte	0
 611              		.text
 612              	.Letext0:
 613              		.file 2 "c:\\program files (x86)\\cypress\\psoc creator\\4.4\\psoc creator\\import\\gnu\\arm\\5.4.
 614              		.file 3 "Generated_Source\\PSoC5\\cytypes.h"
 615              		.section	.debug_info,"",%progbits
 616              	.Ldebug_info0:
 617 0000 27030000 		.4byte	0x327
 618 0004 0400     		.2byte	0x4
 619 0006 00000000 		.4byte	.Ldebug_abbrev0
 620 000a 04       		.byte	0x4
 621 000b 01       		.uleb128 0x1
 622 000c 0D000000 		.4byte	.LASF41
 623 0010 0C       		.byte	0xc
 624 0011 AC000000 		.4byte	.LASF42
 625 0015 01020000 		.4byte	.LASF43
 626 0019 00000000 		.4byte	.Ldebug_ranges0+0
 627 001d 00000000 		.4byte	0
 628 0021 00000000 		.4byte	.Ldebug_line0
 629 0025 02       		.uleb128 0x2
 630 0026 04       		.byte	0x4
 631 0027 05       		.byte	0x5
 632 0028 696E7400 		.ascii	"int\000"
 633 002c 03       		.uleb128 0x3
 634 002d 06000000 		.4byte	.LASF12
 635 0031 02       		.byte	0x2
 636 0032 D8       		.byte	0xd8
 637 0033 37000000 		.4byte	0x37
 638 0037 04       		.uleb128 0x4
 639 0038 04       		.byte	0x4
 640 0039 07       		.byte	0x7
 641 003a D5010000 		.4byte	.LASF0
 642 003e 04       		.uleb128 0x4
 643 003f 08       		.byte	0x8
 644 0040 05       		.byte	0x5
 645 0041 75020000 		.4byte	.LASF1
 646 0045 04       		.uleb128 0x4
 647 0046 08       		.byte	0x8
 648 0047 04       		.byte	0x4
 649 0048 AB020000 		.4byte	.LASF2
 650 004c 04       		.uleb128 0x4
 651 004d 01       		.byte	0x1
 652 004e 06       		.byte	0x6
 653 004f C9020000 		.4byte	.LASF3
 654 0053 04       		.uleb128 0x4
 655 0054 01       		.byte	0x1
 656 0055 08       		.byte	0x8
 657 0056 9B010000 		.4byte	.LASF4
 658 005a 04       		.uleb128 0x4
 659 005b 02       		.byte	0x2
 660 005c 05       		.byte	0x5
 661 005d 8B020000 		.4byte	.LASF5
ARM GAS  C:\Users\leoja\AppData\Local\Temp\ccvdDFai.s 			page 19


 662 0061 04       		.uleb128 0x4
 663 0062 02       		.byte	0x2
 664 0063 07       		.byte	0x7
 665 0064 FD000000 		.4byte	.LASF6
 666 0068 04       		.uleb128 0x4
 667 0069 04       		.byte	0x4
 668 006a 05       		.byte	0x5
 669 006b 9D020000 		.4byte	.LASF7
 670 006f 04       		.uleb128 0x4
 671 0070 04       		.byte	0x4
 672 0071 07       		.byte	0x7
 673 0072 52010000 		.4byte	.LASF8
 674 0076 04       		.uleb128 0x4
 675 0077 08       		.byte	0x8
 676 0078 07       		.byte	0x7
 677 0079 EA010000 		.4byte	.LASF9
 678 007d 04       		.uleb128 0x4
 679 007e 04       		.byte	0x4
 680 007f 07       		.byte	0x7
 681 0080 6C020000 		.4byte	.LASF10
 682 0084 05       		.uleb128 0x5
 683 0085 04       		.byte	0x4
 684 0086 04       		.uleb128 0x4
 685 0087 01       		.byte	0x1
 686 0088 08       		.byte	0x8
 687 0089 A6020000 		.4byte	.LASF11
 688 008d 06       		.uleb128 0x6
 689 008e 64010000 		.4byte	.LASF13
 690 0092 03       		.byte	0x3
 691 0093 9201     		.2byte	0x192
 692 0095 53000000 		.4byte	0x53
 693 0099 06       		.uleb128 0x6
 694 009a BD010000 		.4byte	.LASF14
 695 009e 03       		.byte	0x3
 696 009f 9301     		.2byte	0x193
 697 00a1 61000000 		.4byte	0x61
 698 00a5 06       		.uleb128 0x6
 699 00a6 CE010000 		.4byte	.LASF15
 700 00aa 03       		.byte	0x3
 701 00ab 9401     		.2byte	0x194
 702 00ad 6F000000 		.4byte	0x6f
 703 00b1 04       		.uleb128 0x4
 704 00b2 04       		.byte	0x4
 705 00b3 04       		.byte	0x4
 706 00b4 29010000 		.4byte	.LASF16
 707 00b8 04       		.uleb128 0x4
 708 00b9 08       		.byte	0x8
 709 00ba 04       		.byte	0x4
 710 00bb A9010000 		.4byte	.LASF17
 711 00bf 06       		.uleb128 0x6
 712 00c0 4D010000 		.4byte	.LASF18
 713 00c4 03       		.byte	0x3
 714 00c5 3C02     		.2byte	0x23c
 715 00c7 CB000000 		.4byte	0xcb
 716 00cb 07       		.uleb128 0x7
 717 00cc 8D000000 		.4byte	0x8d
 718 00d0 06       		.uleb128 0x6
ARM GAS  C:\Users\leoja\AppData\Local\Temp\ccvdDFai.s 			page 20


 719 00d1 00000000 		.4byte	.LASF19
 720 00d5 03       		.byte	0x3
 721 00d6 3D02     		.2byte	0x23d
 722 00d8 DC000000 		.4byte	0xdc
 723 00dc 07       		.uleb128 0x7
 724 00dd 99000000 		.4byte	0x99
 725 00e1 08       		.uleb128 0x8
 726 00e2 6A010000 		.4byte	.LASF20
 727 00e6 01       		.byte	0x1
 728 00e7 4D       		.byte	0x4d
 729 00e8 00000000 		.4byte	.LFB0
 730 00ec 1C000000 		.4byte	.LFE0-.LFB0
 731 00f0 01       		.uleb128 0x1
 732 00f1 9C       		.byte	0x9c
 733 00f2 0F010000 		.4byte	0x10f
 734 00f6 09       		.uleb128 0x9
 735 00f7 7300     		.ascii	"s\000"
 736 00f9 01       		.byte	0x1
 737 00fa 4D       		.byte	0x4d
 738 00fb 84000000 		.4byte	0x84
 739 00ff 02       		.uleb128 0x2
 740 0100 91       		.byte	0x91
 741 0101 74       		.sleb128 -12
 742 0102 09       		.uleb128 0x9
 743 0103 6E00     		.ascii	"n\000"
 744 0105 01       		.byte	0x1
 745 0106 4D       		.byte	0x4d
 746 0107 2C000000 		.4byte	0x2c
 747 010b 02       		.uleb128 0x2
 748 010c 91       		.byte	0x91
 749 010d 70       		.sleb128 -16
 750 010e 00       		.byte	0
 751 010f 08       		.uleb128 0x8
 752 0110 DE020000 		.4byte	.LASF21
 753 0114 01       		.byte	0x1
 754 0115 54       		.byte	0x54
 755 0116 00000000 		.4byte	.LFB1
 756 011a 1E000000 		.4byte	.LFE1-.LFB1
 757 011e 01       		.uleb128 0x1
 758 011f 9C       		.byte	0x9c
 759 0120 4D010000 		.4byte	0x14d
 760 0124 0A       		.uleb128 0xa
 761 0125 43010000 		.4byte	.LASF22
 762 0129 01       		.byte	0x1
 763 012a 54       		.byte	0x54
 764 012b 84000000 		.4byte	0x84
 765 012f 02       		.uleb128 0x2
 766 0130 91       		.byte	0x91
 767 0131 74       		.sleb128 -12
 768 0132 09       		.uleb128 0x9
 769 0133 73726300 		.ascii	"src\000"
 770 0137 01       		.byte	0x1
 771 0138 54       		.byte	0x54
 772 0139 4D010000 		.4byte	0x14d
 773 013d 02       		.uleb128 0x2
 774 013e 91       		.byte	0x91
 775 013f 70       		.sleb128 -16
ARM GAS  C:\Users\leoja\AppData\Local\Temp\ccvdDFai.s 			page 21


 776 0140 09       		.uleb128 0x9
 777 0141 6E00     		.ascii	"n\000"
 778 0143 01       		.byte	0x1
 779 0144 54       		.byte	0x54
 780 0145 2C000000 		.4byte	0x2c
 781 0149 02       		.uleb128 0x2
 782 014a 91       		.byte	0x91
 783 014b 6C       		.sleb128 -20
 784 014c 00       		.byte	0
 785 014d 0B       		.uleb128 0xb
 786 014e 04       		.byte	0x4
 787 014f 53010000 		.4byte	0x153
 788 0153 0C       		.uleb128 0xc
 789 0154 08       		.uleb128 0x8
 790 0155 E2000000 		.4byte	.LASF23
 791 0159 01       		.byte	0x1
 792 015a 5B       		.byte	0x5b
 793 015b 00000000 		.4byte	.LFB2
 794 015f 1E000000 		.4byte	.LFE2-.LFB2
 795 0163 01       		.uleb128 0x1
 796 0164 9C       		.byte	0x9c
 797 0165 92010000 		.4byte	0x192
 798 0169 0A       		.uleb128 0xa
 799 016a 43010000 		.4byte	.LASF22
 800 016e 01       		.byte	0x1
 801 016f 5B       		.byte	0x5b
 802 0170 84000000 		.4byte	0x84
 803 0174 02       		.uleb128 0x2
 804 0175 91       		.byte	0x91
 805 0176 74       		.sleb128 -12
 806 0177 09       		.uleb128 0x9
 807 0178 73726300 		.ascii	"src\000"
 808 017c 01       		.byte	0x1
 809 017d 5B       		.byte	0x5b
 810 017e 4D010000 		.4byte	0x14d
 811 0182 02       		.uleb128 0x2
 812 0183 91       		.byte	0x91
 813 0184 70       		.sleb128 -16
 814 0185 09       		.uleb128 0x9
 815 0186 6E00     		.ascii	"n\000"
 816 0188 01       		.byte	0x1
 817 0189 5B       		.byte	0x5b
 818 018a 2C000000 		.4byte	0x2c
 819 018e 02       		.uleb128 0x2
 820 018f 91       		.byte	0x91
 821 0190 6C       		.sleb128 -20
 822 0191 00       		.byte	0
 823 0192 0D       		.uleb128 0xd
 824 0193 2F010000 		.4byte	.LASF24
 825 0197 01       		.byte	0x1
 826 0198 7F       		.byte	0x7f
 827 0199 00000000 		.4byte	.LFB3
 828 019d 0C000000 		.4byte	.LFE3-.LFB3
 829 01a1 01       		.uleb128 0x1
 830 01a2 9C       		.byte	0x9c
 831 01a3 B6010000 		.4byte	0x1b6
 832 01a7 0A       		.uleb128 0xa
ARM GAS  C:\Users\leoja\AppData\Local\Temp\ccvdDFai.s 			page 22


 833 01a8 C4010000 		.4byte	.LASF25
 834 01ac 01       		.byte	0x1
 835 01ad 7F       		.byte	0x7f
 836 01ae 8D000000 		.4byte	0x8d
 837 01b2 02       		.uleb128 0x2
 838 01b3 91       		.byte	0x91
 839 01b4 77       		.sleb128 -9
 840 01b5 00       		.byte	0
 841 01b6 08       		.uleb128 0x8
 842 01b7 F2000000 		.4byte	.LASF26
 843 01bb 01       		.byte	0x1
 844 01bc A9       		.byte	0xa9
 845 01bd 00000000 		.4byte	.LFB4
 846 01c1 D8000000 		.4byte	.LFE4-.LFB4
 847 01c5 01       		.uleb128 0x1
 848 01c6 9C       		.byte	0x9c
 849 01c7 E8010000 		.4byte	0x1e8
 850 01cb 0E       		.uleb128 0xe
 851 01cc 83020000 		.4byte	.LASF27
 852 01d0 01       		.byte	0x1
 853 01d1 AB       		.byte	0xab
 854 01d2 A5000000 		.4byte	0xa5
 855 01d6 02       		.uleb128 0x2
 856 01d7 91       		.byte	0x91
 857 01d8 74       		.sleb128 -12
 858 01d9 0E       		.uleb128 0xe
 859 01da 21010000 		.4byte	.LASF28
 860 01de 01       		.byte	0x1
 861 01df AC       		.byte	0xac
 862 01e0 8D000000 		.4byte	0x8d
 863 01e4 02       		.uleb128 0x2
 864 01e5 91       		.byte	0x91
 865 01e6 73       		.sleb128 -13
 866 01e7 00       		.byte	0
 867 01e8 0D       		.uleb128 0xd
 868 01e9 9B000000 		.4byte	.LASF29
 869 01ed 01       		.byte	0x1
 870 01ee E4       		.byte	0xe4
 871 01ef 00000000 		.4byte	.LFB5
 872 01f3 44000000 		.4byte	.LFE5-.LFB5
 873 01f7 01       		.uleb128 0x1
 874 01f8 9C       		.byte	0x9c
 875 01f9 0C020000 		.4byte	0x20c
 876 01fd 0E       		.uleb128 0xe
 877 01fe B7020000 		.4byte	.LASF30
 878 0202 01       		.byte	0x1
 879 0203 E6       		.byte	0xe6
 880 0204 8D000000 		.4byte	0x8d
 881 0208 02       		.uleb128 0x2
 882 0209 91       		.byte	0x91
 883 020a 77       		.sleb128 -9
 884 020b 00       		.byte	0
 885 020c 0F       		.uleb128 0xf
 886 020d 85010000 		.4byte	.LASF33
 887 0211 01       		.byte	0x1
 888 0212 FE       		.byte	0xfe
 889 0213 00000000 		.4byte	.LFB6
ARM GAS  C:\Users\leoja\AppData\Local\Temp\ccvdDFai.s 			page 23


 890 0217 28000000 		.4byte	.LFE6-.LFB6
 891 021b 01       		.uleb128 0x1
 892 021c 9C       		.byte	0x9c
 893 021d 3F020000 		.4byte	0x23f
 894 0221 0A       		.uleb128 0xa
 895 0222 95020000 		.4byte	.LASF31
 896 0226 01       		.byte	0x1
 897 0227 FE       		.byte	0xfe
 898 0228 8D000000 		.4byte	0x8d
 899 022c 02       		.uleb128 0x2
 900 022d 91       		.byte	0x91
 901 022e 6F       		.sleb128 -17
 902 022f 10       		.uleb128 0x10
 903 0230 D5020000 		.4byte	.LASF32
 904 0234 01       		.byte	0x1
 905 0235 0001     		.2byte	0x100
 906 0237 8D000000 		.4byte	0x8d
 907 023b 02       		.uleb128 0x2
 908 023c 91       		.byte	0x91
 909 023d 77       		.sleb128 -9
 910 023e 00       		.byte	0
 911 023f 11       		.uleb128 0x11
 912 0240 B0010000 		.4byte	.LASF34
 913 0244 01       		.byte	0x1
 914 0245 2001     		.2byte	0x120
 915 0247 00000000 		.4byte	.LFB7
 916 024b F0000000 		.4byte	.LFE7-.LFB7
 917 024f 01       		.uleb128 0x1
 918 0250 9C       		.byte	0x9c
 919 0251 0B030000 		.4byte	0x30b
 920 0255 10       		.uleb128 0x10
 921 0256 10010000 		.4byte	.LASF35
 922 025a 01       		.byte	0x1
 923 025b 2301     		.2byte	0x123
 924 025d 20030000 		.4byte	0x320
 925 0261 05       		.uleb128 0x5
 926 0262 03       		.byte	0x3
 927 0263 38000000 		.4byte	BS_IOPINS0_1_VAL.4982
 928 0267 10       		.uleb128 0x10
 929 0268 74010000 		.4byte	.LASF36
 930 026c 01       		.byte	0x1
 931 026d 2701     		.2byte	0x127
 932 026f 25030000 		.4byte	0x325
 933 0273 05       		.uleb128 0x5
 934 0274 03       		.byte	0x3
 935 0275 40000000 		.4byte	BS_IOPINS0_2_VAL.4983
 936 0279 12       		.uleb128 0x12
 937 027a 18000000 		.4byte	.LBB2
 938 027e 54000000 		.4byte	.LBE2-.LBB2
 939 0282 13       		.uleb128 0x13
 940 0283 06       		.byte	0x6
 941 0284 01       		.byte	0x1
 942 0285 3401     		.2byte	0x134
 943 0287 A6020000 		.4byte	0x2a6
 944 028b 14       		.uleb128 0x14
 945 028c E2010000 		.4byte	.LASF37
 946 0290 01       		.byte	0x1
ARM GAS  C:\Users\leoja\AppData\Local\Temp\ccvdDFai.s 			page 24


 947 0291 3501     		.2byte	0x135
 948 0293 84000000 		.4byte	0x84
 949 0297 00       		.byte	0
 950 0298 14       		.uleb128 0x14
 951 0299 48010000 		.4byte	.LASF38
 952 029d 01       		.byte	0x1
 953 029e 3601     		.2byte	0x136
 954 02a0 99000000 		.4byte	0x99
 955 02a4 04       		.byte	0x4
 956 02a5 00       		.byte	0
 957 02a6 06       		.uleb128 0x6
 958 02a7 5F020000 		.4byte	.LASF39
 959 02ab 01       		.byte	0x1
 960 02ac 3701     		.2byte	0x137
 961 02ae 82020000 		.4byte	0x282
 962 02b2 15       		.uleb128 0x15
 963 02b3 C2020000 		.4byte	0x2c2
 964 02b7 C2020000 		.4byte	0x2c2
 965 02bb 16       		.uleb128 0x16
 966 02bc 7D000000 		.4byte	0x7d
 967 02c0 08       		.byte	0x8
 968 02c1 00       		.byte	0
 969 02c2 17       		.uleb128 0x17
 970 02c3 A6020000 		.4byte	0x2a6
 971 02c7 10       		.uleb128 0x10
 972 02c8 D2000000 		.4byte	.LASF40
 973 02cc 01       		.byte	0x1
 974 02cd 3901     		.2byte	0x139
 975 02cf D9020000 		.4byte	0x2d9
 976 02d3 05       		.uleb128 0x5
 977 02d4 03       		.byte	0x3
 978 02d5 00000000 		.4byte	cfg_memset_list.4988
 979 02d9 17       		.uleb128 0x17
 980 02da B2020000 		.4byte	0x2b2
 981 02de 18       		.uleb128 0x18
 982 02df 6900     		.ascii	"i\000"
 983 02e1 01       		.byte	0x1
 984 02e2 4601     		.2byte	0x146
 985 02e4 8D000000 		.4byte	0x8d
 986 02e8 02       		.uleb128 0x2
 987 02e9 91       		.byte	0x91
 988 02ea 77       		.sleb128 -9
 989 02eb 12       		.uleb128 0x12
 990 02ec 1E000000 		.4byte	.LBB3
 991 02f0 22000000 		.4byte	.LBE3-.LBB3
 992 02f4 18       		.uleb128 0x18
 993 02f5 6D7300   		.ascii	"ms\000"
 994 02f8 01       		.byte	0x1
 995 02f9 4B01     		.2byte	0x14b
 996 02fb 02030000 		.4byte	0x302
 997 02ff 02       		.uleb128 0x2
 998 0300 91       		.byte	0x91
 999 0301 70       		.sleb128 -16
 1000 0302 0B       		.uleb128 0xb
 1001 0303 04       		.byte	0x4
 1002 0304 C2020000 		.4byte	0x2c2
 1003 0308 00       		.byte	0
ARM GAS  C:\Users\leoja\AppData\Local\Temp\ccvdDFai.s 			page 25


 1004 0309 00       		.byte	0
 1005 030a 00       		.byte	0
 1006 030b 15       		.uleb128 0x15
 1007 030c 1B030000 		.4byte	0x31b
 1008 0310 1B030000 		.4byte	0x31b
 1009 0314 16       		.uleb128 0x16
 1010 0315 7D000000 		.4byte	0x7d
 1011 0319 07       		.byte	0x7
 1012 031a 00       		.byte	0
 1013 031b 17       		.uleb128 0x17
 1014 031c 8D000000 		.4byte	0x8d
 1015 0320 17       		.uleb128 0x17
 1016 0321 0B030000 		.4byte	0x30b
 1017 0325 17       		.uleb128 0x17
 1018 0326 0B030000 		.4byte	0x30b
 1019 032a 00       		.byte	0
 1020              		.section	.debug_abbrev,"",%progbits
 1021              	.Ldebug_abbrev0:
 1022 0000 01       		.uleb128 0x1
 1023 0001 11       		.uleb128 0x11
 1024 0002 01       		.byte	0x1
 1025 0003 25       		.uleb128 0x25
 1026 0004 0E       		.uleb128 0xe
 1027 0005 13       		.uleb128 0x13
 1028 0006 0B       		.uleb128 0xb
 1029 0007 03       		.uleb128 0x3
 1030 0008 0E       		.uleb128 0xe
 1031 0009 1B       		.uleb128 0x1b
 1032 000a 0E       		.uleb128 0xe
 1033 000b 55       		.uleb128 0x55
 1034 000c 17       		.uleb128 0x17
 1035 000d 11       		.uleb128 0x11
 1036 000e 01       		.uleb128 0x1
 1037 000f 10       		.uleb128 0x10
 1038 0010 17       		.uleb128 0x17
 1039 0011 00       		.byte	0
 1040 0012 00       		.byte	0
 1041 0013 02       		.uleb128 0x2
 1042 0014 24       		.uleb128 0x24
 1043 0015 00       		.byte	0
 1044 0016 0B       		.uleb128 0xb
 1045 0017 0B       		.uleb128 0xb
 1046 0018 3E       		.uleb128 0x3e
 1047 0019 0B       		.uleb128 0xb
 1048 001a 03       		.uleb128 0x3
 1049 001b 08       		.uleb128 0x8
 1050 001c 00       		.byte	0
 1051 001d 00       		.byte	0
 1052 001e 03       		.uleb128 0x3
 1053 001f 16       		.uleb128 0x16
 1054 0020 00       		.byte	0
 1055 0021 03       		.uleb128 0x3
 1056 0022 0E       		.uleb128 0xe
 1057 0023 3A       		.uleb128 0x3a
 1058 0024 0B       		.uleb128 0xb
 1059 0025 3B       		.uleb128 0x3b
 1060 0026 0B       		.uleb128 0xb
ARM GAS  C:\Users\leoja\AppData\Local\Temp\ccvdDFai.s 			page 26


 1061 0027 49       		.uleb128 0x49
 1062 0028 13       		.uleb128 0x13
 1063 0029 00       		.byte	0
 1064 002a 00       		.byte	0
 1065 002b 04       		.uleb128 0x4
 1066 002c 24       		.uleb128 0x24
 1067 002d 00       		.byte	0
 1068 002e 0B       		.uleb128 0xb
 1069 002f 0B       		.uleb128 0xb
 1070 0030 3E       		.uleb128 0x3e
 1071 0031 0B       		.uleb128 0xb
 1072 0032 03       		.uleb128 0x3
 1073 0033 0E       		.uleb128 0xe
 1074 0034 00       		.byte	0
 1075 0035 00       		.byte	0
 1076 0036 05       		.uleb128 0x5
 1077 0037 0F       		.uleb128 0xf
 1078 0038 00       		.byte	0
 1079 0039 0B       		.uleb128 0xb
 1080 003a 0B       		.uleb128 0xb
 1081 003b 00       		.byte	0
 1082 003c 00       		.byte	0
 1083 003d 06       		.uleb128 0x6
 1084 003e 16       		.uleb128 0x16
 1085 003f 00       		.byte	0
 1086 0040 03       		.uleb128 0x3
 1087 0041 0E       		.uleb128 0xe
 1088 0042 3A       		.uleb128 0x3a
 1089 0043 0B       		.uleb128 0xb
 1090 0044 3B       		.uleb128 0x3b
 1091 0045 05       		.uleb128 0x5
 1092 0046 49       		.uleb128 0x49
 1093 0047 13       		.uleb128 0x13
 1094 0048 00       		.byte	0
 1095 0049 00       		.byte	0
 1096 004a 07       		.uleb128 0x7
 1097 004b 35       		.uleb128 0x35
 1098 004c 00       		.byte	0
 1099 004d 49       		.uleb128 0x49
 1100 004e 13       		.uleb128 0x13
 1101 004f 00       		.byte	0
 1102 0050 00       		.byte	0
 1103 0051 08       		.uleb128 0x8
 1104 0052 2E       		.uleb128 0x2e
 1105 0053 01       		.byte	0x1
 1106 0054 03       		.uleb128 0x3
 1107 0055 0E       		.uleb128 0xe
 1108 0056 3A       		.uleb128 0x3a
 1109 0057 0B       		.uleb128 0xb
 1110 0058 3B       		.uleb128 0x3b
 1111 0059 0B       		.uleb128 0xb
 1112 005a 27       		.uleb128 0x27
 1113 005b 19       		.uleb128 0x19
 1114 005c 11       		.uleb128 0x11
 1115 005d 01       		.uleb128 0x1
 1116 005e 12       		.uleb128 0x12
 1117 005f 06       		.uleb128 0x6
ARM GAS  C:\Users\leoja\AppData\Local\Temp\ccvdDFai.s 			page 27


 1118 0060 40       		.uleb128 0x40
 1119 0061 18       		.uleb128 0x18
 1120 0062 9642     		.uleb128 0x2116
 1121 0064 19       		.uleb128 0x19
 1122 0065 01       		.uleb128 0x1
 1123 0066 13       		.uleb128 0x13
 1124 0067 00       		.byte	0
 1125 0068 00       		.byte	0
 1126 0069 09       		.uleb128 0x9
 1127 006a 05       		.uleb128 0x5
 1128 006b 00       		.byte	0
 1129 006c 03       		.uleb128 0x3
 1130 006d 08       		.uleb128 0x8
 1131 006e 3A       		.uleb128 0x3a
 1132 006f 0B       		.uleb128 0xb
 1133 0070 3B       		.uleb128 0x3b
 1134 0071 0B       		.uleb128 0xb
 1135 0072 49       		.uleb128 0x49
 1136 0073 13       		.uleb128 0x13
 1137 0074 02       		.uleb128 0x2
 1138 0075 18       		.uleb128 0x18
 1139 0076 00       		.byte	0
 1140 0077 00       		.byte	0
 1141 0078 0A       		.uleb128 0xa
 1142 0079 05       		.uleb128 0x5
 1143 007a 00       		.byte	0
 1144 007b 03       		.uleb128 0x3
 1145 007c 0E       		.uleb128 0xe
 1146 007d 3A       		.uleb128 0x3a
 1147 007e 0B       		.uleb128 0xb
 1148 007f 3B       		.uleb128 0x3b
 1149 0080 0B       		.uleb128 0xb
 1150 0081 49       		.uleb128 0x49
 1151 0082 13       		.uleb128 0x13
 1152 0083 02       		.uleb128 0x2
 1153 0084 18       		.uleb128 0x18
 1154 0085 00       		.byte	0
 1155 0086 00       		.byte	0
 1156 0087 0B       		.uleb128 0xb
 1157 0088 0F       		.uleb128 0xf
 1158 0089 00       		.byte	0
 1159 008a 0B       		.uleb128 0xb
 1160 008b 0B       		.uleb128 0xb
 1161 008c 49       		.uleb128 0x49
 1162 008d 13       		.uleb128 0x13
 1163 008e 00       		.byte	0
 1164 008f 00       		.byte	0
 1165 0090 0C       		.uleb128 0xc
 1166 0091 26       		.uleb128 0x26
 1167 0092 00       		.byte	0
 1168 0093 00       		.byte	0
 1169 0094 00       		.byte	0
 1170 0095 0D       		.uleb128 0xd
 1171 0096 2E       		.uleb128 0x2e
 1172 0097 01       		.byte	0x1
 1173 0098 03       		.uleb128 0x3
 1174 0099 0E       		.uleb128 0xe
ARM GAS  C:\Users\leoja\AppData\Local\Temp\ccvdDFai.s 			page 28


 1175 009a 3A       		.uleb128 0x3a
 1176 009b 0B       		.uleb128 0xb
 1177 009c 3B       		.uleb128 0x3b
 1178 009d 0B       		.uleb128 0xb
 1179 009e 27       		.uleb128 0x27
 1180 009f 19       		.uleb128 0x19
 1181 00a0 11       		.uleb128 0x11
 1182 00a1 01       		.uleb128 0x1
 1183 00a2 12       		.uleb128 0x12
 1184 00a3 06       		.uleb128 0x6
 1185 00a4 40       		.uleb128 0x40
 1186 00a5 18       		.uleb128 0x18
 1187 00a6 9742     		.uleb128 0x2117
 1188 00a8 19       		.uleb128 0x19
 1189 00a9 01       		.uleb128 0x1
 1190 00aa 13       		.uleb128 0x13
 1191 00ab 00       		.byte	0
 1192 00ac 00       		.byte	0
 1193 00ad 0E       		.uleb128 0xe
 1194 00ae 34       		.uleb128 0x34
 1195 00af 00       		.byte	0
 1196 00b0 03       		.uleb128 0x3
 1197 00b1 0E       		.uleb128 0xe
 1198 00b2 3A       		.uleb128 0x3a
 1199 00b3 0B       		.uleb128 0xb
 1200 00b4 3B       		.uleb128 0x3b
 1201 00b5 0B       		.uleb128 0xb
 1202 00b6 49       		.uleb128 0x49
 1203 00b7 13       		.uleb128 0x13
 1204 00b8 02       		.uleb128 0x2
 1205 00b9 18       		.uleb128 0x18
 1206 00ba 00       		.byte	0
 1207 00bb 00       		.byte	0
 1208 00bc 0F       		.uleb128 0xf
 1209 00bd 2E       		.uleb128 0x2e
 1210 00be 01       		.byte	0x1
 1211 00bf 3F       		.uleb128 0x3f
 1212 00c0 19       		.uleb128 0x19
 1213 00c1 03       		.uleb128 0x3
 1214 00c2 0E       		.uleb128 0xe
 1215 00c3 3A       		.uleb128 0x3a
 1216 00c4 0B       		.uleb128 0xb
 1217 00c5 3B       		.uleb128 0x3b
 1218 00c6 0B       		.uleb128 0xb
 1219 00c7 27       		.uleb128 0x27
 1220 00c8 19       		.uleb128 0x19
 1221 00c9 11       		.uleb128 0x11
 1222 00ca 01       		.uleb128 0x1
 1223 00cb 12       		.uleb128 0x12
 1224 00cc 06       		.uleb128 0x6
 1225 00cd 40       		.uleb128 0x40
 1226 00ce 18       		.uleb128 0x18
 1227 00cf 9742     		.uleb128 0x2117
 1228 00d1 19       		.uleb128 0x19
 1229 00d2 01       		.uleb128 0x1
 1230 00d3 13       		.uleb128 0x13
 1231 00d4 00       		.byte	0
ARM GAS  C:\Users\leoja\AppData\Local\Temp\ccvdDFai.s 			page 29


 1232 00d5 00       		.byte	0
 1233 00d6 10       		.uleb128 0x10
 1234 00d7 34       		.uleb128 0x34
 1235 00d8 00       		.byte	0
 1236 00d9 03       		.uleb128 0x3
 1237 00da 0E       		.uleb128 0xe
 1238 00db 3A       		.uleb128 0x3a
 1239 00dc 0B       		.uleb128 0xb
 1240 00dd 3B       		.uleb128 0x3b
 1241 00de 05       		.uleb128 0x5
 1242 00df 49       		.uleb128 0x49
 1243 00e0 13       		.uleb128 0x13
 1244 00e1 02       		.uleb128 0x2
 1245 00e2 18       		.uleb128 0x18
 1246 00e3 00       		.byte	0
 1247 00e4 00       		.byte	0
 1248 00e5 11       		.uleb128 0x11
 1249 00e6 2E       		.uleb128 0x2e
 1250 00e7 01       		.byte	0x1
 1251 00e8 3F       		.uleb128 0x3f
 1252 00e9 19       		.uleb128 0x19
 1253 00ea 03       		.uleb128 0x3
 1254 00eb 0E       		.uleb128 0xe
 1255 00ec 3A       		.uleb128 0x3a
 1256 00ed 0B       		.uleb128 0xb
 1257 00ee 3B       		.uleb128 0x3b
 1258 00ef 05       		.uleb128 0x5
 1259 00f0 27       		.uleb128 0x27
 1260 00f1 19       		.uleb128 0x19
 1261 00f2 11       		.uleb128 0x11
 1262 00f3 01       		.uleb128 0x1
 1263 00f4 12       		.uleb128 0x12
 1264 00f5 06       		.uleb128 0x6
 1265 00f6 40       		.uleb128 0x40
 1266 00f7 18       		.uleb128 0x18
 1267 00f8 9642     		.uleb128 0x2116
 1268 00fa 19       		.uleb128 0x19
 1269 00fb 01       		.uleb128 0x1
 1270 00fc 13       		.uleb128 0x13
 1271 00fd 00       		.byte	0
 1272 00fe 00       		.byte	0
 1273 00ff 12       		.uleb128 0x12
 1274 0100 0B       		.uleb128 0xb
 1275 0101 01       		.byte	0x1
 1276 0102 11       		.uleb128 0x11
 1277 0103 01       		.uleb128 0x1
 1278 0104 12       		.uleb128 0x12
 1279 0105 06       		.uleb128 0x6
 1280 0106 00       		.byte	0
 1281 0107 00       		.byte	0
 1282 0108 13       		.uleb128 0x13
 1283 0109 13       		.uleb128 0x13
 1284 010a 01       		.byte	0x1
 1285 010b 0B       		.uleb128 0xb
 1286 010c 0B       		.uleb128 0xb
 1287 010d 3A       		.uleb128 0x3a
 1288 010e 0B       		.uleb128 0xb
ARM GAS  C:\Users\leoja\AppData\Local\Temp\ccvdDFai.s 			page 30


 1289 010f 3B       		.uleb128 0x3b
 1290 0110 05       		.uleb128 0x5
 1291 0111 01       		.uleb128 0x1
 1292 0112 13       		.uleb128 0x13
 1293 0113 00       		.byte	0
 1294 0114 00       		.byte	0
 1295 0115 14       		.uleb128 0x14
 1296 0116 0D       		.uleb128 0xd
 1297 0117 00       		.byte	0
 1298 0118 03       		.uleb128 0x3
 1299 0119 0E       		.uleb128 0xe
 1300 011a 3A       		.uleb128 0x3a
 1301 011b 0B       		.uleb128 0xb
 1302 011c 3B       		.uleb128 0x3b
 1303 011d 05       		.uleb128 0x5
 1304 011e 49       		.uleb128 0x49
 1305 011f 13       		.uleb128 0x13
 1306 0120 38       		.uleb128 0x38
 1307 0121 0B       		.uleb128 0xb
 1308 0122 00       		.byte	0
 1309 0123 00       		.byte	0
 1310 0124 15       		.uleb128 0x15
 1311 0125 01       		.uleb128 0x1
 1312 0126 01       		.byte	0x1
 1313 0127 49       		.uleb128 0x49
 1314 0128 13       		.uleb128 0x13
 1315 0129 01       		.uleb128 0x1
 1316 012a 13       		.uleb128 0x13
 1317 012b 00       		.byte	0
 1318 012c 00       		.byte	0
 1319 012d 16       		.uleb128 0x16
 1320 012e 21       		.uleb128 0x21
 1321 012f 00       		.byte	0
 1322 0130 49       		.uleb128 0x49
 1323 0131 13       		.uleb128 0x13
 1324 0132 2F       		.uleb128 0x2f
 1325 0133 0B       		.uleb128 0xb
 1326 0134 00       		.byte	0
 1327 0135 00       		.byte	0
 1328 0136 17       		.uleb128 0x17
 1329 0137 26       		.uleb128 0x26
 1330 0138 00       		.byte	0
 1331 0139 49       		.uleb128 0x49
 1332 013a 13       		.uleb128 0x13
 1333 013b 00       		.byte	0
 1334 013c 00       		.byte	0
 1335 013d 18       		.uleb128 0x18
 1336 013e 34       		.uleb128 0x34
 1337 013f 00       		.byte	0
 1338 0140 03       		.uleb128 0x3
 1339 0141 08       		.uleb128 0x8
 1340 0142 3A       		.uleb128 0x3a
 1341 0143 0B       		.uleb128 0xb
 1342 0144 3B       		.uleb128 0x3b
 1343 0145 05       		.uleb128 0x5
 1344 0146 49       		.uleb128 0x49
 1345 0147 13       		.uleb128 0x13
ARM GAS  C:\Users\leoja\AppData\Local\Temp\ccvdDFai.s 			page 31


 1346 0148 02       		.uleb128 0x2
 1347 0149 18       		.uleb128 0x18
 1348 014a 00       		.byte	0
 1349 014b 00       		.byte	0
 1350 014c 00       		.byte	0
 1351              		.section	.debug_aranges,"",%progbits
 1352 0000 54000000 		.4byte	0x54
 1353 0004 0200     		.2byte	0x2
 1354 0006 00000000 		.4byte	.Ldebug_info0
 1355 000a 04       		.byte	0x4
 1356 000b 00       		.byte	0
 1357 000c 0000     		.2byte	0
 1358 000e 0000     		.2byte	0
 1359 0010 00000000 		.4byte	.LFB0
 1360 0014 1C000000 		.4byte	.LFE0-.LFB0
 1361 0018 00000000 		.4byte	.LFB1
 1362 001c 1E000000 		.4byte	.LFE1-.LFB1
 1363 0020 00000000 		.4byte	.LFB2
 1364 0024 1E000000 		.4byte	.LFE2-.LFB2
 1365 0028 00000000 		.4byte	.LFB3
 1366 002c 0C000000 		.4byte	.LFE3-.LFB3
 1367 0030 00000000 		.4byte	.LFB4
 1368 0034 D8000000 		.4byte	.LFE4-.LFB4
 1369 0038 00000000 		.4byte	.LFB5
 1370 003c 44000000 		.4byte	.LFE5-.LFB5
 1371 0040 00000000 		.4byte	.LFB6
 1372 0044 28000000 		.4byte	.LFE6-.LFB6
 1373 0048 00000000 		.4byte	.LFB7
 1374 004c F0000000 		.4byte	.LFE7-.LFB7
 1375 0050 00000000 		.4byte	0
 1376 0054 00000000 		.4byte	0
 1377              		.section	.debug_ranges,"",%progbits
 1378              	.Ldebug_ranges0:
 1379 0000 00000000 		.4byte	.LFB0
 1380 0004 1C000000 		.4byte	.LFE0
 1381 0008 00000000 		.4byte	.LFB1
 1382 000c 1E000000 		.4byte	.LFE1
 1383 0010 00000000 		.4byte	.LFB2
 1384 0014 1E000000 		.4byte	.LFE2
 1385 0018 00000000 		.4byte	.LFB3
 1386 001c 0C000000 		.4byte	.LFE3
 1387 0020 00000000 		.4byte	.LFB4
 1388 0024 D8000000 		.4byte	.LFE4
 1389 0028 00000000 		.4byte	.LFB5
 1390 002c 44000000 		.4byte	.LFE5
 1391 0030 00000000 		.4byte	.LFB6
 1392 0034 28000000 		.4byte	.LFE6
 1393 0038 00000000 		.4byte	.LFB7
 1394 003c F0000000 		.4byte	.LFE7
 1395 0040 00000000 		.4byte	0
 1396 0044 00000000 		.4byte	0
 1397              		.section	.debug_line,"",%progbits
 1398              	.Ldebug_line0:
 1399 0000 BC010000 		.section	.debug_str,"MS",%progbits,1
 1399      0200CB00 
 1399      00000201 
 1399      FB0E0D00 
ARM GAS  C:\Users\leoja\AppData\Local\Temp\ccvdDFai.s 			page 32


 1399      01010101 
 1400              	.LASF19:
 1401 0000 72656731 		.ascii	"reg16\000"
 1401      3600
 1402              	.LASF12:
 1403 0006 73697A65 		.ascii	"size_t\000"
 1403      5F7400
 1404              	.LASF41:
 1405 000d 474E5520 		.ascii	"GNU C11 5.4.1 20160609 (release) [ARM/embedded-5-br"
 1405      43313120 
 1405      352E342E 
 1405      31203230 
 1405      31363036 
 1406 0040 616E6368 		.ascii	"anch revision 237715] -mcpu=cortex-m3 -mthumb -g -O"
 1406      20726576 
 1406      6973696F 
 1406      6E203233 
 1406      37373135 
 1407 0073 30202D66 		.ascii	"0 -ffunction-sections -ffat-lto-objects\000"
 1407      66756E63 
 1407      74696F6E 
 1407      2D736563 
 1407      74696F6E 
 1408              	.LASF29:
 1409 009b 416E616C 		.ascii	"AnalogSetDefault\000"
 1409      6F675365 
 1409      74446566 
 1409      61756C74 
 1409      00
 1410              	.LASF42:
 1411 00ac 47656E65 		.ascii	"Generated_Source\\PSoC5\\cyfitter_cfg.c\000"
 1411      72617465 
 1411      645F536F 
 1411      75726365 
 1411      5C50536F 
 1412              	.LASF40:
 1413 00d2 6366675F 		.ascii	"cfg_memset_list\000"
 1413      6D656D73 
 1413      65745F6C 
 1413      69737400 
 1414              	.LASF23:
 1415 00e2 4359434F 		.ascii	"CYCONFIGCPYCODE\000"
 1415      4E464947 
 1415      43505943 
 1415      4F444500 
 1416              	.LASF26:
 1417 00f2 436C6F63 		.ascii	"ClockSetup\000"
 1417      6B536574 
 1417      757000
 1418              	.LASF6:
 1419 00fd 73686F72 		.ascii	"short unsigned int\000"
 1419      7420756E 
 1419      7369676E 
 1419      65642069 
 1419      6E7400
 1420              	.LASF35:
 1421 0110 42535F49 		.ascii	"BS_IOPINS0_1_VAL\000"
ARM GAS  C:\Users\leoja\AppData\Local\Temp\ccvdDFai.s 			page 33


 1421      4F50494E 
 1421      53305F31 
 1421      5F56414C 
 1421      00
 1422              	.LASF28:
 1423 0121 706C6C4C 		.ascii	"pllLock\000"
 1423      6F636B00 
 1424              	.LASF16:
 1425 0129 666C6F61 		.ascii	"float\000"
 1425      7400
 1426              	.LASF24:
 1427 012f 4379436C 		.ascii	"CyClockStartupError\000"
 1427      6F636B53 
 1427      74617274 
 1427      75704572 
 1427      726F7200 
 1428              	.LASF22:
 1429 0143 64657374 		.ascii	"dest\000"
 1429      00
 1430              	.LASF38:
 1431 0148 73697A65 		.ascii	"size\000"
 1431      00
 1432              	.LASF18:
 1433 014d 72656738 		.ascii	"reg8\000"
 1433      00
 1434              	.LASF8:
 1435 0152 6C6F6E67 		.ascii	"long unsigned int\000"
 1435      20756E73 
 1435      69676E65 
 1435      6420696E 
 1435      7400
 1436              	.LASF13:
 1437 0164 75696E74 		.ascii	"uint8\000"
 1437      3800
 1438              	.LASF20:
 1439 016a 43594D45 		.ascii	"CYMEMZERO\000"
 1439      4D5A4552 
 1439      4F00
 1440              	.LASF36:
 1441 0174 42535F49 		.ascii	"BS_IOPINS0_2_VAL\000"
 1441      4F50494E 
 1441      53305F32 
 1441      5F56414C 
 1441      00
 1442              	.LASF33:
 1443 0185 53657441 		.ascii	"SetAnalogRoutingPumps\000"
 1443      6E616C6F 
 1443      67526F75 
 1443      74696E67 
 1443      50756D70 
 1444              	.LASF4:
 1445 019b 756E7369 		.ascii	"unsigned char\000"
 1445      676E6564 
 1445      20636861 
 1445      7200
 1446              	.LASF17:
 1447 01a9 646F7562 		.ascii	"double\000"
ARM GAS  C:\Users\leoja\AppData\Local\Temp\ccvdDFai.s 			page 34


 1447      6C6500
 1448              	.LASF34:
 1449 01b0 63796669 		.ascii	"cyfitter_cfg\000"
 1449      74746572 
 1449      5F636667 
 1449      00
 1450              	.LASF14:
 1451 01bd 75696E74 		.ascii	"uint16\000"
 1451      313600
 1452              	.LASF25:
 1453 01c4 6572726F 		.ascii	"errorCode\000"
 1453      72436F64 
 1453      6500
 1454              	.LASF15:
 1455 01ce 75696E74 		.ascii	"uint32\000"
 1455      333200
 1456              	.LASF0:
 1457 01d5 756E7369 		.ascii	"unsigned int\000"
 1457      676E6564 
 1457      20696E74 
 1457      00
 1458              	.LASF37:
 1459 01e2 61646472 		.ascii	"address\000"
 1459      65737300 
 1460              	.LASF9:
 1461 01ea 6C6F6E67 		.ascii	"long long unsigned int\000"
 1461      206C6F6E 
 1461      6720756E 
 1461      7369676E 
 1461      65642069 
 1462              	.LASF43:
 1463 0201 433A5C55 		.ascii	"C:\\Users\\leoja\\Documents\\GitHub\\PEI-Firmware-F"
 1463      73657273 
 1463      5C6C656F 
 1463      6A615C44 
 1463      6F63756D 
 1464 022f 4531305C 		.ascii	"E10\\PSOC_VCU_Example\\CharLCD_CustomFont01.cydsn\000"
 1464      50534F43 
 1464      5F564355 
 1464      5F457861 
 1464      6D706C65 
 1465              	.LASF39:
 1466 025f 6366675F 		.ascii	"cfg_memset_t\000"
 1466      6D656D73 
 1466      65745F74 
 1466      00
 1467              	.LASF10:
 1468 026c 73697A65 		.ascii	"sizetype\000"
 1468      74797065 
 1468      00
 1469              	.LASF1:
 1470 0275 6C6F6E67 		.ascii	"long long int\000"
 1470      206C6F6E 
 1470      6720696E 
 1470      7400
 1471              	.LASF27:
 1472 0283 74696D65 		.ascii	"timeout\000"
ARM GAS  C:\Users\leoja\AppData\Local\Temp\ccvdDFai.s 			page 35


 1472      6F757400 
 1473              	.LASF5:
 1474 028b 73686F72 		.ascii	"short int\000"
 1474      7420696E 
 1474      7400
 1475              	.LASF31:
 1476 0295 656E6162 		.ascii	"enabled\000"
 1476      6C656400 
 1477              	.LASF7:
 1478 029d 6C6F6E67 		.ascii	"long int\000"
 1478      20696E74 
 1478      00
 1479              	.LASF11:
 1480 02a6 63686172 		.ascii	"char\000"
 1480      00
 1481              	.LASF2:
 1482 02ab 6C6F6E67 		.ascii	"long double\000"
 1482      20646F75 
 1482      626C6500 
 1483              	.LASF30:
 1484 02b7 62675F78 		.ascii	"bg_xover_inl_trim\000"
 1484      6F766572 
 1484      5F696E6C 
 1484      5F747269 
 1484      6D00
 1485              	.LASF3:
 1486 02c9 7369676E 		.ascii	"signed char\000"
 1486      65642063 
 1486      68617200 
 1487              	.LASF32:
 1488 02d5 72656756 		.ascii	"regValue\000"
 1488      616C7565 
 1488      00
 1489              	.LASF21:
 1490 02de 4359434F 		.ascii	"CYCONFIGCPY\000"
 1490      4E464947 
 1490      43505900 
 1491              		.ident	"GCC: (GNU Tools for ARM Embedded Processors) 5.4.1 20160609 (release) [ARM/embedded-5-bran
