ARM GAS  C:\Users\kendr\AppData\Local\Temp\ccHh7cb6.s 			page 1


   1              		.syntax unified
   2              		.cpu cortex-m3
   3              		.fpu softvfp
   4              		.eabi_attribute 20, 1
   5              		.eabi_attribute 21, 1
   6              		.eabi_attribute 23, 3
   7              		.eabi_attribute 24, 1
   8              		.eabi_attribute 25, 1
   9              		.eabi_attribute 26, 1
  10              		.eabi_attribute 30, 1
  11              		.eabi_attribute 34, 1
  12              		.eabi_attribute 18, 4
  13              		.thumb
  14              		.syntax unified
  15              		.file	"CAN_INT.c"
  16              		.text
  17              	.Ltext0:
  18              		.cfi_sections	.debug_frame
  19              		.section	.text.CAN_MsgRXIsr,"ax",%progbits
  20              		.align	2
  21              		.global	CAN_MsgRXIsr
  22              		.thumb
  23              		.thumb_func
  24              		.type	CAN_MsgRXIsr, %function
  25              	CAN_MsgRXIsr:
  26              	.LFB0:
  27              		.file 1 "Generated_Source\\PSoC5\\CAN_INT.c"
   1:Generated_Source\PSoC5/CAN_INT.c **** /*******************************************************************************
   2:Generated_Source\PSoC5/CAN_INT.c **** * File Name: CAN_INT.c
   3:Generated_Source\PSoC5/CAN_INT.c **** * Version 3.0
   4:Generated_Source\PSoC5/CAN_INT.c **** *
   5:Generated_Source\PSoC5/CAN_INT.c **** * Description:
   6:Generated_Source\PSoC5/CAN_INT.c **** *  This file contains Interrupt Service Routine (ISR) for CAN Component.
   7:Generated_Source\PSoC5/CAN_INT.c **** *  The Interrupt handlers functions are generated accordingly to the PSoC
   8:Generated_Source\PSoC5/CAN_INT.c **** *  Creator Customizer inputs.
   9:Generated_Source\PSoC5/CAN_INT.c **** *
  10:Generated_Source\PSoC5/CAN_INT.c **** * Note:
  11:Generated_Source\PSoC5/CAN_INT.c **** *  None
  12:Generated_Source\PSoC5/CAN_INT.c **** *
  13:Generated_Source\PSoC5/CAN_INT.c **** ********************************************************************************
  14:Generated_Source\PSoC5/CAN_INT.c **** * Copyright 2008-2015, Cypress Semiconductor Corporation.  All rights reserved.
  15:Generated_Source\PSoC5/CAN_INT.c **** * You may use this file only in accordance with the license, terms, conditions,
  16:Generated_Source\PSoC5/CAN_INT.c **** * disclaimers, and limitations in the end user license agreement accompanying
  17:Generated_Source\PSoC5/CAN_INT.c **** * the software package with which this file was provided.
  18:Generated_Source\PSoC5/CAN_INT.c **** *******************************************************************************/
  19:Generated_Source\PSoC5/CAN_INT.c **** 
  20:Generated_Source\PSoC5/CAN_INT.c **** #include "CAN.h"
  21:Generated_Source\PSoC5/CAN_INT.c **** #include "cyapicallbacks.h"
  22:Generated_Source\PSoC5/CAN_INT.c **** 
  23:Generated_Source\PSoC5/CAN_INT.c **** /* `#START CAN_INT_C_CODE_DEFINITION` */
  24:Generated_Source\PSoC5/CAN_INT.c **** 
  25:Generated_Source\PSoC5/CAN_INT.c **** /* `#END` */
  26:Generated_Source\PSoC5/CAN_INT.c **** 
  27:Generated_Source\PSoC5/CAN_INT.c **** #if (CAN_ARB_LOST)
  28:Generated_Source\PSoC5/CAN_INT.c ****     /*******************************************************************************
  29:Generated_Source\PSoC5/CAN_INT.c ****     * FUNCTION NAME:   CAN_ArbLostIsr
  30:Generated_Source\PSoC5/CAN_INT.c ****     ********************************************************************************
ARM GAS  C:\Users\kendr\AppData\Local\Temp\ccHh7cb6.s 			page 2


  31:Generated_Source\PSoC5/CAN_INT.c ****     *
  32:Generated_Source\PSoC5/CAN_INT.c ****     * Summary:
  33:Generated_Source\PSoC5/CAN_INT.c ****     *  This function is entry point to Arbitration Lost Interrupt. Clears
  34:Generated_Source\PSoC5/CAN_INT.c ****     *  Arbitration Lost interrupt flag. Only generated if Arbitration Lost
  35:Generated_Source\PSoC5/CAN_INT.c ****     *  Interrupt enable in Customizer.
  36:Generated_Source\PSoC5/CAN_INT.c ****     *
  37:Generated_Source\PSoC5/CAN_INT.c ****     * Parameters:
  38:Generated_Source\PSoC5/CAN_INT.c ****     *  None.
  39:Generated_Source\PSoC5/CAN_INT.c ****     *
  40:Generated_Source\PSoC5/CAN_INT.c ****     * Return:
  41:Generated_Source\PSoC5/CAN_INT.c ****     *  None.
  42:Generated_Source\PSoC5/CAN_INT.c ****     *
  43:Generated_Source\PSoC5/CAN_INT.c ****     * Reentrant:
  44:Generated_Source\PSoC5/CAN_INT.c ****     *  Depends on Customer code.
  45:Generated_Source\PSoC5/CAN_INT.c ****     *
  46:Generated_Source\PSoC5/CAN_INT.c ****     *******************************************************************************/
  47:Generated_Source\PSoC5/CAN_INT.c ****     void CAN_ArbLostIsr(void) 
  48:Generated_Source\PSoC5/CAN_INT.c ****     {
  49:Generated_Source\PSoC5/CAN_INT.c ****         /* Clear Arbitration Lost flag */
  50:Generated_Source\PSoC5/CAN_INT.c ****         CAN_INT_SR_REG.byte[0u] = CAN_ARBITRATION_LOST_MASK;
  51:Generated_Source\PSoC5/CAN_INT.c **** 
  52:Generated_Source\PSoC5/CAN_INT.c ****         /* `#START ARBITRATION_LOST_ISR` */
  53:Generated_Source\PSoC5/CAN_INT.c **** 
  54:Generated_Source\PSoC5/CAN_INT.c ****         /* `#END` */
  55:Generated_Source\PSoC5/CAN_INT.c **** 
  56:Generated_Source\PSoC5/CAN_INT.c ****         #ifdef CAN_ARB_LOST_ISR_CALLBACK
  57:Generated_Source\PSoC5/CAN_INT.c ****             CAN_ArbLostIsr_Callback();
  58:Generated_Source\PSoC5/CAN_INT.c ****         #endif /* CAN_ARB_LOST_ISR_CALLBACK */
  59:Generated_Source\PSoC5/CAN_INT.c ****     }
  60:Generated_Source\PSoC5/CAN_INT.c **** #endif /* CAN_ARB_LOST */
  61:Generated_Source\PSoC5/CAN_INT.c **** 
  62:Generated_Source\PSoC5/CAN_INT.c **** 
  63:Generated_Source\PSoC5/CAN_INT.c **** #if (CAN_OVERLOAD)
  64:Generated_Source\PSoC5/CAN_INT.c ****     /*******************************************************************************
  65:Generated_Source\PSoC5/CAN_INT.c ****     * FUNCTION NAME:   CAN_OvrLdErrorIsr
  66:Generated_Source\PSoC5/CAN_INT.c ****     ********************************************************************************
  67:Generated_Source\PSoC5/CAN_INT.c ****     *
  68:Generated_Source\PSoC5/CAN_INT.c ****     * Summary:
  69:Generated_Source\PSoC5/CAN_INT.c ****     *  This function is entry point to Overload Error Interrupt. Clears Overload
  70:Generated_Source\PSoC5/CAN_INT.c ****     *  Error interrupt flag. Only generated if Overload Error Interrupt enable
  71:Generated_Source\PSoC5/CAN_INT.c ****     *  in Customizer.
  72:Generated_Source\PSoC5/CAN_INT.c ****     *
  73:Generated_Source\PSoC5/CAN_INT.c ****     * Parameters:
  74:Generated_Source\PSoC5/CAN_INT.c ****     *  None.
  75:Generated_Source\PSoC5/CAN_INT.c ****     *
  76:Generated_Source\PSoC5/CAN_INT.c ****     * Return:
  77:Generated_Source\PSoC5/CAN_INT.c ****     *  None.
  78:Generated_Source\PSoC5/CAN_INT.c ****     *
  79:Generated_Source\PSoC5/CAN_INT.c ****     * Reentrant:
  80:Generated_Source\PSoC5/CAN_INT.c ****     *  Depends on Customer code.
  81:Generated_Source\PSoC5/CAN_INT.c ****     *
  82:Generated_Source\PSoC5/CAN_INT.c ****     *******************************************************************************/
  83:Generated_Source\PSoC5/CAN_INT.c ****     void CAN_OvrLdErrorIsr(void) 
  84:Generated_Source\PSoC5/CAN_INT.c ****     {
  85:Generated_Source\PSoC5/CAN_INT.c ****         /* Clear Overload Error flag */
  86:Generated_Source\PSoC5/CAN_INT.c ****         CAN_INT_SR_REG.byte[0u] = CAN_OVERLOAD_ERROR_MASK;
  87:Generated_Source\PSoC5/CAN_INT.c **** 
ARM GAS  C:\Users\kendr\AppData\Local\Temp\ccHh7cb6.s 			page 3


  88:Generated_Source\PSoC5/CAN_INT.c ****         /* `#START OVER_LOAD_ERROR_ISR` */
  89:Generated_Source\PSoC5/CAN_INT.c **** 
  90:Generated_Source\PSoC5/CAN_INT.c ****         /* `#END` */
  91:Generated_Source\PSoC5/CAN_INT.c **** 
  92:Generated_Source\PSoC5/CAN_INT.c ****         #ifdef CAN_OVR_LD_ERROR_ISR_CALLBACK
  93:Generated_Source\PSoC5/CAN_INT.c ****             CAN_OvrLdErrorIsr_Callback();
  94:Generated_Source\PSoC5/CAN_INT.c ****         #endif /* CAN_OVR_LD_ERROR_ISR_CALLBACK */
  95:Generated_Source\PSoC5/CAN_INT.c ****     }
  96:Generated_Source\PSoC5/CAN_INT.c **** #endif /* CAN_OVERLOAD */
  97:Generated_Source\PSoC5/CAN_INT.c **** 
  98:Generated_Source\PSoC5/CAN_INT.c **** 
  99:Generated_Source\PSoC5/CAN_INT.c **** #if (CAN_BIT_ERR)
 100:Generated_Source\PSoC5/CAN_INT.c ****     /*******************************************************************************
 101:Generated_Source\PSoC5/CAN_INT.c ****     * FUNCTION NAME:   CAN_BitErrorIsr
 102:Generated_Source\PSoC5/CAN_INT.c ****     ********************************************************************************
 103:Generated_Source\PSoC5/CAN_INT.c ****     *
 104:Generated_Source\PSoC5/CAN_INT.c ****     * Summary:
 105:Generated_Source\PSoC5/CAN_INT.c ****     *  This function is entry point to Bit Error Interrupt. Clears Bit Error
 106:Generated_Source\PSoC5/CAN_INT.c ****     *  interrupt flag. Only generated if Bit Error Interrupt enable in Customizer.
 107:Generated_Source\PSoC5/CAN_INT.c ****     *
 108:Generated_Source\PSoC5/CAN_INT.c ****     * Parameters:
 109:Generated_Source\PSoC5/CAN_INT.c ****     *  None.
 110:Generated_Source\PSoC5/CAN_INT.c ****     *
 111:Generated_Source\PSoC5/CAN_INT.c ****     * Return:
 112:Generated_Source\PSoC5/CAN_INT.c ****     *  None.
 113:Generated_Source\PSoC5/CAN_INT.c ****     *
 114:Generated_Source\PSoC5/CAN_INT.c ****     * Reentrant:
 115:Generated_Source\PSoC5/CAN_INT.c ****     *  Depends on Customer code.
 116:Generated_Source\PSoC5/CAN_INT.c ****     *
 117:Generated_Source\PSoC5/CAN_INT.c ****     *******************************************************************************/
 118:Generated_Source\PSoC5/CAN_INT.c ****     void CAN_BitErrorIsr(void) 
 119:Generated_Source\PSoC5/CAN_INT.c ****     {
 120:Generated_Source\PSoC5/CAN_INT.c ****         /* Clear Bit Error flag */
 121:Generated_Source\PSoC5/CAN_INT.c ****         CAN_INT_SR_REG.byte[0u] = CAN_BIT_ERROR_MASK;
 122:Generated_Source\PSoC5/CAN_INT.c **** 
 123:Generated_Source\PSoC5/CAN_INT.c ****         /* `#START BIT_ERROR_ISR` */
 124:Generated_Source\PSoC5/CAN_INT.c **** 
 125:Generated_Source\PSoC5/CAN_INT.c ****         /* `#END` */
 126:Generated_Source\PSoC5/CAN_INT.c **** 
 127:Generated_Source\PSoC5/CAN_INT.c ****         #ifdef CAN_BIT_ERROR_ISR_CALLBACK
 128:Generated_Source\PSoC5/CAN_INT.c ****             CAN_BitErrorIsr_Callback();
 129:Generated_Source\PSoC5/CAN_INT.c ****         #endif /* CAN_BIT_ERROR_ISR_CALLBACK */
 130:Generated_Source\PSoC5/CAN_INT.c ****     }
 131:Generated_Source\PSoC5/CAN_INT.c **** #endif /* CAN_BIT_ERR */
 132:Generated_Source\PSoC5/CAN_INT.c **** 
 133:Generated_Source\PSoC5/CAN_INT.c **** 
 134:Generated_Source\PSoC5/CAN_INT.c **** #if (CAN_STUFF_ERR)
 135:Generated_Source\PSoC5/CAN_INT.c ****     /*******************************************************************************
 136:Generated_Source\PSoC5/CAN_INT.c ****     * FUNCTION NAME:   CAN_BitStuffErrorIsr
 137:Generated_Source\PSoC5/CAN_INT.c ****     ********************************************************************************
 138:Generated_Source\PSoC5/CAN_INT.c ****     *
 139:Generated_Source\PSoC5/CAN_INT.c ****     * Summary:
 140:Generated_Source\PSoC5/CAN_INT.c ****     *  This function is entry point to Bit Stuff Error Interrupt. Clears Bit Stuff
 141:Generated_Source\PSoC5/CAN_INT.c ****     *  Error interrupt flag. Only generated if Bit Stuff Error Interrupt enable
 142:Generated_Source\PSoC5/CAN_INT.c ****     *  in Customizer.
 143:Generated_Source\PSoC5/CAN_INT.c ****     *
 144:Generated_Source\PSoC5/CAN_INT.c ****     * Parameters:
ARM GAS  C:\Users\kendr\AppData\Local\Temp\ccHh7cb6.s 			page 4


 145:Generated_Source\PSoC5/CAN_INT.c ****     *  None.
 146:Generated_Source\PSoC5/CAN_INT.c ****     *
 147:Generated_Source\PSoC5/CAN_INT.c ****     * Return:
 148:Generated_Source\PSoC5/CAN_INT.c ****     *  None.
 149:Generated_Source\PSoC5/CAN_INT.c ****     *
 150:Generated_Source\PSoC5/CAN_INT.c ****     * Reentrant:
 151:Generated_Source\PSoC5/CAN_INT.c ****     *  Depends on Customer code.
 152:Generated_Source\PSoC5/CAN_INT.c ****     *
 153:Generated_Source\PSoC5/CAN_INT.c ****     *******************************************************************************/
 154:Generated_Source\PSoC5/CAN_INT.c ****     void CAN_BitStuffErrorIsr(void) 
 155:Generated_Source\PSoC5/CAN_INT.c ****     {
 156:Generated_Source\PSoC5/CAN_INT.c ****         /* Clear Stuff Error flag */
 157:Generated_Source\PSoC5/CAN_INT.c ****         CAN_INT_SR_REG.byte[0u] = CAN_STUFF_ERROR_MASK;
 158:Generated_Source\PSoC5/CAN_INT.c **** 
 159:Generated_Source\PSoC5/CAN_INT.c ****         /* `#START BIT_STUFF_ERROR_ISR` */
 160:Generated_Source\PSoC5/CAN_INT.c **** 
 161:Generated_Source\PSoC5/CAN_INT.c ****         /* `#END` */
 162:Generated_Source\PSoC5/CAN_INT.c **** 
 163:Generated_Source\PSoC5/CAN_INT.c ****         #ifdef CAN_BIT_STUFF_ERROR_ISR_CALLBACK
 164:Generated_Source\PSoC5/CAN_INT.c ****             CAN_BitStuffErrorIsr_Callback();
 165:Generated_Source\PSoC5/CAN_INT.c ****         #endif /* CAN_BIT_STUFF_ERROR_ISR_CALLBACK */
 166:Generated_Source\PSoC5/CAN_INT.c ****     }
 167:Generated_Source\PSoC5/CAN_INT.c **** #endif /* CAN_STUFF_ERR */
 168:Generated_Source\PSoC5/CAN_INT.c **** 
 169:Generated_Source\PSoC5/CAN_INT.c **** 
 170:Generated_Source\PSoC5/CAN_INT.c **** #if (CAN_ACK_ERR)
 171:Generated_Source\PSoC5/CAN_INT.c ****     /*******************************************************************************
 172:Generated_Source\PSoC5/CAN_INT.c ****     * FUNCTION NAME:   CAN_AckErrorIsr
 173:Generated_Source\PSoC5/CAN_INT.c ****     ********************************************************************************
 174:Generated_Source\PSoC5/CAN_INT.c ****     *
 175:Generated_Source\PSoC5/CAN_INT.c ****     * Summary:
 176:Generated_Source\PSoC5/CAN_INT.c ****     *  This function is entry point to Acknowledge Error Interrupt. Clears
 177:Generated_Source\PSoC5/CAN_INT.c ****     *  Acknowledge Error interrupt flag. Only generated if Acknowledge Error
 178:Generated_Source\PSoC5/CAN_INT.c ****     *  Interrupt enable in Customizer.
 179:Generated_Source\PSoC5/CAN_INT.c ****     *
 180:Generated_Source\PSoC5/CAN_INT.c ****     * Parameters:
 181:Generated_Source\PSoC5/CAN_INT.c ****     *  None.
 182:Generated_Source\PSoC5/CAN_INT.c ****     *
 183:Generated_Source\PSoC5/CAN_INT.c ****     * Return:
 184:Generated_Source\PSoC5/CAN_INT.c ****     *  None.
 185:Generated_Source\PSoC5/CAN_INT.c ****     *
 186:Generated_Source\PSoC5/CAN_INT.c ****     * Reentrant:
 187:Generated_Source\PSoC5/CAN_INT.c ****     *  Depends on Customer code.
 188:Generated_Source\PSoC5/CAN_INT.c ****     *
 189:Generated_Source\PSoC5/CAN_INT.c ****     *******************************************************************************/
 190:Generated_Source\PSoC5/CAN_INT.c ****     void CAN_AckErrorIsr(void) 
 191:Generated_Source\PSoC5/CAN_INT.c ****     {
 192:Generated_Source\PSoC5/CAN_INT.c ****         /* Clear Acknoledge Error flag */
 193:Generated_Source\PSoC5/CAN_INT.c ****         CAN_INT_SR_REG.byte[0u] = CAN_ACK_ERROR_MASK;
 194:Generated_Source\PSoC5/CAN_INT.c **** 
 195:Generated_Source\PSoC5/CAN_INT.c ****         /* `#START ACKNOWLEDGE_ERROR_ISR` */
 196:Generated_Source\PSoC5/CAN_INT.c **** 
 197:Generated_Source\PSoC5/CAN_INT.c ****         /* `#END` */
 198:Generated_Source\PSoC5/CAN_INT.c **** 
 199:Generated_Source\PSoC5/CAN_INT.c ****         #ifdef CAN_ACK_ERROR_ISR_CALLBACK
 200:Generated_Source\PSoC5/CAN_INT.c ****             CAN_AckErrorIsr_Callback();
 201:Generated_Source\PSoC5/CAN_INT.c ****         #endif /* CAN_ACK_ERROR_ISR_CALLBACK */
ARM GAS  C:\Users\kendr\AppData\Local\Temp\ccHh7cb6.s 			page 5


 202:Generated_Source\PSoC5/CAN_INT.c ****     }
 203:Generated_Source\PSoC5/CAN_INT.c **** #endif /* CAN_ACK_ERR */
 204:Generated_Source\PSoC5/CAN_INT.c **** 
 205:Generated_Source\PSoC5/CAN_INT.c **** 
 206:Generated_Source\PSoC5/CAN_INT.c **** #if (CAN_FORM_ERR)
 207:Generated_Source\PSoC5/CAN_INT.c ****     /*******************************************************************************
 208:Generated_Source\PSoC5/CAN_INT.c ****     * FUNCTION NAME:   CAN_MsgErrorIsr
 209:Generated_Source\PSoC5/CAN_INT.c ****     ********************************************************************************
 210:Generated_Source\PSoC5/CAN_INT.c ****     *
 211:Generated_Source\PSoC5/CAN_INT.c ****     * Summary:
 212:Generated_Source\PSoC5/CAN_INT.c ****     *  This function is entry point to Form Error Interrupt. Clears Form Error
 213:Generated_Source\PSoC5/CAN_INT.c ****     *  interrupt flag. Only generated if Form Error Interrupt enable in Customizer.
 214:Generated_Source\PSoC5/CAN_INT.c ****     *
 215:Generated_Source\PSoC5/CAN_INT.c ****     * Parameters:
 216:Generated_Source\PSoC5/CAN_INT.c ****     *  None.
 217:Generated_Source\PSoC5/CAN_INT.c ****     *
 218:Generated_Source\PSoC5/CAN_INT.c ****     * Return:
 219:Generated_Source\PSoC5/CAN_INT.c ****     *  None.
 220:Generated_Source\PSoC5/CAN_INT.c ****     *
 221:Generated_Source\PSoC5/CAN_INT.c ****     * Reentrant:
 222:Generated_Source\PSoC5/CAN_INT.c ****     *  Depends on Customer code.
 223:Generated_Source\PSoC5/CAN_INT.c ****     *
 224:Generated_Source\PSoC5/CAN_INT.c ****     *******************************************************************************/
 225:Generated_Source\PSoC5/CAN_INT.c ****     void CAN_MsgErrorIsr(void) 
 226:Generated_Source\PSoC5/CAN_INT.c ****     {
 227:Generated_Source\PSoC5/CAN_INT.c ****         /* Clear Form Error flag */
 228:Generated_Source\PSoC5/CAN_INT.c ****         CAN_INT_SR_REG.byte[0u] = CAN_FORM_ERROR_MASK;
 229:Generated_Source\PSoC5/CAN_INT.c **** 
 230:Generated_Source\PSoC5/CAN_INT.c ****         /* `#START MESSAGE_ERROR_ISR` */
 231:Generated_Source\PSoC5/CAN_INT.c **** 
 232:Generated_Source\PSoC5/CAN_INT.c ****         /* `#END` */
 233:Generated_Source\PSoC5/CAN_INT.c **** 
 234:Generated_Source\PSoC5/CAN_INT.c ****         #ifdef CAN_MSG_ERROR_ISR_CALLBACK
 235:Generated_Source\PSoC5/CAN_INT.c ****             CAN_MsgErrorIsr_Callback();
 236:Generated_Source\PSoC5/CAN_INT.c ****         #endif /* CAN_MSG_ERROR_ISR_CALLBACK */
 237:Generated_Source\PSoC5/CAN_INT.c ****     }
 238:Generated_Source\PSoC5/CAN_INT.c **** #endif /* CAN_FORM_ERR */
 239:Generated_Source\PSoC5/CAN_INT.c **** 
 240:Generated_Source\PSoC5/CAN_INT.c **** 
 241:Generated_Source\PSoC5/CAN_INT.c **** #if (CAN_CRC_ERR)
 242:Generated_Source\PSoC5/CAN_INT.c ****     /*******************************************************************************
 243:Generated_Source\PSoC5/CAN_INT.c ****     * FUNCTION NAME:   CAN_CrcErrorIsr
 244:Generated_Source\PSoC5/CAN_INT.c ****     ********************************************************************************
 245:Generated_Source\PSoC5/CAN_INT.c ****     *
 246:Generated_Source\PSoC5/CAN_INT.c ****     * Summary:
 247:Generated_Source\PSoC5/CAN_INT.c ****     *  This function is entry point to CRC Error Interrupt. Clears CRC Error
 248:Generated_Source\PSoC5/CAN_INT.c ****     *  interrupt flag. Only generated if CRC Error Interrupt enable in Customizer.
 249:Generated_Source\PSoC5/CAN_INT.c ****     *
 250:Generated_Source\PSoC5/CAN_INT.c ****     * Parameters:
 251:Generated_Source\PSoC5/CAN_INT.c ****     *  None.
 252:Generated_Source\PSoC5/CAN_INT.c ****     *
 253:Generated_Source\PSoC5/CAN_INT.c ****     * Return:
 254:Generated_Source\PSoC5/CAN_INT.c ****     *  None.
 255:Generated_Source\PSoC5/CAN_INT.c ****     *
 256:Generated_Source\PSoC5/CAN_INT.c ****     * Reentrant:
 257:Generated_Source\PSoC5/CAN_INT.c ****     *  Depends on Customer code.
 258:Generated_Source\PSoC5/CAN_INT.c ****     *
ARM GAS  C:\Users\kendr\AppData\Local\Temp\ccHh7cb6.s 			page 6


 259:Generated_Source\PSoC5/CAN_INT.c ****     *******************************************************************************/
 260:Generated_Source\PSoC5/CAN_INT.c ****     void CAN_CrcErrorIsr(void) 
 261:Generated_Source\PSoC5/CAN_INT.c ****     {
 262:Generated_Source\PSoC5/CAN_INT.c ****         /* Clear CRC Error flag */
 263:Generated_Source\PSoC5/CAN_INT.c ****         CAN_INT_SR_REG.byte[1u] = CAN_CRC_ERROR_MASK;
 264:Generated_Source\PSoC5/CAN_INT.c **** 
 265:Generated_Source\PSoC5/CAN_INT.c ****         /* `#START CRC_ERROR_ISR` */
 266:Generated_Source\PSoC5/CAN_INT.c **** 
 267:Generated_Source\PSoC5/CAN_INT.c ****         /* `#END` */
 268:Generated_Source\PSoC5/CAN_INT.c **** 
 269:Generated_Source\PSoC5/CAN_INT.c ****         #ifdef CAN_CRC_ERROR_ISR_CALLBACK
 270:Generated_Source\PSoC5/CAN_INT.c ****             CAN_CrcErrorIsr_Callback();
 271:Generated_Source\PSoC5/CAN_INT.c ****         #endif /* CAN_CRC_ERROR_ISR_CALLBACK */
 272:Generated_Source\PSoC5/CAN_INT.c ****     }
 273:Generated_Source\PSoC5/CAN_INT.c **** #endif /* CAN_CRC_ERR */
 274:Generated_Source\PSoC5/CAN_INT.c **** 
 275:Generated_Source\PSoC5/CAN_INT.c **** 
 276:Generated_Source\PSoC5/CAN_INT.c **** #if (CAN_BUS_OFF)
 277:Generated_Source\PSoC5/CAN_INT.c ****     /*******************************************************************************
 278:Generated_Source\PSoC5/CAN_INT.c ****     * FUNCTION NAME:   CAN_BusOffIsr
 279:Generated_Source\PSoC5/CAN_INT.c ****     ********************************************************************************
 280:Generated_Source\PSoC5/CAN_INT.c ****     *
 281:Generated_Source\PSoC5/CAN_INT.c ****     * Summary:
 282:Generated_Source\PSoC5/CAN_INT.c ****     *  This function is entry point to Bus Off Interrupt. Places CAN Component
 283:Generated_Source\PSoC5/CAN_INT.c ****     *  to Stop mode. Only generated if Bus Off Interrupt enable in Customizer.
 284:Generated_Source\PSoC5/CAN_INT.c ****     *  Recommended setting to enable this interrupt.
 285:Generated_Source\PSoC5/CAN_INT.c ****     *
 286:Generated_Source\PSoC5/CAN_INT.c ****     * Parameters:
 287:Generated_Source\PSoC5/CAN_INT.c ****     *  None.
 288:Generated_Source\PSoC5/CAN_INT.c ****     *
 289:Generated_Source\PSoC5/CAN_INT.c ****     * Return:
 290:Generated_Source\PSoC5/CAN_INT.c ****     *  None.
 291:Generated_Source\PSoC5/CAN_INT.c ****     *
 292:Generated_Source\PSoC5/CAN_INT.c ****     * Side Effects:
 293:Generated_Source\PSoC5/CAN_INT.c ****     *  Stops CAN component operation.
 294:Generated_Source\PSoC5/CAN_INT.c ****     *
 295:Generated_Source\PSoC5/CAN_INT.c ****     *******************************************************************************/
 296:Generated_Source\PSoC5/CAN_INT.c ****     void CAN_BusOffIsr(void) 
 297:Generated_Source\PSoC5/CAN_INT.c ****     {
 298:Generated_Source\PSoC5/CAN_INT.c ****         /* Clear Bus Off flag */
 299:Generated_Source\PSoC5/CAN_INT.c ****         CAN_INT_SR_REG.byte[1u] = CAN_BUS_OFF_MASK;
 300:Generated_Source\PSoC5/CAN_INT.c ****         (void) CAN_GlobalIntDisable();
 301:Generated_Source\PSoC5/CAN_INT.c **** 
 302:Generated_Source\PSoC5/CAN_INT.c ****         /* `#START BUS_OFF_ISR` */
 303:Generated_Source\PSoC5/CAN_INT.c **** 
 304:Generated_Source\PSoC5/CAN_INT.c ****         /* `#END` */
 305:Generated_Source\PSoC5/CAN_INT.c **** 
 306:Generated_Source\PSoC5/CAN_INT.c ****         #ifdef CAN_BUS_OFF_ISR_CALLBACK
 307:Generated_Source\PSoC5/CAN_INT.c ****             CAN_BusOffIsr_Callback();
 308:Generated_Source\PSoC5/CAN_INT.c ****         #endif /* CAN_BUS_OFF_ISR_CALLBACK */
 309:Generated_Source\PSoC5/CAN_INT.c **** 
 310:Generated_Source\PSoC5/CAN_INT.c ****         (void) CAN_Stop();
 311:Generated_Source\PSoC5/CAN_INT.c ****     }
 312:Generated_Source\PSoC5/CAN_INT.c **** #endif /* CAN_BUS_OFF */
 313:Generated_Source\PSoC5/CAN_INT.c **** 
 314:Generated_Source\PSoC5/CAN_INT.c **** 
 315:Generated_Source\PSoC5/CAN_INT.c **** #if (CAN_RX_MSG_LOST)
ARM GAS  C:\Users\kendr\AppData\Local\Temp\ccHh7cb6.s 			page 7


 316:Generated_Source\PSoC5/CAN_INT.c ****     /*******************************************************************************
 317:Generated_Source\PSoC5/CAN_INT.c ****     * FUNCTION NAME:   CAN_MsgLostIsr
 318:Generated_Source\PSoC5/CAN_INT.c ****     ********************************************************************************
 319:Generated_Source\PSoC5/CAN_INT.c ****     *
 320:Generated_Source\PSoC5/CAN_INT.c ****     * Summary:
 321:Generated_Source\PSoC5/CAN_INT.c ****     *  This function is entry point to Message Lost Interrupt. Clears Message Lost
 322:Generated_Source\PSoC5/CAN_INT.c ****     *  interrupt flag. Only generated if Message Lost Interrupt enable in Customizer
 323:Generated_Source\PSoC5/CAN_INT.c ****     *
 324:Generated_Source\PSoC5/CAN_INT.c ****     * Parameters:
 325:Generated_Source\PSoC5/CAN_INT.c ****     *  None.
 326:Generated_Source\PSoC5/CAN_INT.c ****     *
 327:Generated_Source\PSoC5/CAN_INT.c ****     * Return:
 328:Generated_Source\PSoC5/CAN_INT.c ****     *  None.
 329:Generated_Source\PSoC5/CAN_INT.c ****     *
 330:Generated_Source\PSoC5/CAN_INT.c ****     * Reentrant:
 331:Generated_Source\PSoC5/CAN_INT.c ****     *  Depends on Customer code.
 332:Generated_Source\PSoC5/CAN_INT.c ****     *
 333:Generated_Source\PSoC5/CAN_INT.c ****     *******************************************************************************/
 334:Generated_Source\PSoC5/CAN_INT.c ****     void CAN_MsgLostIsr(void) 
 335:Generated_Source\PSoC5/CAN_INT.c ****     {
 336:Generated_Source\PSoC5/CAN_INT.c ****         /* Clear Receive Message Lost flag */
 337:Generated_Source\PSoC5/CAN_INT.c ****         CAN_INT_SR_REG.byte[1u] = CAN_RX_MSG_LOST_MASK;
 338:Generated_Source\PSoC5/CAN_INT.c **** 
 339:Generated_Source\PSoC5/CAN_INT.c ****         /* `#START MESSAGE_LOST_ISR` */
 340:Generated_Source\PSoC5/CAN_INT.c **** 
 341:Generated_Source\PSoC5/CAN_INT.c ****         /* `#END` */
 342:Generated_Source\PSoC5/CAN_INT.c **** 
 343:Generated_Source\PSoC5/CAN_INT.c ****         #ifdef CAN_MSG_LOST_ISR_CALLBACK
 344:Generated_Source\PSoC5/CAN_INT.c ****             CAN_MsgLostIsr_Callback();
 345:Generated_Source\PSoC5/CAN_INT.c ****         #endif /* CAN_MSG_LOST_ISR_CALLBACK */
 346:Generated_Source\PSoC5/CAN_INT.c ****     }
 347:Generated_Source\PSoC5/CAN_INT.c **** #endif /* CAN_RX_MSG_LOST */
 348:Generated_Source\PSoC5/CAN_INT.c **** 
 349:Generated_Source\PSoC5/CAN_INT.c **** 
 350:Generated_Source\PSoC5/CAN_INT.c **** #if (CAN_TX_MESSAGE)
 351:Generated_Source\PSoC5/CAN_INT.c ****     /*******************************************************************************
 352:Generated_Source\PSoC5/CAN_INT.c ****     * FUNCTION NAME:   CAN_MsgTXIsr
 353:Generated_Source\PSoC5/CAN_INT.c ****     ********************************************************************************
 354:Generated_Source\PSoC5/CAN_INT.c ****     *
 355:Generated_Source\PSoC5/CAN_INT.c ****     * Summary:
 356:Generated_Source\PSoC5/CAN_INT.c ****     *  This function is entry point to Transmit Message Interrupt. Clears Transmit
 357:Generated_Source\PSoC5/CAN_INT.c ****     *  Message interrupt flag. Only generated if Transmit Message Interrupt enable
 358:Generated_Source\PSoC5/CAN_INT.c ****     *  in Customizer.
 359:Generated_Source\PSoC5/CAN_INT.c ****     *
 360:Generated_Source\PSoC5/CAN_INT.c ****     * Parameters:
 361:Generated_Source\PSoC5/CAN_INT.c ****     *  None.
 362:Generated_Source\PSoC5/CAN_INT.c ****     *
 363:Generated_Source\PSoC5/CAN_INT.c ****     * Return:
 364:Generated_Source\PSoC5/CAN_INT.c ****     *  None.
 365:Generated_Source\PSoC5/CAN_INT.c ****     *
 366:Generated_Source\PSoC5/CAN_INT.c ****     * Reentrant:
 367:Generated_Source\PSoC5/CAN_INT.c ****     *  Depends on Customer code.
 368:Generated_Source\PSoC5/CAN_INT.c ****     *
 369:Generated_Source\PSoC5/CAN_INT.c ****     *******************************************************************************/
 370:Generated_Source\PSoC5/CAN_INT.c ****     void CAN_MsgTXIsr(void) 
 371:Generated_Source\PSoC5/CAN_INT.c ****     {
 372:Generated_Source\PSoC5/CAN_INT.c ****         /* Clear Transmit Message flag */
ARM GAS  C:\Users\kendr\AppData\Local\Temp\ccHh7cb6.s 			page 8


 373:Generated_Source\PSoC5/CAN_INT.c ****         CAN_INT_SR_REG.byte[1u] = CAN_TX_MESSAGE_MASK;
 374:Generated_Source\PSoC5/CAN_INT.c **** 
 375:Generated_Source\PSoC5/CAN_INT.c ****         /* `#START MESSAGE_TRANSMITTED_ISR` */
 376:Generated_Source\PSoC5/CAN_INT.c **** 
 377:Generated_Source\PSoC5/CAN_INT.c ****         /* `#END` */
 378:Generated_Source\PSoC5/CAN_INT.c **** 
 379:Generated_Source\PSoC5/CAN_INT.c ****         #ifdef CAN_MSG_TX_ISR_CALLBACK
 380:Generated_Source\PSoC5/CAN_INT.c ****             CAN_MsgTXIsr_Callback();
 381:Generated_Source\PSoC5/CAN_INT.c ****         #endif /* CAN_MSG_TX_ISR_CALLBACK */
 382:Generated_Source\PSoC5/CAN_INT.c ****     }
 383:Generated_Source\PSoC5/CAN_INT.c **** #endif /* CAN_TX_MESSAGE */
 384:Generated_Source\PSoC5/CAN_INT.c **** 
 385:Generated_Source\PSoC5/CAN_INT.c **** 
 386:Generated_Source\PSoC5/CAN_INT.c **** #if (CAN_RX_MESSAGE)
 387:Generated_Source\PSoC5/CAN_INT.c ****     /*******************************************************************************
 388:Generated_Source\PSoC5/CAN_INT.c ****     * FUNCTION NAME:   CAN_MsgRXIsr
 389:Generated_Source\PSoC5/CAN_INT.c ****     ********************************************************************************
 390:Generated_Source\PSoC5/CAN_INT.c ****     *
 391:Generated_Source\PSoC5/CAN_INT.c ****     * Summary:
 392:Generated_Source\PSoC5/CAN_INT.c ****     *  This function is entry point to Receive Message Interrupt. Clears Receive
 393:Generated_Source\PSoC5/CAN_INT.c ****     *  Message interrupt flag and call appropriate handlers for Basic and Full
 394:Generated_Source\PSoC5/CAN_INT.c ****     *  interrupt based mailboxes. Only generated if Receive Message Interrupt
 395:Generated_Source\PSoC5/CAN_INT.c ****     *  enable in Customizer. Recommended setting to enable this interrupt.
 396:Generated_Source\PSoC5/CAN_INT.c ****     *
 397:Generated_Source\PSoC5/CAN_INT.c ****     * Parameters:
 398:Generated_Source\PSoC5/CAN_INT.c ****     *  None.
 399:Generated_Source\PSoC5/CAN_INT.c ****     *
 400:Generated_Source\PSoC5/CAN_INT.c ****     * Return:
 401:Generated_Source\PSoC5/CAN_INT.c ****     *  None.
 402:Generated_Source\PSoC5/CAN_INT.c ****     *
 403:Generated_Source\PSoC5/CAN_INT.c ****     *******************************************************************************/
 404:Generated_Source\PSoC5/CAN_INT.c ****     void CAN_MsgRXIsr(void) 
 405:Generated_Source\PSoC5/CAN_INT.c ****     {
  28              		.loc 1 405 0
  29              		.cfi_startproc
  30              		@ args = 0, pretend = 0, frame = 0
  31              		@ frame_needed = 0, uses_anonymous_args = 0
  32 0000 38B5     		push	{r3, r4, r5, lr}
  33              		.cfi_def_cfa_offset 16
  34              		.cfi_offset 3, -16
  35              		.cfi_offset 4, -12
  36              		.cfi_offset 5, -8
  37              		.cfi_offset 14, -4
  38              	.LVL0:
 406:Generated_Source\PSoC5/CAN_INT.c ****         uint8 mailboxNumber;
 407:Generated_Source\PSoC5/CAN_INT.c ****         uint16 shift = 0x01u;
 408:Generated_Source\PSoC5/CAN_INT.c **** 
 409:Generated_Source\PSoC5/CAN_INT.c ****         /* Clear Receive Message flag */
 410:Generated_Source\PSoC5/CAN_INT.c ****         CAN_INT_SR_REG.byte[1u] = CAN_RX_MESSAGE_MASK;
  39              		.loc 1 410 0
  40 0002 1022     		movs	r2, #16
  41 0004 0F4B     		ldr	r3, .L8
  42 0006 5A70     		strb	r2, [r3, #1]
  43              	.LVL1:
 407:Generated_Source\PSoC5/CAN_INT.c **** 
  44              		.loc 1 407 0
  45 0008 0125     		movs	r5, #1
ARM GAS  C:\Users\kendr\AppData\Local\Temp\ccHh7cb6.s 			page 9


 411:Generated_Source\PSoC5/CAN_INT.c **** 
 412:Generated_Source\PSoC5/CAN_INT.c ****         /* `#START MESSAGE_RECEIVE_ISR` */
 413:Generated_Source\PSoC5/CAN_INT.c **** 
 414:Generated_Source\PSoC5/CAN_INT.c ****         /* `#END` */
 415:Generated_Source\PSoC5/CAN_INT.c **** 
 416:Generated_Source\PSoC5/CAN_INT.c ****         #ifdef CAN_MSG_RX_ISR_CALLBACK
 417:Generated_Source\PSoC5/CAN_INT.c ****             CAN_MsgRXIsr_Callback();
 418:Generated_Source\PSoC5/CAN_INT.c ****         #endif /* CAN_MSG_RX_ISR_CALLBACK */
 419:Generated_Source\PSoC5/CAN_INT.c **** 
 420:Generated_Source\PSoC5/CAN_INT.c ****         for (mailboxNumber = 0u; mailboxNumber < CAN_NUMBER_OF_RX_MAILBOXES; mailboxNumber++)
  46              		.loc 1 420 0
  47 000a 0024     		movs	r4, #0
  48 000c 17E0     		b	.L2
  49              	.LVL2:
  50              	.L6:
 421:Generated_Source\PSoC5/CAN_INT.c ****         {
 422:Generated_Source\PSoC5/CAN_INT.c ****             if ((CY_GET_REG16((reg16 *) &CAN_BUF_SR_REG.byte[0u]) & shift) != 0u)
  51              		.loc 1 422 0
  52 000e 0E4B     		ldr	r3, .L8+4
  53 0010 1B88     		ldrh	r3, [r3]
  54 0012 1D42     		tst	r5, r3
  55 0014 0FD0     		beq	.L3
 423:Generated_Source\PSoC5/CAN_INT.c ****             {
 424:Generated_Source\PSoC5/CAN_INT.c ****                 if ((CAN_RX[mailboxNumber].rxcmd.byte[0u] & CAN_RX_INT_ENABLE_MASK) != 0u)
  56              		.loc 1 424 0
  57 0016 6301     		lsls	r3, r4, #5
  58 0018 0C4A     		ldr	r2, .L8+8
  59 001a 9B5C     		ldrb	r3, [r3, r2]	@ zero_extendqisi2
  60 001c 13F0200F 		tst	r3, #32
  61 0020 09D0     		beq	.L3
 425:Generated_Source\PSoC5/CAN_INT.c ****                 {
 426:Generated_Source\PSoC5/CAN_INT.c ****                     if ((CAN_RX_MAILBOX_TYPE & shift) != 0u)
  62              		.loc 1 426 0
  63 0022 15F0010F 		tst	r5, #1
  64 0026 03D0     		beq	.L4
 427:Generated_Source\PSoC5/CAN_INT.c ****                     {
 428:Generated_Source\PSoC5/CAN_INT.c ****                         /* RX Full mailboxes handler */
 429:Generated_Source\PSoC5/CAN_INT.c ****                         switch(mailboxNumber)
  65              		.loc 1 429 0
  66 0028 2CB9     		cbnz	r4, .L3
 430:Generated_Source\PSoC5/CAN_INT.c ****                         {
 431:Generated_Source\PSoC5/CAN_INT.c ****                             case 0u : CAN_ReceiveMsgTorque_Request_Command();
  67              		.loc 1 431 0
  68 002a FFF7FEFF 		bl	CAN_ReceiveMsgTorque_Request_Command
  69              	.LVL3:
 432:Generated_Source\PSoC5/CAN_INT.c ****                             break;
  70              		.loc 1 432 0
  71 002e 02E0     		b	.L3
  72              	.L4:
 433:Generated_Source\PSoC5/CAN_INT.c ****                             default:
 434:Generated_Source\PSoC5/CAN_INT.c ****                             break;
 435:Generated_Source\PSoC5/CAN_INT.c ****                         }
 436:Generated_Source\PSoC5/CAN_INT.c ****                     }
 437:Generated_Source\PSoC5/CAN_INT.c ****                     else
 438:Generated_Source\PSoC5/CAN_INT.c ****                     {
 439:Generated_Source\PSoC5/CAN_INT.c ****                         /* RX Basic mailbox handler */
 440:Generated_Source\PSoC5/CAN_INT.c ****                         CAN_ReceiveMsg(mailboxNumber);
ARM GAS  C:\Users\kendr\AppData\Local\Temp\ccHh7cb6.s 			page 10


  73              		.loc 1 440 0
  74 0030 2046     		mov	r0, r4
  75 0032 FFF7FEFF 		bl	CAN_ReceiveMsg
  76              	.LVL4:
  77              	.L3:
 441:Generated_Source\PSoC5/CAN_INT.c ****                     }
 442:Generated_Source\PSoC5/CAN_INT.c ****                 }
 443:Generated_Source\PSoC5/CAN_INT.c ****             }
 444:Generated_Source\PSoC5/CAN_INT.c ****             shift <<= 1u;
  78              		.loc 1 444 0 discriminator 2
  79 0036 6D00     		lsls	r5, r5, #1
  80              	.LVL5:
  81 0038 ADB2     		uxth	r5, r5
  82              	.LVL6:
 420:Generated_Source\PSoC5/CAN_INT.c ****         {
  83              		.loc 1 420 0 discriminator 2
  84 003a 0134     		adds	r4, r4, #1
  85              	.LVL7:
  86 003c E4B2     		uxtb	r4, r4
  87              	.LVL8:
  88              	.L2:
 420:Generated_Source\PSoC5/CAN_INT.c ****         {
  89              		.loc 1 420 0 is_stmt 0 discriminator 1
  90 003e 0F2C     		cmp	r4, #15
  91 0040 E5D9     		bls	.L6
 445:Generated_Source\PSoC5/CAN_INT.c ****         }
 446:Generated_Source\PSoC5/CAN_INT.c ****     }
  92              		.loc 1 446 0 is_stmt 1
  93 0042 38BD     		pop	{r3, r4, r5, pc}
  94              	.LVL9:
  95              	.L9:
  96              		.align	2
  97              	.L8:
  98 0044 00A00040 		.word	1073782784
  99 0048 08A00040 		.word	1073782792
 100 004c A0A00040 		.word	1073782944
 101              		.cfi_endproc
 102              	.LFE0:
 103              		.size	CAN_MsgRXIsr, .-CAN_MsgRXIsr
 104              		.section	.text.CAN_ISR,"ax",%progbits
 105              		.align	2
 106              		.global	CAN_ISR
 107              		.thumb
 108              		.thumb_func
 109              		.type	CAN_ISR, %function
 110              	CAN_ISR:
 111              	.LFB1:
 447:Generated_Source\PSoC5/CAN_INT.c **** #endif /* CAN_RX_MESSAGE */
 448:Generated_Source\PSoC5/CAN_INT.c **** 
 449:Generated_Source\PSoC5/CAN_INT.c **** 
 450:Generated_Source\PSoC5/CAN_INT.c **** /*******************************************************************************
 451:Generated_Source\PSoC5/CAN_INT.c **** * Function Name: CAN_ISR
 452:Generated_Source\PSoC5/CAN_INT.c **** ********************************************************************************
 453:Generated_Source\PSoC5/CAN_INT.c **** *
 454:Generated_Source\PSoC5/CAN_INT.c **** * Summary:
 455:Generated_Source\PSoC5/CAN_INT.c **** *  This ISR is executed when CAN Core generates and interrupt on one of events:
 456:Generated_Source\PSoC5/CAN_INT.c **** *  Arb_lost, Overload, Bit_err, Stuff_err, Ack_err, Form_err, Crc_err,
ARM GAS  C:\Users\kendr\AppData\Local\Temp\ccHh7cb6.s 			page 11


 457:Generated_Source\PSoC5/CAN_INT.c **** *  Buss_off, Rx_msg_lost, Tx_msg or Rx_msg. The interrupt sources depends
 458:Generated_Source\PSoC5/CAN_INT.c **** *  on the Customizer inputs.
 459:Generated_Source\PSoC5/CAN_INT.c **** *
 460:Generated_Source\PSoC5/CAN_INT.c **** * Parameters:
 461:Generated_Source\PSoC5/CAN_INT.c **** *  None.
 462:Generated_Source\PSoC5/CAN_INT.c **** *
 463:Generated_Source\PSoC5/CAN_INT.c **** * Return:
 464:Generated_Source\PSoC5/CAN_INT.c **** *  None.
 465:Generated_Source\PSoC5/CAN_INT.c **** *
 466:Generated_Source\PSoC5/CAN_INT.c **** *******************************************************************************/
 467:Generated_Source\PSoC5/CAN_INT.c **** CY_ISR(CAN_ISR)
 468:Generated_Source\PSoC5/CAN_INT.c **** {
 112              		.loc 1 468 0
 113              		.cfi_startproc
 114              		@ args = 0, pretend = 0, frame = 0
 115              		@ frame_needed = 0, uses_anonymous_args = 0
 116 0000 08B5     		push	{r3, lr}
 117              		.cfi_def_cfa_offset 8
 118              		.cfi_offset 3, -8
 119              		.cfi_offset 14, -4
 469:Generated_Source\PSoC5/CAN_INT.c ****     #ifdef CAN_ISR_INTERRUPT_CALLBACK
 470:Generated_Source\PSoC5/CAN_INT.c ****         CAN_ISR_InterruptCallback();
 471:Generated_Source\PSoC5/CAN_INT.c ****     #endif /* CAN_ISR_INTERRUPT_CALLBACK */
 472:Generated_Source\PSoC5/CAN_INT.c ****     
 473:Generated_Source\PSoC5/CAN_INT.c ****     /* Place your Interrupt code here. */
 474:Generated_Source\PSoC5/CAN_INT.c ****     /* `#START CAN_ISR` */
 475:Generated_Source\PSoC5/CAN_INT.c **** 
 476:Generated_Source\PSoC5/CAN_INT.c ****     /* `#END` */
 477:Generated_Source\PSoC5/CAN_INT.c ****     
 478:Generated_Source\PSoC5/CAN_INT.c ****     /* Arbitration */
 479:Generated_Source\PSoC5/CAN_INT.c ****     #if (CAN_ARB_LOST && (CAN_ARB_LOST_USE_HELPER || \
 480:Generated_Source\PSoC5/CAN_INT.c ****         (!CAN_ADVANCED_INTERRUPT_CFG)))
 481:Generated_Source\PSoC5/CAN_INT.c ****         if ((CAN_INT_SR_REG.byte[0u] & CAN_ARBITRATION_LOST_MASK) != 0u)
 482:Generated_Source\PSoC5/CAN_INT.c ****         {
 483:Generated_Source\PSoC5/CAN_INT.c ****             CAN_ArbLostIsr();
 484:Generated_Source\PSoC5/CAN_INT.c ****         }
 485:Generated_Source\PSoC5/CAN_INT.c ****     #endif /* CAN_ARB_LOST && CAN_ARB_LOST_USE_HELPER */
 486:Generated_Source\PSoC5/CAN_INT.c **** 
 487:Generated_Source\PSoC5/CAN_INT.c ****     /* Overload Error */
 488:Generated_Source\PSoC5/CAN_INT.c ****     #if (CAN_OVERLOAD && (CAN_OVERLOAD_USE_HELPER || \
 489:Generated_Source\PSoC5/CAN_INT.c ****         (!CAN_ADVANCED_INTERRUPT_CFG)))
 490:Generated_Source\PSoC5/CAN_INT.c ****         if ((CAN_INT_SR_REG.byte[0u] & CAN_OVERLOAD_ERROR_MASK) != 0u)
 491:Generated_Source\PSoC5/CAN_INT.c ****         {
 492:Generated_Source\PSoC5/CAN_INT.c ****             CAN_OvrLdErrorIsr();
 493:Generated_Source\PSoC5/CAN_INT.c ****         }
 494:Generated_Source\PSoC5/CAN_INT.c ****     #endif /* CAN_OVERLOAD && CAN_OVERLOAD_USE_HELPER */
 495:Generated_Source\PSoC5/CAN_INT.c **** 
 496:Generated_Source\PSoC5/CAN_INT.c ****     /* Bit Error */
 497:Generated_Source\PSoC5/CAN_INT.c ****     #if (CAN_BIT_ERR && (CAN_BIT_ERR_USE_HELPER || \
 498:Generated_Source\PSoC5/CAN_INT.c ****         (!CAN_ADVANCED_INTERRUPT_CFG)))
 499:Generated_Source\PSoC5/CAN_INT.c ****         if ((CAN_INT_SR_REG.byte[0u] & CAN_BIT_ERROR_MASK) != 0u)
 500:Generated_Source\PSoC5/CAN_INT.c ****         {
 501:Generated_Source\PSoC5/CAN_INT.c ****             CAN_BitErrorIsr();
 502:Generated_Source\PSoC5/CAN_INT.c ****         }
 503:Generated_Source\PSoC5/CAN_INT.c ****     #endif /* CAN_BIT_ERR && CAN_BIT_ERR_USE_HELPER */
 504:Generated_Source\PSoC5/CAN_INT.c **** 
 505:Generated_Source\PSoC5/CAN_INT.c ****     /* Bit Staff Error */
ARM GAS  C:\Users\kendr\AppData\Local\Temp\ccHh7cb6.s 			page 12


 506:Generated_Source\PSoC5/CAN_INT.c ****     #if (CAN_STUFF_ERR && (CAN_STUFF_ERR_USE_HELPER || \
 507:Generated_Source\PSoC5/CAN_INT.c ****         (!CAN_ADVANCED_INTERRUPT_CFG)))
 508:Generated_Source\PSoC5/CAN_INT.c ****         if ((CAN_INT_SR_REG.byte[0u] & CAN_STUFF_ERROR_MASK) != 0u)
 509:Generated_Source\PSoC5/CAN_INT.c ****         {
 510:Generated_Source\PSoC5/CAN_INT.c ****             CAN_BitStuffErrorIsr();
 511:Generated_Source\PSoC5/CAN_INT.c ****         }
 512:Generated_Source\PSoC5/CAN_INT.c ****     #endif /* CAN_STUFF_ERR && CAN_STUFF_ERR_USE_HELPER */
 513:Generated_Source\PSoC5/CAN_INT.c **** 
 514:Generated_Source\PSoC5/CAN_INT.c ****     /* ACK Error */
 515:Generated_Source\PSoC5/CAN_INT.c ****     #if (CAN_ACK_ERR && (CAN_ACK_ERR_USE_HELPER || \
 516:Generated_Source\PSoC5/CAN_INT.c ****         (!CAN_ADVANCED_INTERRUPT_CFG)))
 517:Generated_Source\PSoC5/CAN_INT.c ****         if ((CAN_INT_SR_REG.byte[0u] & CAN_ACK_ERROR_MASK) != 0u)
 518:Generated_Source\PSoC5/CAN_INT.c ****         {
 519:Generated_Source\PSoC5/CAN_INT.c ****             CAN_AckErrorIsr();
 520:Generated_Source\PSoC5/CAN_INT.c ****         }
 521:Generated_Source\PSoC5/CAN_INT.c ****     #endif /* CAN_ACK_ERR && CAN_ACK_ERR_USE_HELPER */
 522:Generated_Source\PSoC5/CAN_INT.c **** 
 523:Generated_Source\PSoC5/CAN_INT.c ****     /* Form(msg) Error */
 524:Generated_Source\PSoC5/CAN_INT.c ****     #if (CAN_FORM_ERR && (CAN_FORM_ERR_USE_HELPER || \
 525:Generated_Source\PSoC5/CAN_INT.c ****         (!CAN_ADVANCED_INTERRUPT_CFG)))
 526:Generated_Source\PSoC5/CAN_INT.c ****         if ((CAN_INT_SR_REG.byte[0u] & CAN_FORM_ERROR_MASK) != 0u)
 527:Generated_Source\PSoC5/CAN_INT.c ****         {
 528:Generated_Source\PSoC5/CAN_INT.c ****             CAN_MsgErrorIsr();
 529:Generated_Source\PSoC5/CAN_INT.c ****         }
 530:Generated_Source\PSoC5/CAN_INT.c ****     #endif /* CAN_FORM_ERR && CAN_FORM_ERR_USE_HELPER */
 531:Generated_Source\PSoC5/CAN_INT.c **** 
 532:Generated_Source\PSoC5/CAN_INT.c ****     /* CRC Error */
 533:Generated_Source\PSoC5/CAN_INT.c ****     #if (CAN_CRC_ERR && (CAN_CRC_ERR_USE_HELPER || \
 534:Generated_Source\PSoC5/CAN_INT.c ****         (!CAN_ADVANCED_INTERRUPT_CFG)))
 535:Generated_Source\PSoC5/CAN_INT.c ****         if ((CAN_INT_SR_REG.byte[1u] & CAN_CRC_ERROR_MASK) != 0u)
 536:Generated_Source\PSoC5/CAN_INT.c ****         {
 537:Generated_Source\PSoC5/CAN_INT.c ****             CAN_CrcErrorIsr();
 538:Generated_Source\PSoC5/CAN_INT.c ****         }
 539:Generated_Source\PSoC5/CAN_INT.c ****     #endif /* CAN_CRC_ERR && CAN_CRC_ERR_USE_HELPER */
 540:Generated_Source\PSoC5/CAN_INT.c **** 
 541:Generated_Source\PSoC5/CAN_INT.c ****     /* Bus Off state */
 542:Generated_Source\PSoC5/CAN_INT.c ****     #if (CAN_BUS_OFF && (CAN_BUS_OFF_USE_HELPER || \
 543:Generated_Source\PSoC5/CAN_INT.c ****         (!CAN_ADVANCED_INTERRUPT_CFG)))
 544:Generated_Source\PSoC5/CAN_INT.c ****         if ((CAN_INT_SR_REG.byte[1u] & CAN_BUS_OFF_MASK) != 0u)
 545:Generated_Source\PSoC5/CAN_INT.c ****         {
 546:Generated_Source\PSoC5/CAN_INT.c ****             CAN_BusOffIsr();
 547:Generated_Source\PSoC5/CAN_INT.c ****         }
 548:Generated_Source\PSoC5/CAN_INT.c ****     #endif /* CAN_BUS_OFF && CAN_BUS_OFF_USE_HELPER */
 549:Generated_Source\PSoC5/CAN_INT.c **** 
 550:Generated_Source\PSoC5/CAN_INT.c ****     /* Message Lost */
 551:Generated_Source\PSoC5/CAN_INT.c ****     #if (CAN_RX_MSG_LOST && (CAN_RX_MSG_LOST_USE_HELPER || \
 552:Generated_Source\PSoC5/CAN_INT.c ****         (!CAN_ADVANCED_INTERRUPT_CFG)))
 553:Generated_Source\PSoC5/CAN_INT.c ****         if ((CAN_INT_SR_REG.byte[1u] & CAN_RX_MSG_LOST_MASK) != 0u)
 554:Generated_Source\PSoC5/CAN_INT.c ****         {
 555:Generated_Source\PSoC5/CAN_INT.c ****             CAN_MsgLostIsr();
 556:Generated_Source\PSoC5/CAN_INT.c ****         }
 557:Generated_Source\PSoC5/CAN_INT.c ****     #endif /* CAN_RX_MSG_LOST && CAN_RX_MSG_LOST_USE_HELPER */
 558:Generated_Source\PSoC5/CAN_INT.c **** 
 559:Generated_Source\PSoC5/CAN_INT.c ****     /* TX Message Send */
 560:Generated_Source\PSoC5/CAN_INT.c ****     #if (CAN_TX_MESSAGE && (CAN_TX_MESSAGE_USE_HELPER || \
 561:Generated_Source\PSoC5/CAN_INT.c ****         (!CAN_ADVANCED_INTERRUPT_CFG)))
 562:Generated_Source\PSoC5/CAN_INT.c ****         if ((CAN_INT_SR_REG.byte[1u] & CAN_TX_MESSAGE_MASK) != 0u)
ARM GAS  C:\Users\kendr\AppData\Local\Temp\ccHh7cb6.s 			page 13


 563:Generated_Source\PSoC5/CAN_INT.c ****         {
 564:Generated_Source\PSoC5/CAN_INT.c ****             CAN_MsgTXIsr();
 565:Generated_Source\PSoC5/CAN_INT.c ****         }
 566:Generated_Source\PSoC5/CAN_INT.c ****     #endif /* CAN_TX_MESSAGE && CAN_TX_MESSAGE_USE_HELPER */
 567:Generated_Source\PSoC5/CAN_INT.c **** 
 568:Generated_Source\PSoC5/CAN_INT.c ****     /* RX Message Available */
 569:Generated_Source\PSoC5/CAN_INT.c ****     #if (CAN_RX_MESSAGE && (CAN_RX_MESSAGE_USE_HELPER || \
 570:Generated_Source\PSoC5/CAN_INT.c ****         (!CAN_ADVANCED_INTERRUPT_CFG)))
 571:Generated_Source\PSoC5/CAN_INT.c ****         if ((CAN_INT_SR_REG.byte[1u] & CAN_RX_MESSAGE_MASK) != 0u)
 120              		.loc 1 571 0
 121 0002 044B     		ldr	r3, .L13
 122 0004 5B78     		ldrb	r3, [r3, #1]	@ zero_extendqisi2
 123 0006 13F0100F 		tst	r3, #16
 124 000a 01D0     		beq	.L10
 572:Generated_Source\PSoC5/CAN_INT.c ****         {
 573:Generated_Source\PSoC5/CAN_INT.c ****             CAN_MsgRXIsr();
 125              		.loc 1 573 0
 126 000c FFF7FEFF 		bl	CAN_MsgRXIsr
 127              	.LVL10:
 128              	.L10:
 129 0010 08BD     		pop	{r3, pc}
 130              	.L14:
 131 0012 00BF     		.align	2
 132              	.L13:
 133 0014 00A00040 		.word	1073782784
 134              		.cfi_endproc
 135              	.LFE1:
 136              		.size	CAN_ISR, .-CAN_ISR
 137              		.text
 138              	.Letext0:
 139              		.file 2 "Generated_Source\\PSoC5\\cytypes.h"
 140              		.file 3 "Generated_Source\\PSoC5\\CAN.h"
 141              		.section	.debug_info,"",%progbits
 142              	.Ldebug_info0:
 143 0000 1F020000 		.4byte	0x21f
 144 0004 0400     		.2byte	0x4
 145 0006 00000000 		.4byte	.Ldebug_abbrev0
 146 000a 04       		.byte	0x4
 147 000b 01       		.uleb128 0x1
 148 000c 16010000 		.4byte	.LASF35
 149 0010 0C       		.byte	0xc
 150 0011 C7010000 		.4byte	.LASF36
 151 0015 F8010000 		.4byte	.LASF37
 152 0019 00000000 		.4byte	.Ldebug_ranges0+0
 153 001d 00000000 		.4byte	0
 154 0021 00000000 		.4byte	.Ldebug_line0
 155 0025 02       		.uleb128 0x2
 156 0026 01       		.byte	0x1
 157 0027 06       		.byte	0x6
 158 0028 61020000 		.4byte	.LASF0
 159 002c 02       		.uleb128 0x2
 160 002d 01       		.byte	0x1
 161 002e 08       		.byte	0x8
 162 002f 66000000 		.4byte	.LASF1
 163 0033 02       		.uleb128 0x2
 164 0034 02       		.byte	0x2
 165 0035 05       		.byte	0x5
ARM GAS  C:\Users\kendr\AppData\Local\Temp\ccHh7cb6.s 			page 14


 166 0036 E8010000 		.4byte	.LASF2
 167 003a 02       		.uleb128 0x2
 168 003b 02       		.byte	0x2
 169 003c 07       		.byte	0x7
 170 003d 3A000000 		.4byte	.LASF3
 171 0041 02       		.uleb128 0x2
 172 0042 04       		.byte	0x4
 173 0043 05       		.byte	0x5
 174 0044 4C020000 		.4byte	.LASF4
 175 0048 02       		.uleb128 0x2
 176 0049 04       		.byte	0x4
 177 004a 07       		.byte	0x7
 178 004b A3000000 		.4byte	.LASF5
 179 004f 02       		.uleb128 0x2
 180 0050 08       		.byte	0x8
 181 0051 05       		.byte	0x5
 182 0052 B4010000 		.4byte	.LASF6
 183 0056 02       		.uleb128 0x2
 184 0057 08       		.byte	0x8
 185 0058 07       		.byte	0x7
 186 0059 EB000000 		.4byte	.LASF7
 187 005d 03       		.uleb128 0x3
 188 005e 04       		.byte	0x4
 189 005f 05       		.byte	0x5
 190 0060 696E7400 		.ascii	"int\000"
 191 0064 02       		.uleb128 0x2
 192 0065 04       		.byte	0x4
 193 0066 07       		.byte	0x7
 194 0067 DE000000 		.4byte	.LASF8
 195 006b 04       		.uleb128 0x4
 196 006c B5000000 		.4byte	.LASF9
 197 0070 02       		.byte	0x2
 198 0071 E801     		.2byte	0x1e8
 199 0073 2C000000 		.4byte	0x2c
 200 0077 04       		.uleb128 0x4
 201 0078 CA000000 		.4byte	.LASF10
 202 007c 02       		.byte	0x2
 203 007d E901     		.2byte	0x1e9
 204 007f 3A000000 		.4byte	0x3a
 205 0083 02       		.uleb128 0x2
 206 0084 04       		.byte	0x4
 207 0085 04       		.byte	0x4
 208 0086 60000000 		.4byte	.LASF11
 209 008a 02       		.uleb128 0x2
 210 008b 08       		.byte	0x8
 211 008c 04       		.byte	0x4
 212 008d C3000000 		.4byte	.LASF12
 213 0091 02       		.uleb128 0x2
 214 0092 01       		.byte	0x1
 215 0093 08       		.byte	0x8
 216 0094 C2010000 		.4byte	.LASF13
 217 0098 04       		.uleb128 0x4
 218 0099 79000000 		.4byte	.LASF14
 219 009d 02       		.byte	0x2
 220 009e 9202     		.2byte	0x292
 221 00a0 A4000000 		.4byte	0xa4
 222 00a4 05       		.uleb128 0x5
ARM GAS  C:\Users\kendr\AppData\Local\Temp\ccHh7cb6.s 			page 15


 223 00a5 6B000000 		.4byte	0x6b
 224 00a9 04       		.uleb128 0x4
 225 00aa 00000000 		.4byte	.LASF15
 226 00ae 02       		.byte	0x2
 227 00af 9302     		.2byte	0x293
 228 00b1 B5000000 		.4byte	0xb5
 229 00b5 05       		.uleb128 0x5
 230 00b6 77000000 		.4byte	0x77
 231 00ba 02       		.uleb128 0x2
 232 00bb 08       		.byte	0x8
 233 00bc 04       		.byte	0x4
 234 00bd 55020000 		.4byte	.LASF16
 235 00c1 02       		.uleb128 0x2
 236 00c2 04       		.byte	0x4
 237 00c3 07       		.byte	0x7
 238 00c4 A4010000 		.4byte	.LASF17
 239 00c8 06       		.uleb128 0x6
 240 00c9 08       		.byte	0x8
 241 00ca 03       		.byte	0x3
 242 00cb 75       		.byte	0x75
 243 00cc DD000000 		.4byte	0xdd
 244 00d0 07       		.uleb128 0x7
 245 00d1 4D000000 		.4byte	.LASF19
 246 00d5 03       		.byte	0x3
 247 00d6 77       		.byte	0x77
 248 00d7 ED000000 		.4byte	0xed
 249 00db 00       		.byte	0
 250 00dc 00       		.byte	0
 251 00dd 08       		.uleb128 0x8
 252 00de 98000000 		.4byte	0x98
 253 00e2 ED000000 		.4byte	0xed
 254 00e6 09       		.uleb128 0x9
 255 00e7 C1000000 		.4byte	0xc1
 256 00eb 07       		.byte	0x7
 257 00ec 00       		.byte	0
 258 00ed 05       		.uleb128 0x5
 259 00ee DD000000 		.4byte	0xdd
 260 00f2 0A       		.uleb128 0xa
 261 00f3 0C000000 		.4byte	.LASF18
 262 00f7 03       		.byte	0x3
 263 00f8 78       		.byte	0x78
 264 00f9 C8000000 		.4byte	0xc8
 265 00fd 06       		.uleb128 0x6
 266 00fe 04       		.byte	0x4
 267 00ff 03       		.byte	0x3
 268 0100 7B       		.byte	0x7b
 269 0101 12010000 		.4byte	0x112
 270 0105 07       		.uleb128 0x7
 271 0106 4D000000 		.4byte	.LASF19
 272 010a 03       		.byte	0x3
 273 010b 7D       		.byte	0x7d
 274 010c 22010000 		.4byte	0x122
 275 0110 00       		.byte	0
 276 0111 00       		.byte	0
 277 0112 08       		.uleb128 0x8
 278 0113 98000000 		.4byte	0x98
 279 0117 22010000 		.4byte	0x122
ARM GAS  C:\Users\kendr\AppData\Local\Temp\ccHh7cb6.s 			page 16


 280 011b 09       		.uleb128 0x9
 281 011c C1000000 		.4byte	0xc1
 282 0120 03       		.byte	0x3
 283 0121 00       		.byte	0
 284 0122 05       		.uleb128 0x5
 285 0123 12010000 		.4byte	0x112
 286 0127 0A       		.uleb128 0xa
 287 0128 2F000000 		.4byte	.LASF20
 288 012c 03       		.byte	0x3
 289 012d 7E       		.byte	0x7e
 290 012e FD000000 		.4byte	0xfd
 291 0132 06       		.uleb128 0x6
 292 0133 20       		.byte	0x20
 293 0134 03       		.byte	0x3
 294 0135 A0       		.byte	0xa0
 295 0136 8F010000 		.4byte	0x18f
 296 013a 07       		.uleb128 0x7
 297 013b 10010000 		.4byte	.LASF21
 298 013f 03       		.byte	0x3
 299 0140 A2       		.byte	0xa2
 300 0141 27010000 		.4byte	0x127
 301 0145 00       		.byte	0
 302 0146 07       		.uleb128 0x7
 303 0147 74000000 		.4byte	.LASF22
 304 014b 03       		.byte	0x3
 305 014c A3       		.byte	0xa3
 306 014d 27010000 		.4byte	0x127
 307 0151 04       		.byte	0x4
 308 0152 07       		.uleb128 0x7
 309 0153 52000000 		.4byte	.LASF23
 310 0157 03       		.byte	0x3
 311 0158 A4       		.byte	0xa4
 312 0159 F2000000 		.4byte	0xf2
 313 015d 08       		.byte	0x8
 314 015e 07       		.uleb128 0x7
 315 015f 1B000000 		.4byte	.LASF24
 316 0163 03       		.byte	0x3
 317 0164 A5       		.byte	0xa5
 318 0165 27010000 		.4byte	0x127
 319 0169 10       		.byte	0x10
 320 016a 07       		.uleb128 0x7
 321 016b F2010000 		.4byte	.LASF25
 322 016f 03       		.byte	0x3
 323 0170 A6       		.byte	0xa6
 324 0171 27010000 		.4byte	0x127
 325 0175 14       		.byte	0x14
 326 0176 07       		.uleb128 0x7
 327 0177 AD010000 		.4byte	.LASF26
 328 017b 03       		.byte	0x3
 329 017c A7       		.byte	0xa7
 330 017d 27010000 		.4byte	0x127
 331 0181 18       		.byte	0x18
 332 0182 07       		.uleb128 0x7
 333 0183 59000000 		.4byte	.LASF27
 334 0187 03       		.byte	0x3
 335 0188 A8       		.byte	0xa8
 336 0189 27010000 		.4byte	0x127
ARM GAS  C:\Users\kendr\AppData\Local\Temp\ccHh7cb6.s 			page 17


 337 018d 1C       		.byte	0x1c
 338 018e 00       		.byte	0
 339 018f 0A       		.uleb128 0xa
 340 0190 02010000 		.4byte	.LASF28
 341 0194 03       		.byte	0x3
 342 0195 A9       		.byte	0xa9
 343 0196 32010000 		.4byte	0x132
 344 019a 0B       		.uleb128 0xb
 345 019b D1000000 		.4byte	.LASF31
 346 019f 01       		.byte	0x1
 347 01a0 9401     		.2byte	0x194
 348 01a2 00000000 		.4byte	.LFB0
 349 01a6 50000000 		.4byte	.LFE0-.LFB0
 350 01aa 01       		.uleb128 0x1
 351 01ab 9C       		.byte	0x9c
 352 01ac EA010000 		.4byte	0x1ea
 353 01b0 0C       		.uleb128 0xc
 354 01b1 21000000 		.4byte	.LASF29
 355 01b5 01       		.byte	0x1
 356 01b6 9601     		.2byte	0x196
 357 01b8 6B000000 		.4byte	0x6b
 358 01bc 00000000 		.4byte	.LLST0
 359 01c0 0C       		.uleb128 0xc
 360 01c1 06000000 		.4byte	.LASF30
 361 01c5 01       		.byte	0x1
 362 01c6 9701     		.2byte	0x197
 363 01c8 77000000 		.4byte	0x77
 364 01cc 2A000000 		.4byte	.LLST1
 365 01d0 0D       		.uleb128 0xd
 366 01d1 2E000000 		.4byte	.LVL3
 367 01d5 0A020000 		.4byte	0x20a
 368 01d9 0E       		.uleb128 0xe
 369 01da 36000000 		.4byte	.LVL4
 370 01de 16020000 		.4byte	0x216
 371 01e2 0F       		.uleb128 0xf
 372 01e3 01       		.uleb128 0x1
 373 01e4 50       		.byte	0x50
 374 01e5 02       		.uleb128 0x2
 375 01e6 74       		.byte	0x74
 376 01e7 00       		.sleb128 0
 377 01e8 00       		.byte	0
 378 01e9 00       		.byte	0
 379 01ea 0B       		.uleb128 0xb
 380 01eb BB000000 		.4byte	.LASF32
 381 01ef 01       		.byte	0x1
 382 01f0 D301     		.2byte	0x1d3
 383 01f2 00000000 		.4byte	.LFB1
 384 01f6 18000000 		.4byte	.LFE1-.LFB1
 385 01fa 01       		.uleb128 0x1
 386 01fb 9C       		.byte	0x9c
 387 01fc 0A020000 		.4byte	0x20a
 388 0200 0D       		.uleb128 0xd
 389 0201 10000000 		.4byte	.LVL10
 390 0205 9A010000 		.4byte	0x19a
 391 0209 00       		.byte	0
 392 020a 10       		.uleb128 0x10
 393 020b 7E000000 		.4byte	.LASF33
ARM GAS  C:\Users\kendr\AppData\Local\Temp\ccHh7cb6.s 			page 18


 394 020f 7E000000 		.4byte	.LASF33
 395 0213 03       		.byte	0x3
 396 0214 3501     		.2byte	0x135
 397 0216 10       		.uleb128 0x10
 398 0217 6D020000 		.4byte	.LASF34
 399 021b 6D020000 		.4byte	.LASF34
 400 021f 03       		.byte	0x3
 401 0220 1A01     		.2byte	0x11a
 402 0222 00       		.byte	0
 403              		.section	.debug_abbrev,"",%progbits
 404              	.Ldebug_abbrev0:
 405 0000 01       		.uleb128 0x1
 406 0001 11       		.uleb128 0x11
 407 0002 01       		.byte	0x1
 408 0003 25       		.uleb128 0x25
 409 0004 0E       		.uleb128 0xe
 410 0005 13       		.uleb128 0x13
 411 0006 0B       		.uleb128 0xb
 412 0007 03       		.uleb128 0x3
 413 0008 0E       		.uleb128 0xe
 414 0009 1B       		.uleb128 0x1b
 415 000a 0E       		.uleb128 0xe
 416 000b 55       		.uleb128 0x55
 417 000c 17       		.uleb128 0x17
 418 000d 11       		.uleb128 0x11
 419 000e 01       		.uleb128 0x1
 420 000f 10       		.uleb128 0x10
 421 0010 17       		.uleb128 0x17
 422 0011 00       		.byte	0
 423 0012 00       		.byte	0
 424 0013 02       		.uleb128 0x2
 425 0014 24       		.uleb128 0x24
 426 0015 00       		.byte	0
 427 0016 0B       		.uleb128 0xb
 428 0017 0B       		.uleb128 0xb
 429 0018 3E       		.uleb128 0x3e
 430 0019 0B       		.uleb128 0xb
 431 001a 03       		.uleb128 0x3
 432 001b 0E       		.uleb128 0xe
 433 001c 00       		.byte	0
 434 001d 00       		.byte	0
 435 001e 03       		.uleb128 0x3
 436 001f 24       		.uleb128 0x24
 437 0020 00       		.byte	0
 438 0021 0B       		.uleb128 0xb
 439 0022 0B       		.uleb128 0xb
 440 0023 3E       		.uleb128 0x3e
 441 0024 0B       		.uleb128 0xb
 442 0025 03       		.uleb128 0x3
 443 0026 08       		.uleb128 0x8
 444 0027 00       		.byte	0
 445 0028 00       		.byte	0
 446 0029 04       		.uleb128 0x4
 447 002a 16       		.uleb128 0x16
 448 002b 00       		.byte	0
 449 002c 03       		.uleb128 0x3
 450 002d 0E       		.uleb128 0xe
ARM GAS  C:\Users\kendr\AppData\Local\Temp\ccHh7cb6.s 			page 19


 451 002e 3A       		.uleb128 0x3a
 452 002f 0B       		.uleb128 0xb
 453 0030 3B       		.uleb128 0x3b
 454 0031 05       		.uleb128 0x5
 455 0032 49       		.uleb128 0x49
 456 0033 13       		.uleb128 0x13
 457 0034 00       		.byte	0
 458 0035 00       		.byte	0
 459 0036 05       		.uleb128 0x5
 460 0037 35       		.uleb128 0x35
 461 0038 00       		.byte	0
 462 0039 49       		.uleb128 0x49
 463 003a 13       		.uleb128 0x13
 464 003b 00       		.byte	0
 465 003c 00       		.byte	0
 466 003d 06       		.uleb128 0x6
 467 003e 13       		.uleb128 0x13
 468 003f 01       		.byte	0x1
 469 0040 0B       		.uleb128 0xb
 470 0041 0B       		.uleb128 0xb
 471 0042 3A       		.uleb128 0x3a
 472 0043 0B       		.uleb128 0xb
 473 0044 3B       		.uleb128 0x3b
 474 0045 0B       		.uleb128 0xb
 475 0046 01       		.uleb128 0x1
 476 0047 13       		.uleb128 0x13
 477 0048 00       		.byte	0
 478 0049 00       		.byte	0
 479 004a 07       		.uleb128 0x7
 480 004b 0D       		.uleb128 0xd
 481 004c 00       		.byte	0
 482 004d 03       		.uleb128 0x3
 483 004e 0E       		.uleb128 0xe
 484 004f 3A       		.uleb128 0x3a
 485 0050 0B       		.uleb128 0xb
 486 0051 3B       		.uleb128 0x3b
 487 0052 0B       		.uleb128 0xb
 488 0053 49       		.uleb128 0x49
 489 0054 13       		.uleb128 0x13
 490 0055 38       		.uleb128 0x38
 491 0056 0B       		.uleb128 0xb
 492 0057 00       		.byte	0
 493 0058 00       		.byte	0
 494 0059 08       		.uleb128 0x8
 495 005a 01       		.uleb128 0x1
 496 005b 01       		.byte	0x1
 497 005c 49       		.uleb128 0x49
 498 005d 13       		.uleb128 0x13
 499 005e 01       		.uleb128 0x1
 500 005f 13       		.uleb128 0x13
 501 0060 00       		.byte	0
 502 0061 00       		.byte	0
 503 0062 09       		.uleb128 0x9
 504 0063 21       		.uleb128 0x21
 505 0064 00       		.byte	0
 506 0065 49       		.uleb128 0x49
 507 0066 13       		.uleb128 0x13
ARM GAS  C:\Users\kendr\AppData\Local\Temp\ccHh7cb6.s 			page 20


 508 0067 2F       		.uleb128 0x2f
 509 0068 0B       		.uleb128 0xb
 510 0069 00       		.byte	0
 511 006a 00       		.byte	0
 512 006b 0A       		.uleb128 0xa
 513 006c 16       		.uleb128 0x16
 514 006d 00       		.byte	0
 515 006e 03       		.uleb128 0x3
 516 006f 0E       		.uleb128 0xe
 517 0070 3A       		.uleb128 0x3a
 518 0071 0B       		.uleb128 0xb
 519 0072 3B       		.uleb128 0x3b
 520 0073 0B       		.uleb128 0xb
 521 0074 49       		.uleb128 0x49
 522 0075 13       		.uleb128 0x13
 523 0076 00       		.byte	0
 524 0077 00       		.byte	0
 525 0078 0B       		.uleb128 0xb
 526 0079 2E       		.uleb128 0x2e
 527 007a 01       		.byte	0x1
 528 007b 3F       		.uleb128 0x3f
 529 007c 19       		.uleb128 0x19
 530 007d 03       		.uleb128 0x3
 531 007e 0E       		.uleb128 0xe
 532 007f 3A       		.uleb128 0x3a
 533 0080 0B       		.uleb128 0xb
 534 0081 3B       		.uleb128 0x3b
 535 0082 05       		.uleb128 0x5
 536 0083 27       		.uleb128 0x27
 537 0084 19       		.uleb128 0x19
 538 0085 11       		.uleb128 0x11
 539 0086 01       		.uleb128 0x1
 540 0087 12       		.uleb128 0x12
 541 0088 06       		.uleb128 0x6
 542 0089 40       		.uleb128 0x40
 543 008a 18       		.uleb128 0x18
 544 008b 9742     		.uleb128 0x2117
 545 008d 19       		.uleb128 0x19
 546 008e 01       		.uleb128 0x1
 547 008f 13       		.uleb128 0x13
 548 0090 00       		.byte	0
 549 0091 00       		.byte	0
 550 0092 0C       		.uleb128 0xc
 551 0093 34       		.uleb128 0x34
 552 0094 00       		.byte	0
 553 0095 03       		.uleb128 0x3
 554 0096 0E       		.uleb128 0xe
 555 0097 3A       		.uleb128 0x3a
 556 0098 0B       		.uleb128 0xb
 557 0099 3B       		.uleb128 0x3b
 558 009a 05       		.uleb128 0x5
 559 009b 49       		.uleb128 0x49
 560 009c 13       		.uleb128 0x13
 561 009d 02       		.uleb128 0x2
 562 009e 17       		.uleb128 0x17
 563 009f 00       		.byte	0
 564 00a0 00       		.byte	0
ARM GAS  C:\Users\kendr\AppData\Local\Temp\ccHh7cb6.s 			page 21


 565 00a1 0D       		.uleb128 0xd
 566 00a2 898201   		.uleb128 0x4109
 567 00a5 00       		.byte	0
 568 00a6 11       		.uleb128 0x11
 569 00a7 01       		.uleb128 0x1
 570 00a8 31       		.uleb128 0x31
 571 00a9 13       		.uleb128 0x13
 572 00aa 00       		.byte	0
 573 00ab 00       		.byte	0
 574 00ac 0E       		.uleb128 0xe
 575 00ad 898201   		.uleb128 0x4109
 576 00b0 01       		.byte	0x1
 577 00b1 11       		.uleb128 0x11
 578 00b2 01       		.uleb128 0x1
 579 00b3 31       		.uleb128 0x31
 580 00b4 13       		.uleb128 0x13
 581 00b5 00       		.byte	0
 582 00b6 00       		.byte	0
 583 00b7 0F       		.uleb128 0xf
 584 00b8 8A8201   		.uleb128 0x410a
 585 00bb 00       		.byte	0
 586 00bc 02       		.uleb128 0x2
 587 00bd 18       		.uleb128 0x18
 588 00be 9142     		.uleb128 0x2111
 589 00c0 18       		.uleb128 0x18
 590 00c1 00       		.byte	0
 591 00c2 00       		.byte	0
 592 00c3 10       		.uleb128 0x10
 593 00c4 2E       		.uleb128 0x2e
 594 00c5 00       		.byte	0
 595 00c6 3F       		.uleb128 0x3f
 596 00c7 19       		.uleb128 0x19
 597 00c8 3C       		.uleb128 0x3c
 598 00c9 19       		.uleb128 0x19
 599 00ca 6E       		.uleb128 0x6e
 600 00cb 0E       		.uleb128 0xe
 601 00cc 03       		.uleb128 0x3
 602 00cd 0E       		.uleb128 0xe
 603 00ce 3A       		.uleb128 0x3a
 604 00cf 0B       		.uleb128 0xb
 605 00d0 3B       		.uleb128 0x3b
 606 00d1 05       		.uleb128 0x5
 607 00d2 00       		.byte	0
 608 00d3 00       		.byte	0
 609 00d4 00       		.byte	0
 610              		.section	.debug_loc,"",%progbits
 611              	.Ldebug_loc0:
 612              	.LLST0:
 613 0000 08000000 		.4byte	.LVL1
 614 0004 0E000000 		.4byte	.LVL2
 615 0008 0200     		.2byte	0x2
 616 000a 30       		.byte	0x30
 617 000b 9F       		.byte	0x9f
 618 000c 0E000000 		.4byte	.LVL2
 619 0010 3C000000 		.4byte	.LVL7
 620 0014 0100     		.2byte	0x1
 621 0016 54       		.byte	0x54
ARM GAS  C:\Users\kendr\AppData\Local\Temp\ccHh7cb6.s 			page 22


 622 0017 3E000000 		.4byte	.LVL8
 623 001b 44000000 		.4byte	.LVL9
 624 001f 0100     		.2byte	0x1
 625 0021 54       		.byte	0x54
 626 0022 00000000 		.4byte	0
 627 0026 00000000 		.4byte	0
 628              	.LLST1:
 629 002a 02000000 		.4byte	.LVL0
 630 002e 0E000000 		.4byte	.LVL2
 631 0032 0200     		.2byte	0x2
 632 0034 31       		.byte	0x31
 633 0035 9F       		.byte	0x9f
 634 0036 0E000000 		.4byte	.LVL2
 635 003a 38000000 		.4byte	.LVL5
 636 003e 0100     		.2byte	0x1
 637 0040 55       		.byte	0x55
 638 0041 3A000000 		.4byte	.LVL6
 639 0045 44000000 		.4byte	.LVL9
 640 0049 0100     		.2byte	0x1
 641 004b 55       		.byte	0x55
 642 004c 00000000 		.4byte	0
 643 0050 00000000 		.4byte	0
 644              		.section	.debug_aranges,"",%progbits
 645 0000 24000000 		.4byte	0x24
 646 0004 0200     		.2byte	0x2
 647 0006 00000000 		.4byte	.Ldebug_info0
 648 000a 04       		.byte	0x4
 649 000b 00       		.byte	0
 650 000c 0000     		.2byte	0
 651 000e 0000     		.2byte	0
 652 0010 00000000 		.4byte	.LFB0
 653 0014 50000000 		.4byte	.LFE0-.LFB0
 654 0018 00000000 		.4byte	.LFB1
 655 001c 18000000 		.4byte	.LFE1-.LFB1
 656 0020 00000000 		.4byte	0
 657 0024 00000000 		.4byte	0
 658              		.section	.debug_ranges,"",%progbits
 659              	.Ldebug_ranges0:
 660 0000 00000000 		.4byte	.LFB0
 661 0004 50000000 		.4byte	.LFE0
 662 0008 00000000 		.4byte	.LFB1
 663 000c 18000000 		.4byte	.LFE1
 664 0010 00000000 		.4byte	0
 665 0014 00000000 		.4byte	0
 666              		.section	.debug_line,"",%progbits
 667              	.Ldebug_line0:
 668 0000 9A000000 		.section	.debug_str,"MS",%progbits,1
 668      02004D00 
 668      00000201 
 668      FB0E0D00 
 668      01010101 
 669              	.LASF15:
 670 0000 72656731 		.ascii	"reg16\000"
 670      3600
 671              	.LASF30:
 672 0006 73686966 		.ascii	"shift\000"
 672      7400
ARM GAS  C:\Users\kendr\AppData\Local\Temp\ccHh7cb6.s 			page 23


 673              	.LASF18:
 674 000c 43414E5F 		.ascii	"CAN_DATA_BYTES\000"
 674      44415441 
 674      5F425954 
 674      455300
 675              	.LASF24:
 676 001b 7278616D 		.ascii	"rxamr\000"
 676      7200
 677              	.LASF29:
 678 0021 6D61696C 		.ascii	"mailboxNumber\000"
 678      626F784E 
 678      756D6265 
 678      7200
 679              	.LASF20:
 680 002f 43414E5F 		.ascii	"CAN_REG_32\000"
 680      5245475F 
 680      333200
 681              	.LASF3:
 682 003a 73686F72 		.ascii	"short unsigned int\000"
 682      7420756E 
 682      7369676E 
 682      65642069 
 682      6E7400
 683              	.LASF19:
 684 004d 62797465 		.ascii	"byte\000"
 684      00
 685              	.LASF23:
 686 0052 72786461 		.ascii	"rxdata\000"
 686      746100
 687              	.LASF27:
 688 0059 72786163 		.ascii	"rxacrd\000"
 688      726400
 689              	.LASF11:
 690 0060 666C6F61 		.ascii	"float\000"
 690      7400
 691              	.LASF1:
 692 0066 756E7369 		.ascii	"unsigned char\000"
 692      676E6564 
 692      20636861 
 692      7200
 693              	.LASF22:
 694 0074 72786964 		.ascii	"rxid\000"
 694      00
 695              	.LASF14:
 696 0079 72656738 		.ascii	"reg8\000"
 696      00
 697              	.LASF33:
 698 007e 43414E5F 		.ascii	"CAN_ReceiveMsgTorque_Request_Command\000"
 698      52656365 
 698      6976654D 
 698      7367546F 
 698      72717565 
 699              	.LASF5:
 700 00a3 6C6F6E67 		.ascii	"long unsigned int\000"
 700      20756E73 
 700      69676E65 
 700      6420696E 
ARM GAS  C:\Users\kendr\AppData\Local\Temp\ccHh7cb6.s 			page 24


 700      7400
 701              	.LASF9:
 702 00b5 75696E74 		.ascii	"uint8\000"
 702      3800
 703              	.LASF32:
 704 00bb 43414E5F 		.ascii	"CAN_ISR\000"
 704      49535200 
 705              	.LASF12:
 706 00c3 646F7562 		.ascii	"double\000"
 706      6C6500
 707              	.LASF10:
 708 00ca 75696E74 		.ascii	"uint16\000"
 708      313600
 709              	.LASF31:
 710 00d1 43414E5F 		.ascii	"CAN_MsgRXIsr\000"
 710      4D736752 
 710      58497372 
 710      00
 711              	.LASF8:
 712 00de 756E7369 		.ascii	"unsigned int\000"
 712      676E6564 
 712      20696E74 
 712      00
 713              	.LASF7:
 714 00eb 6C6F6E67 		.ascii	"long long unsigned int\000"
 714      206C6F6E 
 714      6720756E 
 714      7369676E 
 714      65642069 
 715              	.LASF28:
 716 0102 43414E5F 		.ascii	"CAN_RX_STRUCT\000"
 716      52585F53 
 716      54525543 
 716      5400
 717              	.LASF21:
 718 0110 7278636D 		.ascii	"rxcmd\000"
 718      6400
 719              	.LASF35:
 720 0116 474E5520 		.ascii	"GNU C11 5.4.1 20160609 (release) [ARM/embedded-5-br"
 720      43313120 
 720      352E342E 
 720      31203230 
 720      31363036 
 721 0149 616E6368 		.ascii	"anch revision 237715] -mcpu=cortex-m3 -mthumb -g -O"
 721      20726576 
 721      6973696F 
 721      6E203233 
 721      37373135 
 722 017c 67202D66 		.ascii	"g -ffunction-sections -ffat-lto-objects\000"
 722      66756E63 
 722      74696F6E 
 722      2D736563 
 722      74696F6E 
 723              	.LASF17:
 724 01a4 73697A65 		.ascii	"sizetype\000"
 724      74797065 
 724      00
ARM GAS  C:\Users\kendr\AppData\Local\Temp\ccHh7cb6.s 			page 25


 725              	.LASF26:
 726 01ad 7278616D 		.ascii	"rxamrd\000"
 726      726400
 727              	.LASF6:
 728 01b4 6C6F6E67 		.ascii	"long long int\000"
 728      206C6F6E 
 728      6720696E 
 728      7400
 729              	.LASF13:
 730 01c2 63686172 		.ascii	"char\000"
 730      00
 731              	.LASF36:
 732 01c7 47656E65 		.ascii	"Generated_Source\\PSoC5\\CAN_INT.c\000"
 732      72617465 
 732      645F536F 
 732      75726365 
 732      5C50536F 
 733              	.LASF2:
 734 01e8 73686F72 		.ascii	"short int\000"
 734      7420696E 
 734      7400
 735              	.LASF25:
 736 01f2 72786163 		.ascii	"rxacr\000"
 736      7200
 737              	.LASF37:
 738 01f8 433A5C55 		.ascii	"C:\\Users\\kendr\\OneDrive\\Documents\\PEI-Firmware"
 738      73657273 
 738      5C6B656E 
 738      64725C4F 
 738      6E654472 
 739 0226 2D464531 		.ascii	"-FE10\\PSOC_VCU_Example\\Design01.cydsn\000"
 739      305C5053 
 739      4F435F56 
 739      43555F45 
 739      78616D70 
 740              	.LASF4:
 741 024c 6C6F6E67 		.ascii	"long int\000"
 741      20696E74 
 741      00
 742              	.LASF16:
 743 0255 6C6F6E67 		.ascii	"long double\000"
 743      20646F75 
 743      626C6500 
 744              	.LASF0:
 745 0261 7369676E 		.ascii	"signed char\000"
 745      65642063 
 745      68617200 
 746              	.LASF34:
 747 026d 43414E5F 		.ascii	"CAN_ReceiveMsg\000"
 747      52656365 
 747      6976654D 
 747      736700
 748              		.ident	"GCC: (GNU Tools for ARM Embedded Processors) 5.4.1 20160609 (release) [ARM/embedded-5-bran
