ARM GAS  C:\Users\leoja\AppData\Local\Temp\ccxelezc.s 			page 1


   1              		.syntax unified
   2              		.cpu cortex-m3
   3              		.fpu softvfp
   4              		.eabi_attribute 20, 1
   5              		.eabi_attribute 21, 1
   6              		.eabi_attribute 23, 3
   7              		.eabi_attribute 24, 1
   8              		.eabi_attribute 25, 1
   9              		.eabi_attribute 26, 1
  10              		.eabi_attribute 30, 1
  11              		.eabi_attribute 34, 1
  12              		.eabi_attribute 18, 4
  13              		.thumb
  14              		.syntax unified
  15              		.file	"can_manager.c"
  16              		.text
  17              	.Ltext0:
  18              		.cfi_sections	.debug_frame
  19              		.section	.text.close_precharge,"ax",%progbits
  20              		.align	2
  21              		.global	close_precharge
  22              		.thumb
  23              		.thumb_func
  24              		.type	close_precharge, %function
  25              	close_precharge:
  26              	.LFB63:
  27              		.file 1 "can_manager.c"
   1:can_manager.c **** /* ========================================
   2:can_manager.c ****  * Can API for FRUCD
   3:can_manager.c ****  * Schuyler Alschuler 2016 - 2017
   4:can_manager.c ****  * ========================================
   5:can_manager.c **** */
   6:can_manager.c **** 
   7:can_manager.c **** /*******************************************
   8:can_manager.c ****  * Used to interface dashboard with CAN bus
   9:can_manager.c ****  * some functinality can be found in CAN_TX_RX_func.c
  10:can_manager.c ****  * which is a generated source file
  11:can_manager.c ****  * see the can component of the top design for specific mailboxes
  12:can_manager.c ****  ******************************************/
  13:can_manager.c **** 
  14:can_manager.c **** #include "can_manager.h"
  15:can_manager.c **** #include "CAN.h"
  16:can_manager.c **** #include "Precharge.h"
  17:can_manager.c **** 
  18:can_manager.c **** 
  19:can_manager.c **** //Closes the precharge relay, opens the positive relay
  20:can_manager.c **** void close_precharge() {
  28              		.loc 1 20 0
  29              		.cfi_startproc
  30              		@ args = 0, pretend = 0, frame = 0
  31              		@ frame_needed = 0, uses_anonymous_args = 0
  32 0000 08B5     		push	{r3, lr}
  33              		.cfi_def_cfa_offset 8
  34              		.cfi_offset 3, -8
  35              		.cfi_offset 14, -4
  21:can_manager.c ****     AIR_NEG_Write(1);
  36              		.loc 1 21 0
ARM GAS  C:\Users\leoja\AppData\Local\Temp\ccxelezc.s 			page 2


  37 0002 0120     		movs	r0, #1
  38 0004 FFF7FEFF 		bl	AIR_NEG_Write
  39              	.LVL0:
  22:can_manager.c ****     AIR_POS_Write(0);
  40              		.loc 1 22 0
  41 0008 0020     		movs	r0, #0
  42 000a FFF7FEFF 		bl	AIR_POS_Write
  43              	.LVL1:
  23:can_manager.c ****     Precharge_Write(1);
  44              		.loc 1 23 0
  45 000e 0120     		movs	r0, #1
  46 0010 FFF7FEFF 		bl	Precharge_Write
  47              	.LVL2:
  48 0014 08BD     		pop	{r3, pc}
  49              		.cfi_endproc
  50              	.LFE63:
  51              		.size	close_precharge, .-close_precharge
  52 0016 00BF     		.section	.text.open_precharge,"ax",%progbits
  53              		.align	2
  54              		.global	open_precharge
  55              		.thumb
  56              		.thumb_func
  57              		.type	open_precharge, %function
  58              	open_precharge:
  59              	.LFB64:
  24:can_manager.c **** }
  25:can_manager.c **** 
  26:can_manager.c **** //Opens the precharge relay, closese the positive relay
  27:can_manager.c **** void open_precharge()
  28:can_manager.c **** {
  60              		.loc 1 28 0
  61              		.cfi_startproc
  62              		@ args = 0, pretend = 0, frame = 0
  63              		@ frame_needed = 0, uses_anonymous_args = 0
  64 0000 08B5     		push	{r3, lr}
  65              		.cfi_def_cfa_offset 8
  66              		.cfi_offset 3, -8
  67              		.cfi_offset 14, -4
  29:can_manager.c ****     AIR_NEG_Write(1);
  68              		.loc 1 29 0
  69 0002 0120     		movs	r0, #1
  70 0004 FFF7FEFF 		bl	AIR_NEG_Write
  71              	.LVL3:
  30:can_manager.c ****     Precharge_Write(0);
  72              		.loc 1 30 0
  73 0008 0020     		movs	r0, #0
  74 000a FFF7FEFF 		bl	Precharge_Write
  75              	.LVL4:
  31:can_manager.c ****     AIR_POS_Write(1);
  76              		.loc 1 31 0
  77 000e 0120     		movs	r0, #1
  78 0010 FFF7FEFF 		bl	AIR_POS_Write
  79              	.LVL5:
  80 0014 08BD     		pop	{r3, pc}
  81              		.cfi_endproc
  82              	.LFE64:
  83              		.size	open_precharge, .-open_precharge
ARM GAS  C:\Users\leoja\AppData\Local\Temp\ccxelezc.s 			page 3


  84 0016 00BF     		.section	.text.clear_interlock,"ax",%progbits
  85              		.align	2
  86              		.global	clear_interlock
  87              		.thumb
  88              		.thumb_func
  89              		.type	clear_interlock, %function
  90              	clear_interlock:
  91              	.LFB65:
  32:can_manager.c **** }    
  33:can_manager.c **** 
  34:can_manager.c **** void clear_interlock()
  35:can_manager.c **** {
  92              		.loc 1 35 0
  93              		.cfi_startproc
  94              		@ args = 0, pretend = 0, frame = 0
  95              		@ frame_needed = 0, uses_anonymous_args = 0
  96 0000 08B5     		push	{r3, lr}
  97              		.cfi_def_cfa_offset 8
  98              		.cfi_offset 3, -8
  99              		.cfi_offset 14, -4
  36:can_manager.c ****     AIR_NEG_Write(0);
 100              		.loc 1 36 0
 101 0002 0020     		movs	r0, #0
 102 0004 FFF7FEFF 		bl	AIR_NEG_Write
 103              	.LVL6:
  37:can_manager.c ****     AIR_POS_Write(0);
 104              		.loc 1 37 0
 105 0008 0020     		movs	r0, #0
 106 000a FFF7FEFF 		bl	AIR_POS_Write
 107              	.LVL7:
 108 000e 08BD     		pop	{r3, pc}
 109              		.cfi_endproc
 110              	.LFE65:
 111              		.size	clear_interlock, .-clear_interlock
 112              		.section	.text.can_send_PEI,"ax",%progbits
 113              		.align	2
 114              		.global	can_send_PEI
 115              		.thumb
 116              		.thumb_func
 117              		.type	can_send_PEI, %function
 118              	can_send_PEI:
 119              	.LFB66:
  38:can_manager.c ****     //can_send_interlock(0,0);
  39:can_manager.c **** }
  40:can_manager.c **** 
  41:can_manager.c **** //temporarily reporting AIR NEG/POS state on 3rd and 4th bytes of PCAN PEI message
  42:can_manager.c **** /* Used for debug purposes
  43:can_manager.c **** void can_send_interlock(uint8_t air_neg, uint8_t air_pos)
  44:can_manager.c **** {
  45:can_manager.c ****     uint8_t data[8] = {0};
  46:can_manager.c ****     data[3] = air_neg;
  47:can_manager.c ****     data[4] = air_pos;
  48:can_manager.c ****     can_send(data, 0x383); 
  49:can_manager.c **** }
  50:can_manager.c **** */
  51:can_manager.c **** 
  52:can_manager.c **** void can_send_PEI(uint8_t current_upper, uint8_t current_lower, uint8_t shutdown_flags)
ARM GAS  C:\Users\leoja\AppData\Local\Temp\ccxelezc.s 			page 4


  53:can_manager.c **** {
 120              		.loc 1 53 0
 121              		.cfi_startproc
 122              		@ args = 0, pretend = 0, frame = 0
 123              		@ frame_needed = 0, uses_anonymous_args = 0
 124              		@ link register save eliminated.
 125              	.LVL8:
 126 0000 7047     		bx	lr
 127              		.cfi_endproc
 128              	.LFE66:
 129              		.size	can_send_PEI, .-can_send_PEI
 130 0002 00BF     		.text
 131              	.Letext0:
 132              		.file 2 "c:\\program files (x86)\\cypress\\psoc creator\\4.4\\psoc creator\\import\\gnu\\arm\\5.4.
 133              		.file 3 "c:\\program files (x86)\\cypress\\psoc creator\\4.4\\psoc creator\\import\\gnu\\arm\\5.4.
 134              		.file 4 "Generated_Source\\PSoC5/AIR_NEG.h"
 135              		.file 5 "Generated_Source\\PSoC5/AIR_POS.h"
 136              		.file 6 "Generated_Source\\PSoC5/Precharge.h"
 137              		.file 7 "Generated_Source\\PSoC5/core_cm3.h"
 138              		.section	.debug_info,"",%progbits
 139              	.Ldebug_info0:
 140 0000 0F020000 		.4byte	0x20f
 141 0004 0400     		.2byte	0x4
 142 0006 00000000 		.4byte	.Ldebug_abbrev0
 143 000a 04       		.byte	0x4
 144 000b 01       		.uleb128 0x1
 145 000c 5A000000 		.4byte	.LASF27
 146 0010 0C       		.byte	0xc
 147 0011 54020000 		.4byte	.LASF28
 148 0015 0D010000 		.4byte	.LASF29
 149 0019 00000000 		.4byte	.Ldebug_ranges0+0
 150 001d 00000000 		.4byte	0
 151 0021 00000000 		.4byte	.Ldebug_line0
 152 0025 02       		.uleb128 0x2
 153 0026 01       		.byte	0x1
 154 0027 06       		.byte	0x6
 155 0028 2B020000 		.4byte	.LASF0
 156 002c 03       		.uleb128 0x3
 157 002d 0E000000 		.4byte	.LASF4
 158 0031 02       		.byte	0x2
 159 0032 1D       		.byte	0x1d
 160 0033 37000000 		.4byte	0x37
 161 0037 02       		.uleb128 0x2
 162 0038 01       		.byte	0x1
 163 0039 08       		.byte	0x8
 164 003a 4C000000 		.4byte	.LASF1
 165 003e 02       		.uleb128 0x2
 166 003f 02       		.byte	0x2
 167 0040 05       		.byte	0x5
 168 0041 0C020000 		.4byte	.LASF2
 169 0045 02       		.uleb128 0x2
 170 0046 02       		.byte	0x2
 171 0047 07       		.byte	0x7
 172 0048 FA000000 		.4byte	.LASF3
 173 004c 03       		.uleb128 0x3
 174 004d 18000000 		.4byte	.LASF5
 175 0051 02       		.byte	0x2
ARM GAS  C:\Users\leoja\AppData\Local\Temp\ccxelezc.s 			page 5


 176 0052 3F       		.byte	0x3f
 177 0053 57000000 		.4byte	0x57
 178 0057 02       		.uleb128 0x2
 179 0058 04       		.byte	0x4
 180 0059 05       		.byte	0x5
 181 005a 16020000 		.4byte	.LASF6
 182 005e 02       		.uleb128 0x2
 183 005f 04       		.byte	0x4
 184 0060 07       		.byte	0x7
 185 0061 E8000000 		.4byte	.LASF7
 186 0065 02       		.uleb128 0x2
 187 0066 08       		.byte	0x8
 188 0067 05       		.byte	0x5
 189 0068 00000000 		.4byte	.LASF8
 190 006c 02       		.uleb128 0x2
 191 006d 08       		.byte	0x8
 192 006e 07       		.byte	0x7
 193 006f AC010000 		.4byte	.LASF9
 194 0073 04       		.uleb128 0x4
 195 0074 04       		.byte	0x4
 196 0075 05       		.byte	0x5
 197 0076 696E7400 		.ascii	"int\000"
 198 007a 02       		.uleb128 0x2
 199 007b 04       		.byte	0x4
 200 007c 07       		.byte	0x7
 201 007d 9F010000 		.4byte	.LASF10
 202 0081 03       		.uleb128 0x3
 203 0082 C3010000 		.4byte	.LASF11
 204 0086 03       		.byte	0x3
 205 0087 18       		.byte	0x18
 206 0088 2C000000 		.4byte	0x2c
 207 008c 03       		.uleb128 0x3
 208 008d CB010000 		.4byte	.LASF12
 209 0091 03       		.byte	0x3
 210 0092 2C       		.byte	0x2c
 211 0093 4C000000 		.4byte	0x4c
 212 0097 02       		.uleb128 0x2
 213 0098 04       		.byte	0x4
 214 0099 04       		.byte	0x4
 215 009a 32000000 		.4byte	.LASF13
 216 009e 02       		.uleb128 0x2
 217 009f 08       		.byte	0x8
 218 00a0 04       		.byte	0x4
 219 00a1 7C010000 		.4byte	.LASF14
 220 00a5 02       		.uleb128 0x2
 221 00a6 01       		.byte	0x1
 222 00a7 08       		.byte	0x8
 223 00a8 F9010000 		.4byte	.LASF15
 224 00ac 02       		.uleb128 0x2
 225 00ad 08       		.byte	0x8
 226 00ae 04       		.byte	0x4
 227 00af 1F020000 		.4byte	.LASF16
 228 00b3 02       		.uleb128 0x2
 229 00b4 04       		.byte	0x4
 230 00b5 07       		.byte	0x7
 231 00b6 D3010000 		.4byte	.LASF17
 232 00ba 05       		.uleb128 0x5
ARM GAS  C:\Users\leoja\AppData\Local\Temp\ccxelezc.s 			page 6


 233 00bb 6C010000 		.4byte	.LASF18
 234 00bf 01       		.byte	0x1
 235 00c0 14       		.byte	0x14
 236 00c1 00000000 		.4byte	.LFB63
 237 00c5 16000000 		.4byte	.LFE63-.LFB63
 238 00c9 01       		.uleb128 0x1
 239 00ca 9C       		.byte	0x9c
 240 00cb 05010000 		.4byte	0x105
 241 00cf 06       		.uleb128 0x6
 242 00d0 08000000 		.4byte	.LVL0
 243 00d4 F1010000 		.4byte	0x1f1
 244 00d8 E2000000 		.4byte	0xe2
 245 00dc 07       		.uleb128 0x7
 246 00dd 01       		.uleb128 0x1
 247 00de 50       		.byte	0x50
 248 00df 01       		.uleb128 0x1
 249 00e0 31       		.byte	0x31
 250 00e1 00       		.byte	0
 251 00e2 06       		.uleb128 0x6
 252 00e3 0E000000 		.4byte	.LVL1
 253 00e7 FC010000 		.4byte	0x1fc
 254 00eb F5000000 		.4byte	0xf5
 255 00ef 07       		.uleb128 0x7
 256 00f0 01       		.uleb128 0x1
 257 00f1 50       		.byte	0x50
 258 00f2 01       		.uleb128 0x1
 259 00f3 30       		.byte	0x30
 260 00f4 00       		.byte	0
 261 00f5 08       		.uleb128 0x8
 262 00f6 14000000 		.4byte	.LVL2
 263 00fa 07020000 		.4byte	0x207
 264 00fe 07       		.uleb128 0x7
 265 00ff 01       		.uleb128 0x1
 266 0100 50       		.byte	0x50
 267 0101 01       		.uleb128 0x1
 268 0102 31       		.byte	0x31
 269 0103 00       		.byte	0
 270 0104 00       		.byte	0
 271 0105 05       		.uleb128 0x5
 272 0106 EA010000 		.4byte	.LASF19
 273 010a 01       		.byte	0x1
 274 010b 1B       		.byte	0x1b
 275 010c 00000000 		.4byte	.LFB64
 276 0110 16000000 		.4byte	.LFE64-.LFB64
 277 0114 01       		.uleb128 0x1
 278 0115 9C       		.byte	0x9c
 279 0116 50010000 		.4byte	0x150
 280 011a 06       		.uleb128 0x6
 281 011b 08000000 		.4byte	.LVL3
 282 011f F1010000 		.4byte	0x1f1
 283 0123 2D010000 		.4byte	0x12d
 284 0127 07       		.uleb128 0x7
 285 0128 01       		.uleb128 0x1
 286 0129 50       		.byte	0x50
 287 012a 01       		.uleb128 0x1
 288 012b 31       		.byte	0x31
 289 012c 00       		.byte	0
ARM GAS  C:\Users\leoja\AppData\Local\Temp\ccxelezc.s 			page 7


 290 012d 06       		.uleb128 0x6
 291 012e 0E000000 		.4byte	.LVL4
 292 0132 07020000 		.4byte	0x207
 293 0136 40010000 		.4byte	0x140
 294 013a 07       		.uleb128 0x7
 295 013b 01       		.uleb128 0x1
 296 013c 50       		.byte	0x50
 297 013d 01       		.uleb128 0x1
 298 013e 30       		.byte	0x30
 299 013f 00       		.byte	0
 300 0140 08       		.uleb128 0x8
 301 0141 14000000 		.4byte	.LVL5
 302 0145 FC010000 		.4byte	0x1fc
 303 0149 07       		.uleb128 0x7
 304 014a 01       		.uleb128 0x1
 305 014b 50       		.byte	0x50
 306 014c 01       		.uleb128 0x1
 307 014d 31       		.byte	0x31
 308 014e 00       		.byte	0
 309 014f 00       		.byte	0
 310 0150 05       		.uleb128 0x5
 311 0151 22000000 		.4byte	.LASF20
 312 0155 01       		.byte	0x1
 313 0156 22       		.byte	0x22
 314 0157 00000000 		.4byte	.LFB65
 315 015b 10000000 		.4byte	.LFE65-.LFB65
 316 015f 01       		.uleb128 0x1
 317 0160 9C       		.byte	0x9c
 318 0161 88010000 		.4byte	0x188
 319 0165 06       		.uleb128 0x6
 320 0166 08000000 		.4byte	.LVL6
 321 016a F1010000 		.4byte	0x1f1
 322 016e 78010000 		.4byte	0x178
 323 0172 07       		.uleb128 0x7
 324 0173 01       		.uleb128 0x1
 325 0174 50       		.byte	0x50
 326 0175 01       		.uleb128 0x1
 327 0176 30       		.byte	0x30
 328 0177 00       		.byte	0
 329 0178 08       		.uleb128 0x8
 330 0179 0E000000 		.4byte	.LVL7
 331 017d FC010000 		.4byte	0x1fc
 332 0181 07       		.uleb128 0x7
 333 0182 01       		.uleb128 0x1
 334 0183 50       		.byte	0x50
 335 0184 01       		.uleb128 0x1
 336 0185 30       		.byte	0x30
 337 0186 00       		.byte	0
 338 0187 00       		.byte	0
 339 0188 09       		.uleb128 0x9
 340 0189 47020000 		.4byte	.LASF30
 341 018d 01       		.byte	0x1
 342 018e 34       		.byte	0x34
 343 018f 00000000 		.4byte	.LFB66
 344 0193 02000000 		.4byte	.LFE66-.LFB66
 345 0197 01       		.uleb128 0x1
 346 0198 9C       		.byte	0x9c
ARM GAS  C:\Users\leoja\AppData\Local\Temp\ccxelezc.s 			page 8


 347 0199 D0010000 		.4byte	0x1d0
 348 019d 0A       		.uleb128 0xa
 349 019e 83010000 		.4byte	.LASF21
 350 01a2 01       		.byte	0x1
 351 01a3 34       		.byte	0x34
 352 01a4 81000000 		.4byte	0x81
 353 01a8 01       		.uleb128 0x1
 354 01a9 50       		.byte	0x50
 355 01aa 0A       		.uleb128 0xa
 356 01ab 91010000 		.4byte	.LASF22
 357 01af 01       		.byte	0x1
 358 01b0 34       		.byte	0x34
 359 01b1 81000000 		.4byte	0x81
 360 01b5 01       		.uleb128 0x1
 361 01b6 51       		.byte	0x51
 362 01b7 0A       		.uleb128 0xa
 363 01b8 3D000000 		.4byte	.LASF23
 364 01bc 01       		.byte	0x1
 365 01bd 34       		.byte	0x34
 366 01be 81000000 		.4byte	0x81
 367 01c2 01       		.uleb128 0x1
 368 01c3 52       		.byte	0x52
 369 01c4 0B       		.uleb128 0xb
 370 01c5 38000000 		.4byte	.LASF31
 371 01c9 01       		.byte	0x1
 372 01ca 36       		.byte	0x36
 373 01cb D0010000 		.4byte	0x1d0
 374 01cf 00       		.byte	0
 375 01d0 0C       		.uleb128 0xc
 376 01d1 81000000 		.4byte	0x81
 377 01d5 E0010000 		.4byte	0x1e0
 378 01d9 0D       		.uleb128 0xd
 379 01da B3000000 		.4byte	0xb3
 380 01de 07       		.byte	0x7
 381 01df 00       		.byte	0
 382 01e0 0E       		.uleb128 0xe
 383 01e1 5F010000 		.4byte	.LASF32
 384 01e5 07       		.byte	0x7
 385 01e6 1207     		.2byte	0x712
 386 01e8 EC010000 		.4byte	0x1ec
 387 01ec 0F       		.uleb128 0xf
 388 01ed 8C000000 		.4byte	0x8c
 389 01f1 10       		.uleb128 0x10
 390 01f2 FE010000 		.4byte	.LASF24
 391 01f6 FE010000 		.4byte	.LASF24
 392 01fa 04       		.byte	0x4
 393 01fb 26       		.byte	0x26
 394 01fc 10       		.uleb128 0x10
 395 01fd DC010000 		.4byte	.LASF25
 396 0201 DC010000 		.4byte	.LASF25
 397 0205 05       		.byte	0x5
 398 0206 26       		.byte	0x26
 399 0207 10       		.uleb128 0x10
 400 0208 37020000 		.4byte	.LASF26
 401 020c 37020000 		.4byte	.LASF26
 402 0210 06       		.byte	0x6
 403 0211 26       		.byte	0x26
ARM GAS  C:\Users\leoja\AppData\Local\Temp\ccxelezc.s 			page 9


 404 0212 00       		.byte	0
 405              		.section	.debug_abbrev,"",%progbits
 406              	.Ldebug_abbrev0:
 407 0000 01       		.uleb128 0x1
 408 0001 11       		.uleb128 0x11
 409 0002 01       		.byte	0x1
 410 0003 25       		.uleb128 0x25
 411 0004 0E       		.uleb128 0xe
 412 0005 13       		.uleb128 0x13
 413 0006 0B       		.uleb128 0xb
 414 0007 03       		.uleb128 0x3
 415 0008 0E       		.uleb128 0xe
 416 0009 1B       		.uleb128 0x1b
 417 000a 0E       		.uleb128 0xe
 418 000b 55       		.uleb128 0x55
 419 000c 17       		.uleb128 0x17
 420 000d 11       		.uleb128 0x11
 421 000e 01       		.uleb128 0x1
 422 000f 10       		.uleb128 0x10
 423 0010 17       		.uleb128 0x17
 424 0011 00       		.byte	0
 425 0012 00       		.byte	0
 426 0013 02       		.uleb128 0x2
 427 0014 24       		.uleb128 0x24
 428 0015 00       		.byte	0
 429 0016 0B       		.uleb128 0xb
 430 0017 0B       		.uleb128 0xb
 431 0018 3E       		.uleb128 0x3e
 432 0019 0B       		.uleb128 0xb
 433 001a 03       		.uleb128 0x3
 434 001b 0E       		.uleb128 0xe
 435 001c 00       		.byte	0
 436 001d 00       		.byte	0
 437 001e 03       		.uleb128 0x3
 438 001f 16       		.uleb128 0x16
 439 0020 00       		.byte	0
 440 0021 03       		.uleb128 0x3
 441 0022 0E       		.uleb128 0xe
 442 0023 3A       		.uleb128 0x3a
 443 0024 0B       		.uleb128 0xb
 444 0025 3B       		.uleb128 0x3b
 445 0026 0B       		.uleb128 0xb
 446 0027 49       		.uleb128 0x49
 447 0028 13       		.uleb128 0x13
 448 0029 00       		.byte	0
 449 002a 00       		.byte	0
 450 002b 04       		.uleb128 0x4
 451 002c 24       		.uleb128 0x24
 452 002d 00       		.byte	0
 453 002e 0B       		.uleb128 0xb
 454 002f 0B       		.uleb128 0xb
 455 0030 3E       		.uleb128 0x3e
 456 0031 0B       		.uleb128 0xb
 457 0032 03       		.uleb128 0x3
 458 0033 08       		.uleb128 0x8
 459 0034 00       		.byte	0
 460 0035 00       		.byte	0
ARM GAS  C:\Users\leoja\AppData\Local\Temp\ccxelezc.s 			page 10


 461 0036 05       		.uleb128 0x5
 462 0037 2E       		.uleb128 0x2e
 463 0038 01       		.byte	0x1
 464 0039 3F       		.uleb128 0x3f
 465 003a 19       		.uleb128 0x19
 466 003b 03       		.uleb128 0x3
 467 003c 0E       		.uleb128 0xe
 468 003d 3A       		.uleb128 0x3a
 469 003e 0B       		.uleb128 0xb
 470 003f 3B       		.uleb128 0x3b
 471 0040 0B       		.uleb128 0xb
 472 0041 11       		.uleb128 0x11
 473 0042 01       		.uleb128 0x1
 474 0043 12       		.uleb128 0x12
 475 0044 06       		.uleb128 0x6
 476 0045 40       		.uleb128 0x40
 477 0046 18       		.uleb128 0x18
 478 0047 9742     		.uleb128 0x2117
 479 0049 19       		.uleb128 0x19
 480 004a 01       		.uleb128 0x1
 481 004b 13       		.uleb128 0x13
 482 004c 00       		.byte	0
 483 004d 00       		.byte	0
 484 004e 06       		.uleb128 0x6
 485 004f 898201   		.uleb128 0x4109
 486 0052 01       		.byte	0x1
 487 0053 11       		.uleb128 0x11
 488 0054 01       		.uleb128 0x1
 489 0055 31       		.uleb128 0x31
 490 0056 13       		.uleb128 0x13
 491 0057 01       		.uleb128 0x1
 492 0058 13       		.uleb128 0x13
 493 0059 00       		.byte	0
 494 005a 00       		.byte	0
 495 005b 07       		.uleb128 0x7
 496 005c 8A8201   		.uleb128 0x410a
 497 005f 00       		.byte	0
 498 0060 02       		.uleb128 0x2
 499 0061 18       		.uleb128 0x18
 500 0062 9142     		.uleb128 0x2111
 501 0064 18       		.uleb128 0x18
 502 0065 00       		.byte	0
 503 0066 00       		.byte	0
 504 0067 08       		.uleb128 0x8
 505 0068 898201   		.uleb128 0x4109
 506 006b 01       		.byte	0x1
 507 006c 11       		.uleb128 0x11
 508 006d 01       		.uleb128 0x1
 509 006e 31       		.uleb128 0x31
 510 006f 13       		.uleb128 0x13
 511 0070 00       		.byte	0
 512 0071 00       		.byte	0
 513 0072 09       		.uleb128 0x9
 514 0073 2E       		.uleb128 0x2e
 515 0074 01       		.byte	0x1
 516 0075 3F       		.uleb128 0x3f
 517 0076 19       		.uleb128 0x19
ARM GAS  C:\Users\leoja\AppData\Local\Temp\ccxelezc.s 			page 11


 518 0077 03       		.uleb128 0x3
 519 0078 0E       		.uleb128 0xe
 520 0079 3A       		.uleb128 0x3a
 521 007a 0B       		.uleb128 0xb
 522 007b 3B       		.uleb128 0x3b
 523 007c 0B       		.uleb128 0xb
 524 007d 27       		.uleb128 0x27
 525 007e 19       		.uleb128 0x19
 526 007f 11       		.uleb128 0x11
 527 0080 01       		.uleb128 0x1
 528 0081 12       		.uleb128 0x12
 529 0082 06       		.uleb128 0x6
 530 0083 40       		.uleb128 0x40
 531 0084 18       		.uleb128 0x18
 532 0085 9742     		.uleb128 0x2117
 533 0087 19       		.uleb128 0x19
 534 0088 01       		.uleb128 0x1
 535 0089 13       		.uleb128 0x13
 536 008a 00       		.byte	0
 537 008b 00       		.byte	0
 538 008c 0A       		.uleb128 0xa
 539 008d 05       		.uleb128 0x5
 540 008e 00       		.byte	0
 541 008f 03       		.uleb128 0x3
 542 0090 0E       		.uleb128 0xe
 543 0091 3A       		.uleb128 0x3a
 544 0092 0B       		.uleb128 0xb
 545 0093 3B       		.uleb128 0x3b
 546 0094 0B       		.uleb128 0xb
 547 0095 49       		.uleb128 0x49
 548 0096 13       		.uleb128 0x13
 549 0097 02       		.uleb128 0x2
 550 0098 18       		.uleb128 0x18
 551 0099 00       		.byte	0
 552 009a 00       		.byte	0
 553 009b 0B       		.uleb128 0xb
 554 009c 34       		.uleb128 0x34
 555 009d 00       		.byte	0
 556 009e 03       		.uleb128 0x3
 557 009f 0E       		.uleb128 0xe
 558 00a0 3A       		.uleb128 0x3a
 559 00a1 0B       		.uleb128 0xb
 560 00a2 3B       		.uleb128 0x3b
 561 00a3 0B       		.uleb128 0xb
 562 00a4 49       		.uleb128 0x49
 563 00a5 13       		.uleb128 0x13
 564 00a6 00       		.byte	0
 565 00a7 00       		.byte	0
 566 00a8 0C       		.uleb128 0xc
 567 00a9 01       		.uleb128 0x1
 568 00aa 01       		.byte	0x1
 569 00ab 49       		.uleb128 0x49
 570 00ac 13       		.uleb128 0x13
 571 00ad 01       		.uleb128 0x1
 572 00ae 13       		.uleb128 0x13
 573 00af 00       		.byte	0
 574 00b0 00       		.byte	0
ARM GAS  C:\Users\leoja\AppData\Local\Temp\ccxelezc.s 			page 12


 575 00b1 0D       		.uleb128 0xd
 576 00b2 21       		.uleb128 0x21
 577 00b3 00       		.byte	0
 578 00b4 49       		.uleb128 0x49
 579 00b5 13       		.uleb128 0x13
 580 00b6 2F       		.uleb128 0x2f
 581 00b7 0B       		.uleb128 0xb
 582 00b8 00       		.byte	0
 583 00b9 00       		.byte	0
 584 00ba 0E       		.uleb128 0xe
 585 00bb 34       		.uleb128 0x34
 586 00bc 00       		.byte	0
 587 00bd 03       		.uleb128 0x3
 588 00be 0E       		.uleb128 0xe
 589 00bf 3A       		.uleb128 0x3a
 590 00c0 0B       		.uleb128 0xb
 591 00c1 3B       		.uleb128 0x3b
 592 00c2 05       		.uleb128 0x5
 593 00c3 49       		.uleb128 0x49
 594 00c4 13       		.uleb128 0x13
 595 00c5 3F       		.uleb128 0x3f
 596 00c6 19       		.uleb128 0x19
 597 00c7 3C       		.uleb128 0x3c
 598 00c8 19       		.uleb128 0x19
 599 00c9 00       		.byte	0
 600 00ca 00       		.byte	0
 601 00cb 0F       		.uleb128 0xf
 602 00cc 35       		.uleb128 0x35
 603 00cd 00       		.byte	0
 604 00ce 49       		.uleb128 0x49
 605 00cf 13       		.uleb128 0x13
 606 00d0 00       		.byte	0
 607 00d1 00       		.byte	0
 608 00d2 10       		.uleb128 0x10
 609 00d3 2E       		.uleb128 0x2e
 610 00d4 00       		.byte	0
 611 00d5 3F       		.uleb128 0x3f
 612 00d6 19       		.uleb128 0x19
 613 00d7 3C       		.uleb128 0x3c
 614 00d8 19       		.uleb128 0x19
 615 00d9 6E       		.uleb128 0x6e
 616 00da 0E       		.uleb128 0xe
 617 00db 03       		.uleb128 0x3
 618 00dc 0E       		.uleb128 0xe
 619 00dd 3A       		.uleb128 0x3a
 620 00de 0B       		.uleb128 0xb
 621 00df 3B       		.uleb128 0x3b
 622 00e0 0B       		.uleb128 0xb
 623 00e1 00       		.byte	0
 624 00e2 00       		.byte	0
 625 00e3 00       		.byte	0
 626              		.section	.debug_aranges,"",%progbits
 627 0000 34000000 		.4byte	0x34
 628 0004 0200     		.2byte	0x2
 629 0006 00000000 		.4byte	.Ldebug_info0
 630 000a 04       		.byte	0x4
 631 000b 00       		.byte	0
ARM GAS  C:\Users\leoja\AppData\Local\Temp\ccxelezc.s 			page 13


 632 000c 0000     		.2byte	0
 633 000e 0000     		.2byte	0
 634 0010 00000000 		.4byte	.LFB63
 635 0014 16000000 		.4byte	.LFE63-.LFB63
 636 0018 00000000 		.4byte	.LFB64
 637 001c 16000000 		.4byte	.LFE64-.LFB64
 638 0020 00000000 		.4byte	.LFB65
 639 0024 10000000 		.4byte	.LFE65-.LFB65
 640 0028 00000000 		.4byte	.LFB66
 641 002c 02000000 		.4byte	.LFE66-.LFB66
 642 0030 00000000 		.4byte	0
 643 0034 00000000 		.4byte	0
 644              		.section	.debug_ranges,"",%progbits
 645              	.Ldebug_ranges0:
 646 0000 00000000 		.4byte	.LFB63
 647 0004 16000000 		.4byte	.LFE63
 648 0008 00000000 		.4byte	.LFB64
 649 000c 16000000 		.4byte	.LFE64
 650 0010 00000000 		.4byte	.LFB65
 651 0014 10000000 		.4byte	.LFE65
 652 0018 00000000 		.4byte	.LFB66
 653 001c 02000000 		.4byte	.LFE66
 654 0020 00000000 		.4byte	0
 655 0024 00000000 		.4byte	0
 656              		.section	.debug_line,"",%progbits
 657              	.Ldebug_line0:
 658 0000 B9010000 		.section	.debug_str,"MS",%progbits,1
 658      02006F01 
 658      00000201 
 658      FB0E0D00 
 658      01010101 
 659              	.LASF8:
 660 0000 6C6F6E67 		.ascii	"long long int\000"
 660      206C6F6E 
 660      6720696E 
 660      7400
 661              	.LASF4:
 662 000e 5F5F7569 		.ascii	"__uint8_t\000"
 662      6E74385F 
 662      7400
 663              	.LASF5:
 664 0018 5F5F696E 		.ascii	"__int32_t\000"
 664      7433325F 
 664      7400
 665              	.LASF20:
 666 0022 636C6561 		.ascii	"clear_interlock\000"
 666      725F696E 
 666      7465726C 
 666      6F636B00 
 667              	.LASF13:
 668 0032 666C6F61 		.ascii	"float\000"
 668      7400
 669              	.LASF31:
 670 0038 64617461 		.ascii	"data\000"
 670      00
 671              	.LASF23:
 672 003d 73687574 		.ascii	"shutdown_flags\000"
ARM GAS  C:\Users\leoja\AppData\Local\Temp\ccxelezc.s 			page 14


 672      646F776E 
 672      5F666C61 
 672      677300
 673              	.LASF1:
 674 004c 756E7369 		.ascii	"unsigned char\000"
 674      676E6564 
 674      20636861 
 674      7200
 675              	.LASF27:
 676 005a 474E5520 		.ascii	"GNU C11 5.4.1 20160609 (release) [ARM/embedded-5-br"
 676      43313120 
 676      352E342E 
 676      31203230 
 676      31363036 
 677 008d 616E6368 		.ascii	"anch revision 237715] -mcpu=cortex-m3 -mthumb -g -O"
 677      20726576 
 677      6973696F 
 677      6E203233 
 677      37373135 
 678 00c0 67202D66 		.ascii	"g -ffunction-sections -ffat-lto-objects\000"
 678      66756E63 
 678      74696F6E 
 678      2D736563 
 678      74696F6E 
 679              	.LASF7:
 680 00e8 6C6F6E67 		.ascii	"long unsigned int\000"
 680      20756E73 
 680      69676E65 
 680      6420696E 
 680      7400
 681              	.LASF3:
 682 00fa 73686F72 		.ascii	"short unsigned int\000"
 682      7420756E 
 682      7369676E 
 682      65642069 
 682      6E7400
 683              	.LASF29:
 684 010d 433A5C55 		.ascii	"C:\\Users\\leoja\\Documents\\GitHub\\PEI-Firmware-F"
 684      73657273 
 684      5C6C656F 
 684      6A615C44 
 684      6F63756D 
 685 013b 4531305C 		.ascii	"E10\\PSOC_VCU_Example\\Design01.cydsn\000"
 685      50534F43 
 685      5F564355 
 685      5F457861 
 685      6D706C65 
 686              	.LASF32:
 687 015f 49544D5F 		.ascii	"ITM_RxBuffer\000"
 687      52784275 
 687      66666572 
 687      00
 688              	.LASF18:
 689 016c 636C6F73 		.ascii	"close_precharge\000"
 689      655F7072 
 689      65636861 
 689      72676500 
ARM GAS  C:\Users\leoja\AppData\Local\Temp\ccxelezc.s 			page 15


 690              	.LASF14:
 691 017c 646F7562 		.ascii	"double\000"
 691      6C6500
 692              	.LASF21:
 693 0183 63757272 		.ascii	"current_upper\000"
 693      656E745F 
 693      75707065 
 693      7200
 694              	.LASF22:
 695 0191 63757272 		.ascii	"current_lower\000"
 695      656E745F 
 695      6C6F7765 
 695      7200
 696              	.LASF10:
 697 019f 756E7369 		.ascii	"unsigned int\000"
 697      676E6564 
 697      20696E74 
 697      00
 698              	.LASF9:
 699 01ac 6C6F6E67 		.ascii	"long long unsigned int\000"
 699      206C6F6E 
 699      6720756E 
 699      7369676E 
 699      65642069 
 700              	.LASF11:
 701 01c3 75696E74 		.ascii	"uint8_t\000"
 701      385F7400 
 702              	.LASF12:
 703 01cb 696E7433 		.ascii	"int32_t\000"
 703      325F7400 
 704              	.LASF17:
 705 01d3 73697A65 		.ascii	"sizetype\000"
 705      74797065 
 705      00
 706              	.LASF25:
 707 01dc 4149525F 		.ascii	"AIR_POS_Write\000"
 707      504F535F 
 707      57726974 
 707      6500
 708              	.LASF19:
 709 01ea 6F70656E 		.ascii	"open_precharge\000"
 709      5F707265 
 709      63686172 
 709      676500
 710              	.LASF15:
 711 01f9 63686172 		.ascii	"char\000"
 711      00
 712              	.LASF24:
 713 01fe 4149525F 		.ascii	"AIR_NEG_Write\000"
 713      4E45475F 
 713      57726974 
 713      6500
 714              	.LASF2:
 715 020c 73686F72 		.ascii	"short int\000"
 715      7420696E 
 715      7400
 716              	.LASF6:
ARM GAS  C:\Users\leoja\AppData\Local\Temp\ccxelezc.s 			page 16


 717 0216 6C6F6E67 		.ascii	"long int\000"
 717      20696E74 
 717      00
 718              	.LASF16:
 719 021f 6C6F6E67 		.ascii	"long double\000"
 719      20646F75 
 719      626C6500 
 720              	.LASF0:
 721 022b 7369676E 		.ascii	"signed char\000"
 721      65642063 
 721      68617200 
 722              	.LASF26:
 723 0237 50726563 		.ascii	"Precharge_Write\000"
 723      68617267 
 723      655F5772 
 723      69746500 
 724              	.LASF30:
 725 0247 63616E5F 		.ascii	"can_send_PEI\000"
 725      73656E64 
 725      5F504549 
 725      00
 726              	.LASF28:
 727 0254 63616E5F 		.ascii	"can_manager.c\000"
 727      6D616E61 
 727      6765722E 
 727      6300
 728              		.ident	"GCC: (GNU Tools for ARM Embedded Processors) 5.4.1 20160609 (release) [ARM/embedded-5-bran
