ARM GAS  C:\Users\JUSTIN~1\AppData\Local\Temp\ccV0kuBK.s 			page 1


   1              		.syntax unified
   2              		.cpu cortex-m3
   3              		.fpu softvfp
   4              		.eabi_attribute 20, 1
   5              		.eabi_attribute 21, 1
   6              		.eabi_attribute 23, 3
   7              		.eabi_attribute 24, 1
   8              		.eabi_attribute 25, 1
   9              		.eabi_attribute 26, 1
  10              		.eabi_attribute 30, 1
  11              		.eabi_attribute 34, 1
  12              		.eabi_attribute 18, 4
  13              		.thumb
  14              		.syntax unified
  15              		.file	"cymetadata.c"
  16              		.text
  17              	.Ltext0:
  18              		.cfi_sections	.debug_frame
  19              		.global	cy_metadata
  20              		.global	cy_meta_flashprotect
  21              		.global	cy_meta_wonvl
  22              		.global	cy_meta_custnvl
  23              		.global	cy_meta_configecc
  24              		.section	.cyconfigecc,"a",%progbits
  25              		.align	2
  26              		.type	cy_meta_configecc, %object
  27              		.size	cy_meta_configecc, 672
  28              	cy_meta_configecc:
  29 0000 06       		.byte	6
  30 0001 52       		.byte	82
  31 0002 00       		.byte	0
  32 0003 40       		.byte	64
  33 0004 02       		.byte	2
  34 0005 64       		.byte	100
  35 0006 00       		.byte	0
  36 0007 40       		.byte	64
  37 0008 01       		.byte	1
  38 0009 05       		.byte	5
  39 000a 01       		.byte	1
  40 000b 40       		.byte	64
  41 000c 08       		.byte	8
  42 000d 09       		.byte	9
  43 000e 01       		.byte	1
  44 000f 40       		.byte	64
  45 0010 15       		.byte	21
  46 0011 0A       		.byte	10
  47 0012 01       		.byte	1
  48 0013 40       		.byte	64
  49 0014 52       		.byte	82
  50 0015 0B       		.byte	11
  51 0016 01       		.byte	1
  52 0017 40       		.byte	64
  53 0018 03       		.byte	3
  54 0019 0D       		.byte	13
  55 001a 01       		.byte	1
  56 001b 40       		.byte	64
  57 001c 04       		.byte	4
ARM GAS  C:\Users\JUSTIN~1\AppData\Local\Temp\ccV0kuBK.s 			page 2


  58 001d 41       		.byte	65
  59 001e 01       		.byte	1
  60 001f 40       		.byte	64
  61 0020 05       		.byte	5
  62 0021 42       		.byte	66
  63 0022 01       		.byte	1
  64 0023 40       		.byte	64
  65 0024 04       		.byte	4
  66 0025 44       		.byte	68
  67 0026 01       		.byte	1
  68 0027 40       		.byte	64
  69 0028 1D       		.byte	29
  70 0029 45       		.byte	69
  71 002a 01       		.byte	1
  72 002b 40       		.byte	64
  73 002c 17       		.byte	23
  74 002d 46       		.byte	70
  75 002e 01       		.byte	1
  76 002f 40       		.byte	64
  77 0030 0A       		.byte	10
  78 0031 47       		.byte	71
  79 0032 01       		.byte	1
  80 0033 40       		.byte	64
  81 0034 02       		.byte	2
  82 0035 4C       		.byte	76
  83 0036 01       		.byte	1
  84 0037 40       		.byte	64
  85 0038 06       		.byte	6
  86 0039 4D       		.byte	77
  87 003a 01       		.byte	1
  88 003b 40       		.byte	64
  89 003c 02       		.byte	2
  90 003d 50       		.byte	80
  91 003e 01       		.byte	1
  92 003f 40       		.byte	64
  93 0040 00       		.byte	0
  94 0041 20       		.byte	32
  95 0042 10       		.byte	16
  96 0043 AA       		.byte	-86
  97 0044 11       		.byte	17
  98 0045 63       		.byte	99
  99 0046 12       		.byte	18
 100 0047 FF       		.byte	-1
 101 0048 30       		.byte	48
 102 0049 80       		.byte	-128
 103 004a 78       		.byte	120
 104 004b 10       		.byte	16
 105 004c 2A       		.byte	42
 106 004d 08       		.byte	8
 107 004e 3A       		.byte	58
 108 004f 09       		.byte	9
 109 0050 E2       		.byte	-30
 110 0051 42       		.byte	66
 111 0052 A9       		.byte	-87
 112 0053 98       		.byte	-104
 113 0054 AB       		.byte	-85
 114 0055 10       		.byte	16
ARM GAS  C:\Users\JUSTIN~1\AppData\Local\Temp\ccV0kuBK.s 			page 3


 115 0056 AE       		.byte	-82
 116 0057 03       		.byte	3
 117 0058 B0       		.byte	-80
 118 0059 40       		.byte	64
 119 005a B5       		.byte	-75
 120 005b 20       		.byte	32
 121 005c B6       		.byte	-74
 122 005d C0       		.byte	-64
 123 005e EA       		.byte	-22
 124 005f 07       		.byte	7
 125 0060 EC       		.byte	-20
 126 0061 07       		.byte	7
 127 0062 80       		.byte	-128
 128 0063 20       		.byte	32
 129 0064 86       		.byte	-122
 130 0065 80       		.byte	-128
 131 0066 88       		.byte	-120
 132 0067 51       		.byte	81
 133 0068 8A       		.byte	-118
 134 0069 2A       		.byte	42
 135 006a 8C       		.byte	-116
 136 006b 7D       		.byte	125
 137 006c 94       		.byte	-108
 138 006d 08       		.byte	8
 139 006e 96       		.byte	-106
 140 006f 36       		.byte	54
 141 0070 98       		.byte	-104
 142 0071 03       		.byte	3
 143 0072 A2       		.byte	-94
 144 0073 10       		.byte	16
 145 0074 A4       		.byte	-92
 146 0075 07       		.byte	7
 147 0076 A6       		.byte	-90
 148 0077 48       		.byte	72
 149 0078 AA       		.byte	-86
 150 0079 80       		.byte	-128
 151 007a B0       		.byte	-80
 152 007b 80       		.byte	-128
 153 007c B2       		.byte	-78
 154 007d 3F       		.byte	63
 155 007e B4       		.byte	-76
 156 007f 40       		.byte	64
 157 0080 B8       		.byte	-72
 158 0081 22       		.byte	34
 159 0082 BE       		.byte	-66
 160 0083 01       		.byte	1
 161 0084 D4       		.byte	-44
 162 0085 02       		.byte	2
 163 0086 D8       		.byte	-40
 164 0087 04       		.byte	4
 165 0088 DB       		.byte	-37
 166 0089 04       		.byte	4
 167 008a DF       		.byte	-33
 168 008b 01       		.byte	1
 169 008c 01       		.byte	1
 170 008d 80       		.byte	-128
 171 008e 03       		.byte	3
ARM GAS  C:\Users\JUSTIN~1\AppData\Local\Temp\ccV0kuBK.s 			page 4


 172 008f 08       		.byte	8
 173 0090 04       		.byte	4
 174 0091 10       		.byte	16
 175 0092 05       		.byte	5
 176 0093 86       		.byte	-122
 177 0094 0A       		.byte	10
 178 0095 08       		.byte	8
 179 0096 0B       		.byte	11
 180 0097 01       		.byte	1
 181 0098 0D       		.byte	13
 182 0099 20       		.byte	32
 183 009a 0F       		.byte	15
 184 009b 20       		.byte	32
 185 009c 10       		.byte	16
 186 009d 82       		.byte	-126
 187 009e 11       		.byte	17
 188 009f 10       		.byte	16
 189 00a0 12       		.byte	18
 190 00a1 20       		.byte	32
 191 00a2 15       		.byte	21
 192 00a3 02       		.byte	2
 193 00a4 16       		.byte	22
 194 00a5 04       		.byte	4
 195 00a6 17       		.byte	23
 196 00a7 08       		.byte	8
 197 00a8 18       		.byte	24
 198 00a9 04       		.byte	4
 199 00aa 19       		.byte	25
 200 00ab 80       		.byte	-128
 201 00ac 1A       		.byte	26
 202 00ad 88       		.byte	-120
 203 00ae 1B       		.byte	27
 204 00af 15       		.byte	21
 205 00b0 1C       		.byte	28
 206 00b1 50       		.byte	80
 207 00b2 1F       		.byte	31
 208 00b3 28       		.byte	40
 209 00b4 20       		.byte	32
 210 00b5 08       		.byte	8
 211 00b6 21       		.byte	33
 212 00b7 80       		.byte	-128
 213 00b8 22       		.byte	34
 214 00b9 21       		.byte	33
 215 00ba 23       		.byte	35
 216 00bb 28       		.byte	40
 217 00bc 29       		.byte	41
 218 00bd 80       		.byte	-128
 219 00be 2B       		.byte	43
 220 00bf 08       		.byte	8
 221 00c0 31       		.byte	49
 222 00c1 80       		.byte	-128
 223 00c2 32       		.byte	50
 224 00c3 24       		.byte	36
 225 00c4 39       		.byte	57
 226 00c5 50       		.byte	80
 227 00c6 3B       		.byte	59
 228 00c7 01       		.byte	1
ARM GAS  C:\Users\JUSTIN~1\AppData\Local\Temp\ccV0kuBK.s 			page 5


 229 00c8 40       		.byte	64
 230 00c9 04       		.byte	4
 231 00ca 43       		.byte	67
 232 00cb 08       		.byte	8
 233 00cc 48       		.byte	72
 234 00cd 04       		.byte	4
 235 00ce 49       		.byte	73
 236 00cf 06       		.byte	6
 237 00d0 4B       		.byte	75
 238 00d1 01       		.byte	1
 239 00d2 50       		.byte	80
 240 00d3 82       		.byte	-126
 241 00d4 51       		.byte	81
 242 00d5 21       		.byte	33
 243 00d6 52       		.byte	82
 244 00d7 04       		.byte	4
 245 00d8 58       		.byte	88
 246 00d9 82       		.byte	-126
 247 00da 5A       		.byte	90
 248 00db 04       		.byte	4
 249 00dc 5B       		.byte	91
 250 00dd 10       		.byte	16
 251 00de 5C       		.byte	92
 252 00df 40       		.byte	64
 253 00e0 5D       		.byte	93
 254 00e1 20       		.byte	32
 255 00e2 61       		.byte	97
 256 00e3 08       		.byte	8
 257 00e4 62       		.byte	98
 258 00e5 42       		.byte	66
 259 00e6 63       		.byte	99
 260 00e7 04       		.byte	4
 261 00e8 68       		.byte	104
 262 00e9 40       		.byte	64
 263 00ea 69       		.byte	105
 264 00eb 54       		.byte	84
 265 00ec 71       		.byte	113
 266 00ed 10       		.byte	16
 267 00ee 72       		.byte	114
 268 00ef A0       		.byte	-96
 269 00f0 73       		.byte	115
 270 00f1 02       		.byte	2
 271 00f2 7B       		.byte	123
 272 00f3 01       		.byte	1
 273 00f4 81       		.byte	-127
 274 00f5 40       		.byte	64
 275 00f6 82       		.byte	-126
 276 00f7 20       		.byte	32
 277 00f8 87       		.byte	-121
 278 00f9 20       		.byte	32
 279 00fa 89       		.byte	-119
 280 00fb 14       		.byte	20
 281 00fc 8F       		.byte	-113
 282 00fd 20       		.byte	32
 283 00fe 92       		.byte	-110
 284 00ff 04       		.byte	4
 285 0100 93       		.byte	-109
ARM GAS  C:\Users\JUSTIN~1\AppData\Local\Temp\ccV0kuBK.s 			page 6


 286 0101 04       		.byte	4
 287 0102 98       		.byte	-104
 288 0103 82       		.byte	-126
 289 0104 9A       		.byte	-102
 290 0105 40       		.byte	64
 291 0106 9F       		.byte	-97
 292 0107 02       		.byte	2
 293 0108 A7       		.byte	-89
 294 0109 04       		.byte	4
 295 010a AB       		.byte	-85
 296 010b 04       		.byte	4
 297 010c B0       		.byte	-80
 298 010d 02       		.byte	2
 299 010e B2       		.byte	-78
 300 010f 40       		.byte	64
 301 0110 B3       		.byte	-77
 302 0111 04       		.byte	4
 303 0112 C0       		.byte	-64
 304 0113 F3       		.byte	-13
 305 0114 C2       		.byte	-62
 306 0115 63       		.byte	99
 307 0116 C4       		.byte	-60
 308 0117 7F       		.byte	127
 309 0118 CA       		.byte	-54
 310 0119 0C       		.byte	12
 311 011a CC       		.byte	-52
 312 011b 0E       		.byte	14
 313 011c CE       		.byte	-50
 314 011d 0D       		.byte	13
 315 011e D0       		.byte	-48
 316 011f 06       		.byte	6
 317 0120 D2       		.byte	-46
 318 0121 04       		.byte	4
 319 0122 D6       		.byte	-42
 320 0123 3F       		.byte	63
 321 0124 D8       		.byte	-40
 322 0125 0F       		.byte	15
 323 0126 DE       		.byte	-34
 324 0127 08       		.byte	8
 325 0128 E0       		.byte	-32
 326 0129 04       		.byte	4
 327 012a E2       		.byte	-30
 328 012b 40       		.byte	64
 329 012c E4       		.byte	-28
 330 012d 04       		.byte	4
 331 012e EC       		.byte	-20
 332 012f 04       		.byte	4
 333 0130 8A       		.byte	-118
 334 0131 04       		.byte	4
 335 0132 8B       		.byte	-117
 336 0133 02       		.byte	2
 337 0134 8C       		.byte	-116
 338 0135 80       		.byte	-128
 339 0136 51       		.byte	81
 340 0137 10       		.byte	16
 341 0138 5D       		.byte	93
 342 0139 02       		.byte	2
ARM GAS  C:\Users\JUSTIN~1\AppData\Local\Temp\ccV0kuBK.s 			page 7


 343 013a D4       		.byte	-44
 344 013b 20       		.byte	32
 345 013c D6       		.byte	-42
 346 013d 80       		.byte	-128
 347 013e 85       		.byte	-123
 348 013f 10       		.byte	16
 349 0140 8D       		.byte	-115
 350 0141 02       		.byte	2
 351 0142 95       		.byte	-107
 352 0143 20       		.byte	32
 353 0144 9D       		.byte	-99
 354 0145 02       		.byte	2
 355 0146 E2       		.byte	-30
 356 0147 40       		.byte	64
 357 0148 08       		.byte	8
 358 0149 10       		.byte	16
 359 014a 5D       		.byte	93
 360 014b 02       		.byte	2
 361 014c C2       		.byte	-62
 362 014d 02       		.byte	2
 363 014e D6       		.byte	-42
 364 014f 01       		.byte	1
 365 0150 02       		.byte	2
 366 0151 02       		.byte	2
 367 0152 03       		.byte	3
 368 0153 40       		.byte	64
 369 0154 05       		.byte	5
 370 0155 20       		.byte	32
 371 0156 06       		.byte	6
 372 0157 20       		.byte	32
 373 0158 0B       		.byte	11
 374 0159 81       		.byte	-127
 375 015a 0C       		.byte	12
 376 015b 08       		.byte	8
 377 015c 0E       		.byte	14
 378 015d 04       		.byte	4
 379 015e 53       		.byte	83
 380 015f 11       		.byte	17
 381 0160 55       		.byte	85
 382 0161 08       		.byte	8
 383 0162 58       		.byte	88
 384 0163 02       		.byte	2
 385 0164 5C       		.byte	92
 386 0165 01       		.byte	1
 387 0166 5E       		.byte	94
 388 0167 20       		.byte	32
 389 0168 61       		.byte	97
 390 0169 20       		.byte	32
 391 016a 65       		.byte	101
 392 016b 08       		.byte	8
 393 016c 6F       		.byte	111
 394 016d 20       		.byte	32
 395 016e 88       		.byte	-120
 396 016f 02       		.byte	2
 397 0170 8A       		.byte	-118
 398 0171 02       		.byte	2
 399 0172 8F       		.byte	-113
ARM GAS  C:\Users\JUSTIN~1\AppData\Local\Temp\ccV0kuBK.s 			page 8


 400 0173 40       		.byte	64
 401 0174 98       		.byte	-104
 402 0175 10       		.byte	16
 403 0176 9D       		.byte	-99
 404 0177 02       		.byte	2
 405 0178 C0       		.byte	-64
 406 0179 0F       		.byte	15
 407 017a C2       		.byte	-62
 408 017b 0F       		.byte	15
 409 017c D4       		.byte	-44
 410 017d 07       		.byte	7
 411 017e D6       		.byte	-42
 412 017f 07       		.byte	7
 413 0180 D8       		.byte	-40
 414 0181 03       		.byte	3
 415 0182 DA       		.byte	-38
 416 0183 01       		.byte	1
 417 0184 E0       		.byte	-32
 418 0185 04       		.byte	4
 419 0186 E2       		.byte	-30
 420 0187 08       		.byte	8
 421 0188 E6       		.byte	-26
 422 0189 04       		.byte	4
 423 018a 50       		.byte	80
 424 018b 04       		.byte	4
 425 018c 56       		.byte	86
 426 018d 08       		.byte	8
 427 018e 81       		.byte	-127
 428 018f 20       		.byte	32
 429 0190 83       		.byte	-125
 430 0191 01       		.byte	1
 431 0192 8A       		.byte	-118
 432 0193 10       		.byte	16
 433 0194 8B       		.byte	-117
 434 0195 10       		.byte	16
 435 0196 92       		.byte	-110
 436 0197 04       		.byte	4
 437 0198 93       		.byte	-109
 438 0199 01       		.byte	1
 439 019a 94       		.byte	-108
 440 019b 01       		.byte	1
 441 019c 97       		.byte	-105
 442 019d 22       		.byte	34
 443 019e 98       		.byte	-104
 444 019f 10       		.byte	16
 445 01a0 9A       		.byte	-102
 446 01a1 20       		.byte	32
 447 01a2 9D       		.byte	-99
 448 01a3 0A       		.byte	10
 449 01a4 A5       		.byte	-91
 450 01a5 28       		.byte	40
 451 01a6 A6       		.byte	-90
 452 01a7 10       		.byte	16
 453 01a8 AB       		.byte	-85
 454 01a9 20       		.byte	32
 455 01aa B0       		.byte	-80
 456 01ab 08       		.byte	8
ARM GAS  C:\Users\JUSTIN~1\AppData\Local\Temp\ccV0kuBK.s 			page 9


 457 01ac B1       		.byte	-79
 458 01ad 20       		.byte	32
 459 01ae B3       		.byte	-77
 460 01af 40       		.byte	64
 461 01b0 D4       		.byte	-44
 462 01b1 06       		.byte	6
 463 01b2 E0       		.byte	-32
 464 01b3 05       		.byte	5
 465 01b4 EA       		.byte	-22
 466 01b5 04       		.byte	4
 467 01b6 EE       		.byte	-18
 468 01b7 05       		.byte	5
 469 01b8 98       		.byte	-104
 470 01b9 10       		.byte	16
 471 01ba 9D       		.byte	-99
 472 01bb 02       		.byte	2
 473 01bc A8       		.byte	-88
 474 01bd 04       		.byte	4
 475 01be A9       		.byte	-87
 476 01bf 08       		.byte	8
 477 01c0 AA       		.byte	-86
 478 01c1 20       		.byte	32
 479 01c2 AB       		.byte	-85
 480 01c3 01       		.byte	1
 481 01c4 AE       		.byte	-82
 482 01c5 0C       		.byte	12
 483 01c6 B1       		.byte	-79
 484 01c7 08       		.byte	8
 485 01c8 B4       		.byte	-76
 486 01c9 01       		.byte	1
 487 01ca EC       		.byte	-20
 488 01cb 0C       		.byte	12
 489 01cc 98       		.byte	-104
 490 01cd 10       		.byte	16
 491 01ce 9D       		.byte	-99
 492 01cf 02       		.byte	2
 493 01d0 19       		.byte	25
 494 01d1 02       		.byte	2
 495 01d2 78       		.byte	120
 496 01d3 10       		.byte	16
 497 01d4 98       		.byte	-104
 498 01d5 10       		.byte	16
 499 01d6 9D       		.byte	-99
 500 01d7 02       		.byte	2
 501 01d8 C6       		.byte	-58
 502 01d9 08       		.byte	8
 503 01da DE       		.byte	-34
 504 01db 02       		.byte	2
 505 01dc 00       		.byte	0
 506 01dd 01       		.byte	1
 507 01de 0C       		.byte	12
 508 01df 01       		.byte	1
 509 01e0 00       		.byte	0
 510 01e1 00       		.byte	0
 511 01e2 00       		.byte	0
 512 01e3 04       		.byte	4
 513 01e4 00       		.byte	0
ARM GAS  C:\Users\JUSTIN~1\AppData\Local\Temp\ccV0kuBK.s 			page 10


 514 01e5 00       		.byte	0
 515 01e6 00       		.byte	0
 516 01e7 00       		.byte	0
 517 01e8 69       		.byte	105
 518 01e9 00       		.byte	0
 519 01ea 90       		.byte	-112
 520 01eb 01       		.byte	1
 521 01ec BE       		.byte	-66
 522 01ed 80       		.byte	-128
 523 01ee 41       		.byte	65
 524 01ef 40       		.byte	64
 525 01f0 00       		.byte	0
 526 01f1 00       		.byte	0
 527 01f2 00       		.byte	0
 528 01f3 00       		.byte	0
 529 01f4 00       		.byte	0
 530 01f5 C1       		.byte	-63
 531 01f6 00       		.byte	0
 532 01f7 2C       		.byte	44
 533 01f8 45       		.byte	69
 534 01f9 E8       		.byte	-24
 535 01fa 3A       		.byte	58
 536 01fb 16       		.byte	22
 537 01fc 10       		.byte	16
 538 01fd 40       		.byte	64
 539 01fe 00       		.byte	0
 540 01ff 80       		.byte	-128
 541 0200 01       		.byte	1
 542 0201 00       		.byte	0
 543 0202 40       		.byte	64
 544 0203 00       		.byte	0
 545 0204 C3       		.byte	-61
 546 0205 00       		.byte	0
 547 0206 24       		.byte	36
 548 0207 00       		.byte	0
 549 0208 41       		.byte	65
 550 0209 F1       		.byte	-15
 551 020a 00       		.byte	0
 552 020b 04       		.byte	4
 553 020c 08       		.byte	8
 554 020d 38       		.byte	56
 555 020e 20       		.byte	32
 556 020f C3       		.byte	-61
 557 0210 20       		.byte	32
 558 0211 18       		.byte	24
 559 0212 02       		.byte	2
 560 0213 20       		.byte	32
 561 0214 1F       		.byte	31
 562 0215 07       		.byte	7
 563 0216 C0       		.byte	-64
 564 0217 C0       		.byte	-64
 565 0218 00       		.byte	0
 566 0219 0A       		.byte	10
 567 021a 00       		.byte	0
 568 021b A0       		.byte	-96
 569 021c 00       		.byte	0
 570 021d 00       		.byte	0
ARM GAS  C:\Users\JUSTIN~1\AppData\Local\Temp\ccV0kuBK.s 			page 11


 571 021e 01       		.byte	1
 572 021f 00       		.byte	0
 573 0220 23       		.byte	35
 574 0221 06       		.byte	6
 575 0222 00       		.byte	0
 576 0223 00       		.byte	0
 577 0224 00       		.byte	0
 578 0225 6E       		.byte	110
 579 0226 CD       		.byte	-51
 580 0227 2F       		.byte	47
 581 0228 3F       		.byte	63
 582 0229 FF       		.byte	-1
 583 022a FF       		.byte	-1
 584 022b FF       		.byte	-1
 585 022c 00       		.byte	0
 586 022d 00       		.byte	0
 587 022e 00       		.byte	0
 588 022f 00       		.byte	0
 589 0230 04       		.byte	4
 590 0231 00       		.byte	0
 591 0232 00       		.byte	0
 592 0233 00       		.byte	0
 593 0234 FF       		.byte	-1
 594 0235 00       		.byte	0
 595 0236 01       		.byte	1
 596 0237 00       		.byte	0
 597 0238 04       		.byte	4
 598 0239 04       		.byte	4
 599 023a 04       		.byte	4
 600 023b 0C       		.byte	12
 601 023c 00       		.byte	0
 602 023d 00       		.byte	0
 603 023e 00       		.byte	0
 604 023f 01       		.byte	1
 605 0240 00       		.byte	0
 606 0241 00       		.byte	0
 607 0242 C0       		.byte	-64
 608 0243 00       		.byte	0
 609 0244 30       		.byte	48
 610 0245 00       		.byte	0
 611 0246 00       		.byte	0
 612 0247 10       		.byte	16
 613 0248 80       		.byte	-128
 614 0249 00       		.byte	0
 615 024a 20       		.byte	32
 616 024b 00       		.byte	0
 617 024c 40       		.byte	64
 618 024d 40       		.byte	64
 619 024e 10       		.byte	16
 620 024f 50       		.byte	80
 621 0250 00       		.byte	0
 622 0251 00       		.byte	0
 623 0252 00       		.byte	0
 624 0253 00       		.byte	0
 625 0254 00       		.byte	0
 626 0255 00       		.byte	0
 627 0256 00       		.byte	0
ARM GAS  C:\Users\JUSTIN~1\AppData\Local\Temp\ccV0kuBK.s 			page 12


 628 0257 00       		.byte	0
 629 0258 00       		.byte	0
 630 0259 00       		.byte	0
 631 025a 00       		.byte	0
 632 025b 00       		.byte	0
 633 025c 00       		.byte	0
 634 025d 00       		.byte	0
 635 025e 00       		.byte	0
 636 025f 00       		.byte	0
 637 0260 00       		.byte	0
 638 0261 24       		.byte	36
 639 0262 24       		.byte	36
 640 0263 00       		.byte	0
 641 0264 24       		.byte	36
 642 0265 00       		.byte	0
 643 0266 00       		.byte	0
 644 0267 00       		.byte	0
 645 0268 00       		.byte	0
 646 0269 00       		.byte	0
 647 026a C0       		.byte	-64
 648 026b 00       		.byte	0
 649 026c 00       		.byte	0
 650 026d 00       		.byte	0
 651 026e 00       		.byte	0
 652 026f 00       		.byte	0
 653 0270 00       		.byte	0
 654 0271 30       		.byte	48
 655 0272 30       		.byte	48
 656 0273 00       		.byte	0
 657 0274 30       		.byte	48
 658 0275 00       		.byte	0
 659 0276 00       		.byte	0
 660 0277 00       		.byte	0
 661 0278 3C       		.byte	60
 662 0279 03       		.byte	3
 663 027a C3       		.byte	-61
 664 027b 00       		.byte	0
 665 027c 00       		.byte	0
 666 027d 00       		.byte	0
 667 027e 00       		.byte	0
 668 027f 00       		.byte	0
 669 0280 00       		.byte	0
 670 0281 FF       		.byte	-1
 671 0282 FF       		.byte	-1
 672 0283 00       		.byte	0
 673 0284 FF       		.byte	-1
 674 0285 FF       		.byte	-1
 675 0286 00       		.byte	0
 676 0287 00       		.byte	0
 677 0288 C0       		.byte	-64
 678 0289 00       		.byte	0
 679 028a 00       		.byte	0
 680 028b 00       		.byte	0
 681 028c 00       		.byte	0
 682 028d 00       		.byte	0
 683 028e 20       		.byte	32
 684 028f 00       		.byte	0
ARM GAS  C:\Users\JUSTIN~1\AppData\Local\Temp\ccV0kuBK.s 			page 13


 685 0290 00       		.byte	0
 686 0291 70       		.byte	112
 687 0292 70       		.byte	112
 688 0293 00       		.byte	0
 689 0294 00       		.byte	0
 690 0295 00       		.byte	0
 691 0296 00       		.byte	0
 692 0297 00       		.byte	0
 693 0298 40       		.byte	64
 694 0299 80       		.byte	-128
 695 029a 80       		.byte	-128
 696 029b 00       		.byte	0
 697 029c 80       		.byte	-128
 698 029d 00       		.byte	0
 699 029e 00       		.byte	0
 700 029f 00       		.byte	0
 701              		.section	.cywolatch,"a",%progbits
 702              		.align	2
 703              		.type	cy_meta_wonvl, %object
 704              		.size	cy_meta_wonvl, 4
 705              	cy_meta_wonvl:
 706 0000 BC       		.byte	-68
 707 0001 90       		.byte	-112
 708 0002 AC       		.byte	-84
 709 0003 AF       		.byte	-81
 710              		.section	.cycustnvl,"a",%progbits
 711              		.align	2
 712              		.type	cy_meta_custnvl, %object
 713              		.size	cy_meta_custnvl, 4
 714              	cy_meta_custnvl:
 715 0000 00       		.byte	0
 716 0001 00       		.byte	0
 717 0002 40       		.byte	64
 718 0003 05       		.byte	5
 719              		.section	.cymeta,"a",%progbits
 720              		.align	2
 721              		.type	cy_metadata, %object
 722              		.size	cy_metadata, 12
 723              	cy_metadata:
 724 0000 00       		.byte	0
 725 0001 01       		.byte	1
 726 0002 2E       		.byte	46
 727 0003 12       		.byte	18
 728 0004 30       		.byte	48
 729 0005 69       		.byte	105
 730 0006 00       		.byte	0
 731 0007 01       		.byte	1
 732 0008 00       		.byte	0
 733 0009 00       		.byte	0
 734 000a 00       		.byte	0
 735 000b 00       		.byte	0
 736              		.section	.cyflashprotect,"a",%progbits
 737              		.align	2
 738              		.type	cy_meta_flashprotect, %object
 739              		.size	cy_meta_flashprotect, 256
 740              	cy_meta_flashprotect:
 741 0000 00000000 		.space	256
ARM GAS  C:\Users\JUSTIN~1\AppData\Local\Temp\ccV0kuBK.s 			page 14


 741      00000000 
 741      00000000 
 741      00000000 
 741      00000000 
 742              		.text
 743              	.Letext0:
 744              		.file 1 "c:\\program files (x86)\\cypress\\psoc creator\\4.4\\psoc creator\\import\\gnu\\arm\\5.4.
 745              		.file 2 "c:\\program files (x86)\\cypress\\psoc creator\\4.4\\psoc creator\\import\\gnu\\arm\\5.4.
 746              		.file 3 "Generated_Source\\PSoC5\\cymetadata.c"
 747              		.section	.debug_info,"",%progbits
 748              	.Ldebug_info0:
 749 0000 31010000 		.4byte	0x131
 750 0004 0400     		.2byte	0x4
 751 0006 00000000 		.4byte	.Ldebug_abbrev0
 752 000a 04       		.byte	0x4
 753 000b 01       		.uleb128 0x1
 754 000c 5E000000 		.4byte	.LASF17
 755 0010 0C       		.byte	0xc
 756 0011 C6010000 		.4byte	.LASF18
 757 0015 16000000 		.4byte	.LASF19
 758 0019 00000000 		.4byte	.Ldebug_line0
 759 001d 02       		.uleb128 0x2
 760 001e 01       		.byte	0x1
 761 001f 06       		.byte	0x6
 762 0020 BA010000 		.4byte	.LASF0
 763 0024 03       		.uleb128 0x3
 764 0025 00000000 		.4byte	.LASF9
 765 0029 01       		.byte	0x1
 766 002a 1D       		.byte	0x1d
 767 002b 2F000000 		.4byte	0x2f
 768 002f 02       		.uleb128 0x2
 769 0030 01       		.byte	0x1
 770 0031 08       		.byte	0x8
 771 0032 11010000 		.4byte	.LASF1
 772 0036 02       		.uleb128 0x2
 773 0037 02       		.byte	0x2
 774 0038 05       		.byte	0x5
 775 0039 A7010000 		.4byte	.LASF2
 776 003d 02       		.uleb128 0x2
 777 003e 02       		.byte	0x2
 778 003f 07       		.byte	0x7
 779 0040 FE000000 		.4byte	.LASF3
 780 0044 02       		.uleb128 0x2
 781 0045 04       		.byte	0x4
 782 0046 05       		.byte	0x5
 783 0047 B1010000 		.4byte	.LASF4
 784 004b 02       		.uleb128 0x2
 785 004c 04       		.byte	0x4
 786 004d 07       		.byte	0x7
 787 004e EC000000 		.4byte	.LASF5
 788 0052 02       		.uleb128 0x2
 789 0053 08       		.byte	0x8
 790 0054 05       		.byte	0x5
 791 0055 99010000 		.4byte	.LASF6
 792 0059 02       		.uleb128 0x2
 793 005a 08       		.byte	0x8
 794 005b 07       		.byte	0x7
ARM GAS  C:\Users\JUSTIN~1\AppData\Local\Temp\ccV0kuBK.s 			page 15


 795 005c 4E010000 		.4byte	.LASF7
 796 0060 04       		.uleb128 0x4
 797 0061 04       		.byte	0x4
 798 0062 05       		.byte	0x5
 799 0063 696E7400 		.ascii	"int\000"
 800 0067 02       		.uleb128 0x2
 801 0068 04       		.byte	0x4
 802 0069 07       		.byte	0x7
 803 006a 41010000 		.4byte	.LASF8
 804 006e 03       		.uleb128 0x3
 805 006f 65010000 		.4byte	.LASF10
 806 0073 02       		.byte	0x2
 807 0074 18       		.byte	0x18
 808 0075 24000000 		.4byte	0x24
 809 0079 05       		.uleb128 0x5
 810 007a 91000000 		.4byte	0x91
 811 007e 8A000000 		.4byte	0x8a
 812 0082 06       		.uleb128 0x6
 813 0083 8A000000 		.4byte	0x8a
 814 0087 9F02     		.2byte	0x29f
 815 0089 00       		.byte	0
 816 008a 02       		.uleb128 0x2
 817 008b 04       		.byte	0x4
 818 008c 07       		.byte	0x7
 819 008d 90010000 		.4byte	.LASF11
 820 0091 07       		.uleb128 0x7
 821 0092 6E000000 		.4byte	0x6e
 822 0096 08       		.uleb128 0x8
 823 0097 2F010000 		.4byte	.LASF12
 824 009b 03       		.byte	0x3
 825 009c 1F       		.byte	0x1f
 826 009d A7000000 		.4byte	0xa7
 827 00a1 05       		.uleb128 0x5
 828 00a2 03       		.byte	0x3
 829 00a3 00000000 		.4byte	cy_meta_configecc
 830 00a7 07       		.uleb128 0x7
 831 00a8 79000000 		.4byte	0x79
 832 00ac 05       		.uleb128 0x5
 833 00ad 91000000 		.4byte	0x91
 834 00b1 BC000000 		.4byte	0xbc
 835 00b5 09       		.uleb128 0x9
 836 00b6 8A000000 		.4byte	0x8a
 837 00ba 03       		.byte	0x3
 838 00bb 00       		.byte	0
 839 00bc 08       		.uleb128 0x8
 840 00bd 1F010000 		.4byte	.LASF13
 841 00c1 03       		.byte	0x3
 842 00c2 80       		.byte	0x80
 843 00c3 CD000000 		.4byte	0xcd
 844 00c7 05       		.uleb128 0x5
 845 00c8 03       		.byte	0x3
 846 00c9 00000000 		.4byte	cy_meta_custnvl
 847 00cd 07       		.uleb128 0x7
 848 00ce AC000000 		.4byte	0xac
 849 00d2 08       		.uleb128 0x8
 850 00d3 82010000 		.4byte	.LASF14
 851 00d7 03       		.byte	0x3
ARM GAS  C:\Users\JUSTIN~1\AppData\Local\Temp\ccV0kuBK.s 			page 16


 852 00d8 8E       		.byte	0x8e
 853 00d9 E3000000 		.4byte	0xe3
 854 00dd 05       		.uleb128 0x5
 855 00de 03       		.byte	0x3
 856 00df 00000000 		.4byte	cy_meta_wonvl
 857 00e3 07       		.uleb128 0x7
 858 00e4 AC000000 		.4byte	0xac
 859 00e8 05       		.uleb128 0x5
 860 00e9 91000000 		.4byte	0x91
 861 00ed F8000000 		.4byte	0xf8
 862 00f1 09       		.uleb128 0x9
 863 00f2 8A000000 		.4byte	0x8a
 864 00f6 FF       		.byte	0xff
 865 00f7 00       		.byte	0
 866 00f8 08       		.uleb128 0x8
 867 00f9 6D010000 		.4byte	.LASF15
 868 00fd 03       		.byte	0x3
 869 00fe 9C       		.byte	0x9c
 870 00ff 09010000 		.4byte	0x109
 871 0103 05       		.uleb128 0x5
 872 0104 03       		.byte	0x3
 873 0105 00000000 		.4byte	cy_meta_flashprotect
 874 0109 07       		.uleb128 0x7
 875 010a E8000000 		.4byte	0xe8
 876 010e 05       		.uleb128 0x5
 877 010f 91000000 		.4byte	0x91
 878 0113 1E010000 		.4byte	0x11e
 879 0117 09       		.uleb128 0x9
 880 0118 8A000000 		.4byte	0x8a
 881 011c 0B       		.byte	0xb
 882 011d 00       		.byte	0
 883 011e 08       		.uleb128 0x8
 884 011f 0A000000 		.4byte	.LASF16
 885 0123 03       		.byte	0x3
 886 0124 C9       		.byte	0xc9
 887 0125 2F010000 		.4byte	0x12f
 888 0129 05       		.uleb128 0x5
 889 012a 03       		.byte	0x3
 890 012b 00000000 		.4byte	cy_metadata
 891 012f 07       		.uleb128 0x7
 892 0130 0E010000 		.4byte	0x10e
 893 0134 00       		.byte	0
 894              		.section	.debug_abbrev,"",%progbits
 895              	.Ldebug_abbrev0:
 896 0000 01       		.uleb128 0x1
 897 0001 11       		.uleb128 0x11
 898 0002 01       		.byte	0x1
 899 0003 25       		.uleb128 0x25
 900 0004 0E       		.uleb128 0xe
 901 0005 13       		.uleb128 0x13
 902 0006 0B       		.uleb128 0xb
 903 0007 03       		.uleb128 0x3
 904 0008 0E       		.uleb128 0xe
 905 0009 1B       		.uleb128 0x1b
 906 000a 0E       		.uleb128 0xe
 907 000b 10       		.uleb128 0x10
 908 000c 17       		.uleb128 0x17
ARM GAS  C:\Users\JUSTIN~1\AppData\Local\Temp\ccV0kuBK.s 			page 17


 909 000d 00       		.byte	0
 910 000e 00       		.byte	0
 911 000f 02       		.uleb128 0x2
 912 0010 24       		.uleb128 0x24
 913 0011 00       		.byte	0
 914 0012 0B       		.uleb128 0xb
 915 0013 0B       		.uleb128 0xb
 916 0014 3E       		.uleb128 0x3e
 917 0015 0B       		.uleb128 0xb
 918 0016 03       		.uleb128 0x3
 919 0017 0E       		.uleb128 0xe
 920 0018 00       		.byte	0
 921 0019 00       		.byte	0
 922 001a 03       		.uleb128 0x3
 923 001b 16       		.uleb128 0x16
 924 001c 00       		.byte	0
 925 001d 03       		.uleb128 0x3
 926 001e 0E       		.uleb128 0xe
 927 001f 3A       		.uleb128 0x3a
 928 0020 0B       		.uleb128 0xb
 929 0021 3B       		.uleb128 0x3b
 930 0022 0B       		.uleb128 0xb
 931 0023 49       		.uleb128 0x49
 932 0024 13       		.uleb128 0x13
 933 0025 00       		.byte	0
 934 0026 00       		.byte	0
 935 0027 04       		.uleb128 0x4
 936 0028 24       		.uleb128 0x24
 937 0029 00       		.byte	0
 938 002a 0B       		.uleb128 0xb
 939 002b 0B       		.uleb128 0xb
 940 002c 3E       		.uleb128 0x3e
 941 002d 0B       		.uleb128 0xb
 942 002e 03       		.uleb128 0x3
 943 002f 08       		.uleb128 0x8
 944 0030 00       		.byte	0
 945 0031 00       		.byte	0
 946 0032 05       		.uleb128 0x5
 947 0033 01       		.uleb128 0x1
 948 0034 01       		.byte	0x1
 949 0035 49       		.uleb128 0x49
 950 0036 13       		.uleb128 0x13
 951 0037 01       		.uleb128 0x1
 952 0038 13       		.uleb128 0x13
 953 0039 00       		.byte	0
 954 003a 00       		.byte	0
 955 003b 06       		.uleb128 0x6
 956 003c 21       		.uleb128 0x21
 957 003d 00       		.byte	0
 958 003e 49       		.uleb128 0x49
 959 003f 13       		.uleb128 0x13
 960 0040 2F       		.uleb128 0x2f
 961 0041 05       		.uleb128 0x5
 962 0042 00       		.byte	0
 963 0043 00       		.byte	0
 964 0044 07       		.uleb128 0x7
 965 0045 26       		.uleb128 0x26
ARM GAS  C:\Users\JUSTIN~1\AppData\Local\Temp\ccV0kuBK.s 			page 18


 966 0046 00       		.byte	0
 967 0047 49       		.uleb128 0x49
 968 0048 13       		.uleb128 0x13
 969 0049 00       		.byte	0
 970 004a 00       		.byte	0
 971 004b 08       		.uleb128 0x8
 972 004c 34       		.uleb128 0x34
 973 004d 00       		.byte	0
 974 004e 03       		.uleb128 0x3
 975 004f 0E       		.uleb128 0xe
 976 0050 3A       		.uleb128 0x3a
 977 0051 0B       		.uleb128 0xb
 978 0052 3B       		.uleb128 0x3b
 979 0053 0B       		.uleb128 0xb
 980 0054 49       		.uleb128 0x49
 981 0055 13       		.uleb128 0x13
 982 0056 3F       		.uleb128 0x3f
 983 0057 19       		.uleb128 0x19
 984 0058 02       		.uleb128 0x2
 985 0059 18       		.uleb128 0x18
 986 005a 00       		.byte	0
 987 005b 00       		.byte	0
 988 005c 09       		.uleb128 0x9
 989 005d 21       		.uleb128 0x21
 990 005e 00       		.byte	0
 991 005f 49       		.uleb128 0x49
 992 0060 13       		.uleb128 0x13
 993 0061 2F       		.uleb128 0x2f
 994 0062 0B       		.uleb128 0xb
 995 0063 00       		.byte	0
 996 0064 00       		.byte	0
 997 0065 00       		.byte	0
 998              		.section	.debug_aranges,"",%progbits
 999 0000 14000000 		.4byte	0x14
 1000 0004 0200     		.2byte	0x2
 1001 0006 00000000 		.4byte	.Ldebug_info0
 1002 000a 04       		.byte	0x4
 1003 000b 00       		.byte	0
 1004 000c 0000     		.2byte	0
 1005 000e 0000     		.2byte	0
 1006 0010 00000000 		.4byte	0
 1007 0014 00000000 		.4byte	0
 1008              		.section	.debug_line,"",%progbits
 1009              	.Ldebug_line0:
 1010 0000 3D010000 		.section	.debug_str,"MS",%progbits,1
 1010      02003701 
 1010      00000201 
 1010      FB0E0D00 
 1010      01010101 
 1011              	.LASF9:
 1012 0000 5F5F7569 		.ascii	"__uint8_t\000"
 1012      6E74385F 
 1012      7400
 1013              	.LASF16:
 1014 000a 63795F6D 		.ascii	"cy_metadata\000"
 1014      65746164 
 1014      61746100 
ARM GAS  C:\Users\JUSTIN~1\AppData\Local\Temp\ccV0kuBK.s 			page 19


 1015              	.LASF19:
 1016 0016 433A5C55 		.ascii	"C:\\Users\\Justin Chang\\PEI-Firmware-FE10\\PSOC_VC"
 1016      73657273 
 1016      5C4A7573 
 1016      74696E20 
 1016      4368616E 
 1017 0045 555F4578 		.ascii	"U_Example\\Design01.cydsn\000"
 1017      616D706C 
 1017      655C4465 
 1017      7369676E 
 1017      30312E63 
 1018              	.LASF17:
 1019 005e 474E5520 		.ascii	"GNU C11 5.4.1 20160609 (release) [ARM/embedded-5-br"
 1019      43313120 
 1019      352E342E 
 1019      31203230 
 1019      31363036 
 1020 0091 616E6368 		.ascii	"anch revision 237715] -mcpu=cortex-m3 -mthumb -g -O"
 1020      20726576 
 1020      6973696F 
 1020      6E203233 
 1020      37373135 
 1021 00c4 67202D66 		.ascii	"g -ffunction-sections -ffat-lto-objects\000"
 1021      66756E63 
 1021      74696F6E 
 1021      2D736563 
 1021      74696F6E 
 1022              	.LASF5:
 1023 00ec 6C6F6E67 		.ascii	"long unsigned int\000"
 1023      20756E73 
 1023      69676E65 
 1023      6420696E 
 1023      7400
 1024              	.LASF3:
 1025 00fe 73686F72 		.ascii	"short unsigned int\000"
 1025      7420756E 
 1025      7369676E 
 1025      65642069 
 1025      6E7400
 1026              	.LASF1:
 1027 0111 756E7369 		.ascii	"unsigned char\000"
 1027      676E6564 
 1027      20636861 
 1027      7200
 1028              	.LASF13:
 1029 011f 63795F6D 		.ascii	"cy_meta_custnvl\000"
 1029      6574615F 
 1029      63757374 
 1029      6E766C00 
 1030              	.LASF12:
 1031 012f 63795F6D 		.ascii	"cy_meta_configecc\000"
 1031      6574615F 
 1031      636F6E66 
 1031      69676563 
 1031      6300
 1032              	.LASF8:
 1033 0141 756E7369 		.ascii	"unsigned int\000"
ARM GAS  C:\Users\JUSTIN~1\AppData\Local\Temp\ccV0kuBK.s 			page 20


 1033      676E6564 
 1033      20696E74 
 1033      00
 1034              	.LASF7:
 1035 014e 6C6F6E67 		.ascii	"long long unsigned int\000"
 1035      206C6F6E 
 1035      6720756E 
 1035      7369676E 
 1035      65642069 
 1036              	.LASF10:
 1037 0165 75696E74 		.ascii	"uint8_t\000"
 1037      385F7400 
 1038              	.LASF15:
 1039 016d 63795F6D 		.ascii	"cy_meta_flashprotect\000"
 1039      6574615F 
 1039      666C6173 
 1039      6870726F 
 1039      74656374 
 1040              	.LASF14:
 1041 0182 63795F6D 		.ascii	"cy_meta_wonvl\000"
 1041      6574615F 
 1041      776F6E76 
 1041      6C00
 1042              	.LASF11:
 1043 0190 73697A65 		.ascii	"sizetype\000"
 1043      74797065 
 1043      00
 1044              	.LASF6:
 1045 0199 6C6F6E67 		.ascii	"long long int\000"
 1045      206C6F6E 
 1045      6720696E 
 1045      7400
 1046              	.LASF2:
 1047 01a7 73686F72 		.ascii	"short int\000"
 1047      7420696E 
 1047      7400
 1048              	.LASF4:
 1049 01b1 6C6F6E67 		.ascii	"long int\000"
 1049      20696E74 
 1049      00
 1050              	.LASF0:
 1051 01ba 7369676E 		.ascii	"signed char\000"
 1051      65642063 
 1051      68617200 
 1052              	.LASF18:
 1053 01c6 47656E65 		.ascii	"Generated_Source\\PSoC5\\cymetadata.c\000"
 1053      72617465 
 1053      645F536F 
 1053      75726365 
 1053      5C50536F 
 1054              		.ident	"GCC: (GNU Tools for ARM Embedded Processors) 5.4.1 20160609 (release) [ARM/embedded-5-bran
