ARM GAS  C:\Users\kendr\AppData\Local\Temp\cciToevb.s 			page 1


   1              		.syntax unified
   2              		.cpu cortex-m3
   3              		.fpu softvfp
   4              		.eabi_attribute 20, 1
   5              		.eabi_attribute 21, 1
   6              		.eabi_attribute 23, 3
   7              		.eabi_attribute 24, 1
   8              		.eabi_attribute 25, 1
   9              		.eabi_attribute 26, 1
  10              		.eabi_attribute 30, 1
  11              		.eabi_attribute 34, 1
  12              		.eabi_attribute 18, 4
  13              		.thumb
  14              		.syntax unified
  15              		.file	"main.c"
  16              		.text
  17              	.Ltext0:
  18              		.cfi_sections	.debug_frame
  19              		.section	.text.main,"ax",%progbits
  20              		.align	2
  21              		.global	main
  22              		.thumb
  23              		.thumb_func
  24              		.type	main, %function
  25              	main:
  26              	.LFB63:
  27              		.file 1 "main.c"
   1:main.c        **** /* ========================================
   2:main.c        ****  *
   3:main.c        ****  * Copyright YOUR COMPANY, THE YEAR
   4:main.c        ****  * All Rights Reserved
   5:main.c        ****  * UNPUBLISHED, LICENSED SOFTWARE.
   6:main.c        ****  *
   7:main.c        ****  * CONFIDENTIAL AND PROPRIETARY INFORMATION
   8:main.c        ****  * WHICH IS THE PROPERTY OF your company.
   9:main.c        ****  *
  10:main.c        ****  * ========================================
  11:main.c        **** */
  12:main.c        **** #include "project.h"
  13:main.c        **** #include "CAN.h"
  14:main.c        **** #include "can_manager.h"
  15:main.c        **** 
  16:main.c        **** //TODO: The state starts at 0
  17:main.c        **** volatile uint32_t state = 1;
  18:main.c        **** volatile uint8_t e_stop;
  19:main.c        **** uint16 throttle_total = 0;
  20:main.c        **** uint8 throttle_upper = 0;
  21:main.c        **** uint8 throttle_lower = 0;
  22:main.c        **** int main(void)
  23:main.c        **** {
  28              		.loc 1 23 0
  29              		.cfi_startproc
  30              		@ args = 0, pretend = 0, frame = 0
  31              		@ frame_needed = 0, uses_anonymous_args = 0
  32 0000 70B5     		push	{r4, r5, r6, lr}
  33              		.cfi_def_cfa_offset 16
  34              		.cfi_offset 4, -16
ARM GAS  C:\Users\kendr\AppData\Local\Temp\cciToevb.s 			page 2


  35              		.cfi_offset 5, -12
  36              		.cfi_offset 6, -8
  37              		.cfi_offset 14, -4
  24:main.c        ****     CyGlobalIntEnable; /* Enable global interrupts. */
  38              		.loc 1 24 0
  39              		.syntax unified
  40              	@ 24 "main.c" 1
  41 0002 62B6     		CPSIE   i
  42              	@ 0 "" 2
  25:main.c        ****     
  26:main.c        ****     //Initialize and start CAN
  27:main.c        ****     CAN_GlobalIntEnable();
  43              		.loc 1 27 0
  44              		.thumb
  45              		.syntax unified
  46 0004 FFF7FEFF 		bl	CAN_GlobalIntEnable
  47              	.LVL0:
  28:main.c        ****     CAN_Init();
  48              		.loc 1 28 0
  49 0008 FFF7FEFF 		bl	CAN_Init
  50              	.LVL1:
  29:main.c        ****     CAN_Start();
  51              		.loc 1 29 0
  52 000c FFF7FEFF 		bl	CAN_Start
  53              	.LVL2:
  30:main.c        ****     ADC_DelSig_1_Start();
  54              		.loc 1 30 0
  55 0010 FFF7FEFF 		bl	ADC_DelSig_1_Start
  56              	.LVL3:
  57              	.L15:
  58              	.LBB2:
  31:main.c        ****     
  32:main.c        ****     for(;;)
  33:main.c        ****     {   
  34:main.c        ****         //We need read the e_stop status in from the Shutdown_IN pin.
  35:main.c        ****         //If e_stop is hit, should be equal to 0.
  36:main.c        ****         e_stop = SD_IN_Read();
  59              		.loc 1 36 0
  60 0014 FFF7FEFF 		bl	SD_IN_Read
  61              	.LVL4:
  62 0018 464B     		ldr	r3, .L18
  63 001a 1870     		strb	r0, [r3]
  37:main.c        ****         
  38:main.c        ****         uint16_t current = (uint16_t) ADC_DelSig_1_CountsTo_mVolts(ADC_DelSig_1_Read32());
  64              		.loc 1 38 0
  65 001c FFF7FEFF 		bl	ADC_DelSig_1_Read32
  66              	.LVL5:
  67 0020 FFF7FEFF 		bl	ADC_DelSig_1_CountsTo_mVolts
  68              	.LVL6:
  69 0024 0546     		mov	r5, r0
  70 0026 86B2     		uxth	r6, r0
  71              	.LVL7:
  39:main.c        ****         
  40:main.c        ****         // shutdown flags, current
  41:main.c        ****         uint8_t shutdown_flags = 0;
  42:main.c        ****         uint8_t current_upper = 0;
  43:main.c        ****         uint8_t current_lower = 0;
ARM GAS  C:\Users\kendr\AppData\Local\Temp\cciToevb.s 			page 3


  44:main.c        ****         
  45:main.c        ****         if (IMD_Fault_Read()) { shutdown_flags |= (1 << 5); }
  72              		.loc 1 45 0
  73 0028 FFF7FEFF 		bl	IMD_Fault_Read
  74              	.LVL8:
  75 002c 08B1     		cbz	r0, .L16
  76 002e 2024     		movs	r4, #32
  77 0030 00E0     		b	.L2
  78              	.L16:
  46:main.c        ****         else { shutdown_flags &= (0b011111); }
  79              		.loc 1 46 0
  80 0032 0024     		movs	r4, #0
  81              	.L2:
  82              	.LVL9:
  47:main.c        ****         
  48:main.c        ****         if (BMS_Fault_Read()) { shutdown_flags |= (1 << 4); }
  83              		.loc 1 48 0
  84 0034 FFF7FEFF 		bl	BMS_Fault_Read
  85              	.LVL10:
  86 0038 10B1     		cbz	r0, .L4
  87              		.loc 1 48 0 is_stmt 0 discriminator 1
  88 003a 44F01004 		orr	r4, r4, #16
  89              	.LVL11:
  90 003e E4B2     		uxtb	r4, r4
  91              	.LVL12:
  92              	.L4:
  49:main.c        ****         else { shutdown_flags &= (0b101111); }
  50:main.c        ****         
  51:main.c        ****         if (SD_FINAL_Read()) { shutdown_flags |= (1 << 3); }
  93              		.loc 1 51 0 is_stmt 1
  94 0040 FFF7FEFF 		bl	SD_FINAL_Read
  95              	.LVL13:
  96 0044 10B1     		cbz	r0, .L5
  97              		.loc 1 51 0 is_stmt 0 discriminator 1
  98 0046 44F00802 		orr	r2, r4, #8
  99              	.LVL14:
 100 004a 01E0     		b	.L6
 101              	.LVL15:
 102              	.L5:
  52:main.c        ****         else { shutdown_flags &= (0b110111); }
 103              		.loc 1 52 0 is_stmt 1
 104 004c 04F03702 		and	r2, r4, #55
 105              	.LVL16:
 106              	.L6:
  53:main.c        ****         
  54:main.c        ****         
  55:main.c        ****         /* For debug purposes
  56:main.c        ****         if (AIR_POS_Read()) { shutdown_flags |= (1 << 2); }
  57:main.c        ****         else { shutdown_flags &= (0b111011); }
  58:main.c        ****         
  59:main.c        ****         if (AIR_NEG_Read()) { shutdown_flags |= (1 << 1); }
  60:main.c        ****         else { shutdown_flags &= (0b111101); }
  61:main.c        ****         
  62:main.c        ****         if (Precharge_Read()) { shutdown_flags |= (1 << 0); }
  63:main.c        ****         else { shutdown_flags &= (0b111110); }
  64:main.c        ****         */
  65:main.c        ****         
ARM GAS  C:\Users\kendr\AppData\Local\Temp\cciToevb.s 			page 4


  66:main.c        ****         // send data via PCAN to BMS main
  67:main.c        ****         // note: uses 2's complement
  68:main.c        ****         current_upper = current >> 8; // upper bits
  69:main.c        ****         current_lower = current & 0xFF; // lower bits
  70:main.c        ****         can_send_PEI(current_upper, current_lower, shutdown_flags);
 107              		.loc 1 70 0
 108 0050 E9B2     		uxtb	r1, r5
 109 0052 300A     		lsrs	r0, r6, #8
 110 0054 FFF7FEFF 		bl	can_send_PEI
 111              	.LVL17:
  71:main.c        ****         
  72:main.c        ****         
  73:main.c        ****         //Interlock state machine
  74:main.c        ****         throttle_total = 8;
 112              		.loc 1 74 0
 113 0058 0822     		movs	r2, #8
 114 005a 374B     		ldr	r3, .L18+4
 115 005c 1A80     		strh	r2, [r3]	@ movhi
  75:main.c        ****         if (state == 0) {
 116              		.loc 1 75 0
 117 005e 374B     		ldr	r3, .L18+8
 118 0060 1B68     		ldr	r3, [r3]
 119 0062 73B9     		cbnz	r3, .L7
  76:main.c        ****             clear_interlock(); // clears interlock, send a message to open AIRs          
 120              		.loc 1 76 0
 121 0064 FFF7FEFF 		bl	clear_interlock
 122              	.LVL18:
  77:main.c        ****             if((get_HV_Requested() == 1) && (e_stop != 0)) {
 123              		.loc 1 77 0
 124 0068 FFF7FEFF 		bl	get_HV_Requested
 125              	.LVL19:
 126 006c 0128     		cmp	r0, #1
 127 006e 50D1     		bne	.L8
 128              		.loc 1 77 0 is_stmt 0 discriminator 1
 129 0070 304B     		ldr	r3, .L18
 130 0072 1B78     		ldrb	r3, [r3]	@ zero_extendqisi2
 131 0074 13F0FF0F 		tst	r3, #255
 132 0078 4BD0     		beq	.L8
  78:main.c        ****                 state = 1;
 133              		.loc 1 78 0 is_stmt 1
 134 007a 0122     		movs	r2, #1
 135 007c 2F4B     		ldr	r3, .L18+8
 136 007e 1A60     		str	r2, [r3]
 137 0080 47E0     		b	.L8
 138              	.L7:
  79:main.c        ****             }
  80:main.c        ****         }
  81:main.c        ****         
  82:main.c        ****         else if (state == 1) { 
 139              		.loc 1 82 0
 140 0082 2E4B     		ldr	r3, .L18+8
 141 0084 1B68     		ldr	r3, [r3]
 142 0086 012B     		cmp	r3, #1
 143 0088 32D1     		bne	.L9
 144              	.LBB3:
  83:main.c        ****             set_interlock(); //sets interlock, sends a message to close AIRs
 145              		.loc 1 83 0
ARM GAS  C:\Users\kendr\AppData\Local\Temp\cciToevb.s 			page 5


 146 008a FFF7FEFF 		bl	set_interlock
 147              	.LVL20:
  84:main.c        ****             uint8 throttle_high = get_THROTTLE_HIGH();
 148              		.loc 1 84 0
 149 008e FFF7FEFF 		bl	get_THROTTLE_HIGH
 150              	.LVL21:
 151 0092 0446     		mov	r4, r0
 152              	.LVL22:
  85:main.c        ****             uint8 throttle_low = get_THROTTLE_LOW();
 153              		.loc 1 85 0
 154 0094 FFF7FEFF 		bl	get_THROTTLE_LOW
 155              	.LVL23:
  86:main.c        ****             
  87:main.c        ****             
  88:main.c        ****             if(((throttle_high * 255 + throttle_low) < 0) || ((throttle_high * 255 + throttle_low) 
 156              		.loc 1 88 0
 157 0098 C4EB0423 		rsb	r3, r4, r4, lsl #8
 158 009c 0344     		add	r3, r3, r0
 159 009e B3F5004F 		cmp	r3, #32768
 160 00a2 03D3     		bcc	.L10
  89:main.c        ****                 throttle_total = 0;
 161              		.loc 1 89 0
 162 00a4 0022     		movs	r2, #0
 163 00a6 244B     		ldr	r3, .L18+4
 164 00a8 1A80     		strh	r2, [r3]	@ movhi
 165 00aa 08E0     		b	.L11
 166              	.L10:
  90:main.c        ****             }
  91:main.c        ****             else {
  92:main.c        ****                 //TODO: change back to throttle_high * 255 + throttle_low;  
  93:main.c        ****                 // higher values lead to overflowing, defaults to 0.
  94:main.c        ****                 throttle_total = throttle_high*255+ throttle_low;
 167              		.loc 1 94 0
 168 00ac C4EB0424 		rsb	r4, r4, r4, lsl #8
 169              	.LVL24:
 170 00b0 2044     		add	r0, r0, r4
 171              	.LVL25:
 172 00b2 80B2     		uxth	r0, r0
 173 00b4 204B     		ldr	r3, .L18+4
 174 00b6 1880     		strh	r0, [r3]	@ movhi
  95:main.c        ****                 
  96:main.c        ****                 //get_THROTTLE_HIGH()*255+ get_THROTTLE_LOW();
  97:main.c        ****                 
  98:main.c        ****                 throttle_upper = throttle_total >> 8; // upper bits
 175              		.loc 1 98 0
 176 00b8 020A     		lsrs	r2, r0, #8
 177 00ba 9A70     		strb	r2, [r3, #2]
  99:main.c        ****                 throttle_lower = throttle_total & 0xFF; // lower bits   
 178              		.loc 1 99 0
 179 00bc D870     		strb	r0, [r3, #3]
 180              	.L11:
 100:main.c        ****             }
 101:main.c        ****             
 102:main.c        ****             
 103:main.c        ****             
 104:main.c        ****             if(get_HV_Requested() == 0) {
 181              		.loc 1 104 0
ARM GAS  C:\Users\kendr\AppData\Local\Temp\cciToevb.s 			page 6


 182 00be FFF7FEFF 		bl	get_HV_Requested
 183              	.LVL26:
 184 00c2 18B9     		cbnz	r0, .L12
 105:main.c        ****                 state = 0;
 185              		.loc 1 105 0
 186 00c4 0022     		movs	r2, #0
 187 00c6 1D4B     		ldr	r3, .L18+8
 188 00c8 1A60     		str	r2, [r3]
 189 00ca 22E0     		b	.L8
 190              	.L12:
 106:main.c        ****             }
 107:main.c        ****             else if (e_stop == 0) {
 191              		.loc 1 107 0
 192 00cc 194B     		ldr	r3, .L18
 193 00ce 1B78     		ldrb	r3, [r3]	@ zero_extendqisi2
 194 00d0 13F0FF0F 		tst	r3, #255
 195 00d4 03D1     		bne	.L13
 108:main.c        ****                 state = 3;   
 196              		.loc 1 108 0
 197 00d6 0322     		movs	r2, #3
 198 00d8 184B     		ldr	r3, .L18+8
 199 00da 1A60     		str	r2, [r3]
 200 00dc 19E0     		b	.L8
 201              	.L13:
 109:main.c        ****             }
 110:main.c        ****             //TODO: We need to get into state 2 if there's an error, but what error we check for is
 111:main.c        ****             else if ((get_VEHICLE_STATE() & 0x80) == 0x80) {
 202              		.loc 1 111 0
 203 00de FFF7FEFF 		bl	get_VEHICLE_STATE
 204              	.LVL27:
 205 00e2 10F0800F 		tst	r0, #128
 206 00e6 14D0     		beq	.L8
 112:main.c        ****                 state = 2;   
 207              		.loc 1 112 0
 208 00e8 0222     		movs	r2, #2
 209 00ea 144B     		ldr	r3, .L18+8
 210 00ec 1A60     		str	r2, [r3]
 211 00ee 10E0     		b	.L8
 212              	.L9:
 213              	.LBE3:
 113:main.c        ****             }
 114:main.c        ****             
 115:main.c        ****             /*May or may not need to check status 3
 116:main.c        ****             if(Status3 = 36) ; an OS defined variable that has info on driver faults
 117:main.c        **** 		        ; checks for 2 specific errors
 118:main.c        ****     		; Bit2 = Coi12 Driver Open/Short (Code 32)
 119:main.c        ****     		; Bit5 = PD Open/Short (Code 35)
 120:main.c        ****     		{
 121:main.c        ****     			state = 3
 122:main.c        ****     			e_stop = 1
 123:main.c        ****     			; sends CAN message saying that estop should activate
 124:main.c        ****     			send_mailbox(eStop)
 125:main.c        ****     		}
 126:main.c        ****         
 127:main.c        ****         
 128:main.c        ****             else if(Status3 > 0) 
 129:main.c        ****     		{
ARM GAS  C:\Users\kendr\AppData\Local\Temp\cciToevb.s 			page 7


 130:main.c        ****     			; trap state
 131:main.c        ****     			state = 2
 132:main.c        ****     		}
 133:main.c        ****             
 134:main.c        ****             */
 135:main.c        ****         }
 136:main.c        ****         //Trap state
 137:main.c        ****         // is entered when there are more errors than just estop (Status3 > 0). 
 138:main.c        ****         else if(state == 2) {
 214              		.loc 1 138 0
 215 00f0 124B     		ldr	r3, .L18+8
 216 00f2 1B68     		ldr	r3, [r3]
 217 00f4 022B     		cmp	r3, #2
 218 00f6 02D1     		bne	.L14
 139:main.c        **** 		    clear_interlock(); // clears interlock, send a message to open AIRs
 219              		.loc 1 139 0
 220 00f8 FFF7FEFF 		bl	clear_interlock
 221              	.LVL28:
 222 00fc 09E0     		b	.L8
 223              	.L14:
 140:main.c        **** 		    // set EM Brake = 0
 141:main.c        **** 	    }
 142:main.c        ****         else if (state == 3) {
 224              		.loc 1 142 0
 225 00fe 0F4B     		ldr	r3, .L18+8
 226 0100 1B68     		ldr	r3, [r3]
 227 0102 032B     		cmp	r3, #3
 228 0104 05D1     		bne	.L8
 143:main.c        ****             if (get_HV_Requested() == 0) {
 229              		.loc 1 143 0
 230 0106 FFF7FEFF 		bl	get_HV_Requested
 231              	.LVL29:
 232 010a 10B9     		cbnz	r0, .L8
 144:main.c        ****                 state = 0;
 233              		.loc 1 144 0
 234 010c 0022     		movs	r2, #0
 235 010e 0B4B     		ldr	r3, .L18+8
 236 0110 1A60     		str	r2, [r3]
 237              	.L8:
 145:main.c        ****                 //can_send_ESTOP(0); why is this here?
 146:main.c        ****             }
 147:main.c        ****         }
 148:main.c        ****         
 149:main.c        ****         can_send_ESTOP(e_stop);
 238              		.loc 1 149 0
 239 0112 084B     		ldr	r3, .L18
 240 0114 1878     		ldrb	r0, [r3]	@ zero_extendqisi2
 241 0116 FFF7FEFF 		bl	can_send_ESTOP
 242              	.LVL30:
 150:main.c        ****         can_send_state_and_throttle(state, throttle_upper, throttle_lower);    
 243              		.loc 1 150 0
 244 011a 084B     		ldr	r3, .L18+8
 245 011c 1868     		ldr	r0, [r3]
 246 011e 064B     		ldr	r3, .L18+4
 247 0120 DA78     		ldrb	r2, [r3, #3]	@ zero_extendqisi2
 248 0122 9978     		ldrb	r1, [r3, #2]	@ zero_extendqisi2
 249 0124 C0B2     		uxtb	r0, r0
ARM GAS  C:\Users\kendr\AppData\Local\Temp\cciToevb.s 			page 8


 250 0126 FFF7FEFF 		bl	can_send_state_and_throttle
 251              	.LVL31:
 151:main.c        ****         
 152:main.c        ****         CyDelay(1000);
 252              		.loc 1 152 0
 253 012a 4FF47A70 		mov	r0, #1000
 254 012e FFF7FEFF 		bl	CyDelay
 255              	.LVL32:
 256              	.LBE2:
 153:main.c        ****     }
 257              		.loc 1 153 0
 258 0132 6FE7     		b	.L15
 259              	.L19:
 260              		.align	2
 261              	.L18:
 262 0134 00000000 		.word	e_stop
 263 0138 00000000 		.word	.LANCHOR0
 264 013c 00000000 		.word	.LANCHOR1
 265              		.cfi_endproc
 266              	.LFE63:
 267              		.size	main, .-main
 268              		.global	throttle_lower
 269              		.global	throttle_upper
 270              		.global	throttle_total
 271              		.comm	e_stop,1,1
 272              		.global	state
 273              		.data
 274              		.align	2
 275              		.set	.LANCHOR1,. + 0
 276              		.type	state, %object
 277              		.size	state, 4
 278              	state:
 279 0000 01000000 		.word	1
 280              		.bss
 281              		.align	1
 282              		.set	.LANCHOR0,. + 0
 283              		.type	throttle_total, %object
 284              		.size	throttle_total, 2
 285              	throttle_total:
 286 0000 0000     		.space	2
 287              		.type	throttle_upper, %object
 288              		.size	throttle_upper, 1
 289              	throttle_upper:
 290 0002 00       		.space	1
 291              		.type	throttle_lower, %object
 292              		.size	throttle_lower, 1
 293              	throttle_lower:
 294 0003 00       		.space	1
 295              		.text
 296              	.Letext0:
 297              		.file 2 "c:\\program files (x86)\\cypress\\psoc creator\\4.4\\psoc creator\\import\\gnu\\arm\\5.4.
 298              		.file 3 "c:\\program files (x86)\\cypress\\psoc creator\\4.4\\psoc creator\\import\\gnu\\arm\\5.4.
 299              		.file 4 "Generated_Source\\PSoC5/cytypes.h"
 300              		.file 5 "Generated_Source\\PSoC5/core_cm3.h"
 301              		.file 6 "can_manager.h"
 302              		.file 7 "Generated_Source\\PSoC5/SD_IN.h"
 303              		.file 8 "Generated_Source\\PSoC5/ADC_DelSig_1.h"
ARM GAS  C:\Users\kendr\AppData\Local\Temp\cciToevb.s 			page 9


 304              		.file 9 "Generated_Source\\PSoC5/IMD_Fault.h"
 305              		.file 10 "Generated_Source\\PSoC5/BMS_Fault.h"
 306              		.file 11 "Generated_Source\\PSoC5/SD_FINAL.h"
 307              		.file 12 "Generated_Source\\PSoC5/CyLib.h"
 308              		.file 13 "Generated_Source\\PSoC5/CAN.h"
 309              		.section	.debug_info,"",%progbits
 310              	.Ldebug_info0:
 311 0000 BF030000 		.4byte	0x3bf
 312 0004 0400     		.2byte	0x4
 313 0006 00000000 		.4byte	.Ldebug_abbrev0
 314 000a 04       		.byte	0x4
 315 000b 01       		.uleb128 0x1
 316 000c C5000000 		.4byte	.LASF56
 317 0010 0C       		.byte	0xc
 318 0011 D1020000 		.4byte	.LASF57
 319 0015 EE020000 		.4byte	.LASF58
 320 0019 00000000 		.4byte	.Ldebug_ranges0+0
 321 001d 00000000 		.4byte	0
 322 0021 00000000 		.4byte	.Ldebug_line0
 323 0025 02       		.uleb128 0x2
 324 0026 01       		.byte	0x1
 325 0027 06       		.byte	0x6
 326 0028 90030000 		.4byte	.LASF0
 327 002c 03       		.uleb128 0x3
 328 002d 00000000 		.4byte	.LASF3
 329 0031 02       		.byte	0x2
 330 0032 1D       		.byte	0x1d
 331 0033 37000000 		.4byte	0x37
 332 0037 02       		.uleb128 0x2
 333 0038 01       		.byte	0x1
 334 0039 08       		.byte	0x8
 335 003a B7000000 		.4byte	.LASF1
 336 003e 02       		.uleb128 0x2
 337 003f 02       		.byte	0x2
 338 0040 05       		.byte	0x5
 339 0041 4A030000 		.4byte	.LASF2
 340 0045 03       		.uleb128 0x3
 341 0046 B0010000 		.4byte	.LASF4
 342 004a 02       		.byte	0x2
 343 004b 2B       		.byte	0x2b
 344 004c 50000000 		.4byte	0x50
 345 0050 02       		.uleb128 0x2
 346 0051 02       		.byte	0x2
 347 0052 07       		.byte	0x7
 348 0053 74010000 		.4byte	.LASF5
 349 0057 03       		.uleb128 0x3
 350 0058 3A000000 		.4byte	.LASF6
 351 005c 02       		.byte	0x2
 352 005d 3F       		.byte	0x3f
 353 005e 62000000 		.4byte	0x62
 354 0062 02       		.uleb128 0x2
 355 0063 04       		.byte	0x4
 356 0064 05       		.byte	0x5
 357 0065 78030000 		.4byte	.LASF7
 358 0069 03       		.uleb128 0x3
 359 006a C9010000 		.4byte	.LASF8
 360 006e 02       		.byte	0x2
ARM GAS  C:\Users\kendr\AppData\Local\Temp\cciToevb.s 			page 10


 361 006f 41       		.byte	0x41
 362 0070 74000000 		.4byte	0x74
 363 0074 02       		.uleb128 0x2
 364 0075 04       		.byte	0x4
 365 0076 07       		.byte	0x7
 366 0077 62010000 		.4byte	.LASF9
 367 007b 02       		.uleb128 0x2
 368 007c 08       		.byte	0x8
 369 007d 05       		.byte	0x5
 370 007e B5020000 		.4byte	.LASF10
 371 0082 02       		.uleb128 0x2
 372 0083 08       		.byte	0x8
 373 0084 07       		.byte	0x7
 374 0085 4F020000 		.4byte	.LASF11
 375 0089 04       		.uleb128 0x4
 376 008a 04       		.byte	0x4
 377 008b 05       		.byte	0x5
 378 008c 696E7400 		.ascii	"int\000"
 379 0090 02       		.uleb128 0x2
 380 0091 04       		.byte	0x4
 381 0092 07       		.byte	0x7
 382 0093 16020000 		.4byte	.LASF12
 383 0097 03       		.uleb128 0x3
 384 0098 66020000 		.4byte	.LASF13
 385 009c 03       		.byte	0x3
 386 009d 18       		.byte	0x18
 387 009e 2C000000 		.4byte	0x2c
 388 00a2 03       		.uleb128 0x3
 389 00a3 54030000 		.4byte	.LASF14
 390 00a7 03       		.byte	0x3
 391 00a8 24       		.byte	0x24
 392 00a9 45000000 		.4byte	0x45
 393 00ad 03       		.uleb128 0x3
 394 00ae 42030000 		.4byte	.LASF15
 395 00b2 03       		.byte	0x3
 396 00b3 2C       		.byte	0x2c
 397 00b4 57000000 		.4byte	0x57
 398 00b8 03       		.uleb128 0x3
 399 00b9 6F030000 		.4byte	.LASF16
 400 00bd 03       		.byte	0x3
 401 00be 30       		.byte	0x30
 402 00bf 69000000 		.4byte	0x69
 403 00c3 05       		.uleb128 0x5
 404 00c4 90000000 		.4byte	.LASF17
 405 00c8 04       		.byte	0x4
 406 00c9 E801     		.2byte	0x1e8
 407 00cb 37000000 		.4byte	0x37
 408 00cf 05       		.uleb128 0x5
 409 00d0 C2010000 		.4byte	.LASF18
 410 00d4 04       		.byte	0x4
 411 00d5 E901     		.2byte	0x1e9
 412 00d7 50000000 		.4byte	0x50
 413 00db 02       		.uleb128 0x2
 414 00dc 04       		.byte	0x4
 415 00dd 04       		.byte	0x4
 416 00de 8A000000 		.4byte	.LASF19
 417 00e2 02       		.uleb128 0x2
ARM GAS  C:\Users\kendr\AppData\Local\Temp\cciToevb.s 			page 11


 418 00e3 08       		.byte	0x8
 419 00e4 04       		.byte	0x4
 420 00e5 BB010000 		.4byte	.LASF20
 421 00e9 02       		.uleb128 0x2
 422 00ea 01       		.byte	0x1
 423 00eb 08       		.byte	0x8
 424 00ec D8020000 		.4byte	.LASF21
 425 00f0 02       		.uleb128 0x2
 426 00f1 08       		.byte	0x8
 427 00f2 04       		.byte	0x4
 428 00f3 8C020000 		.4byte	.LASF22
 429 00f7 02       		.uleb128 0x2
 430 00f8 04       		.byte	0x4
 431 00f9 07       		.byte	0x7
 432 00fa 98020000 		.4byte	.LASF23
 433 00fe 06       		.uleb128 0x6
 434 00ff B8000000 		.4byte	0xb8
 435 0103 06       		.uleb128 0x6
 436 0104 97000000 		.4byte	0x97
 437 0108 07       		.uleb128 0x7
 438 0109 FE010000 		.4byte	.LASF59
 439 010d 01       		.byte	0x1
 440 010e 16       		.byte	0x16
 441 010f 89000000 		.4byte	0x89
 442 0113 00000000 		.4byte	.LFB63
 443 0117 40010000 		.4byte	.LFE63-.LFB63
 444 011b 01       		.uleb128 0x1
 445 011c 9C       		.byte	0x9c
 446 011d 80020000 		.4byte	0x280
 447 0121 08       		.uleb128 0x8
 448 0122 14000000 		.4byte	.LBB2
 449 0126 1E010000 		.4byte	.LBE2-.LBB2
 450 012a 5B020000 		.4byte	0x25b
 451 012e 09       		.uleb128 0x9
 452 012f 5D030000 		.4byte	.LASF24
 453 0133 01       		.byte	0x1
 454 0134 26       		.byte	0x26
 455 0135 A2000000 		.4byte	0xa2
 456 0139 01       		.uleb128 0x1
 457 013a 56       		.byte	0x56
 458 013b 0A       		.uleb128 0xa
 459 013c 81030000 		.4byte	.LASF25
 460 0140 01       		.byte	0x1
 461 0141 29       		.byte	0x29
 462 0142 97000000 		.4byte	0x97
 463 0146 00000000 		.4byte	.LLST0
 464 014a 0A       		.uleb128 0xa
 465 014b B7030000 		.4byte	.LASF26
 466 014f 01       		.byte	0x1
 467 0150 2A       		.byte	0x2a
 468 0151 97000000 		.4byte	0x97
 469 0155 4B000000 		.4byte	.LLST1
 470 0159 0A       		.uleb128 0xa
 471 015a E3010000 		.4byte	.LASF27
 472 015e 01       		.byte	0x1
 473 015f 2B       		.byte	0x2b
 474 0160 97000000 		.4byte	0x97
ARM GAS  C:\Users\kendr\AppData\Local\Temp\cciToevb.s 			page 12


 475 0164 6E000000 		.4byte	.LLST2
 476 0168 08       		.uleb128 0x8
 477 0169 8A000000 		.4byte	.LBB3
 478 016d 66000000 		.4byte	.LBE3-.LBB3
 479 0171 C1010000 		.4byte	0x1c1
 480 0175 0A       		.uleb128 0xa
 481 0176 0A000000 		.4byte	.LASF28
 482 017a 01       		.byte	0x1
 483 017b 54       		.byte	0x54
 484 017c C3000000 		.4byte	0xc3
 485 0180 8D000000 		.4byte	.LLST3
 486 0184 0A       		.uleb128 0xa
 487 0185 96000000 		.4byte	.LASF29
 488 0189 01       		.byte	0x1
 489 018a 55       		.byte	0x55
 490 018b C3000000 		.4byte	0xc3
 491 018f A0000000 		.4byte	.LLST4
 492 0193 0B       		.uleb128 0xb
 493 0194 8E000000 		.4byte	.LVL20
 494 0198 E6020000 		.4byte	0x2e6
 495 019c 0B       		.uleb128 0xb
 496 019d 92000000 		.4byte	.LVL21
 497 01a1 F1020000 		.4byte	0x2f1
 498 01a5 0B       		.uleb128 0xb
 499 01a6 98000000 		.4byte	.LVL23
 500 01aa FC020000 		.4byte	0x2fc
 501 01ae 0B       		.uleb128 0xb
 502 01af C2000000 		.4byte	.LVL26
 503 01b3 07030000 		.4byte	0x307
 504 01b7 0B       		.uleb128 0xb
 505 01b8 E2000000 		.4byte	.LVL27
 506 01bc 12030000 		.4byte	0x312
 507 01c0 00       		.byte	0
 508 01c1 0B       		.uleb128 0xb
 509 01c2 18000000 		.4byte	.LVL4
 510 01c6 1D030000 		.4byte	0x31d
 511 01ca 0B       		.uleb128 0xb
 512 01cb 20000000 		.4byte	.LVL5
 513 01cf 28030000 		.4byte	0x328
 514 01d3 0B       		.uleb128 0xb
 515 01d4 24000000 		.4byte	.LVL6
 516 01d8 33030000 		.4byte	0x333
 517 01dc 0B       		.uleb128 0xb
 518 01dd 2C000000 		.4byte	.LVL8
 519 01e1 3E030000 		.4byte	0x33e
 520 01e5 0B       		.uleb128 0xb
 521 01e6 38000000 		.4byte	.LVL10
 522 01ea 49030000 		.4byte	0x349
 523 01ee 0B       		.uleb128 0xb
 524 01ef 44000000 		.4byte	.LVL13
 525 01f3 54030000 		.4byte	0x354
 526 01f7 0C       		.uleb128 0xc
 527 01f8 58000000 		.4byte	.LVL17
 528 01fc 5F030000 		.4byte	0x35f
 529 0200 13020000 		.4byte	0x213
 530 0204 0D       		.uleb128 0xd
 531 0205 01       		.uleb128 0x1
ARM GAS  C:\Users\kendr\AppData\Local\Temp\cciToevb.s 			page 13


 532 0206 50       		.byte	0x50
 533 0207 04       		.uleb128 0x4
 534 0208 76       		.byte	0x76
 535 0209 00       		.sleb128 0
 536 020a 38       		.byte	0x38
 537 020b 25       		.byte	0x25
 538 020c 0D       		.uleb128 0xd
 539 020d 01       		.uleb128 0x1
 540 020e 51       		.byte	0x51
 541 020f 02       		.uleb128 0x2
 542 0210 75       		.byte	0x75
 543 0211 00       		.sleb128 0
 544 0212 00       		.byte	0
 545 0213 0B       		.uleb128 0xb
 546 0214 68000000 		.4byte	.LVL18
 547 0218 6A030000 		.4byte	0x36a
 548 021c 0B       		.uleb128 0xb
 549 021d 6C000000 		.4byte	.LVL19
 550 0221 07030000 		.4byte	0x307
 551 0225 0B       		.uleb128 0xb
 552 0226 FC000000 		.4byte	.LVL28
 553 022a 6A030000 		.4byte	0x36a
 554 022e 0B       		.uleb128 0xb
 555 022f 0A010000 		.4byte	.LVL29
 556 0233 07030000 		.4byte	0x307
 557 0237 0B       		.uleb128 0xb
 558 0238 1A010000 		.4byte	.LVL30
 559 023c 75030000 		.4byte	0x375
 560 0240 0B       		.uleb128 0xb
 561 0241 2A010000 		.4byte	.LVL31
 562 0245 80030000 		.4byte	0x380
 563 0249 0E       		.uleb128 0xe
 564 024a 32010000 		.4byte	.LVL32
 565 024e 8B030000 		.4byte	0x38b
 566 0252 0D       		.uleb128 0xd
 567 0253 01       		.uleb128 0x1
 568 0254 50       		.byte	0x50
 569 0255 03       		.uleb128 0x3
 570 0256 0A       		.byte	0xa
 571 0257 E803     		.2byte	0x3e8
 572 0259 00       		.byte	0
 573 025a 00       		.byte	0
 574 025b 0B       		.uleb128 0xb
 575 025c 08000000 		.4byte	.LVL0
 576 0260 96030000 		.4byte	0x396
 577 0264 0B       		.uleb128 0xb
 578 0265 0C000000 		.4byte	.LVL1
 579 0269 A1030000 		.4byte	0x3a1
 580 026d 0B       		.uleb128 0xb
 581 026e 10000000 		.4byte	.LVL2
 582 0272 AC030000 		.4byte	0x3ac
 583 0276 0B       		.uleb128 0xb
 584 0277 14000000 		.4byte	.LVL3
 585 027b B7030000 		.4byte	0x3b7
 586 027f 00       		.byte	0
 587 0280 0F       		.uleb128 0xf
 588 0281 F1010000 		.4byte	.LASF30
ARM GAS  C:\Users\kendr\AppData\Local\Temp\cciToevb.s 			page 14


 589 0285 05       		.byte	0x5
 590 0286 1207     		.2byte	0x712
 591 0288 8C020000 		.4byte	0x28c
 592 028c 06       		.uleb128 0x6
 593 028d AD000000 		.4byte	0xad
 594 0291 10       		.uleb128 0x10
 595 0292 18000000 		.4byte	.LASF31
 596 0296 01       		.byte	0x1
 597 0297 11       		.byte	0x11
 598 0298 FE000000 		.4byte	0xfe
 599 029c 05       		.uleb128 0x5
 600 029d 03       		.byte	0x3
 601 029e 00000000 		.4byte	state
 602 02a2 10       		.uleb128 0x10
 603 02a3 83000000 		.4byte	.LASF32
 604 02a7 01       		.byte	0x1
 605 02a8 12       		.byte	0x12
 606 02a9 03010000 		.4byte	0x103
 607 02ad 05       		.uleb128 0x5
 608 02ae 03       		.byte	0x3
 609 02af 00000000 		.4byte	e_stop
 610 02b3 10       		.uleb128 0x10
 611 02b4 98010000 		.4byte	.LASF33
 612 02b8 01       		.byte	0x1
 613 02b9 13       		.byte	0x13
 614 02ba CF000000 		.4byte	0xcf
 615 02be 05       		.uleb128 0x5
 616 02bf 03       		.byte	0x3
 617 02c0 00000000 		.4byte	throttle_total
 618 02c4 10       		.uleb128 0x10
 619 02c5 6E020000 		.4byte	.LASF34
 620 02c9 01       		.byte	0x1
 621 02ca 14       		.byte	0x14
 622 02cb C3000000 		.4byte	0xc3
 623 02cf 05       		.uleb128 0x5
 624 02d0 03       		.byte	0x3
 625 02d1 00000000 		.4byte	throttle_upper
 626 02d5 10       		.uleb128 0x10
 627 02d6 7D020000 		.4byte	.LASF35
 628 02da 01       		.byte	0x1
 629 02db 15       		.byte	0x15
 630 02dc C3000000 		.4byte	0xc3
 631 02e0 05       		.uleb128 0x5
 632 02e1 03       		.byte	0x3
 633 02e2 00000000 		.4byte	throttle_lower
 634 02e6 11       		.uleb128 0x11
 635 02e7 C3020000 		.4byte	.LASF36
 636 02eb C3020000 		.4byte	.LASF36
 637 02ef 06       		.byte	0x6
 638 02f0 3B       		.byte	0x3b
 639 02f1 11       		.uleb128 0x11
 640 02f2 4F000000 		.4byte	.LASF37
 641 02f6 4F000000 		.4byte	.LASF37
 642 02fa 06       		.byte	0x6
 643 02fb 34       		.byte	0x34
 644 02fc 11       		.uleb128 0x11
 645 02fd DD020000 		.4byte	.LASF38
ARM GAS  C:\Users\kendr\AppData\Local\Temp\cciToevb.s 			page 15


 646 0301 DD020000 		.4byte	.LASF38
 647 0305 06       		.byte	0x6
 648 0306 35       		.byte	0x35
 649 0307 11       		.uleb128 0x11
 650 0308 87010000 		.4byte	.LASF39
 651 030c 87010000 		.4byte	.LASF39
 652 0310 06       		.byte	0x6
 653 0311 30       		.byte	0x30
 654 0312 11       		.uleb128 0x11
 655 0313 61000000 		.4byte	.LASF40
 656 0317 61000000 		.4byte	.LASF40
 657 031b 06       		.byte	0x6
 658 031c 31       		.byte	0x31
 659 031d 11       		.uleb128 0x11
 660 031e 44000000 		.4byte	.LASF41
 661 0322 44000000 		.4byte	.LASF41
 662 0326 07       		.byte	0x7
 663 0327 29       		.byte	0x29
 664 0328 11       		.uleb128 0x11
 665 0329 A3000000 		.4byte	.LASF42
 666 032d A3000000 		.4byte	.LASF42
 667 0331 08       		.byte	0x8
 668 0332 56       		.byte	0x56
 669 0333 11       		.uleb128 0x11
 670 0334 32020000 		.4byte	.LASF43
 671 0338 32020000 		.4byte	.LASF43
 672 033c 08       		.byte	0x8
 673 033d 47       		.byte	0x47
 674 033e 11       		.uleb128 0x11
 675 033f 23020000 		.4byte	.LASF44
 676 0343 23020000 		.4byte	.LASF44
 677 0347 09       		.byte	0x9
 678 0348 29       		.byte	0x29
 679 0349 11       		.uleb128 0x11
 680 034a D4010000 		.4byte	.LASF45
 681 034e D4010000 		.4byte	.LASF45
 682 0352 0A       		.byte	0xa
 683 0353 29       		.byte	0x29
 684 0354 11       		.uleb128 0x11
 685 0355 9C030000 		.4byte	.LASF46
 686 0359 9C030000 		.4byte	.LASF46
 687 035d 0B       		.byte	0xb
 688 035e 29       		.byte	0x29
 689 035f 11       		.uleb128 0x11
 690 0360 AA030000 		.4byte	.LASF47
 691 0364 AA030000 		.4byte	.LASF47
 692 0368 06       		.byte	0x6
 693 0369 40       		.byte	0x40
 694 036a 11       		.uleb128 0x11
 695 036b 73000000 		.4byte	.LASF48
 696 036f 73000000 		.4byte	.LASF48
 697 0373 06       		.byte	0x6
 698 0374 3C       		.byte	0x3c
 699 0375 11       		.uleb128 0x11
 700 0376 53010000 		.4byte	.LASF49
 701 037a 53010000 		.4byte	.LASF49
 702 037e 06       		.byte	0x6
ARM GAS  C:\Users\kendr\AppData\Local\Temp\cciToevb.s 			page 16


 703 037f 2D       		.byte	0x2d
 704 0380 11       		.uleb128 0x11
 705 0381 1E000000 		.4byte	.LASF50
 706 0385 1E000000 		.4byte	.LASF50
 707 0389 06       		.byte	0x6
 708 038a 2C       		.byte	0x2c
 709 038b 11       		.uleb128 0x11
 710 038c C5030000 		.4byte	.LASF51
 711 0390 C5030000 		.4byte	.LASF51
 712 0394 0C       		.byte	0xc
 713 0395 76       		.byte	0x76
 714 0396 11       		.uleb128 0x11
 715 0397 A1020000 		.4byte	.LASF52
 716 039b A1020000 		.4byte	.LASF52
 717 039f 0D       		.byte	0xd
 718 03a0 C8       		.byte	0xc8
 719 03a1 11       		.uleb128 0x11
 720 03a2 A7010000 		.4byte	.LASF53
 721 03a6 A7010000 		.4byte	.LASF53
 722 03aa 0D       		.byte	0xd
 723 03ab C4       		.byte	0xc4
 724 03ac 11       		.uleb128 0x11
 725 03ad 65030000 		.4byte	.LASF54
 726 03b1 65030000 		.4byte	.LASF54
 727 03b5 0D       		.byte	0xd
 728 03b6 C5       		.byte	0xc5
 729 03b7 11       		.uleb128 0x11
 730 03b8 03020000 		.4byte	.LASF55
 731 03bc 03020000 		.4byte	.LASF55
 732 03c0 08       		.byte	0x8
 733 03c1 3A       		.byte	0x3a
 734 03c2 00       		.byte	0
 735              		.section	.debug_abbrev,"",%progbits
 736              	.Ldebug_abbrev0:
 737 0000 01       		.uleb128 0x1
 738 0001 11       		.uleb128 0x11
 739 0002 01       		.byte	0x1
 740 0003 25       		.uleb128 0x25
 741 0004 0E       		.uleb128 0xe
 742 0005 13       		.uleb128 0x13
 743 0006 0B       		.uleb128 0xb
 744 0007 03       		.uleb128 0x3
 745 0008 0E       		.uleb128 0xe
 746 0009 1B       		.uleb128 0x1b
 747 000a 0E       		.uleb128 0xe
 748 000b 55       		.uleb128 0x55
 749 000c 17       		.uleb128 0x17
 750 000d 11       		.uleb128 0x11
 751 000e 01       		.uleb128 0x1
 752 000f 10       		.uleb128 0x10
 753 0010 17       		.uleb128 0x17
 754 0011 00       		.byte	0
 755 0012 00       		.byte	0
 756 0013 02       		.uleb128 0x2
 757 0014 24       		.uleb128 0x24
 758 0015 00       		.byte	0
 759 0016 0B       		.uleb128 0xb
ARM GAS  C:\Users\kendr\AppData\Local\Temp\cciToevb.s 			page 17


 760 0017 0B       		.uleb128 0xb
 761 0018 3E       		.uleb128 0x3e
 762 0019 0B       		.uleb128 0xb
 763 001a 03       		.uleb128 0x3
 764 001b 0E       		.uleb128 0xe
 765 001c 00       		.byte	0
 766 001d 00       		.byte	0
 767 001e 03       		.uleb128 0x3
 768 001f 16       		.uleb128 0x16
 769 0020 00       		.byte	0
 770 0021 03       		.uleb128 0x3
 771 0022 0E       		.uleb128 0xe
 772 0023 3A       		.uleb128 0x3a
 773 0024 0B       		.uleb128 0xb
 774 0025 3B       		.uleb128 0x3b
 775 0026 0B       		.uleb128 0xb
 776 0027 49       		.uleb128 0x49
 777 0028 13       		.uleb128 0x13
 778 0029 00       		.byte	0
 779 002a 00       		.byte	0
 780 002b 04       		.uleb128 0x4
 781 002c 24       		.uleb128 0x24
 782 002d 00       		.byte	0
 783 002e 0B       		.uleb128 0xb
 784 002f 0B       		.uleb128 0xb
 785 0030 3E       		.uleb128 0x3e
 786 0031 0B       		.uleb128 0xb
 787 0032 03       		.uleb128 0x3
 788 0033 08       		.uleb128 0x8
 789 0034 00       		.byte	0
 790 0035 00       		.byte	0
 791 0036 05       		.uleb128 0x5
 792 0037 16       		.uleb128 0x16
 793 0038 00       		.byte	0
 794 0039 03       		.uleb128 0x3
 795 003a 0E       		.uleb128 0xe
 796 003b 3A       		.uleb128 0x3a
 797 003c 0B       		.uleb128 0xb
 798 003d 3B       		.uleb128 0x3b
 799 003e 05       		.uleb128 0x5
 800 003f 49       		.uleb128 0x49
 801 0040 13       		.uleb128 0x13
 802 0041 00       		.byte	0
 803 0042 00       		.byte	0
 804 0043 06       		.uleb128 0x6
 805 0044 35       		.uleb128 0x35
 806 0045 00       		.byte	0
 807 0046 49       		.uleb128 0x49
 808 0047 13       		.uleb128 0x13
 809 0048 00       		.byte	0
 810 0049 00       		.byte	0
 811 004a 07       		.uleb128 0x7
 812 004b 2E       		.uleb128 0x2e
 813 004c 01       		.byte	0x1
 814 004d 3F       		.uleb128 0x3f
 815 004e 19       		.uleb128 0x19
 816 004f 03       		.uleb128 0x3
ARM GAS  C:\Users\kendr\AppData\Local\Temp\cciToevb.s 			page 18


 817 0050 0E       		.uleb128 0xe
 818 0051 3A       		.uleb128 0x3a
 819 0052 0B       		.uleb128 0xb
 820 0053 3B       		.uleb128 0x3b
 821 0054 0B       		.uleb128 0xb
 822 0055 27       		.uleb128 0x27
 823 0056 19       		.uleb128 0x19
 824 0057 49       		.uleb128 0x49
 825 0058 13       		.uleb128 0x13
 826 0059 8701     		.uleb128 0x87
 827 005b 19       		.uleb128 0x19
 828 005c 11       		.uleb128 0x11
 829 005d 01       		.uleb128 0x1
 830 005e 12       		.uleb128 0x12
 831 005f 06       		.uleb128 0x6
 832 0060 40       		.uleb128 0x40
 833 0061 18       		.uleb128 0x18
 834 0062 9742     		.uleb128 0x2117
 835 0064 19       		.uleb128 0x19
 836 0065 01       		.uleb128 0x1
 837 0066 13       		.uleb128 0x13
 838 0067 00       		.byte	0
 839 0068 00       		.byte	0
 840 0069 08       		.uleb128 0x8
 841 006a 0B       		.uleb128 0xb
 842 006b 01       		.byte	0x1
 843 006c 11       		.uleb128 0x11
 844 006d 01       		.uleb128 0x1
 845 006e 12       		.uleb128 0x12
 846 006f 06       		.uleb128 0x6
 847 0070 01       		.uleb128 0x1
 848 0071 13       		.uleb128 0x13
 849 0072 00       		.byte	0
 850 0073 00       		.byte	0
 851 0074 09       		.uleb128 0x9
 852 0075 34       		.uleb128 0x34
 853 0076 00       		.byte	0
 854 0077 03       		.uleb128 0x3
 855 0078 0E       		.uleb128 0xe
 856 0079 3A       		.uleb128 0x3a
 857 007a 0B       		.uleb128 0xb
 858 007b 3B       		.uleb128 0x3b
 859 007c 0B       		.uleb128 0xb
 860 007d 49       		.uleb128 0x49
 861 007e 13       		.uleb128 0x13
 862 007f 02       		.uleb128 0x2
 863 0080 18       		.uleb128 0x18
 864 0081 00       		.byte	0
 865 0082 00       		.byte	0
 866 0083 0A       		.uleb128 0xa
 867 0084 34       		.uleb128 0x34
 868 0085 00       		.byte	0
 869 0086 03       		.uleb128 0x3
 870 0087 0E       		.uleb128 0xe
 871 0088 3A       		.uleb128 0x3a
 872 0089 0B       		.uleb128 0xb
 873 008a 3B       		.uleb128 0x3b
ARM GAS  C:\Users\kendr\AppData\Local\Temp\cciToevb.s 			page 19


 874 008b 0B       		.uleb128 0xb
 875 008c 49       		.uleb128 0x49
 876 008d 13       		.uleb128 0x13
 877 008e 02       		.uleb128 0x2
 878 008f 17       		.uleb128 0x17
 879 0090 00       		.byte	0
 880 0091 00       		.byte	0
 881 0092 0B       		.uleb128 0xb
 882 0093 898201   		.uleb128 0x4109
 883 0096 00       		.byte	0
 884 0097 11       		.uleb128 0x11
 885 0098 01       		.uleb128 0x1
 886 0099 31       		.uleb128 0x31
 887 009a 13       		.uleb128 0x13
 888 009b 00       		.byte	0
 889 009c 00       		.byte	0
 890 009d 0C       		.uleb128 0xc
 891 009e 898201   		.uleb128 0x4109
 892 00a1 01       		.byte	0x1
 893 00a2 11       		.uleb128 0x11
 894 00a3 01       		.uleb128 0x1
 895 00a4 31       		.uleb128 0x31
 896 00a5 13       		.uleb128 0x13
 897 00a6 01       		.uleb128 0x1
 898 00a7 13       		.uleb128 0x13
 899 00a8 00       		.byte	0
 900 00a9 00       		.byte	0
 901 00aa 0D       		.uleb128 0xd
 902 00ab 8A8201   		.uleb128 0x410a
 903 00ae 00       		.byte	0
 904 00af 02       		.uleb128 0x2
 905 00b0 18       		.uleb128 0x18
 906 00b1 9142     		.uleb128 0x2111
 907 00b3 18       		.uleb128 0x18
 908 00b4 00       		.byte	0
 909 00b5 00       		.byte	0
 910 00b6 0E       		.uleb128 0xe
 911 00b7 898201   		.uleb128 0x4109
 912 00ba 01       		.byte	0x1
 913 00bb 11       		.uleb128 0x11
 914 00bc 01       		.uleb128 0x1
 915 00bd 31       		.uleb128 0x31
 916 00be 13       		.uleb128 0x13
 917 00bf 00       		.byte	0
 918 00c0 00       		.byte	0
 919 00c1 0F       		.uleb128 0xf
 920 00c2 34       		.uleb128 0x34
 921 00c3 00       		.byte	0
 922 00c4 03       		.uleb128 0x3
 923 00c5 0E       		.uleb128 0xe
 924 00c6 3A       		.uleb128 0x3a
 925 00c7 0B       		.uleb128 0xb
 926 00c8 3B       		.uleb128 0x3b
 927 00c9 05       		.uleb128 0x5
 928 00ca 49       		.uleb128 0x49
 929 00cb 13       		.uleb128 0x13
 930 00cc 3F       		.uleb128 0x3f
ARM GAS  C:\Users\kendr\AppData\Local\Temp\cciToevb.s 			page 20


 931 00cd 19       		.uleb128 0x19
 932 00ce 3C       		.uleb128 0x3c
 933 00cf 19       		.uleb128 0x19
 934 00d0 00       		.byte	0
 935 00d1 00       		.byte	0
 936 00d2 10       		.uleb128 0x10
 937 00d3 34       		.uleb128 0x34
 938 00d4 00       		.byte	0
 939 00d5 03       		.uleb128 0x3
 940 00d6 0E       		.uleb128 0xe
 941 00d7 3A       		.uleb128 0x3a
 942 00d8 0B       		.uleb128 0xb
 943 00d9 3B       		.uleb128 0x3b
 944 00da 0B       		.uleb128 0xb
 945 00db 49       		.uleb128 0x49
 946 00dc 13       		.uleb128 0x13
 947 00dd 3F       		.uleb128 0x3f
 948 00de 19       		.uleb128 0x19
 949 00df 02       		.uleb128 0x2
 950 00e0 18       		.uleb128 0x18
 951 00e1 00       		.byte	0
 952 00e2 00       		.byte	0
 953 00e3 11       		.uleb128 0x11
 954 00e4 2E       		.uleb128 0x2e
 955 00e5 00       		.byte	0
 956 00e6 3F       		.uleb128 0x3f
 957 00e7 19       		.uleb128 0x19
 958 00e8 3C       		.uleb128 0x3c
 959 00e9 19       		.uleb128 0x19
 960 00ea 6E       		.uleb128 0x6e
 961 00eb 0E       		.uleb128 0xe
 962 00ec 03       		.uleb128 0x3
 963 00ed 0E       		.uleb128 0xe
 964 00ee 3A       		.uleb128 0x3a
 965 00ef 0B       		.uleb128 0xb
 966 00f0 3B       		.uleb128 0x3b
 967 00f1 0B       		.uleb128 0xb
 968 00f2 00       		.byte	0
 969 00f3 00       		.byte	0
 970 00f4 00       		.byte	0
 971              		.section	.debug_loc,"",%progbits
 972              	.Ldebug_loc0:
 973              	.LLST0:
 974 0000 28000000 		.4byte	.LVL7
 975 0004 34000000 		.4byte	.LVL9
 976 0008 0200     		.2byte	0x2
 977 000a 30       		.byte	0x30
 978 000b 9F       		.byte	0x9f
 979 000c 34000000 		.4byte	.LVL9
 980 0010 3E000000 		.4byte	.LVL11
 981 0014 0100     		.2byte	0x1
 982 0016 54       		.byte	0x54
 983 0017 40000000 		.4byte	.LVL12
 984 001b 4A000000 		.4byte	.LVL14
 985 001f 0100     		.2byte	0x1
 986 0021 54       		.byte	0x54
 987 0022 4A000000 		.4byte	.LVL14
ARM GAS  C:\Users\kendr\AppData\Local\Temp\cciToevb.s 			page 21


 988 0026 4C000000 		.4byte	.LVL15
 989 002a 0100     		.2byte	0x1
 990 002c 52       		.byte	0x52
 991 002d 4C000000 		.4byte	.LVL15
 992 0031 50000000 		.4byte	.LVL16
 993 0035 0100     		.2byte	0x1
 994 0037 54       		.byte	0x54
 995 0038 50000000 		.4byte	.LVL16
 996 003c 57000000 		.4byte	.LVL17-1
 997 0040 0100     		.2byte	0x1
 998 0042 52       		.byte	0x52
 999 0043 00000000 		.4byte	0
 1000 0047 00000000 		.4byte	0
 1001              	.LLST1:
 1002 004b 28000000 		.4byte	.LVL7
 1003 004f 50000000 		.4byte	.LVL16
 1004 0053 0200     		.2byte	0x2
 1005 0055 30       		.byte	0x30
 1006 0056 9F       		.byte	0x9f
 1007 0057 50000000 		.4byte	.LVL16
 1008 005b 40010000 		.4byte	.LFE63
 1009 005f 0500     		.2byte	0x5
 1010 0061 76       		.byte	0x76
 1011 0062 00       		.sleb128 0
 1012 0063 38       		.byte	0x38
 1013 0064 25       		.byte	0x25
 1014 0065 9F       		.byte	0x9f
 1015 0066 00000000 		.4byte	0
 1016 006a 00000000 		.4byte	0
 1017              	.LLST2:
 1018 006e 28000000 		.4byte	.LVL7
 1019 0072 50000000 		.4byte	.LVL16
 1020 0076 0200     		.2byte	0x2
 1021 0078 30       		.byte	0x30
 1022 0079 9F       		.byte	0x9f
 1023 007a 50000000 		.4byte	.LVL16
 1024 007e 40010000 		.4byte	.LFE63
 1025 0082 0100     		.2byte	0x1
 1026 0084 55       		.byte	0x55
 1027 0085 00000000 		.4byte	0
 1028 0089 00000000 		.4byte	0
 1029              	.LLST3:
 1030 008d 94000000 		.4byte	.LVL22
 1031 0091 B0000000 		.4byte	.LVL24
 1032 0095 0100     		.2byte	0x1
 1033 0097 54       		.byte	0x54
 1034 0098 00000000 		.4byte	0
 1035 009c 00000000 		.4byte	0
 1036              	.LLST4:
 1037 00a0 98000000 		.4byte	.LVL23
 1038 00a4 B2000000 		.4byte	.LVL25
 1039 00a8 0100     		.2byte	0x1
 1040 00aa 50       		.byte	0x50
 1041 00ab 00000000 		.4byte	0
 1042 00af 00000000 		.4byte	0
 1043              		.section	.debug_aranges,"",%progbits
 1044 0000 1C000000 		.4byte	0x1c
ARM GAS  C:\Users\kendr\AppData\Local\Temp\cciToevb.s 			page 22


 1045 0004 0200     		.2byte	0x2
 1046 0006 00000000 		.4byte	.Ldebug_info0
 1047 000a 04       		.byte	0x4
 1048 000b 00       		.byte	0
 1049 000c 0000     		.2byte	0
 1050 000e 0000     		.2byte	0
 1051 0010 00000000 		.4byte	.LFB63
 1052 0014 40010000 		.4byte	.LFE63-.LFB63
 1053 0018 00000000 		.4byte	0
 1054 001c 00000000 		.4byte	0
 1055              		.section	.debug_ranges,"",%progbits
 1056              	.Ldebug_ranges0:
 1057 0000 00000000 		.4byte	.LFB63
 1058 0004 40010000 		.4byte	.LFE63
 1059 0008 00000000 		.4byte	0
 1060 000c 00000000 		.4byte	0
 1061              		.section	.debug_line,"",%progbits
 1062              	.Ldebug_line0:
 1063 0000 12020000 		.section	.debug_str,"MS",%progbits,1
 1063      0200BA01 
 1063      00000201 
 1063      FB0E0D00 
 1063      01010101 
 1064              	.LASF3:
 1065 0000 5F5F7569 		.ascii	"__uint8_t\000"
 1065      6E74385F 
 1065      7400
 1066              	.LASF28:
 1067 000a 7468726F 		.ascii	"throttle_high\000"
 1067      74746C65 
 1067      5F686967 
 1067      6800
 1068              	.LASF31:
 1069 0018 73746174 		.ascii	"state\000"
 1069      6500
 1070              	.LASF50:
 1071 001e 63616E5F 		.ascii	"can_send_state_and_throttle\000"
 1071      73656E64 
 1071      5F737461 
 1071      74655F61 
 1071      6E645F74 
 1072              	.LASF6:
 1073 003a 5F5F696E 		.ascii	"__int32_t\000"
 1073      7433325F 
 1073      7400
 1074              	.LASF41:
 1075 0044 53445F49 		.ascii	"SD_IN_Read\000"
 1075      4E5F5265 
 1075      616400
 1076              	.LASF37:
 1077 004f 6765745F 		.ascii	"get_THROTTLE_HIGH\000"
 1077      5448524F 
 1077      54544C45 
 1077      5F484947 
 1077      4800
 1078              	.LASF40:
 1079 0061 6765745F 		.ascii	"get_VEHICLE_STATE\000"
ARM GAS  C:\Users\kendr\AppData\Local\Temp\cciToevb.s 			page 23


 1079      56454849 
 1079      434C455F 
 1079      53544154 
 1079      4500
 1080              	.LASF48:
 1081 0073 636C6561 		.ascii	"clear_interlock\000"
 1081      725F696E 
 1081      7465726C 
 1081      6F636B00 
 1082              	.LASF32:
 1083 0083 655F7374 		.ascii	"e_stop\000"
 1083      6F7000
 1084              	.LASF19:
 1085 008a 666C6F61 		.ascii	"float\000"
 1085      7400
 1086              	.LASF17:
 1087 0090 75696E74 		.ascii	"uint8\000"
 1087      3800
 1088              	.LASF29:
 1089 0096 7468726F 		.ascii	"throttle_low\000"
 1089      74746C65 
 1089      5F6C6F77 
 1089      00
 1090              	.LASF42:
 1091 00a3 4144435F 		.ascii	"ADC_DelSig_1_Read32\000"
 1091      44656C53 
 1091      69675F31 
 1091      5F526561 
 1091      64333200 
 1092              	.LASF1:
 1093 00b7 756E7369 		.ascii	"unsigned char\000"
 1093      676E6564 
 1093      20636861 
 1093      7200
 1094              	.LASF56:
 1095 00c5 474E5520 		.ascii	"GNU C11 5.4.1 20160609 (release) [ARM/embedded-5-br"
 1095      43313120 
 1095      352E342E 
 1095      31203230 
 1095      31363036 
 1096 00f8 616E6368 		.ascii	"anch revision 237715] -mcpu=cortex-m3 -mthumb -g -O"
 1096      20726576 
 1096      6973696F 
 1096      6E203233 
 1096      37373135 
 1097 012b 67202D66 		.ascii	"g -ffunction-sections -ffat-lto-objects\000"
 1097      66756E63 
 1097      74696F6E 
 1097      2D736563 
 1097      74696F6E 
 1098              	.LASF49:
 1099 0153 63616E5F 		.ascii	"can_send_ESTOP\000"
 1099      73656E64 
 1099      5F455354 
 1099      4F5000
 1100              	.LASF9:
 1101 0162 6C6F6E67 		.ascii	"long unsigned int\000"
ARM GAS  C:\Users\kendr\AppData\Local\Temp\cciToevb.s 			page 24


 1101      20756E73 
 1101      69676E65 
 1101      6420696E 
 1101      7400
 1102              	.LASF5:
 1103 0174 73686F72 		.ascii	"short unsigned int\000"
 1103      7420756E 
 1103      7369676E 
 1103      65642069 
 1103      6E7400
 1104              	.LASF39:
 1105 0187 6765745F 		.ascii	"get_HV_Requested\000"
 1105      48565F52 
 1105      65717565 
 1105      73746564 
 1105      00
 1106              	.LASF33:
 1107 0198 7468726F 		.ascii	"throttle_total\000"
 1107      74746C65 
 1107      5F746F74 
 1107      616C00
 1108              	.LASF53:
 1109 01a7 43414E5F 		.ascii	"CAN_Init\000"
 1109      496E6974 
 1109      00
 1110              	.LASF4:
 1111 01b0 5F5F7569 		.ascii	"__uint16_t\000"
 1111      6E743136 
 1111      5F7400
 1112              	.LASF20:
 1113 01bb 646F7562 		.ascii	"double\000"
 1113      6C6500
 1114              	.LASF18:
 1115 01c2 75696E74 		.ascii	"uint16\000"
 1115      313600
 1116              	.LASF8:
 1117 01c9 5F5F7569 		.ascii	"__uint32_t\000"
 1117      6E743332 
 1117      5F7400
 1118              	.LASF45:
 1119 01d4 424D535F 		.ascii	"BMS_Fault_Read\000"
 1119      4661756C 
 1119      745F5265 
 1119      616400
 1120              	.LASF27:
 1121 01e3 63757272 		.ascii	"current_lower\000"
 1121      656E745F 
 1121      6C6F7765 
 1121      7200
 1122              	.LASF30:
 1123 01f1 49544D5F 		.ascii	"ITM_RxBuffer\000"
 1123      52784275 
 1123      66666572 
 1123      00
 1124              	.LASF59:
 1125 01fe 6D61696E 		.ascii	"main\000"
 1125      00
ARM GAS  C:\Users\kendr\AppData\Local\Temp\cciToevb.s 			page 25


 1126              	.LASF55:
 1127 0203 4144435F 		.ascii	"ADC_DelSig_1_Start\000"
 1127      44656C53 
 1127      69675F31 
 1127      5F537461 
 1127      727400
 1128              	.LASF12:
 1129 0216 756E7369 		.ascii	"unsigned int\000"
 1129      676E6564 
 1129      20696E74 
 1129      00
 1130              	.LASF44:
 1131 0223 494D445F 		.ascii	"IMD_Fault_Read\000"
 1131      4661756C 
 1131      745F5265 
 1131      616400
 1132              	.LASF43:
 1133 0232 4144435F 		.ascii	"ADC_DelSig_1_CountsTo_mVolts\000"
 1133      44656C53 
 1133      69675F31 
 1133      5F436F75 
 1133      6E747354 
 1134              	.LASF11:
 1135 024f 6C6F6E67 		.ascii	"long long unsigned int\000"
 1135      206C6F6E 
 1135      6720756E 
 1135      7369676E 
 1135      65642069 
 1136              	.LASF13:
 1137 0266 75696E74 		.ascii	"uint8_t\000"
 1137      385F7400 
 1138              	.LASF34:
 1139 026e 7468726F 		.ascii	"throttle_upper\000"
 1139      74746C65 
 1139      5F757070 
 1139      657200
 1140              	.LASF35:
 1141 027d 7468726F 		.ascii	"throttle_lower\000"
 1141      74746C65 
 1141      5F6C6F77 
 1141      657200
 1142              	.LASF22:
 1143 028c 6C6F6E67 		.ascii	"long double\000"
 1143      20646F75 
 1143      626C6500 
 1144              	.LASF23:
 1145 0298 73697A65 		.ascii	"sizetype\000"
 1145      74797065 
 1145      00
 1146              	.LASF52:
 1147 02a1 43414E5F 		.ascii	"CAN_GlobalIntEnable\000"
 1147      476C6F62 
 1147      616C496E 
 1147      74456E61 
 1147      626C6500 
 1148              	.LASF10:
 1149 02b5 6C6F6E67 		.ascii	"long long int\000"
ARM GAS  C:\Users\kendr\AppData\Local\Temp\cciToevb.s 			page 26


 1149      206C6F6E 
 1149      6720696E 
 1149      7400
 1150              	.LASF36:
 1151 02c3 7365745F 		.ascii	"set_interlock\000"
 1151      696E7465 
 1151      726C6F63 
 1151      6B00
 1152              	.LASF57:
 1153 02d1 6D61696E 		.ascii	"main.c\000"
 1153      2E6300
 1154              	.LASF21:
 1155 02d8 63686172 		.ascii	"char\000"
 1155      00
 1156              	.LASF38:
 1157 02dd 6765745F 		.ascii	"get_THROTTLE_LOW\000"
 1157      5448524F 
 1157      54544C45 
 1157      5F4C4F57 
 1157      00
 1158              	.LASF58:
 1159 02ee 433A5C55 		.ascii	"C:\\Users\\kendr\\OneDrive\\Documents\\PEI-Firmware"
 1159      73657273 
 1159      5C6B656E 
 1159      64725C4F 
 1159      6E654472 
 1160 031c 2D464531 		.ascii	"-FE10\\PSOC_VCU_Example\\Design01.cydsn\000"
 1160      305C5053 
 1160      4F435F56 
 1160      43555F45 
 1160      78616D70 
 1161              	.LASF15:
 1162 0342 696E7433 		.ascii	"int32_t\000"
 1162      325F7400 
 1163              	.LASF2:
 1164 034a 73686F72 		.ascii	"short int\000"
 1164      7420696E 
 1164      7400
 1165              	.LASF14:
 1166 0354 75696E74 		.ascii	"uint16_t\000"
 1166      31365F74 
 1166      00
 1167              	.LASF24:
 1168 035d 63757272 		.ascii	"current\000"
 1168      656E7400 
 1169              	.LASF54:
 1170 0365 43414E5F 		.ascii	"CAN_Start\000"
 1170      53746172 
 1170      7400
 1171              	.LASF16:
 1172 036f 75696E74 		.ascii	"uint32_t\000"
 1172      33325F74 
 1172      00
 1173              	.LASF7:
 1174 0378 6C6F6E67 		.ascii	"long int\000"
 1174      20696E74 
 1174      00
ARM GAS  C:\Users\kendr\AppData\Local\Temp\cciToevb.s 			page 27


 1175              	.LASF25:
 1176 0381 73687574 		.ascii	"shutdown_flags\000"
 1176      646F776E 
 1176      5F666C61 
 1176      677300
 1177              	.LASF0:
 1178 0390 7369676E 		.ascii	"signed char\000"
 1178      65642063 
 1178      68617200 
 1179              	.LASF46:
 1180 039c 53445F46 		.ascii	"SD_FINAL_Read\000"
 1180      494E414C 
 1180      5F526561 
 1180      6400
 1181              	.LASF47:
 1182 03aa 63616E5F 		.ascii	"can_send_PEI\000"
 1182      73656E64 
 1182      5F504549 
 1182      00
 1183              	.LASF26:
 1184 03b7 63757272 		.ascii	"current_upper\000"
 1184      656E745F 
 1184      75707065 
 1184      7200
 1185              	.LASF51:
 1186 03c5 43794465 		.ascii	"CyDelay\000"
 1186      6C617900 
 1187              		.ident	"GCC: (GNU Tools for ARM Embedded Processors) 5.4.1 20160609 (release) [ARM/embedded-5-bran
