ARM GAS  C:\Users\leoja\AppData\Local\Temp\cc8zNWRS.s 			page 1


   1              		.syntax unified
   2              		.cpu cortex-m3
   3              		.fpu softvfp
   4              		.eabi_attribute 20, 1
   5              		.eabi_attribute 21, 1
   6              		.eabi_attribute 23, 3
   7              		.eabi_attribute 24, 1
   8              		.eabi_attribute 25, 1
   9              		.eabi_attribute 26, 1
  10              		.eabi_attribute 30, 1
  11              		.eabi_attribute 34, 1
  12              		.eabi_attribute 18, 4
  13              		.thumb
  14              		.syntax unified
  15              		.file	"CAN_INT.c"
  16              		.text
  17              	.Ltext0:
  18              		.cfi_sections	.debug_frame
  19              		.section	.text.CAN_MsgRXIsr,"ax",%progbits
  20              		.align	2
  21              		.global	CAN_MsgRXIsr
  22              		.thumb
  23              		.thumb_func
  24              		.type	CAN_MsgRXIsr, %function
  25              	CAN_MsgRXIsr:
  26              	.LFB0:
  27              		.file 1 "Generated_Source\\PSoC5\\CAN_INT.c"
   1:Generated_Source\PSoC5/CAN_INT.c **** /*******************************************************************************
   2:Generated_Source\PSoC5/CAN_INT.c **** * File Name: CAN_INT.c
   3:Generated_Source\PSoC5/CAN_INT.c **** * Version 3.0
   4:Generated_Source\PSoC5/CAN_INT.c **** *
   5:Generated_Source\PSoC5/CAN_INT.c **** * Description:
   6:Generated_Source\PSoC5/CAN_INT.c **** *  This file contains Interrupt Service Routine (ISR) for CAN Component.
   7:Generated_Source\PSoC5/CAN_INT.c **** *  The Interrupt handlers functions are generated accordingly to the PSoC
   8:Generated_Source\PSoC5/CAN_INT.c **** *  Creator Customizer inputs.
   9:Generated_Source\PSoC5/CAN_INT.c **** *
  10:Generated_Source\PSoC5/CAN_INT.c **** * Note:
  11:Generated_Source\PSoC5/CAN_INT.c **** *  None
  12:Generated_Source\PSoC5/CAN_INT.c **** *
  13:Generated_Source\PSoC5/CAN_INT.c **** ********************************************************************************
  14:Generated_Source\PSoC5/CAN_INT.c **** * Copyright 2008-2015, Cypress Semiconductor Corporation.  All rights reserved.
  15:Generated_Source\PSoC5/CAN_INT.c **** * You may use this file only in accordance with the license, terms, conditions,
  16:Generated_Source\PSoC5/CAN_INT.c **** * disclaimers, and limitations in the end user license agreement accompanying
  17:Generated_Source\PSoC5/CAN_INT.c **** * the software package with which this file was provided.
  18:Generated_Source\PSoC5/CAN_INT.c **** *******************************************************************************/
  19:Generated_Source\PSoC5/CAN_INT.c **** 
  20:Generated_Source\PSoC5/CAN_INT.c **** #include "CAN.h"
  21:Generated_Source\PSoC5/CAN_INT.c **** #include "cyapicallbacks.h"
  22:Generated_Source\PSoC5/CAN_INT.c **** 
  23:Generated_Source\PSoC5/CAN_INT.c **** /* `#START CAN_INT_C_CODE_DEFINITION` */
  24:Generated_Source\PSoC5/CAN_INT.c **** 
  25:Generated_Source\PSoC5/CAN_INT.c **** /* `#END` */
  26:Generated_Source\PSoC5/CAN_INT.c **** 
  27:Generated_Source\PSoC5/CAN_INT.c **** #if (CAN_ARB_LOST)
  28:Generated_Source\PSoC5/CAN_INT.c ****     /*******************************************************************************
  29:Generated_Source\PSoC5/CAN_INT.c ****     * FUNCTION NAME:   CAN_ArbLostIsr
  30:Generated_Source\PSoC5/CAN_INT.c ****     ********************************************************************************
ARM GAS  C:\Users\leoja\AppData\Local\Temp\cc8zNWRS.s 			page 2


  31:Generated_Source\PSoC5/CAN_INT.c ****     *
  32:Generated_Source\PSoC5/CAN_INT.c ****     * Summary:
  33:Generated_Source\PSoC5/CAN_INT.c ****     *  This function is entry point to Arbitration Lost Interrupt. Clears
  34:Generated_Source\PSoC5/CAN_INT.c ****     *  Arbitration Lost interrupt flag. Only generated if Arbitration Lost
  35:Generated_Source\PSoC5/CAN_INT.c ****     *  Interrupt enable in Customizer.
  36:Generated_Source\PSoC5/CAN_INT.c ****     *
  37:Generated_Source\PSoC5/CAN_INT.c ****     * Parameters:
  38:Generated_Source\PSoC5/CAN_INT.c ****     *  None.
  39:Generated_Source\PSoC5/CAN_INT.c ****     *
  40:Generated_Source\PSoC5/CAN_INT.c ****     * Return:
  41:Generated_Source\PSoC5/CAN_INT.c ****     *  None.
  42:Generated_Source\PSoC5/CAN_INT.c ****     *
  43:Generated_Source\PSoC5/CAN_INT.c ****     * Reentrant:
  44:Generated_Source\PSoC5/CAN_INT.c ****     *  Depends on Customer code.
  45:Generated_Source\PSoC5/CAN_INT.c ****     *
  46:Generated_Source\PSoC5/CAN_INT.c ****     *******************************************************************************/
  47:Generated_Source\PSoC5/CAN_INT.c ****     void CAN_ArbLostIsr(void) 
  48:Generated_Source\PSoC5/CAN_INT.c ****     {
  49:Generated_Source\PSoC5/CAN_INT.c ****         /* Clear Arbitration Lost flag */
  50:Generated_Source\PSoC5/CAN_INT.c ****         CAN_INT_SR_REG.byte[0u] = CAN_ARBITRATION_LOST_MASK;
  51:Generated_Source\PSoC5/CAN_INT.c **** 
  52:Generated_Source\PSoC5/CAN_INT.c ****         /* `#START ARBITRATION_LOST_ISR` */
  53:Generated_Source\PSoC5/CAN_INT.c **** 
  54:Generated_Source\PSoC5/CAN_INT.c ****         /* `#END` */
  55:Generated_Source\PSoC5/CAN_INT.c **** 
  56:Generated_Source\PSoC5/CAN_INT.c ****         #ifdef CAN_ARB_LOST_ISR_CALLBACK
  57:Generated_Source\PSoC5/CAN_INT.c ****             CAN_ArbLostIsr_Callback();
  58:Generated_Source\PSoC5/CAN_INT.c ****         #endif /* CAN_ARB_LOST_ISR_CALLBACK */
  59:Generated_Source\PSoC5/CAN_INT.c ****     }
  60:Generated_Source\PSoC5/CAN_INT.c **** #endif /* CAN_ARB_LOST */
  61:Generated_Source\PSoC5/CAN_INT.c **** 
  62:Generated_Source\PSoC5/CAN_INT.c **** 
  63:Generated_Source\PSoC5/CAN_INT.c **** #if (CAN_OVERLOAD)
  64:Generated_Source\PSoC5/CAN_INT.c ****     /*******************************************************************************
  65:Generated_Source\PSoC5/CAN_INT.c ****     * FUNCTION NAME:   CAN_OvrLdErrorIsr
  66:Generated_Source\PSoC5/CAN_INT.c ****     ********************************************************************************
  67:Generated_Source\PSoC5/CAN_INT.c ****     *
  68:Generated_Source\PSoC5/CAN_INT.c ****     * Summary:
  69:Generated_Source\PSoC5/CAN_INT.c ****     *  This function is entry point to Overload Error Interrupt. Clears Overload
  70:Generated_Source\PSoC5/CAN_INT.c ****     *  Error interrupt flag. Only generated if Overload Error Interrupt enable
  71:Generated_Source\PSoC5/CAN_INT.c ****     *  in Customizer.
  72:Generated_Source\PSoC5/CAN_INT.c ****     *
  73:Generated_Source\PSoC5/CAN_INT.c ****     * Parameters:
  74:Generated_Source\PSoC5/CAN_INT.c ****     *  None.
  75:Generated_Source\PSoC5/CAN_INT.c ****     *
  76:Generated_Source\PSoC5/CAN_INT.c ****     * Return:
  77:Generated_Source\PSoC5/CAN_INT.c ****     *  None.
  78:Generated_Source\PSoC5/CAN_INT.c ****     *
  79:Generated_Source\PSoC5/CAN_INT.c ****     * Reentrant:
  80:Generated_Source\PSoC5/CAN_INT.c ****     *  Depends on Customer code.
  81:Generated_Source\PSoC5/CAN_INT.c ****     *
  82:Generated_Source\PSoC5/CAN_INT.c ****     *******************************************************************************/
  83:Generated_Source\PSoC5/CAN_INT.c ****     void CAN_OvrLdErrorIsr(void) 
  84:Generated_Source\PSoC5/CAN_INT.c ****     {
  85:Generated_Source\PSoC5/CAN_INT.c ****         /* Clear Overload Error flag */
  86:Generated_Source\PSoC5/CAN_INT.c ****         CAN_INT_SR_REG.byte[0u] = CAN_OVERLOAD_ERROR_MASK;
  87:Generated_Source\PSoC5/CAN_INT.c **** 
ARM GAS  C:\Users\leoja\AppData\Local\Temp\cc8zNWRS.s 			page 3


  88:Generated_Source\PSoC5/CAN_INT.c ****         /* `#START OVER_LOAD_ERROR_ISR` */
  89:Generated_Source\PSoC5/CAN_INT.c **** 
  90:Generated_Source\PSoC5/CAN_INT.c ****         /* `#END` */
  91:Generated_Source\PSoC5/CAN_INT.c **** 
  92:Generated_Source\PSoC5/CAN_INT.c ****         #ifdef CAN_OVR_LD_ERROR_ISR_CALLBACK
  93:Generated_Source\PSoC5/CAN_INT.c ****             CAN_OvrLdErrorIsr_Callback();
  94:Generated_Source\PSoC5/CAN_INT.c ****         #endif /* CAN_OVR_LD_ERROR_ISR_CALLBACK */
  95:Generated_Source\PSoC5/CAN_INT.c ****     }
  96:Generated_Source\PSoC5/CAN_INT.c **** #endif /* CAN_OVERLOAD */
  97:Generated_Source\PSoC5/CAN_INT.c **** 
  98:Generated_Source\PSoC5/CAN_INT.c **** 
  99:Generated_Source\PSoC5/CAN_INT.c **** #if (CAN_BIT_ERR)
 100:Generated_Source\PSoC5/CAN_INT.c ****     /*******************************************************************************
 101:Generated_Source\PSoC5/CAN_INT.c ****     * FUNCTION NAME:   CAN_BitErrorIsr
 102:Generated_Source\PSoC5/CAN_INT.c ****     ********************************************************************************
 103:Generated_Source\PSoC5/CAN_INT.c ****     *
 104:Generated_Source\PSoC5/CAN_INT.c ****     * Summary:
 105:Generated_Source\PSoC5/CAN_INT.c ****     *  This function is entry point to Bit Error Interrupt. Clears Bit Error
 106:Generated_Source\PSoC5/CAN_INT.c ****     *  interrupt flag. Only generated if Bit Error Interrupt enable in Customizer.
 107:Generated_Source\PSoC5/CAN_INT.c ****     *
 108:Generated_Source\PSoC5/CAN_INT.c ****     * Parameters:
 109:Generated_Source\PSoC5/CAN_INT.c ****     *  None.
 110:Generated_Source\PSoC5/CAN_INT.c ****     *
 111:Generated_Source\PSoC5/CAN_INT.c ****     * Return:
 112:Generated_Source\PSoC5/CAN_INT.c ****     *  None.
 113:Generated_Source\PSoC5/CAN_INT.c ****     *
 114:Generated_Source\PSoC5/CAN_INT.c ****     * Reentrant:
 115:Generated_Source\PSoC5/CAN_INT.c ****     *  Depends on Customer code.
 116:Generated_Source\PSoC5/CAN_INT.c ****     *
 117:Generated_Source\PSoC5/CAN_INT.c ****     *******************************************************************************/
 118:Generated_Source\PSoC5/CAN_INT.c ****     void CAN_BitErrorIsr(void) 
 119:Generated_Source\PSoC5/CAN_INT.c ****     {
 120:Generated_Source\PSoC5/CAN_INT.c ****         /* Clear Bit Error flag */
 121:Generated_Source\PSoC5/CAN_INT.c ****         CAN_INT_SR_REG.byte[0u] = CAN_BIT_ERROR_MASK;
 122:Generated_Source\PSoC5/CAN_INT.c **** 
 123:Generated_Source\PSoC5/CAN_INT.c ****         /* `#START BIT_ERROR_ISR` */
 124:Generated_Source\PSoC5/CAN_INT.c **** 
 125:Generated_Source\PSoC5/CAN_INT.c ****         /* `#END` */
 126:Generated_Source\PSoC5/CAN_INT.c **** 
 127:Generated_Source\PSoC5/CAN_INT.c ****         #ifdef CAN_BIT_ERROR_ISR_CALLBACK
 128:Generated_Source\PSoC5/CAN_INT.c ****             CAN_BitErrorIsr_Callback();
 129:Generated_Source\PSoC5/CAN_INT.c ****         #endif /* CAN_BIT_ERROR_ISR_CALLBACK */
 130:Generated_Source\PSoC5/CAN_INT.c ****     }
 131:Generated_Source\PSoC5/CAN_INT.c **** #endif /* CAN_BIT_ERR */
 132:Generated_Source\PSoC5/CAN_INT.c **** 
 133:Generated_Source\PSoC5/CAN_INT.c **** 
 134:Generated_Source\PSoC5/CAN_INT.c **** #if (CAN_STUFF_ERR)
 135:Generated_Source\PSoC5/CAN_INT.c ****     /*******************************************************************************
 136:Generated_Source\PSoC5/CAN_INT.c ****     * FUNCTION NAME:   CAN_BitStuffErrorIsr
 137:Generated_Source\PSoC5/CAN_INT.c ****     ********************************************************************************
 138:Generated_Source\PSoC5/CAN_INT.c ****     *
 139:Generated_Source\PSoC5/CAN_INT.c ****     * Summary:
 140:Generated_Source\PSoC5/CAN_INT.c ****     *  This function is entry point to Bit Stuff Error Interrupt. Clears Bit Stuff
 141:Generated_Source\PSoC5/CAN_INT.c ****     *  Error interrupt flag. Only generated if Bit Stuff Error Interrupt enable
 142:Generated_Source\PSoC5/CAN_INT.c ****     *  in Customizer.
 143:Generated_Source\PSoC5/CAN_INT.c ****     *
 144:Generated_Source\PSoC5/CAN_INT.c ****     * Parameters:
ARM GAS  C:\Users\leoja\AppData\Local\Temp\cc8zNWRS.s 			page 4


 145:Generated_Source\PSoC5/CAN_INT.c ****     *  None.
 146:Generated_Source\PSoC5/CAN_INT.c ****     *
 147:Generated_Source\PSoC5/CAN_INT.c ****     * Return:
 148:Generated_Source\PSoC5/CAN_INT.c ****     *  None.
 149:Generated_Source\PSoC5/CAN_INT.c ****     *
 150:Generated_Source\PSoC5/CAN_INT.c ****     * Reentrant:
 151:Generated_Source\PSoC5/CAN_INT.c ****     *  Depends on Customer code.
 152:Generated_Source\PSoC5/CAN_INT.c ****     *
 153:Generated_Source\PSoC5/CAN_INT.c ****     *******************************************************************************/
 154:Generated_Source\PSoC5/CAN_INT.c ****     void CAN_BitStuffErrorIsr(void) 
 155:Generated_Source\PSoC5/CAN_INT.c ****     {
 156:Generated_Source\PSoC5/CAN_INT.c ****         /* Clear Stuff Error flag */
 157:Generated_Source\PSoC5/CAN_INT.c ****         CAN_INT_SR_REG.byte[0u] = CAN_STUFF_ERROR_MASK;
 158:Generated_Source\PSoC5/CAN_INT.c **** 
 159:Generated_Source\PSoC5/CAN_INT.c ****         /* `#START BIT_STUFF_ERROR_ISR` */
 160:Generated_Source\PSoC5/CAN_INT.c **** 
 161:Generated_Source\PSoC5/CAN_INT.c ****         /* `#END` */
 162:Generated_Source\PSoC5/CAN_INT.c **** 
 163:Generated_Source\PSoC5/CAN_INT.c ****         #ifdef CAN_BIT_STUFF_ERROR_ISR_CALLBACK
 164:Generated_Source\PSoC5/CAN_INT.c ****             CAN_BitStuffErrorIsr_Callback();
 165:Generated_Source\PSoC5/CAN_INT.c ****         #endif /* CAN_BIT_STUFF_ERROR_ISR_CALLBACK */
 166:Generated_Source\PSoC5/CAN_INT.c ****     }
 167:Generated_Source\PSoC5/CAN_INT.c **** #endif /* CAN_STUFF_ERR */
 168:Generated_Source\PSoC5/CAN_INT.c **** 
 169:Generated_Source\PSoC5/CAN_INT.c **** 
 170:Generated_Source\PSoC5/CAN_INT.c **** #if (CAN_ACK_ERR)
 171:Generated_Source\PSoC5/CAN_INT.c ****     /*******************************************************************************
 172:Generated_Source\PSoC5/CAN_INT.c ****     * FUNCTION NAME:   CAN_AckErrorIsr
 173:Generated_Source\PSoC5/CAN_INT.c ****     ********************************************************************************
 174:Generated_Source\PSoC5/CAN_INT.c ****     *
 175:Generated_Source\PSoC5/CAN_INT.c ****     * Summary:
 176:Generated_Source\PSoC5/CAN_INT.c ****     *  This function is entry point to Acknowledge Error Interrupt. Clears
 177:Generated_Source\PSoC5/CAN_INT.c ****     *  Acknowledge Error interrupt flag. Only generated if Acknowledge Error
 178:Generated_Source\PSoC5/CAN_INT.c ****     *  Interrupt enable in Customizer.
 179:Generated_Source\PSoC5/CAN_INT.c ****     *
 180:Generated_Source\PSoC5/CAN_INT.c ****     * Parameters:
 181:Generated_Source\PSoC5/CAN_INT.c ****     *  None.
 182:Generated_Source\PSoC5/CAN_INT.c ****     *
 183:Generated_Source\PSoC5/CAN_INT.c ****     * Return:
 184:Generated_Source\PSoC5/CAN_INT.c ****     *  None.
 185:Generated_Source\PSoC5/CAN_INT.c ****     *
 186:Generated_Source\PSoC5/CAN_INT.c ****     * Reentrant:
 187:Generated_Source\PSoC5/CAN_INT.c ****     *  Depends on Customer code.
 188:Generated_Source\PSoC5/CAN_INT.c ****     *
 189:Generated_Source\PSoC5/CAN_INT.c ****     *******************************************************************************/
 190:Generated_Source\PSoC5/CAN_INT.c ****     void CAN_AckErrorIsr(void) 
 191:Generated_Source\PSoC5/CAN_INT.c ****     {
 192:Generated_Source\PSoC5/CAN_INT.c ****         /* Clear Acknoledge Error flag */
 193:Generated_Source\PSoC5/CAN_INT.c ****         CAN_INT_SR_REG.byte[0u] = CAN_ACK_ERROR_MASK;
 194:Generated_Source\PSoC5/CAN_INT.c **** 
 195:Generated_Source\PSoC5/CAN_INT.c ****         /* `#START ACKNOWLEDGE_ERROR_ISR` */
 196:Generated_Source\PSoC5/CAN_INT.c **** 
 197:Generated_Source\PSoC5/CAN_INT.c ****         /* `#END` */
 198:Generated_Source\PSoC5/CAN_INT.c **** 
 199:Generated_Source\PSoC5/CAN_INT.c ****         #ifdef CAN_ACK_ERROR_ISR_CALLBACK
 200:Generated_Source\PSoC5/CAN_INT.c ****             CAN_AckErrorIsr_Callback();
 201:Generated_Source\PSoC5/CAN_INT.c ****         #endif /* CAN_ACK_ERROR_ISR_CALLBACK */
ARM GAS  C:\Users\leoja\AppData\Local\Temp\cc8zNWRS.s 			page 5


 202:Generated_Source\PSoC5/CAN_INT.c ****     }
 203:Generated_Source\PSoC5/CAN_INT.c **** #endif /* CAN_ACK_ERR */
 204:Generated_Source\PSoC5/CAN_INT.c **** 
 205:Generated_Source\PSoC5/CAN_INT.c **** 
 206:Generated_Source\PSoC5/CAN_INT.c **** #if (CAN_FORM_ERR)
 207:Generated_Source\PSoC5/CAN_INT.c ****     /*******************************************************************************
 208:Generated_Source\PSoC5/CAN_INT.c ****     * FUNCTION NAME:   CAN_MsgErrorIsr
 209:Generated_Source\PSoC5/CAN_INT.c ****     ********************************************************************************
 210:Generated_Source\PSoC5/CAN_INT.c ****     *
 211:Generated_Source\PSoC5/CAN_INT.c ****     * Summary:
 212:Generated_Source\PSoC5/CAN_INT.c ****     *  This function is entry point to Form Error Interrupt. Clears Form Error
 213:Generated_Source\PSoC5/CAN_INT.c ****     *  interrupt flag. Only generated if Form Error Interrupt enable in Customizer.
 214:Generated_Source\PSoC5/CAN_INT.c ****     *
 215:Generated_Source\PSoC5/CAN_INT.c ****     * Parameters:
 216:Generated_Source\PSoC5/CAN_INT.c ****     *  None.
 217:Generated_Source\PSoC5/CAN_INT.c ****     *
 218:Generated_Source\PSoC5/CAN_INT.c ****     * Return:
 219:Generated_Source\PSoC5/CAN_INT.c ****     *  None.
 220:Generated_Source\PSoC5/CAN_INT.c ****     *
 221:Generated_Source\PSoC5/CAN_INT.c ****     * Reentrant:
 222:Generated_Source\PSoC5/CAN_INT.c ****     *  Depends on Customer code.
 223:Generated_Source\PSoC5/CAN_INT.c ****     *
 224:Generated_Source\PSoC5/CAN_INT.c ****     *******************************************************************************/
 225:Generated_Source\PSoC5/CAN_INT.c ****     void CAN_MsgErrorIsr(void) 
 226:Generated_Source\PSoC5/CAN_INT.c ****     {
 227:Generated_Source\PSoC5/CAN_INT.c ****         /* Clear Form Error flag */
 228:Generated_Source\PSoC5/CAN_INT.c ****         CAN_INT_SR_REG.byte[0u] = CAN_FORM_ERROR_MASK;
 229:Generated_Source\PSoC5/CAN_INT.c **** 
 230:Generated_Source\PSoC5/CAN_INT.c ****         /* `#START MESSAGE_ERROR_ISR` */
 231:Generated_Source\PSoC5/CAN_INT.c **** 
 232:Generated_Source\PSoC5/CAN_INT.c ****         /* `#END` */
 233:Generated_Source\PSoC5/CAN_INT.c **** 
 234:Generated_Source\PSoC5/CAN_INT.c ****         #ifdef CAN_MSG_ERROR_ISR_CALLBACK
 235:Generated_Source\PSoC5/CAN_INT.c ****             CAN_MsgErrorIsr_Callback();
 236:Generated_Source\PSoC5/CAN_INT.c ****         #endif /* CAN_MSG_ERROR_ISR_CALLBACK */
 237:Generated_Source\PSoC5/CAN_INT.c ****     }
 238:Generated_Source\PSoC5/CAN_INT.c **** #endif /* CAN_FORM_ERR */
 239:Generated_Source\PSoC5/CAN_INT.c **** 
 240:Generated_Source\PSoC5/CAN_INT.c **** 
 241:Generated_Source\PSoC5/CAN_INT.c **** #if (CAN_CRC_ERR)
 242:Generated_Source\PSoC5/CAN_INT.c ****     /*******************************************************************************
 243:Generated_Source\PSoC5/CAN_INT.c ****     * FUNCTION NAME:   CAN_CrcErrorIsr
 244:Generated_Source\PSoC5/CAN_INT.c ****     ********************************************************************************
 245:Generated_Source\PSoC5/CAN_INT.c ****     *
 246:Generated_Source\PSoC5/CAN_INT.c ****     * Summary:
 247:Generated_Source\PSoC5/CAN_INT.c ****     *  This function is entry point to CRC Error Interrupt. Clears CRC Error
 248:Generated_Source\PSoC5/CAN_INT.c ****     *  interrupt flag. Only generated if CRC Error Interrupt enable in Customizer.
 249:Generated_Source\PSoC5/CAN_INT.c ****     *
 250:Generated_Source\PSoC5/CAN_INT.c ****     * Parameters:
 251:Generated_Source\PSoC5/CAN_INT.c ****     *  None.
 252:Generated_Source\PSoC5/CAN_INT.c ****     *
 253:Generated_Source\PSoC5/CAN_INT.c ****     * Return:
 254:Generated_Source\PSoC5/CAN_INT.c ****     *  None.
 255:Generated_Source\PSoC5/CAN_INT.c ****     *
 256:Generated_Source\PSoC5/CAN_INT.c ****     * Reentrant:
 257:Generated_Source\PSoC5/CAN_INT.c ****     *  Depends on Customer code.
 258:Generated_Source\PSoC5/CAN_INT.c ****     *
ARM GAS  C:\Users\leoja\AppData\Local\Temp\cc8zNWRS.s 			page 6


 259:Generated_Source\PSoC5/CAN_INT.c ****     *******************************************************************************/
 260:Generated_Source\PSoC5/CAN_INT.c ****     void CAN_CrcErrorIsr(void) 
 261:Generated_Source\PSoC5/CAN_INT.c ****     {
 262:Generated_Source\PSoC5/CAN_INT.c ****         /* Clear CRC Error flag */
 263:Generated_Source\PSoC5/CAN_INT.c ****         CAN_INT_SR_REG.byte[1u] = CAN_CRC_ERROR_MASK;
 264:Generated_Source\PSoC5/CAN_INT.c **** 
 265:Generated_Source\PSoC5/CAN_INT.c ****         /* `#START CRC_ERROR_ISR` */
 266:Generated_Source\PSoC5/CAN_INT.c **** 
 267:Generated_Source\PSoC5/CAN_INT.c ****         /* `#END` */
 268:Generated_Source\PSoC5/CAN_INT.c **** 
 269:Generated_Source\PSoC5/CAN_INT.c ****         #ifdef CAN_CRC_ERROR_ISR_CALLBACK
 270:Generated_Source\PSoC5/CAN_INT.c ****             CAN_CrcErrorIsr_Callback();
 271:Generated_Source\PSoC5/CAN_INT.c ****         #endif /* CAN_CRC_ERROR_ISR_CALLBACK */
 272:Generated_Source\PSoC5/CAN_INT.c ****     }
 273:Generated_Source\PSoC5/CAN_INT.c **** #endif /* CAN_CRC_ERR */
 274:Generated_Source\PSoC5/CAN_INT.c **** 
 275:Generated_Source\PSoC5/CAN_INT.c **** 
 276:Generated_Source\PSoC5/CAN_INT.c **** #if (CAN_BUS_OFF)
 277:Generated_Source\PSoC5/CAN_INT.c ****     /*******************************************************************************
 278:Generated_Source\PSoC5/CAN_INT.c ****     * FUNCTION NAME:   CAN_BusOffIsr
 279:Generated_Source\PSoC5/CAN_INT.c ****     ********************************************************************************
 280:Generated_Source\PSoC5/CAN_INT.c ****     *
 281:Generated_Source\PSoC5/CAN_INT.c ****     * Summary:
 282:Generated_Source\PSoC5/CAN_INT.c ****     *  This function is entry point to Bus Off Interrupt. Places CAN Component
 283:Generated_Source\PSoC5/CAN_INT.c ****     *  to Stop mode. Only generated if Bus Off Interrupt enable in Customizer.
 284:Generated_Source\PSoC5/CAN_INT.c ****     *  Recommended setting to enable this interrupt.
 285:Generated_Source\PSoC5/CAN_INT.c ****     *
 286:Generated_Source\PSoC5/CAN_INT.c ****     * Parameters:
 287:Generated_Source\PSoC5/CAN_INT.c ****     *  None.
 288:Generated_Source\PSoC5/CAN_INT.c ****     *
 289:Generated_Source\PSoC5/CAN_INT.c ****     * Return:
 290:Generated_Source\PSoC5/CAN_INT.c ****     *  None.
 291:Generated_Source\PSoC5/CAN_INT.c ****     *
 292:Generated_Source\PSoC5/CAN_INT.c ****     * Side Effects:
 293:Generated_Source\PSoC5/CAN_INT.c ****     *  Stops CAN component operation.
 294:Generated_Source\PSoC5/CAN_INT.c ****     *
 295:Generated_Source\PSoC5/CAN_INT.c ****     *******************************************************************************/
 296:Generated_Source\PSoC5/CAN_INT.c ****     void CAN_BusOffIsr(void) 
 297:Generated_Source\PSoC5/CAN_INT.c ****     {
 298:Generated_Source\PSoC5/CAN_INT.c ****         /* Clear Bus Off flag */
 299:Generated_Source\PSoC5/CAN_INT.c ****         CAN_INT_SR_REG.byte[1u] = CAN_BUS_OFF_MASK;
 300:Generated_Source\PSoC5/CAN_INT.c ****         (void) CAN_GlobalIntDisable();
 301:Generated_Source\PSoC5/CAN_INT.c **** 
 302:Generated_Source\PSoC5/CAN_INT.c ****         /* `#START BUS_OFF_ISR` */
 303:Generated_Source\PSoC5/CAN_INT.c **** 
 304:Generated_Source\PSoC5/CAN_INT.c ****         /* `#END` */
 305:Generated_Source\PSoC5/CAN_INT.c **** 
 306:Generated_Source\PSoC5/CAN_INT.c ****         #ifdef CAN_BUS_OFF_ISR_CALLBACK
 307:Generated_Source\PSoC5/CAN_INT.c ****             CAN_BusOffIsr_Callback();
 308:Generated_Source\PSoC5/CAN_INT.c ****         #endif /* CAN_BUS_OFF_ISR_CALLBACK */
 309:Generated_Source\PSoC5/CAN_INT.c **** 
 310:Generated_Source\PSoC5/CAN_INT.c ****         (void) CAN_Stop();
 311:Generated_Source\PSoC5/CAN_INT.c ****     }
 312:Generated_Source\PSoC5/CAN_INT.c **** #endif /* CAN_BUS_OFF */
 313:Generated_Source\PSoC5/CAN_INT.c **** 
 314:Generated_Source\PSoC5/CAN_INT.c **** 
 315:Generated_Source\PSoC5/CAN_INT.c **** #if (CAN_RX_MSG_LOST)
ARM GAS  C:\Users\leoja\AppData\Local\Temp\cc8zNWRS.s 			page 7


 316:Generated_Source\PSoC5/CAN_INT.c ****     /*******************************************************************************
 317:Generated_Source\PSoC5/CAN_INT.c ****     * FUNCTION NAME:   CAN_MsgLostIsr
 318:Generated_Source\PSoC5/CAN_INT.c ****     ********************************************************************************
 319:Generated_Source\PSoC5/CAN_INT.c ****     *
 320:Generated_Source\PSoC5/CAN_INT.c ****     * Summary:
 321:Generated_Source\PSoC5/CAN_INT.c ****     *  This function is entry point to Message Lost Interrupt. Clears Message Lost
 322:Generated_Source\PSoC5/CAN_INT.c ****     *  interrupt flag. Only generated if Message Lost Interrupt enable in Customizer
 323:Generated_Source\PSoC5/CAN_INT.c ****     *
 324:Generated_Source\PSoC5/CAN_INT.c ****     * Parameters:
 325:Generated_Source\PSoC5/CAN_INT.c ****     *  None.
 326:Generated_Source\PSoC5/CAN_INT.c ****     *
 327:Generated_Source\PSoC5/CAN_INT.c ****     * Return:
 328:Generated_Source\PSoC5/CAN_INT.c ****     *  None.
 329:Generated_Source\PSoC5/CAN_INT.c ****     *
 330:Generated_Source\PSoC5/CAN_INT.c ****     * Reentrant:
 331:Generated_Source\PSoC5/CAN_INT.c ****     *  Depends on Customer code.
 332:Generated_Source\PSoC5/CAN_INT.c ****     *
 333:Generated_Source\PSoC5/CAN_INT.c ****     *******************************************************************************/
 334:Generated_Source\PSoC5/CAN_INT.c ****     void CAN_MsgLostIsr(void) 
 335:Generated_Source\PSoC5/CAN_INT.c ****     {
 336:Generated_Source\PSoC5/CAN_INT.c ****         /* Clear Receive Message Lost flag */
 337:Generated_Source\PSoC5/CAN_INT.c ****         CAN_INT_SR_REG.byte[1u] = CAN_RX_MSG_LOST_MASK;
 338:Generated_Source\PSoC5/CAN_INT.c **** 
 339:Generated_Source\PSoC5/CAN_INT.c ****         /* `#START MESSAGE_LOST_ISR` */
 340:Generated_Source\PSoC5/CAN_INT.c **** 
 341:Generated_Source\PSoC5/CAN_INT.c ****         /* `#END` */
 342:Generated_Source\PSoC5/CAN_INT.c **** 
 343:Generated_Source\PSoC5/CAN_INT.c ****         #ifdef CAN_MSG_LOST_ISR_CALLBACK
 344:Generated_Source\PSoC5/CAN_INT.c ****             CAN_MsgLostIsr_Callback();
 345:Generated_Source\PSoC5/CAN_INT.c ****         #endif /* CAN_MSG_LOST_ISR_CALLBACK */
 346:Generated_Source\PSoC5/CAN_INT.c ****     }
 347:Generated_Source\PSoC5/CAN_INT.c **** #endif /* CAN_RX_MSG_LOST */
 348:Generated_Source\PSoC5/CAN_INT.c **** 
 349:Generated_Source\PSoC5/CAN_INT.c **** 
 350:Generated_Source\PSoC5/CAN_INT.c **** #if (CAN_TX_MESSAGE)
 351:Generated_Source\PSoC5/CAN_INT.c ****     /*******************************************************************************
 352:Generated_Source\PSoC5/CAN_INT.c ****     * FUNCTION NAME:   CAN_MsgTXIsr
 353:Generated_Source\PSoC5/CAN_INT.c ****     ********************************************************************************
 354:Generated_Source\PSoC5/CAN_INT.c ****     *
 355:Generated_Source\PSoC5/CAN_INT.c ****     * Summary:
 356:Generated_Source\PSoC5/CAN_INT.c ****     *  This function is entry point to Transmit Message Interrupt. Clears Transmit
 357:Generated_Source\PSoC5/CAN_INT.c ****     *  Message interrupt flag. Only generated if Transmit Message Interrupt enable
 358:Generated_Source\PSoC5/CAN_INT.c ****     *  in Customizer.
 359:Generated_Source\PSoC5/CAN_INT.c ****     *
 360:Generated_Source\PSoC5/CAN_INT.c ****     * Parameters:
 361:Generated_Source\PSoC5/CAN_INT.c ****     *  None.
 362:Generated_Source\PSoC5/CAN_INT.c ****     *
 363:Generated_Source\PSoC5/CAN_INT.c ****     * Return:
 364:Generated_Source\PSoC5/CAN_INT.c ****     *  None.
 365:Generated_Source\PSoC5/CAN_INT.c ****     *
 366:Generated_Source\PSoC5/CAN_INT.c ****     * Reentrant:
 367:Generated_Source\PSoC5/CAN_INT.c ****     *  Depends on Customer code.
 368:Generated_Source\PSoC5/CAN_INT.c ****     *
 369:Generated_Source\PSoC5/CAN_INT.c ****     *******************************************************************************/
 370:Generated_Source\PSoC5/CAN_INT.c ****     void CAN_MsgTXIsr(void) 
 371:Generated_Source\PSoC5/CAN_INT.c ****     {
 372:Generated_Source\PSoC5/CAN_INT.c ****         /* Clear Transmit Message flag */
ARM GAS  C:\Users\leoja\AppData\Local\Temp\cc8zNWRS.s 			page 8


 373:Generated_Source\PSoC5/CAN_INT.c ****         CAN_INT_SR_REG.byte[1u] = CAN_TX_MESSAGE_MASK;
 374:Generated_Source\PSoC5/CAN_INT.c **** 
 375:Generated_Source\PSoC5/CAN_INT.c ****         /* `#START MESSAGE_TRANSMITTED_ISR` */
 376:Generated_Source\PSoC5/CAN_INT.c **** 
 377:Generated_Source\PSoC5/CAN_INT.c ****         /* `#END` */
 378:Generated_Source\PSoC5/CAN_INT.c **** 
 379:Generated_Source\PSoC5/CAN_INT.c ****         #ifdef CAN_MSG_TX_ISR_CALLBACK
 380:Generated_Source\PSoC5/CAN_INT.c ****             CAN_MsgTXIsr_Callback();
 381:Generated_Source\PSoC5/CAN_INT.c ****         #endif /* CAN_MSG_TX_ISR_CALLBACK */
 382:Generated_Source\PSoC5/CAN_INT.c ****     }
 383:Generated_Source\PSoC5/CAN_INT.c **** #endif /* CAN_TX_MESSAGE */
 384:Generated_Source\PSoC5/CAN_INT.c **** 
 385:Generated_Source\PSoC5/CAN_INT.c **** 
 386:Generated_Source\PSoC5/CAN_INT.c **** #if (CAN_RX_MESSAGE)
 387:Generated_Source\PSoC5/CAN_INT.c ****     /*******************************************************************************
 388:Generated_Source\PSoC5/CAN_INT.c ****     * FUNCTION NAME:   CAN_MsgRXIsr
 389:Generated_Source\PSoC5/CAN_INT.c ****     ********************************************************************************
 390:Generated_Source\PSoC5/CAN_INT.c ****     *
 391:Generated_Source\PSoC5/CAN_INT.c ****     * Summary:
 392:Generated_Source\PSoC5/CAN_INT.c ****     *  This function is entry point to Receive Message Interrupt. Clears Receive
 393:Generated_Source\PSoC5/CAN_INT.c ****     *  Message interrupt flag and call appropriate handlers for Basic and Full
 394:Generated_Source\PSoC5/CAN_INT.c ****     *  interrupt based mailboxes. Only generated if Receive Message Interrupt
 395:Generated_Source\PSoC5/CAN_INT.c ****     *  enable in Customizer. Recommended setting to enable this interrupt.
 396:Generated_Source\PSoC5/CAN_INT.c ****     *
 397:Generated_Source\PSoC5/CAN_INT.c ****     * Parameters:
 398:Generated_Source\PSoC5/CAN_INT.c ****     *  None.
 399:Generated_Source\PSoC5/CAN_INT.c ****     *
 400:Generated_Source\PSoC5/CAN_INT.c ****     * Return:
 401:Generated_Source\PSoC5/CAN_INT.c ****     *  None.
 402:Generated_Source\PSoC5/CAN_INT.c ****     *
 403:Generated_Source\PSoC5/CAN_INT.c ****     *******************************************************************************/
 404:Generated_Source\PSoC5/CAN_INT.c ****     void CAN_MsgRXIsr(void) 
 405:Generated_Source\PSoC5/CAN_INT.c ****     {
  28              		.loc 1 405 0
  29              		.cfi_startproc
  30              		@ args = 0, pretend = 0, frame = 0
  31              		@ frame_needed = 0, uses_anonymous_args = 0
  32 0000 38B5     		push	{r3, r4, r5, lr}
  33              		.cfi_def_cfa_offset 16
  34              		.cfi_offset 3, -16
  35              		.cfi_offset 4, -12
  36              		.cfi_offset 5, -8
  37              		.cfi_offset 14, -4
  38              	.LVL0:
 406:Generated_Source\PSoC5/CAN_INT.c ****         uint8 mailboxNumber;
 407:Generated_Source\PSoC5/CAN_INT.c ****         uint16 shift = 0x01u;
 408:Generated_Source\PSoC5/CAN_INT.c **** 
 409:Generated_Source\PSoC5/CAN_INT.c ****         /* Clear Receive Message flag */
 410:Generated_Source\PSoC5/CAN_INT.c ****         CAN_INT_SR_REG.byte[1u] = CAN_RX_MESSAGE_MASK;
  39              		.loc 1 410 0
  40 0002 1022     		movs	r2, #16
  41 0004 184B     		ldr	r3, .L13
  42 0006 5A70     		strb	r2, [r3, #1]
  43              	.LVL1:
 407:Generated_Source\PSoC5/CAN_INT.c **** 
  44              		.loc 1 407 0
  45 0008 0125     		movs	r5, #1
ARM GAS  C:\Users\leoja\AppData\Local\Temp\cc8zNWRS.s 			page 9


 411:Generated_Source\PSoC5/CAN_INT.c **** 
 412:Generated_Source\PSoC5/CAN_INT.c ****         /* `#START MESSAGE_RECEIVE_ISR` */
 413:Generated_Source\PSoC5/CAN_INT.c **** 
 414:Generated_Source\PSoC5/CAN_INT.c ****         /* `#END` */
 415:Generated_Source\PSoC5/CAN_INT.c **** 
 416:Generated_Source\PSoC5/CAN_INT.c ****         #ifdef CAN_MSG_RX_ISR_CALLBACK
 417:Generated_Source\PSoC5/CAN_INT.c ****             CAN_MsgRXIsr_Callback();
 418:Generated_Source\PSoC5/CAN_INT.c ****         #endif /* CAN_MSG_RX_ISR_CALLBACK */
 419:Generated_Source\PSoC5/CAN_INT.c **** 
 420:Generated_Source\PSoC5/CAN_INT.c ****         for (mailboxNumber = 0u; mailboxNumber < CAN_NUMBER_OF_RX_MAILBOXES; mailboxNumber++)
  46              		.loc 1 420 0
  47 000a 0024     		movs	r4, #0
  48 000c 29E0     		b	.L2
  49              	.LVL2:
  50              	.L11:
 421:Generated_Source\PSoC5/CAN_INT.c ****         {
 422:Generated_Source\PSoC5/CAN_INT.c ****             if ((CY_GET_REG16((reg16 *) &CAN_BUF_SR_REG.byte[0u]) & shift) != 0u)
  51              		.loc 1 422 0
  52 000e 174B     		ldr	r3, .L13+4
  53 0010 1B88     		ldrh	r3, [r3]
  54 0012 1D42     		tst	r5, r3
  55 0014 21D0     		beq	.L3
 423:Generated_Source\PSoC5/CAN_INT.c ****             {
 424:Generated_Source\PSoC5/CAN_INT.c ****                 if ((CAN_RX[mailboxNumber].rxcmd.byte[0u] & CAN_RX_INT_ENABLE_MASK) != 0u)
  56              		.loc 1 424 0
  57 0016 6301     		lsls	r3, r4, #5
  58 0018 154A     		ldr	r2, .L13+8
  59 001a 9B5C     		ldrb	r3, [r3, r2]	@ zero_extendqisi2
  60 001c 13F0200F 		tst	r3, #32
  61 0020 1BD0     		beq	.L3
 425:Generated_Source\PSoC5/CAN_INT.c ****                 {
 426:Generated_Source\PSoC5/CAN_INT.c ****                     if ((CAN_RX_MAILBOX_TYPE & shift) != 0u)
  62              		.loc 1 426 0
  63 0022 15F03B0F 		tst	r5, #59
  64 0026 15D0     		beq	.L4
 427:Generated_Source\PSoC5/CAN_INT.c ****                     {
 428:Generated_Source\PSoC5/CAN_INT.c ****                         /* RX Full mailboxes handler */
 429:Generated_Source\PSoC5/CAN_INT.c ****                         switch(mailboxNumber)
  65              		.loc 1 429 0
  66 0028 052C     		cmp	r4, #5
  67 002a 16D8     		bhi	.L3
  68 002c DFE804F0 		tbb	[pc, r4]
  69              	.L6:
  70 0030 03       		.byte	(.L5-.L6)/2
  71 0031 06       		.byte	(.L7-.L6)/2
  72 0032 15       		.byte	(.L3-.L6)/2
  73 0033 09       		.byte	(.L8-.L6)/2
  74 0034 0C       		.byte	(.L9-.L6)/2
  75 0035 0F       		.byte	(.L10-.L6)/2
  76              		.p2align 1
  77              	.L5:
 430:Generated_Source\PSoC5/CAN_INT.c ****                         {
 431:Generated_Source\PSoC5/CAN_INT.c ****                             case 0u : CAN_ReceiveMsgvcu_torque_request();
  78              		.loc 1 431 0
  79 0036 FFF7FEFF 		bl	CAN_ReceiveMsgvcu_torque_request
  80              	.LVL3:
 432:Generated_Source\PSoC5/CAN_INT.c ****                             break;
ARM GAS  C:\Users\leoja\AppData\Local\Temp\cc8zNWRS.s 			page 10


  81              		.loc 1 432 0
  82 003a 0EE0     		b	.L3
  83              	.L7:
 433:Generated_Source\PSoC5/CAN_INT.c ****                             case 1u : CAN_ReceiveMsgbms_status();
  84              		.loc 1 433 0
  85 003c FFF7FEFF 		bl	CAN_ReceiveMsgbms_status
  86              	.LVL4:
 434:Generated_Source\PSoC5/CAN_INT.c ****                             break;
  87              		.loc 1 434 0
  88 0040 0BE0     		b	.L3
  89              	.L8:
 435:Generated_Source\PSoC5/CAN_INT.c ****                             case 3u : CAN_ReceiveMsgMC_State();
  90              		.loc 1 435 0
  91 0042 FFF7FEFF 		bl	CAN_ReceiveMsgMC_State
  92              	.LVL5:
 436:Generated_Source\PSoC5/CAN_INT.c ****                             break;
  93              		.loc 1 436 0
  94 0046 08E0     		b	.L3
  95              	.L9:
 437:Generated_Source\PSoC5/CAN_INT.c ****                             case 4u : CAN_ReceiveMsgMC_Fault();
  96              		.loc 1 437 0
  97 0048 FFF7FEFF 		bl	CAN_ReceiveMsgMC_Fault
  98              	.LVL6:
 438:Generated_Source\PSoC5/CAN_INT.c ****                             break;
  99              		.loc 1 438 0
 100 004c 05E0     		b	.L3
 101              	.L10:
 439:Generated_Source\PSoC5/CAN_INT.c ****                             case 5u : CAN_ReceiveMsgMC_Voltage();
 102              		.loc 1 439 0
 103 004e FFF7FEFF 		bl	CAN_ReceiveMsgMC_Voltage
 104              	.LVL7:
 440:Generated_Source\PSoC5/CAN_INT.c ****                             break;
 105              		.loc 1 440 0
 106 0052 02E0     		b	.L3
 107              	.L4:
 441:Generated_Source\PSoC5/CAN_INT.c ****                             default:
 442:Generated_Source\PSoC5/CAN_INT.c ****                             break;
 443:Generated_Source\PSoC5/CAN_INT.c ****                         }
 444:Generated_Source\PSoC5/CAN_INT.c ****                     }
 445:Generated_Source\PSoC5/CAN_INT.c ****                     else
 446:Generated_Source\PSoC5/CAN_INT.c ****                     {
 447:Generated_Source\PSoC5/CAN_INT.c ****                         /* RX Basic mailbox handler */
 448:Generated_Source\PSoC5/CAN_INT.c ****                         CAN_ReceiveMsg(mailboxNumber);
 108              		.loc 1 448 0
 109 0054 2046     		mov	r0, r4
 110 0056 FFF7FEFF 		bl	CAN_ReceiveMsg
 111              	.LVL8:
 112              	.L3:
 449:Generated_Source\PSoC5/CAN_INT.c ****                     }
 450:Generated_Source\PSoC5/CAN_INT.c ****                 }
 451:Generated_Source\PSoC5/CAN_INT.c ****             }
 452:Generated_Source\PSoC5/CAN_INT.c ****             shift <<= 1u;
 113              		.loc 1 452 0 discriminator 2
 114 005a 6D00     		lsls	r5, r5, #1
 115              	.LVL9:
 116 005c ADB2     		uxth	r5, r5
 117              	.LVL10:
ARM GAS  C:\Users\leoja\AppData\Local\Temp\cc8zNWRS.s 			page 11


 420:Generated_Source\PSoC5/CAN_INT.c ****         {
 118              		.loc 1 420 0 discriminator 2
 119 005e 0134     		adds	r4, r4, #1
 120              	.LVL11:
 121 0060 E4B2     		uxtb	r4, r4
 122              	.LVL12:
 123              	.L2:
 420:Generated_Source\PSoC5/CAN_INT.c ****         {
 124              		.loc 1 420 0 is_stmt 0 discriminator 1
 125 0062 0F2C     		cmp	r4, #15
 126 0064 D3D9     		bls	.L11
 453:Generated_Source\PSoC5/CAN_INT.c ****         }
 454:Generated_Source\PSoC5/CAN_INT.c ****     }
 127              		.loc 1 454 0 is_stmt 1
 128 0066 38BD     		pop	{r3, r4, r5, pc}
 129              	.LVL13:
 130              	.L14:
 131              		.align	2
 132              	.L13:
 133 0068 00A00040 		.word	1073782784
 134 006c 08A00040 		.word	1073782792
 135 0070 A0A00040 		.word	1073782944
 136              		.cfi_endproc
 137              	.LFE0:
 138              		.size	CAN_MsgRXIsr, .-CAN_MsgRXIsr
 139              		.section	.text.CAN_ISR,"ax",%progbits
 140              		.align	2
 141              		.global	CAN_ISR
 142              		.thumb
 143              		.thumb_func
 144              		.type	CAN_ISR, %function
 145              	CAN_ISR:
 146              	.LFB1:
 455:Generated_Source\PSoC5/CAN_INT.c **** #endif /* CAN_RX_MESSAGE */
 456:Generated_Source\PSoC5/CAN_INT.c **** 
 457:Generated_Source\PSoC5/CAN_INT.c **** 
 458:Generated_Source\PSoC5/CAN_INT.c **** /*******************************************************************************
 459:Generated_Source\PSoC5/CAN_INT.c **** * Function Name: CAN_ISR
 460:Generated_Source\PSoC5/CAN_INT.c **** ********************************************************************************
 461:Generated_Source\PSoC5/CAN_INT.c **** *
 462:Generated_Source\PSoC5/CAN_INT.c **** * Summary:
 463:Generated_Source\PSoC5/CAN_INT.c **** *  This ISR is executed when CAN Core generates and interrupt on one of events:
 464:Generated_Source\PSoC5/CAN_INT.c **** *  Arb_lost, Overload, Bit_err, Stuff_err, Ack_err, Form_err, Crc_err,
 465:Generated_Source\PSoC5/CAN_INT.c **** *  Buss_off, Rx_msg_lost, Tx_msg or Rx_msg. The interrupt sources depends
 466:Generated_Source\PSoC5/CAN_INT.c **** *  on the Customizer inputs.
 467:Generated_Source\PSoC5/CAN_INT.c **** *
 468:Generated_Source\PSoC5/CAN_INT.c **** * Parameters:
 469:Generated_Source\PSoC5/CAN_INT.c **** *  None.
 470:Generated_Source\PSoC5/CAN_INT.c **** *
 471:Generated_Source\PSoC5/CAN_INT.c **** * Return:
 472:Generated_Source\PSoC5/CAN_INT.c **** *  None.
 473:Generated_Source\PSoC5/CAN_INT.c **** *
 474:Generated_Source\PSoC5/CAN_INT.c **** *******************************************************************************/
 475:Generated_Source\PSoC5/CAN_INT.c **** CY_ISR(CAN_ISR)
 476:Generated_Source\PSoC5/CAN_INT.c **** {
 147              		.loc 1 476 0
 148              		.cfi_startproc
ARM GAS  C:\Users\leoja\AppData\Local\Temp\cc8zNWRS.s 			page 12


 149              		@ args = 0, pretend = 0, frame = 0
 150              		@ frame_needed = 0, uses_anonymous_args = 0
 151 0000 08B5     		push	{r3, lr}
 152              		.cfi_def_cfa_offset 8
 153              		.cfi_offset 3, -8
 154              		.cfi_offset 14, -4
 477:Generated_Source\PSoC5/CAN_INT.c ****     #ifdef CAN_ISR_INTERRUPT_CALLBACK
 478:Generated_Source\PSoC5/CAN_INT.c ****         CAN_ISR_InterruptCallback();
 479:Generated_Source\PSoC5/CAN_INT.c ****     #endif /* CAN_ISR_INTERRUPT_CALLBACK */
 480:Generated_Source\PSoC5/CAN_INT.c ****     
 481:Generated_Source\PSoC5/CAN_INT.c ****     /* Place your Interrupt code here. */
 482:Generated_Source\PSoC5/CAN_INT.c ****     /* `#START CAN_ISR` */
 483:Generated_Source\PSoC5/CAN_INT.c **** 
 484:Generated_Source\PSoC5/CAN_INT.c ****     /* `#END` */
 485:Generated_Source\PSoC5/CAN_INT.c ****     
 486:Generated_Source\PSoC5/CAN_INT.c ****     /* Arbitration */
 487:Generated_Source\PSoC5/CAN_INT.c ****     #if (CAN_ARB_LOST && (CAN_ARB_LOST_USE_HELPER || \
 488:Generated_Source\PSoC5/CAN_INT.c ****         (!CAN_ADVANCED_INTERRUPT_CFG)))
 489:Generated_Source\PSoC5/CAN_INT.c ****         if ((CAN_INT_SR_REG.byte[0u] & CAN_ARBITRATION_LOST_MASK) != 0u)
 490:Generated_Source\PSoC5/CAN_INT.c ****         {
 491:Generated_Source\PSoC5/CAN_INT.c ****             CAN_ArbLostIsr();
 492:Generated_Source\PSoC5/CAN_INT.c ****         }
 493:Generated_Source\PSoC5/CAN_INT.c ****     #endif /* CAN_ARB_LOST && CAN_ARB_LOST_USE_HELPER */
 494:Generated_Source\PSoC5/CAN_INT.c **** 
 495:Generated_Source\PSoC5/CAN_INT.c ****     /* Overload Error */
 496:Generated_Source\PSoC5/CAN_INT.c ****     #if (CAN_OVERLOAD && (CAN_OVERLOAD_USE_HELPER || \
 497:Generated_Source\PSoC5/CAN_INT.c ****         (!CAN_ADVANCED_INTERRUPT_CFG)))
 498:Generated_Source\PSoC5/CAN_INT.c ****         if ((CAN_INT_SR_REG.byte[0u] & CAN_OVERLOAD_ERROR_MASK) != 0u)
 499:Generated_Source\PSoC5/CAN_INT.c ****         {
 500:Generated_Source\PSoC5/CAN_INT.c ****             CAN_OvrLdErrorIsr();
 501:Generated_Source\PSoC5/CAN_INT.c ****         }
 502:Generated_Source\PSoC5/CAN_INT.c ****     #endif /* CAN_OVERLOAD && CAN_OVERLOAD_USE_HELPER */
 503:Generated_Source\PSoC5/CAN_INT.c **** 
 504:Generated_Source\PSoC5/CAN_INT.c ****     /* Bit Error */
 505:Generated_Source\PSoC5/CAN_INT.c ****     #if (CAN_BIT_ERR && (CAN_BIT_ERR_USE_HELPER || \
 506:Generated_Source\PSoC5/CAN_INT.c ****         (!CAN_ADVANCED_INTERRUPT_CFG)))
 507:Generated_Source\PSoC5/CAN_INT.c ****         if ((CAN_INT_SR_REG.byte[0u] & CAN_BIT_ERROR_MASK) != 0u)
 508:Generated_Source\PSoC5/CAN_INT.c ****         {
 509:Generated_Source\PSoC5/CAN_INT.c ****             CAN_BitErrorIsr();
 510:Generated_Source\PSoC5/CAN_INT.c ****         }
 511:Generated_Source\PSoC5/CAN_INT.c ****     #endif /* CAN_BIT_ERR && CAN_BIT_ERR_USE_HELPER */
 512:Generated_Source\PSoC5/CAN_INT.c **** 
 513:Generated_Source\PSoC5/CAN_INT.c ****     /* Bit Staff Error */
 514:Generated_Source\PSoC5/CAN_INT.c ****     #if (CAN_STUFF_ERR && (CAN_STUFF_ERR_USE_HELPER || \
 515:Generated_Source\PSoC5/CAN_INT.c ****         (!CAN_ADVANCED_INTERRUPT_CFG)))
 516:Generated_Source\PSoC5/CAN_INT.c ****         if ((CAN_INT_SR_REG.byte[0u] & CAN_STUFF_ERROR_MASK) != 0u)
 517:Generated_Source\PSoC5/CAN_INT.c ****         {
 518:Generated_Source\PSoC5/CAN_INT.c ****             CAN_BitStuffErrorIsr();
 519:Generated_Source\PSoC5/CAN_INT.c ****         }
 520:Generated_Source\PSoC5/CAN_INT.c ****     #endif /* CAN_STUFF_ERR && CAN_STUFF_ERR_USE_HELPER */
 521:Generated_Source\PSoC5/CAN_INT.c **** 
 522:Generated_Source\PSoC5/CAN_INT.c ****     /* ACK Error */
 523:Generated_Source\PSoC5/CAN_INT.c ****     #if (CAN_ACK_ERR && (CAN_ACK_ERR_USE_HELPER || \
 524:Generated_Source\PSoC5/CAN_INT.c ****         (!CAN_ADVANCED_INTERRUPT_CFG)))
 525:Generated_Source\PSoC5/CAN_INT.c ****         if ((CAN_INT_SR_REG.byte[0u] & CAN_ACK_ERROR_MASK) != 0u)
 526:Generated_Source\PSoC5/CAN_INT.c ****         {
 527:Generated_Source\PSoC5/CAN_INT.c ****             CAN_AckErrorIsr();
ARM GAS  C:\Users\leoja\AppData\Local\Temp\cc8zNWRS.s 			page 13


 528:Generated_Source\PSoC5/CAN_INT.c ****         }
 529:Generated_Source\PSoC5/CAN_INT.c ****     #endif /* CAN_ACK_ERR && CAN_ACK_ERR_USE_HELPER */
 530:Generated_Source\PSoC5/CAN_INT.c **** 
 531:Generated_Source\PSoC5/CAN_INT.c ****     /* Form(msg) Error */
 532:Generated_Source\PSoC5/CAN_INT.c ****     #if (CAN_FORM_ERR && (CAN_FORM_ERR_USE_HELPER || \
 533:Generated_Source\PSoC5/CAN_INT.c ****         (!CAN_ADVANCED_INTERRUPT_CFG)))
 534:Generated_Source\PSoC5/CAN_INT.c ****         if ((CAN_INT_SR_REG.byte[0u] & CAN_FORM_ERROR_MASK) != 0u)
 535:Generated_Source\PSoC5/CAN_INT.c ****         {
 536:Generated_Source\PSoC5/CAN_INT.c ****             CAN_MsgErrorIsr();
 537:Generated_Source\PSoC5/CAN_INT.c ****         }
 538:Generated_Source\PSoC5/CAN_INT.c ****     #endif /* CAN_FORM_ERR && CAN_FORM_ERR_USE_HELPER */
 539:Generated_Source\PSoC5/CAN_INT.c **** 
 540:Generated_Source\PSoC5/CAN_INT.c ****     /* CRC Error */
 541:Generated_Source\PSoC5/CAN_INT.c ****     #if (CAN_CRC_ERR && (CAN_CRC_ERR_USE_HELPER || \
 542:Generated_Source\PSoC5/CAN_INT.c ****         (!CAN_ADVANCED_INTERRUPT_CFG)))
 543:Generated_Source\PSoC5/CAN_INT.c ****         if ((CAN_INT_SR_REG.byte[1u] & CAN_CRC_ERROR_MASK) != 0u)
 544:Generated_Source\PSoC5/CAN_INT.c ****         {
 545:Generated_Source\PSoC5/CAN_INT.c ****             CAN_CrcErrorIsr();
 546:Generated_Source\PSoC5/CAN_INT.c ****         }
 547:Generated_Source\PSoC5/CAN_INT.c ****     #endif /* CAN_CRC_ERR && CAN_CRC_ERR_USE_HELPER */
 548:Generated_Source\PSoC5/CAN_INT.c **** 
 549:Generated_Source\PSoC5/CAN_INT.c ****     /* Bus Off state */
 550:Generated_Source\PSoC5/CAN_INT.c ****     #if (CAN_BUS_OFF && (CAN_BUS_OFF_USE_HELPER || \
 551:Generated_Source\PSoC5/CAN_INT.c ****         (!CAN_ADVANCED_INTERRUPT_CFG)))
 552:Generated_Source\PSoC5/CAN_INT.c ****         if ((CAN_INT_SR_REG.byte[1u] & CAN_BUS_OFF_MASK) != 0u)
 553:Generated_Source\PSoC5/CAN_INT.c ****         {
 554:Generated_Source\PSoC5/CAN_INT.c ****             CAN_BusOffIsr();
 555:Generated_Source\PSoC5/CAN_INT.c ****         }
 556:Generated_Source\PSoC5/CAN_INT.c ****     #endif /* CAN_BUS_OFF && CAN_BUS_OFF_USE_HELPER */
 557:Generated_Source\PSoC5/CAN_INT.c **** 
 558:Generated_Source\PSoC5/CAN_INT.c ****     /* Message Lost */
 559:Generated_Source\PSoC5/CAN_INT.c ****     #if (CAN_RX_MSG_LOST && (CAN_RX_MSG_LOST_USE_HELPER || \
 560:Generated_Source\PSoC5/CAN_INT.c ****         (!CAN_ADVANCED_INTERRUPT_CFG)))
 561:Generated_Source\PSoC5/CAN_INT.c ****         if ((CAN_INT_SR_REG.byte[1u] & CAN_RX_MSG_LOST_MASK) != 0u)
 562:Generated_Source\PSoC5/CAN_INT.c ****         {
 563:Generated_Source\PSoC5/CAN_INT.c ****             CAN_MsgLostIsr();
 564:Generated_Source\PSoC5/CAN_INT.c ****         }
 565:Generated_Source\PSoC5/CAN_INT.c ****     #endif /* CAN_RX_MSG_LOST && CAN_RX_MSG_LOST_USE_HELPER */
 566:Generated_Source\PSoC5/CAN_INT.c **** 
 567:Generated_Source\PSoC5/CAN_INT.c ****     /* TX Message Send */
 568:Generated_Source\PSoC5/CAN_INT.c ****     #if (CAN_TX_MESSAGE && (CAN_TX_MESSAGE_USE_HELPER || \
 569:Generated_Source\PSoC5/CAN_INT.c ****         (!CAN_ADVANCED_INTERRUPT_CFG)))
 570:Generated_Source\PSoC5/CAN_INT.c ****         if ((CAN_INT_SR_REG.byte[1u] & CAN_TX_MESSAGE_MASK) != 0u)
 571:Generated_Source\PSoC5/CAN_INT.c ****         {
 572:Generated_Source\PSoC5/CAN_INT.c ****             CAN_MsgTXIsr();
 573:Generated_Source\PSoC5/CAN_INT.c ****         }
 574:Generated_Source\PSoC5/CAN_INT.c ****     #endif /* CAN_TX_MESSAGE && CAN_TX_MESSAGE_USE_HELPER */
 575:Generated_Source\PSoC5/CAN_INT.c **** 
 576:Generated_Source\PSoC5/CAN_INT.c ****     /* RX Message Available */
 577:Generated_Source\PSoC5/CAN_INT.c ****     #if (CAN_RX_MESSAGE && (CAN_RX_MESSAGE_USE_HELPER || \
 578:Generated_Source\PSoC5/CAN_INT.c ****         (!CAN_ADVANCED_INTERRUPT_CFG)))
 579:Generated_Source\PSoC5/CAN_INT.c ****         if ((CAN_INT_SR_REG.byte[1u] & CAN_RX_MESSAGE_MASK) != 0u)
 155              		.loc 1 579 0
 156 0002 044B     		ldr	r3, .L18
 157 0004 5B78     		ldrb	r3, [r3, #1]	@ zero_extendqisi2
 158 0006 13F0100F 		tst	r3, #16
 159 000a 01D0     		beq	.L15
ARM GAS  C:\Users\leoja\AppData\Local\Temp\cc8zNWRS.s 			page 14


 580:Generated_Source\PSoC5/CAN_INT.c ****         {
 581:Generated_Source\PSoC5/CAN_INT.c ****             CAN_MsgRXIsr();
 160              		.loc 1 581 0
 161 000c FFF7FEFF 		bl	CAN_MsgRXIsr
 162              	.LVL14:
 163              	.L15:
 164 0010 08BD     		pop	{r3, pc}
 165              	.L19:
 166 0012 00BF     		.align	2
 167              	.L18:
 168 0014 00A00040 		.word	1073782784
 169              		.cfi_endproc
 170              	.LFE1:
 171              		.size	CAN_ISR, .-CAN_ISR
 172              		.text
 173              	.Letext0:
 174              		.file 2 "Generated_Source\\PSoC5\\cytypes.h"
 175              		.file 3 "Generated_Source\\PSoC5\\CAN.h"
 176              		.section	.debug_info,"",%progbits
 177              	.Ldebug_info0:
 178 0000 73020000 		.4byte	0x273
 179 0004 0400     		.2byte	0x4
 180 0006 00000000 		.4byte	.Ldebug_abbrev0
 181 000a 04       		.byte	0x4
 182 000b 01       		.uleb128 0x1
 183 000c 5B010000 		.4byte	.LASF39
 184 0010 0C       		.byte	0xc
 185 0011 18020000 		.4byte	.LASF40
 186 0015 52020000 		.4byte	.LASF41
 187 0019 00000000 		.4byte	.Ldebug_ranges0+0
 188 001d 00000000 		.4byte	0
 189 0021 00000000 		.4byte	.Ldebug_line0
 190 0025 02       		.uleb128 0x2
 191 0026 01       		.byte	0x1
 192 0027 06       		.byte	0x6
 193 0028 AE020000 		.4byte	.LASF0
 194 002c 02       		.uleb128 0x2
 195 002d 01       		.byte	0x1
 196 002e 08       		.byte	0x8
 197 002f A0000000 		.4byte	.LASF1
 198 0033 02       		.uleb128 0x2
 199 0034 02       		.byte	0x2
 200 0035 05       		.byte	0x5
 201 0036 39020000 		.4byte	.LASF2
 202 003a 02       		.uleb128 0x2
 203 003b 02       		.byte	0x2
 204 003c 07       		.byte	0x7
 205 003d 5B000000 		.4byte	.LASF3
 206 0041 02       		.uleb128 0x2
 207 0042 04       		.byte	0x4
 208 0043 05       		.byte	0x5
 209 0044 49020000 		.4byte	.LASF4
 210 0048 02       		.uleb128 0x2
 211 0049 04       		.byte	0x4
 212 004a 07       		.byte	0x7
 213 004b B8000000 		.4byte	.LASF5
 214 004f 02       		.uleb128 0x2
ARM GAS  C:\Users\leoja\AppData\Local\Temp\cc8zNWRS.s 			page 15


 215 0050 08       		.byte	0x8
 216 0051 05       		.byte	0x5
 217 0052 05020000 		.4byte	.LASF6
 218 0056 02       		.uleb128 0x2
 219 0057 08       		.byte	0x8
 220 0058 07       		.byte	0x7
 221 0059 30010000 		.4byte	.LASF7
 222 005d 03       		.uleb128 0x3
 223 005e 04       		.byte	0x4
 224 005f 05       		.byte	0x5
 225 0060 696E7400 		.ascii	"int\000"
 226 0064 02       		.uleb128 0x2
 227 0065 04       		.byte	0x4
 228 0066 07       		.byte	0x7
 229 0067 F3000000 		.4byte	.LASF8
 230 006b 04       		.uleb128 0x4
 231 006c CA000000 		.4byte	.LASF9
 232 0070 02       		.byte	0x2
 233 0071 E801     		.2byte	0x1e8
 234 0073 2C000000 		.4byte	0x2c
 235 0077 04       		.uleb128 0x4
 236 0078 DF000000 		.4byte	.LASF10
 237 007c 02       		.byte	0x2
 238 007d E901     		.2byte	0x1e9
 239 007f 3A000000 		.4byte	0x3a
 240 0083 02       		.uleb128 0x2
 241 0084 04       		.byte	0x4
 242 0085 04       		.byte	0x4
 243 0086 9A000000 		.4byte	.LASF11
 244 008a 02       		.uleb128 0x2
 245 008b 08       		.byte	0x8
 246 008c 04       		.byte	0x4
 247 008d D8000000 		.4byte	.LASF12
 248 0091 02       		.uleb128 0x2
 249 0092 01       		.byte	0x1
 250 0093 08       		.byte	0x8
 251 0094 13020000 		.4byte	.LASF13
 252 0098 04       		.uleb128 0x4
 253 0099 B3000000 		.4byte	.LASF14
 254 009d 02       		.byte	0x2
 255 009e 9202     		.2byte	0x292
 256 00a0 A4000000 		.4byte	0xa4
 257 00a4 05       		.uleb128 0x5
 258 00a5 6B000000 		.4byte	0x6b
 259 00a9 04       		.uleb128 0x4
 260 00aa 00000000 		.4byte	.LASF15
 261 00ae 02       		.byte	0x2
 262 00af 9302     		.2byte	0x293
 263 00b1 B5000000 		.4byte	0xb5
 264 00b5 05       		.uleb128 0x5
 265 00b6 77000000 		.4byte	0x77
 266 00ba 02       		.uleb128 0x2
 267 00bb 08       		.byte	0x8
 268 00bc 04       		.byte	0x4
 269 00bd E9010000 		.4byte	.LASF16
 270 00c1 02       		.uleb128 0x2
 271 00c2 04       		.byte	0x4
ARM GAS  C:\Users\leoja\AppData\Local\Temp\cc8zNWRS.s 			page 16


 272 00c3 07       		.byte	0x7
 273 00c4 F5010000 		.4byte	.LASF17
 274 00c8 06       		.uleb128 0x6
 275 00c9 08       		.byte	0x8
 276 00ca 03       		.byte	0x3
 277 00cb 75       		.byte	0x75
 278 00cc DD000000 		.4byte	0xdd
 279 00d0 07       		.uleb128 0x7
 280 00d1 87000000 		.4byte	.LASF19
 281 00d5 03       		.byte	0x3
 282 00d6 77       		.byte	0x77
 283 00d7 ED000000 		.4byte	0xed
 284 00db 00       		.byte	0
 285 00dc 00       		.byte	0
 286 00dd 08       		.uleb128 0x8
 287 00de 98000000 		.4byte	0x98
 288 00e2 ED000000 		.4byte	0xed
 289 00e6 09       		.uleb128 0x9
 290 00e7 C1000000 		.4byte	0xc1
 291 00eb 07       		.byte	0x7
 292 00ec 00       		.byte	0
 293 00ed 05       		.uleb128 0x5
 294 00ee DD000000 		.4byte	0xdd
 295 00f2 0A       		.uleb128 0xa
 296 00f3 0C000000 		.4byte	.LASF18
 297 00f7 03       		.byte	0x3
 298 00f8 78       		.byte	0x78
 299 00f9 C8000000 		.4byte	0xc8
 300 00fd 06       		.uleb128 0x6
 301 00fe 04       		.byte	0x4
 302 00ff 03       		.byte	0x3
 303 0100 7B       		.byte	0x7b
 304 0101 12010000 		.4byte	0x112
 305 0105 07       		.uleb128 0x7
 306 0106 87000000 		.4byte	.LASF19
 307 010a 03       		.byte	0x3
 308 010b 7D       		.byte	0x7d
 309 010c 22010000 		.4byte	0x122
 310 0110 00       		.byte	0
 311 0111 00       		.byte	0
 312 0112 08       		.uleb128 0x8
 313 0113 98000000 		.4byte	0x98
 314 0117 22010000 		.4byte	0x122
 315 011b 09       		.uleb128 0x9
 316 011c C1000000 		.4byte	0xc1
 317 0120 03       		.byte	0x3
 318 0121 00       		.byte	0
 319 0122 05       		.uleb128 0x5
 320 0123 12010000 		.4byte	0x112
 321 0127 0A       		.uleb128 0xa
 322 0128 50000000 		.4byte	.LASF20
 323 012c 03       		.byte	0x3
 324 012d 7E       		.byte	0x7e
 325 012e FD000000 		.4byte	0xfd
 326 0132 06       		.uleb128 0x6
 327 0133 20       		.byte	0x20
 328 0134 03       		.byte	0x3
ARM GAS  C:\Users\leoja\AppData\Local\Temp\cc8zNWRS.s 			page 17


 329 0135 A0       		.byte	0xa0
 330 0136 8F010000 		.4byte	0x18f
 331 013a 07       		.uleb128 0x7
 332 013b 55010000 		.4byte	.LASF21
 333 013f 03       		.byte	0x3
 334 0140 A2       		.byte	0xa2
 335 0141 27010000 		.4byte	0x127
 336 0145 00       		.byte	0
 337 0146 07       		.uleb128 0x7
 338 0147 AE000000 		.4byte	.LASF22
 339 014b 03       		.byte	0x3
 340 014c A3       		.byte	0xa3
 341 014d 27010000 		.4byte	0x127
 342 0151 04       		.byte	0x4
 343 0152 07       		.uleb128 0x7
 344 0153 8C000000 		.4byte	.LASF23
 345 0157 03       		.byte	0x3
 346 0158 A4       		.byte	0xa4
 347 0159 F2000000 		.4byte	0xf2
 348 015d 08       		.byte	0x8
 349 015e 07       		.uleb128 0x7
 350 015f 3C000000 		.4byte	.LASF24
 351 0163 03       		.byte	0x3
 352 0164 A5       		.byte	0xa5
 353 0165 27010000 		.4byte	0x127
 354 0169 10       		.byte	0x10
 355 016a 07       		.uleb128 0x7
 356 016b 43020000 		.4byte	.LASF25
 357 016f 03       		.byte	0x3
 358 0170 A6       		.byte	0xa6
 359 0171 27010000 		.4byte	0x127
 360 0175 14       		.byte	0x14
 361 0176 07       		.uleb128 0x7
 362 0177 FE010000 		.4byte	.LASF26
 363 017b 03       		.byte	0x3
 364 017c A7       		.byte	0xa7
 365 017d 27010000 		.4byte	0x127
 366 0181 18       		.byte	0x18
 367 0182 07       		.uleb128 0x7
 368 0183 93000000 		.4byte	.LASF27
 369 0187 03       		.byte	0x3
 370 0188 A8       		.byte	0xa8
 371 0189 27010000 		.4byte	0x127
 372 018d 1C       		.byte	0x1c
 373 018e 00       		.byte	0
 374 018f 0A       		.uleb128 0xa
 375 0190 47010000 		.4byte	.LASF28
 376 0194 03       		.byte	0x3
 377 0195 A9       		.byte	0xa9
 378 0196 32010000 		.4byte	0x132
 379 019a 0B       		.uleb128 0xb
 380 019b E6000000 		.4byte	.LASF31
 381 019f 01       		.byte	0x1
 382 01a0 9401     		.2byte	0x194
 383 01a2 00000000 		.4byte	.LFB0
 384 01a6 74000000 		.4byte	.LFE0-.LFB0
 385 01aa 01       		.uleb128 0x1
ARM GAS  C:\Users\leoja\AppData\Local\Temp\cc8zNWRS.s 			page 18


 386 01ab 9C       		.byte	0x9c
 387 01ac 0E020000 		.4byte	0x20e
 388 01b0 0C       		.uleb128 0xc
 389 01b1 42000000 		.4byte	.LASF29
 390 01b5 01       		.byte	0x1
 391 01b6 9601     		.2byte	0x196
 392 01b8 6B000000 		.4byte	0x6b
 393 01bc 00000000 		.4byte	.LLST0
 394 01c0 0C       		.uleb128 0xc
 395 01c1 06000000 		.4byte	.LASF30
 396 01c5 01       		.byte	0x1
 397 01c6 9701     		.2byte	0x197
 398 01c8 77000000 		.4byte	0x77
 399 01cc 2A000000 		.4byte	.LLST1
 400 01d0 0D       		.uleb128 0xd
 401 01d1 3A000000 		.4byte	.LVL3
 402 01d5 2E020000 		.4byte	0x22e
 403 01d9 0D       		.uleb128 0xd
 404 01da 40000000 		.4byte	.LVL4
 405 01de 3A020000 		.4byte	0x23a
 406 01e2 0D       		.uleb128 0xd
 407 01e3 46000000 		.4byte	.LVL5
 408 01e7 46020000 		.4byte	0x246
 409 01eb 0D       		.uleb128 0xd
 410 01ec 4C000000 		.4byte	.LVL6
 411 01f0 52020000 		.4byte	0x252
 412 01f4 0D       		.uleb128 0xd
 413 01f5 52000000 		.4byte	.LVL7
 414 01f9 5E020000 		.4byte	0x25e
 415 01fd 0E       		.uleb128 0xe
 416 01fe 5A000000 		.4byte	.LVL8
 417 0202 6A020000 		.4byte	0x26a
 418 0206 0F       		.uleb128 0xf
 419 0207 01       		.uleb128 0x1
 420 0208 50       		.byte	0x50
 421 0209 02       		.uleb128 0x2
 422 020a 74       		.byte	0x74
 423 020b 00       		.sleb128 0
 424 020c 00       		.byte	0
 425 020d 00       		.byte	0
 426 020e 0B       		.uleb128 0xb
 427 020f D0000000 		.4byte	.LASF32
 428 0213 01       		.byte	0x1
 429 0214 DB01     		.2byte	0x1db
 430 0216 00000000 		.4byte	.LFB1
 431 021a 18000000 		.4byte	.LFE1-.LFB1
 432 021e 01       		.uleb128 0x1
 433 021f 9C       		.byte	0x9c
 434 0220 2E020000 		.4byte	0x22e
 435 0224 0D       		.uleb128 0xd
 436 0225 10000000 		.4byte	.LVL14
 437 0229 9A010000 		.4byte	0x19a
 438 022d 00       		.byte	0
 439 022e 10       		.uleb128 0x10
 440 022f 1B000000 		.4byte	.LASF33
 441 0233 1B000000 		.4byte	.LASF33
 442 0237 03       		.byte	0x3
ARM GAS  C:\Users\leoja\AppData\Local\Temp\cc8zNWRS.s 			page 19


 443 0238 3501     		.2byte	0x135
 444 023a 10       		.uleb128 0x10
 445 023b 6E000000 		.4byte	.LASF34
 446 023f 6E000000 		.4byte	.LASF34
 447 0243 03       		.byte	0x3
 448 0244 3801     		.2byte	0x138
 449 0246 10       		.uleb128 0x10
 450 0247 BA020000 		.4byte	.LASF35
 451 024b BA020000 		.4byte	.LASF35
 452 024f 03       		.byte	0x3
 453 0250 3E01     		.2byte	0x13e
 454 0252 10       		.uleb128 0x10
 455 0253 19010000 		.4byte	.LASF36
 456 0257 19010000 		.4byte	.LASF36
 457 025b 03       		.byte	0x3
 458 025c 4101     		.2byte	0x141
 459 025e 10       		.uleb128 0x10
 460 025f 00010000 		.4byte	.LASF37
 461 0263 00010000 		.4byte	.LASF37
 462 0267 03       		.byte	0x3
 463 0268 4401     		.2byte	0x144
 464 026a 10       		.uleb128 0x10
 465 026b D1020000 		.4byte	.LASF38
 466 026f D1020000 		.4byte	.LASF38
 467 0273 03       		.byte	0x3
 468 0274 1A01     		.2byte	0x11a
 469 0276 00       		.byte	0
 470              		.section	.debug_abbrev,"",%progbits
 471              	.Ldebug_abbrev0:
 472 0000 01       		.uleb128 0x1
 473 0001 11       		.uleb128 0x11
 474 0002 01       		.byte	0x1
 475 0003 25       		.uleb128 0x25
 476 0004 0E       		.uleb128 0xe
 477 0005 13       		.uleb128 0x13
 478 0006 0B       		.uleb128 0xb
 479 0007 03       		.uleb128 0x3
 480 0008 0E       		.uleb128 0xe
 481 0009 1B       		.uleb128 0x1b
 482 000a 0E       		.uleb128 0xe
 483 000b 55       		.uleb128 0x55
 484 000c 17       		.uleb128 0x17
 485 000d 11       		.uleb128 0x11
 486 000e 01       		.uleb128 0x1
 487 000f 10       		.uleb128 0x10
 488 0010 17       		.uleb128 0x17
 489 0011 00       		.byte	0
 490 0012 00       		.byte	0
 491 0013 02       		.uleb128 0x2
 492 0014 24       		.uleb128 0x24
 493 0015 00       		.byte	0
 494 0016 0B       		.uleb128 0xb
 495 0017 0B       		.uleb128 0xb
 496 0018 3E       		.uleb128 0x3e
 497 0019 0B       		.uleb128 0xb
 498 001a 03       		.uleb128 0x3
 499 001b 0E       		.uleb128 0xe
ARM GAS  C:\Users\leoja\AppData\Local\Temp\cc8zNWRS.s 			page 20


 500 001c 00       		.byte	0
 501 001d 00       		.byte	0
 502 001e 03       		.uleb128 0x3
 503 001f 24       		.uleb128 0x24
 504 0020 00       		.byte	0
 505 0021 0B       		.uleb128 0xb
 506 0022 0B       		.uleb128 0xb
 507 0023 3E       		.uleb128 0x3e
 508 0024 0B       		.uleb128 0xb
 509 0025 03       		.uleb128 0x3
 510 0026 08       		.uleb128 0x8
 511 0027 00       		.byte	0
 512 0028 00       		.byte	0
 513 0029 04       		.uleb128 0x4
 514 002a 16       		.uleb128 0x16
 515 002b 00       		.byte	0
 516 002c 03       		.uleb128 0x3
 517 002d 0E       		.uleb128 0xe
 518 002e 3A       		.uleb128 0x3a
 519 002f 0B       		.uleb128 0xb
 520 0030 3B       		.uleb128 0x3b
 521 0031 05       		.uleb128 0x5
 522 0032 49       		.uleb128 0x49
 523 0033 13       		.uleb128 0x13
 524 0034 00       		.byte	0
 525 0035 00       		.byte	0
 526 0036 05       		.uleb128 0x5
 527 0037 35       		.uleb128 0x35
 528 0038 00       		.byte	0
 529 0039 49       		.uleb128 0x49
 530 003a 13       		.uleb128 0x13
 531 003b 00       		.byte	0
 532 003c 00       		.byte	0
 533 003d 06       		.uleb128 0x6
 534 003e 13       		.uleb128 0x13
 535 003f 01       		.byte	0x1
 536 0040 0B       		.uleb128 0xb
 537 0041 0B       		.uleb128 0xb
 538 0042 3A       		.uleb128 0x3a
 539 0043 0B       		.uleb128 0xb
 540 0044 3B       		.uleb128 0x3b
 541 0045 0B       		.uleb128 0xb
 542 0046 01       		.uleb128 0x1
 543 0047 13       		.uleb128 0x13
 544 0048 00       		.byte	0
 545 0049 00       		.byte	0
 546 004a 07       		.uleb128 0x7
 547 004b 0D       		.uleb128 0xd
 548 004c 00       		.byte	0
 549 004d 03       		.uleb128 0x3
 550 004e 0E       		.uleb128 0xe
 551 004f 3A       		.uleb128 0x3a
 552 0050 0B       		.uleb128 0xb
 553 0051 3B       		.uleb128 0x3b
 554 0052 0B       		.uleb128 0xb
 555 0053 49       		.uleb128 0x49
 556 0054 13       		.uleb128 0x13
ARM GAS  C:\Users\leoja\AppData\Local\Temp\cc8zNWRS.s 			page 21


 557 0055 38       		.uleb128 0x38
 558 0056 0B       		.uleb128 0xb
 559 0057 00       		.byte	0
 560 0058 00       		.byte	0
 561 0059 08       		.uleb128 0x8
 562 005a 01       		.uleb128 0x1
 563 005b 01       		.byte	0x1
 564 005c 49       		.uleb128 0x49
 565 005d 13       		.uleb128 0x13
 566 005e 01       		.uleb128 0x1
 567 005f 13       		.uleb128 0x13
 568 0060 00       		.byte	0
 569 0061 00       		.byte	0
 570 0062 09       		.uleb128 0x9
 571 0063 21       		.uleb128 0x21
 572 0064 00       		.byte	0
 573 0065 49       		.uleb128 0x49
 574 0066 13       		.uleb128 0x13
 575 0067 2F       		.uleb128 0x2f
 576 0068 0B       		.uleb128 0xb
 577 0069 00       		.byte	0
 578 006a 00       		.byte	0
 579 006b 0A       		.uleb128 0xa
 580 006c 16       		.uleb128 0x16
 581 006d 00       		.byte	0
 582 006e 03       		.uleb128 0x3
 583 006f 0E       		.uleb128 0xe
 584 0070 3A       		.uleb128 0x3a
 585 0071 0B       		.uleb128 0xb
 586 0072 3B       		.uleb128 0x3b
 587 0073 0B       		.uleb128 0xb
 588 0074 49       		.uleb128 0x49
 589 0075 13       		.uleb128 0x13
 590 0076 00       		.byte	0
 591 0077 00       		.byte	0
 592 0078 0B       		.uleb128 0xb
 593 0079 2E       		.uleb128 0x2e
 594 007a 01       		.byte	0x1
 595 007b 3F       		.uleb128 0x3f
 596 007c 19       		.uleb128 0x19
 597 007d 03       		.uleb128 0x3
 598 007e 0E       		.uleb128 0xe
 599 007f 3A       		.uleb128 0x3a
 600 0080 0B       		.uleb128 0xb
 601 0081 3B       		.uleb128 0x3b
 602 0082 05       		.uleb128 0x5
 603 0083 27       		.uleb128 0x27
 604 0084 19       		.uleb128 0x19
 605 0085 11       		.uleb128 0x11
 606 0086 01       		.uleb128 0x1
 607 0087 12       		.uleb128 0x12
 608 0088 06       		.uleb128 0x6
 609 0089 40       		.uleb128 0x40
 610 008a 18       		.uleb128 0x18
 611 008b 9742     		.uleb128 0x2117
 612 008d 19       		.uleb128 0x19
 613 008e 01       		.uleb128 0x1
ARM GAS  C:\Users\leoja\AppData\Local\Temp\cc8zNWRS.s 			page 22


 614 008f 13       		.uleb128 0x13
 615 0090 00       		.byte	0
 616 0091 00       		.byte	0
 617 0092 0C       		.uleb128 0xc
 618 0093 34       		.uleb128 0x34
 619 0094 00       		.byte	0
 620 0095 03       		.uleb128 0x3
 621 0096 0E       		.uleb128 0xe
 622 0097 3A       		.uleb128 0x3a
 623 0098 0B       		.uleb128 0xb
 624 0099 3B       		.uleb128 0x3b
 625 009a 05       		.uleb128 0x5
 626 009b 49       		.uleb128 0x49
 627 009c 13       		.uleb128 0x13
 628 009d 02       		.uleb128 0x2
 629 009e 17       		.uleb128 0x17
 630 009f 00       		.byte	0
 631 00a0 00       		.byte	0
 632 00a1 0D       		.uleb128 0xd
 633 00a2 898201   		.uleb128 0x4109
 634 00a5 00       		.byte	0
 635 00a6 11       		.uleb128 0x11
 636 00a7 01       		.uleb128 0x1
 637 00a8 31       		.uleb128 0x31
 638 00a9 13       		.uleb128 0x13
 639 00aa 00       		.byte	0
 640 00ab 00       		.byte	0
 641 00ac 0E       		.uleb128 0xe
 642 00ad 898201   		.uleb128 0x4109
 643 00b0 01       		.byte	0x1
 644 00b1 11       		.uleb128 0x11
 645 00b2 01       		.uleb128 0x1
 646 00b3 31       		.uleb128 0x31
 647 00b4 13       		.uleb128 0x13
 648 00b5 00       		.byte	0
 649 00b6 00       		.byte	0
 650 00b7 0F       		.uleb128 0xf
 651 00b8 8A8201   		.uleb128 0x410a
 652 00bb 00       		.byte	0
 653 00bc 02       		.uleb128 0x2
 654 00bd 18       		.uleb128 0x18
 655 00be 9142     		.uleb128 0x2111
 656 00c0 18       		.uleb128 0x18
 657 00c1 00       		.byte	0
 658 00c2 00       		.byte	0
 659 00c3 10       		.uleb128 0x10
 660 00c4 2E       		.uleb128 0x2e
 661 00c5 00       		.byte	0
 662 00c6 3F       		.uleb128 0x3f
 663 00c7 19       		.uleb128 0x19
 664 00c8 3C       		.uleb128 0x3c
 665 00c9 19       		.uleb128 0x19
 666 00ca 6E       		.uleb128 0x6e
 667 00cb 0E       		.uleb128 0xe
 668 00cc 03       		.uleb128 0x3
 669 00cd 0E       		.uleb128 0xe
 670 00ce 3A       		.uleb128 0x3a
ARM GAS  C:\Users\leoja\AppData\Local\Temp\cc8zNWRS.s 			page 23


 671 00cf 0B       		.uleb128 0xb
 672 00d0 3B       		.uleb128 0x3b
 673 00d1 05       		.uleb128 0x5
 674 00d2 00       		.byte	0
 675 00d3 00       		.byte	0
 676 00d4 00       		.byte	0
 677              		.section	.debug_loc,"",%progbits
 678              	.Ldebug_loc0:
 679              	.LLST0:
 680 0000 08000000 		.4byte	.LVL1
 681 0004 0E000000 		.4byte	.LVL2
 682 0008 0200     		.2byte	0x2
 683 000a 30       		.byte	0x30
 684 000b 9F       		.byte	0x9f
 685 000c 0E000000 		.4byte	.LVL2
 686 0010 60000000 		.4byte	.LVL11
 687 0014 0100     		.2byte	0x1
 688 0016 54       		.byte	0x54
 689 0017 62000000 		.4byte	.LVL12
 690 001b 68000000 		.4byte	.LVL13
 691 001f 0100     		.2byte	0x1
 692 0021 54       		.byte	0x54
 693 0022 00000000 		.4byte	0
 694 0026 00000000 		.4byte	0
 695              	.LLST1:
 696 002a 02000000 		.4byte	.LVL0
 697 002e 0E000000 		.4byte	.LVL2
 698 0032 0200     		.2byte	0x2
 699 0034 31       		.byte	0x31
 700 0035 9F       		.byte	0x9f
 701 0036 0E000000 		.4byte	.LVL2
 702 003a 5C000000 		.4byte	.LVL9
 703 003e 0100     		.2byte	0x1
 704 0040 55       		.byte	0x55
 705 0041 5E000000 		.4byte	.LVL10
 706 0045 68000000 		.4byte	.LVL13
 707 0049 0100     		.2byte	0x1
 708 004b 55       		.byte	0x55
 709 004c 00000000 		.4byte	0
 710 0050 00000000 		.4byte	0
 711              		.section	.debug_aranges,"",%progbits
 712 0000 24000000 		.4byte	0x24
 713 0004 0200     		.2byte	0x2
 714 0006 00000000 		.4byte	.Ldebug_info0
 715 000a 04       		.byte	0x4
 716 000b 00       		.byte	0
 717 000c 0000     		.2byte	0
 718 000e 0000     		.2byte	0
 719 0010 00000000 		.4byte	.LFB0
 720 0014 74000000 		.4byte	.LFE0-.LFB0
 721 0018 00000000 		.4byte	.LFB1
 722 001c 18000000 		.4byte	.LFE1-.LFB1
 723 0020 00000000 		.4byte	0
 724 0024 00000000 		.4byte	0
 725              		.section	.debug_ranges,"",%progbits
 726              	.Ldebug_ranges0:
 727 0000 00000000 		.4byte	.LFB0
ARM GAS  C:\Users\leoja\AppData\Local\Temp\cc8zNWRS.s 			page 24


 728 0004 74000000 		.4byte	.LFE0
 729 0008 00000000 		.4byte	.LFB1
 730 000c 18000000 		.4byte	.LFE1
 731 0010 00000000 		.4byte	0
 732 0014 00000000 		.4byte	0
 733              		.section	.debug_line,"",%progbits
 734              	.Ldebug_line0:
 735 0000 A2000000 		.section	.debug_str,"MS",%progbits,1
 735      02004D00 
 735      00000201 
 735      FB0E0D00 
 735      01010101 
 736              	.LASF15:
 737 0000 72656731 		.ascii	"reg16\000"
 737      3600
 738              	.LASF30:
 739 0006 73686966 		.ascii	"shift\000"
 739      7400
 740              	.LASF18:
 741 000c 43414E5F 		.ascii	"CAN_DATA_BYTES\000"
 741      44415441 
 741      5F425954 
 741      455300
 742              	.LASF33:
 743 001b 43414E5F 		.ascii	"CAN_ReceiveMsgvcu_torque_request\000"
 743      52656365 
 743      6976654D 
 743      73677663 
 743      755F746F 
 744              	.LASF24:
 745 003c 7278616D 		.ascii	"rxamr\000"
 745      7200
 746              	.LASF29:
 747 0042 6D61696C 		.ascii	"mailboxNumber\000"
 747      626F784E 
 747      756D6265 
 747      7200
 748              	.LASF20:
 749 0050 43414E5F 		.ascii	"CAN_REG_32\000"
 749      5245475F 
 749      333200
 750              	.LASF3:
 751 005b 73686F72 		.ascii	"short unsigned int\000"
 751      7420756E 
 751      7369676E 
 751      65642069 
 751      6E7400
 752              	.LASF34:
 753 006e 43414E5F 		.ascii	"CAN_ReceiveMsgbms_status\000"
 753      52656365 
 753      6976654D 
 753      7367626D 
 753      735F7374 
 754              	.LASF19:
 755 0087 62797465 		.ascii	"byte\000"
 755      00
 756              	.LASF23:
ARM GAS  C:\Users\leoja\AppData\Local\Temp\cc8zNWRS.s 			page 25


 757 008c 72786461 		.ascii	"rxdata\000"
 757      746100
 758              	.LASF27:
 759 0093 72786163 		.ascii	"rxacrd\000"
 759      726400
 760              	.LASF11:
 761 009a 666C6F61 		.ascii	"float\000"
 761      7400
 762              	.LASF1:
 763 00a0 756E7369 		.ascii	"unsigned char\000"
 763      676E6564 
 763      20636861 
 763      7200
 764              	.LASF22:
 765 00ae 72786964 		.ascii	"rxid\000"
 765      00
 766              	.LASF14:
 767 00b3 72656738 		.ascii	"reg8\000"
 767      00
 768              	.LASF5:
 769 00b8 6C6F6E67 		.ascii	"long unsigned int\000"
 769      20756E73 
 769      69676E65 
 769      6420696E 
 769      7400
 770              	.LASF9:
 771 00ca 75696E74 		.ascii	"uint8\000"
 771      3800
 772              	.LASF32:
 773 00d0 43414E5F 		.ascii	"CAN_ISR\000"
 773      49535200 
 774              	.LASF12:
 775 00d8 646F7562 		.ascii	"double\000"
 775      6C6500
 776              	.LASF10:
 777 00df 75696E74 		.ascii	"uint16\000"
 777      313600
 778              	.LASF31:
 779 00e6 43414E5F 		.ascii	"CAN_MsgRXIsr\000"
 779      4D736752 
 779      58497372 
 779      00
 780              	.LASF8:
 781 00f3 756E7369 		.ascii	"unsigned int\000"
 781      676E6564 
 781      20696E74 
 781      00
 782              	.LASF37:
 783 0100 43414E5F 		.ascii	"CAN_ReceiveMsgMC_Voltage\000"
 783      52656365 
 783      6976654D 
 783      73674D43 
 783      5F566F6C 
 784              	.LASF36:
 785 0119 43414E5F 		.ascii	"CAN_ReceiveMsgMC_Fault\000"
 785      52656365 
 785      6976654D 
ARM GAS  C:\Users\leoja\AppData\Local\Temp\cc8zNWRS.s 			page 26


 785      73674D43 
 785      5F466175 
 786              	.LASF7:
 787 0130 6C6F6E67 		.ascii	"long long unsigned int\000"
 787      206C6F6E 
 787      6720756E 
 787      7369676E 
 787      65642069 
 788              	.LASF28:
 789 0147 43414E5F 		.ascii	"CAN_RX_STRUCT\000"
 789      52585F53 
 789      54525543 
 789      5400
 790              	.LASF21:
 791 0155 7278636D 		.ascii	"rxcmd\000"
 791      6400
 792              	.LASF39:
 793 015b 474E5520 		.ascii	"GNU C11 5.4.1 20160609 (release) [ARM/embedded-5-br"
 793      43313120 
 793      352E342E 
 793      31203230 
 793      31363036 
 794 018e 616E6368 		.ascii	"anch revision 237715] -mcpu=cortex-m3 -mthumb -g -O"
 794      20726576 
 794      6973696F 
 794      6E203233 
 794      37373135 
 795 01c1 67202D66 		.ascii	"g -ffunction-sections -ffat-lto-objects\000"
 795      66756E63 
 795      74696F6E 
 795      2D736563 
 795      74696F6E 
 796              	.LASF16:
 797 01e9 6C6F6E67 		.ascii	"long double\000"
 797      20646F75 
 797      626C6500 
 798              	.LASF17:
 799 01f5 73697A65 		.ascii	"sizetype\000"
 799      74797065 
 799      00
 800              	.LASF26:
 801 01fe 7278616D 		.ascii	"rxamrd\000"
 801      726400
 802              	.LASF6:
 803 0205 6C6F6E67 		.ascii	"long long int\000"
 803      206C6F6E 
 803      6720696E 
 803      7400
 804              	.LASF13:
 805 0213 63686172 		.ascii	"char\000"
 805      00
 806              	.LASF40:
 807 0218 47656E65 		.ascii	"Generated_Source\\PSoC5\\CAN_INT.c\000"
 807      72617465 
 807      645F536F 
 807      75726365 
 807      5C50536F 
ARM GAS  C:\Users\leoja\AppData\Local\Temp\cc8zNWRS.s 			page 27


 808              	.LASF2:
 809 0239 73686F72 		.ascii	"short int\000"
 809      7420696E 
 809      7400
 810              	.LASF25:
 811 0243 72786163 		.ascii	"rxacr\000"
 811      7200
 812              	.LASF4:
 813 0249 6C6F6E67 		.ascii	"long int\000"
 813      20696E74 
 813      00
 814              	.LASF41:
 815 0252 433A5C55 		.ascii	"C:\\Users\\leoja\\Documents\\GitHub\\PEI-Firmware-F"
 815      73657273 
 815      5C6C656F 
 815      6A615C44 
 815      6F63756D 
 816 0280 4531305C 		.ascii	"E10\\PEI_Firmware_FE10\\PEI_Firmware_FE10.cydsn\000"
 816      5045495F 
 816      4669726D 
 816      77617265 
 816      5F464531 
 817              	.LASF0:
 818 02ae 7369676E 		.ascii	"signed char\000"
 818      65642063 
 818      68617200 
 819              	.LASF35:
 820 02ba 43414E5F 		.ascii	"CAN_ReceiveMsgMC_State\000"
 820      52656365 
 820      6976654D 
 820      73674D43 
 820      5F537461 
 821              	.LASF38:
 822 02d1 43414E5F 		.ascii	"CAN_ReceiveMsg\000"
 822      52656365 
 822      6976654D 
 822      736700
 823              		.ident	"GCC: (GNU Tools for ARM Embedded Processors) 5.4.1 20160609 (release) [ARM/embedded-5-bran
