ARM GAS  C:\Users\leoja\AppData\Local\Temp\cc1x5KqQ.s 			page 1


   1              		.syntax unified
   2              		.cpu cortex-m3
   3              		.fpu softvfp
   4              		.eabi_attribute 20, 1
   5              		.eabi_attribute 21, 1
   6              		.eabi_attribute 23, 3
   7              		.eabi_attribute 24, 1
   8              		.eabi_attribute 25, 1
   9              		.eabi_attribute 26, 1
  10              		.eabi_attribute 30, 1
  11              		.eabi_attribute 34, 1
  12              		.eabi_attribute 18, 4
  13              		.thumb
  14              		.syntax unified
  15              		.file	"display.c"
  16              		.text
  17              	.Ltext0:
  18              		.cfi_sections	.debug_frame
  19              		.section	.text.update_display,"ax",%progbits
  20              		.align	2
  21              		.global	update_display
  22              		.thumb
  23              		.thumb_func
  24              		.type	update_display, %function
  25              	update_display:
  26              	.LFB1:
  27              		.file 1 "display.c"
   1:display.c     **** /* ========================================
   2:display.c     ****  *
   3:display.c     ****  * Copyright YOUR COMPANY, THE YEAR
   4:display.c     ****  * All Rights Reserved
   5:display.c     ****  * UNPUBLISHED, LICENSED SOFTWARE.
   6:display.c     ****  *
   7:display.c     ****  * CONFIDENTIAL AND PROPRIETARY INFORMATION
   8:display.c     ****  * WHICH IS THE PROPERTY OF your company.
   9:display.c     ****  *
  10:display.c     ****  * ========================================
  11:display.c     **** */
  12:display.c     **** #include "display.h"
  13:display.c     **** 
  14:display.c     **** extern uint8_t bms_soc;
  15:display.c     **** extern uint8_t bms_temp;
  16:display.c     **** extern uint16_t bms_status;
  17:display.c     **** extern uint16_t bms_voltage;
  18:display.c     **** extern uint16_t current;
  19:display.c     **** 
  20:display.c     **** void update_display(){
  28              		.loc 1 20 0
  29              		.cfi_startproc
  30              		@ args = 0, pretend = 0, frame = 8
  31              		@ frame_needed = 0, uses_anonymous_args = 0
  32 0000 00B5     		push	{lr}
  33              		.cfi_def_cfa_offset 4
  34              		.cfi_offset 14, -4
  35 0002 83B0     		sub	sp, sp, #12
  36              		.cfi_def_cfa_offset 16
  21:display.c     ****     LCD_Position(0,0);
ARM GAS  C:\Users\leoja\AppData\Local\Temp\cc1x5KqQ.s 			page 2


  37              		.loc 1 21 0
  38 0004 0021     		movs	r1, #0
  39 0006 0846     		mov	r0, r1
  40 0008 FFF7FEFF 		bl	LCD_Position
  41              	.LVL0:
  22:display.c     ****     
  23:display.c     ****     if(bms_status & (PACK_TEMP_OVER | PACK_TEMP_UNDER)){
  42              		.loc 1 23 0
  43 000c 324B     		ldr	r3, .L11
  44 000e 1B88     		ldrh	r3, [r3]
  45 0010 13F00A0F 		tst	r3, #10
  46 0014 03D0     		beq	.L2
  24:display.c     ****         LCD_PrintString("BMS TEMP");
  47              		.loc 1 24 0
  48 0016 3148     		ldr	r0, .L11+4
  49 0018 FFF7FEFF 		bl	LCD_PrintString
  50              	.LVL1:
  51 001c 31E0     		b	.L3
  52              	.L2:
  25:display.c     ****     }else if(bms_status & SPI_FAULT){
  53              		.loc 1 25 0
  54 001e 03F48062 		and	r2, r3, #1024
  55 0022 92B2     		uxth	r2, r2
  56 0024 1AB1     		cbz	r2, .L4
  26:display.c     ****         LCD_PrintString("SPI FAULT");
  57              		.loc 1 26 0
  58 0026 2E48     		ldr	r0, .L11+8
  59 0028 FFF7FEFF 		bl	LCD_PrintString
  60              	.LVL2:
  61 002c 29E0     		b	.L3
  62              	.L4:
  27:display.c     ****     }else if(bms_status & CELL_VOLT_OVER){
  63              		.loc 1 27 0
  64 002e 03F40062 		and	r2, r3, #2048
  65 0032 92B2     		uxth	r2, r2
  66 0034 1AB1     		cbz	r2, .L5
  28:display.c     ****         LCD_PrintString("OVERVOLT");
  67              		.loc 1 28 0
  68 0036 2B48     		ldr	r0, .L11+12
  69 0038 FFF7FEFF 		bl	LCD_PrintString
  70              	.LVL3:
  71 003c 21E0     		b	.L3
  72              	.L5:
  29:display.c     ****     }else if(bms_status & CELL_VOLT_UNDER){
  73              		.loc 1 29 0
  74 003e 03F48052 		and	r2, r3, #4096
  75 0042 92B2     		uxth	r2, r2
  76 0044 1AB1     		cbz	r2, .L6
  30:display.c     ****         LCD_PrintString("UNDERVOLT");
  77              		.loc 1 30 0
  78 0046 2848     		ldr	r0, .L11+16
  79 0048 FFF7FEFF 		bl	LCD_PrintString
  80              	.LVL4:
  81 004c 19E0     		b	.L3
  82              	.L6:
  31:display.c     ****     }else if(bms_status & IMBALANCE){
  83              		.loc 1 31 0
ARM GAS  C:\Users\leoja\AppData\Local\Temp\cc1x5KqQ.s 			page 3


  84 004e 03F04002 		and	r2, r3, #64
  85 0052 92B2     		uxth	r2, r2
  86 0054 1AB1     		cbz	r2, .L7
  32:display.c     ****         LCD_PrintString("IMBALANCE");
  87              		.loc 1 32 0
  88 0056 2548     		ldr	r0, .L11+20
  89 0058 FFF7FEFF 		bl	LCD_PrintString
  90              	.LVL5:
  91 005c 11E0     		b	.L3
  92              	.L7:
  33:display.c     ****     }else if(bms_status & LOW_SOC){
  93              		.loc 1 33 0
  94 005e 03F01002 		and	r2, r3, #16
  95 0062 92B2     		uxth	r2, r2
  96 0064 1AB1     		cbz	r2, .L8
  34:display.c     ****         LCD_PrintString("LOW SOC");
  97              		.loc 1 34 0
  98 0066 2248     		ldr	r0, .L11+24
  99 0068 FFF7FEFF 		bl	LCD_PrintString
 100              	.LVL6:
 101 006c 09E0     		b	.L3
 102              	.L8:
  35:display.c     ****     }else if(bms_status & CHARGEMODE){
 103              		.loc 1 35 0
 104 006e 13F0010F 		tst	r3, #1
 105 0072 03D0     		beq	.L9
  36:display.c     ****         LCD_PrintString("CHARGE MODE");
 106              		.loc 1 36 0
 107 0074 1F48     		ldr	r0, .L11+28
 108 0076 FFF7FEFF 		bl	LCD_PrintString
 109              	.LVL7:
 110 007a 02E0     		b	.L3
 111              	.L9:
  37:display.c     ****     }else{
  38:display.c     ****         LCD_PrintString("NORMAL");
 112              		.loc 1 38 0
 113 007c 1E48     		ldr	r0, .L11+32
 114 007e FFF7FEFF 		bl	LCD_PrintString
 115              	.LVL8:
 116              	.L3:
  39:display.c     ****     }
  40:display.c     ****     
  41:display.c     ****     LCD_Position(1, 0);
 117              		.loc 1 41 0
 118 0082 0021     		movs	r1, #0
 119 0084 0120     		movs	r0, #1
 120 0086 FFF7FEFF 		bl	LCD_Position
 121              	.LVL9:
  42:display.c     ****     char str[8];
  43:display.c     ****     sprintf(str, "%u%%", bms_soc);
 122              		.loc 1 43 0
 123 008a 1C4B     		ldr	r3, .L11+36
 124 008c 1A78     		ldrb	r2, [r3]	@ zero_extendqisi2
 125 008e 1C49     		ldr	r1, .L11+40
 126 0090 6846     		mov	r0, sp
 127 0092 FFF7FEFF 		bl	sprintf
 128              	.LVL10:
ARM GAS  C:\Users\leoja\AppData\Local\Temp\cc1x5KqQ.s 			page 4


  44:display.c     ****     LCD_PrintString(str);
 129              		.loc 1 44 0
 130 0096 6846     		mov	r0, sp
 131 0098 FFF7FEFF 		bl	LCD_PrintString
 132              	.LVL11:
  45:display.c     ****     
  46:display.c     ****     LCD_Position(1, 5);
 133              		.loc 1 46 0
 134 009c 0521     		movs	r1, #5
 135 009e 0120     		movs	r0, #1
 136 00a0 FFF7FEFF 		bl	LCD_Position
 137              	.LVL12:
  47:display.c     ****     sprintf(str, "%uC", bms_temp);
 138              		.loc 1 47 0
 139 00a4 174B     		ldr	r3, .L11+44
 140 00a6 1A78     		ldrb	r2, [r3]	@ zero_extendqisi2
 141 00a8 1749     		ldr	r1, .L11+48
 142 00aa 6846     		mov	r0, sp
 143 00ac FFF7FEFF 		bl	sprintf
 144              	.LVL13:
  48:display.c     ****     LCD_PrintString(str);
 145              		.loc 1 48 0
 146 00b0 6846     		mov	r0, sp
 147 00b2 FFF7FEFF 		bl	LCD_PrintString
 148              	.LVL14:
  49:display.c     ****     
  50:display.c     ****     LCD_Position(1, 10);
 149              		.loc 1 50 0
 150 00b6 0A21     		movs	r1, #10
 151 00b8 0120     		movs	r0, #1
 152 00ba FFF7FEFF 		bl	LCD_Position
 153              	.LVL15:
  51:display.c     ****     sprintf(str, "%uA", current);
 154              		.loc 1 51 0
 155 00be 134B     		ldr	r3, .L11+52
 156 00c0 1A88     		ldrh	r2, [r3]
 157 00c2 1349     		ldr	r1, .L11+56
 158 00c4 6846     		mov	r0, sp
 159 00c6 FFF7FEFF 		bl	sprintf
 160              	.LVL16:
  52:display.c     ****     LCD_PrintString(str);
 161              		.loc 1 52 0
 162 00ca 6846     		mov	r0, sp
 163 00cc FFF7FEFF 		bl	LCD_PrintString
 164              	.LVL17:
  53:display.c     **** }
 165              		.loc 1 53 0
 166 00d0 03B0     		add	sp, sp, #12
 167              		.cfi_def_cfa_offset 4
 168              		@ sp needed
 169 00d2 5DF804FB 		ldr	pc, [sp], #4
 170              	.L12:
 171 00d6 00BF     		.align	2
 172              	.L11:
 173 00d8 00000000 		.word	bms_status
 174 00dc 00000000 		.word	.LC0
 175 00e0 0C000000 		.word	.LC1
ARM GAS  C:\Users\leoja\AppData\Local\Temp\cc1x5KqQ.s 			page 5


 176 00e4 18000000 		.word	.LC2
 177 00e8 24000000 		.word	.LC3
 178 00ec 30000000 		.word	.LC4
 179 00f0 3C000000 		.word	.LC5
 180 00f4 44000000 		.word	.LC6
 181 00f8 50000000 		.word	.LC7
 182 00fc 00000000 		.word	bms_soc
 183 0100 58000000 		.word	.LC8
 184 0104 00000000 		.word	bms_temp
 185 0108 60000000 		.word	.LC9
 186 010c 00000000 		.word	current
 187 0110 64000000 		.word	.LC10
 188              		.cfi_endproc
 189              	.LFE1:
 190              		.size	update_display, .-update_display
 191              		.section	.rodata.str1.4,"aMS",%progbits,1
 192              		.align	2
 193              	.LC0:
 194 0000 424D5320 		.ascii	"BMS TEMP\000"
 194      54454D50 
 194      00
 195 0009 000000   		.space	3
 196              	.LC1:
 197 000c 53504920 		.ascii	"SPI FAULT\000"
 197      4641554C 
 197      5400
 198 0016 0000     		.space	2
 199              	.LC2:
 200 0018 4F564552 		.ascii	"OVERVOLT\000"
 200      564F4C54 
 200      00
 201 0021 000000   		.space	3
 202              	.LC3:
 203 0024 554E4445 		.ascii	"UNDERVOLT\000"
 203      52564F4C 
 203      5400
 204 002e 0000     		.space	2
 205              	.LC4:
 206 0030 494D4241 		.ascii	"IMBALANCE\000"
 206      4C414E43 
 206      4500
 207 003a 0000     		.space	2
 208              	.LC5:
 209 003c 4C4F5720 		.ascii	"LOW SOC\000"
 209      534F4300 
 210              	.LC6:
 211 0044 43484152 		.ascii	"CHARGE MODE\000"
 211      4745204D 
 211      4F444500 
 212              	.LC7:
 213 0050 4E4F524D 		.ascii	"NORMAL\000"
 213      414C00
 214 0057 00       		.space	1
 215              	.LC8:
 216 0058 25752525 		.ascii	"%u%%\000"
 216      00
 217 005d 000000   		.space	3
ARM GAS  C:\Users\leoja\AppData\Local\Temp\cc1x5KqQ.s 			page 6


 218              	.LC9:
 219 0060 25754300 		.ascii	"%uC\000"
 220              	.LC10:
 221 0064 25754100 		.ascii	"%uA\000"
 222              		.text
 223              	.Letext0:
 224              		.file 2 "c:\\program files (x86)\\cypress\\psoc creator\\4.4\\psoc creator\\import\\gnu\\arm\\5.4.
 225              		.file 3 "c:\\program files (x86)\\cypress\\psoc creator\\4.4\\psoc creator\\import\\gnu\\arm\\5.4.
 226              		.file 4 "Generated_Source\\PSoC5/LCD.h"
 227              		.file 5 "c:\\program files (x86)\\cypress\\psoc creator\\4.4\\psoc creator\\import\\gnu\\arm\\5.4.
 228              		.section	.debug_info,"",%progbits
 229              	.Ldebug_info0:
 230 0000 DF020000 		.4byte	0x2df
 231 0004 0400     		.2byte	0x4
 232 0006 00000000 		.4byte	.Ldebug_abbrev0
 233 000a 04       		.byte	0x4
 234 000b 01       		.uleb128 0x1
 235 000c 28000000 		.4byte	.LASF25
 236 0010 0C       		.byte	0xc
 237 0011 0A000000 		.4byte	.LASF26
 238 0015 74010000 		.4byte	.LASF27
 239 0019 00000000 		.4byte	.Ldebug_ranges0+0
 240 001d 00000000 		.4byte	0
 241 0021 00000000 		.4byte	.Ldebug_line0
 242 0025 02       		.uleb128 0x2
 243 0026 01       		.byte	0x1
 244 0027 06       		.byte	0x6
 245 0028 09020000 		.4byte	.LASF0
 246 002c 03       		.uleb128 0x3
 247 002d 00000000 		.4byte	.LASF3
 248 0031 02       		.byte	0x2
 249 0032 1D       		.byte	0x1d
 250 0033 37000000 		.4byte	0x37
 251 0037 02       		.uleb128 0x2
 252 0038 01       		.byte	0x1
 253 0039 08       		.byte	0x8
 254 003a 1A000000 		.4byte	.LASF1
 255 003e 02       		.uleb128 0x2
 256 003f 02       		.byte	0x2
 257 0040 05       		.byte	0x5
 258 0041 D0010000 		.4byte	.LASF2
 259 0045 03       		.uleb128 0x3
 260 0046 DB000000 		.4byte	.LASF4
 261 004a 02       		.byte	0x2
 262 004b 2B       		.byte	0x2b
 263 004c 50000000 		.4byte	0x50
 264 0050 02       		.uleb128 0x2
 265 0051 02       		.byte	0x2
 266 0052 07       		.byte	0x7
 267 0053 C8000000 		.4byte	.LASF5
 268 0057 02       		.uleb128 0x2
 269 0058 04       		.byte	0x4
 270 0059 05       		.byte	0x5
 271 005a F4010000 		.4byte	.LASF6
 272 005e 02       		.uleb128 0x2
 273 005f 04       		.byte	0x4
 274 0060 07       		.byte	0x7
ARM GAS  C:\Users\leoja\AppData\Local\Temp\cc1x5KqQ.s 			page 7


 275 0061 B6000000 		.4byte	.LASF7
 276 0065 02       		.uleb128 0x2
 277 0066 08       		.byte	0x8
 278 0067 05       		.byte	0x5
 279 0068 59010000 		.4byte	.LASF8
 280 006c 02       		.uleb128 0x2
 281 006d 08       		.byte	0x8
 282 006e 07       		.byte	0x7
 283 006f 24010000 		.4byte	.LASF9
 284 0073 04       		.uleb128 0x4
 285 0074 04       		.byte	0x4
 286 0075 05       		.byte	0x5
 287 0076 696E7400 		.ascii	"int\000"
 288 007a 02       		.uleb128 0x2
 289 007b 04       		.byte	0x4
 290 007c 07       		.byte	0x7
 291 007d 08010000 		.4byte	.LASF10
 292 0081 03       		.uleb128 0x3
 293 0082 3B010000 		.4byte	.LASF11
 294 0086 03       		.byte	0x3
 295 0087 18       		.byte	0x18
 296 0088 2C000000 		.4byte	0x2c
 297 008c 03       		.uleb128 0x3
 298 008d DA010000 		.4byte	.LASF12
 299 0091 03       		.byte	0x3
 300 0092 24       		.byte	0x24
 301 0093 45000000 		.4byte	0x45
 302 0097 02       		.uleb128 0x2
 303 0098 04       		.byte	0x4
 304 0099 04       		.byte	0x4
 305 009a 14000000 		.4byte	.LASF13
 306 009e 02       		.uleb128 0x2
 307 009f 08       		.byte	0x8
 308 00a0 04       		.byte	0x4
 309 00a1 E6000000 		.4byte	.LASF14
 310 00a5 02       		.uleb128 0x2
 311 00a6 01       		.byte	0x1
 312 00a7 08       		.byte	0x8
 313 00a8 6F010000 		.4byte	.LASF15
 314 00ac 02       		.uleb128 0x2
 315 00ad 08       		.byte	0x8
 316 00ae 04       		.byte	0x4
 317 00af FD010000 		.4byte	.LASF16
 318 00b3 02       		.uleb128 0x2
 319 00b4 04       		.byte	0x4
 320 00b5 07       		.byte	0x7
 321 00b6 50010000 		.4byte	.LASF17
 322 00ba 05       		.uleb128 0x5
 323 00bb A5000000 		.4byte	0xa5
 324 00bf CA000000 		.4byte	0xca
 325 00c3 06       		.uleb128 0x6
 326 00c4 B3000000 		.4byte	0xb3
 327 00c8 07       		.byte	0x7
 328 00c9 00       		.byte	0
 329 00ca 07       		.uleb128 0x7
 330 00cb 15010000 		.4byte	.LASF28
 331 00cf 01       		.byte	0x1
ARM GAS  C:\Users\leoja\AppData\Local\Temp\cc1x5KqQ.s 			page 8


 332 00d0 14       		.byte	0x14
 333 00d1 00000000 		.4byte	.LFB1
 334 00d5 14010000 		.4byte	.LFE1-.LFB1
 335 00d9 01       		.uleb128 0x1
 336 00da 9C       		.byte	0x9c
 337 00db 95020000 		.4byte	0x295
 338 00df 08       		.uleb128 0x8
 339 00e0 73747200 		.ascii	"str\000"
 340 00e4 01       		.byte	0x1
 341 00e5 2A       		.byte	0x2a
 342 00e6 BA000000 		.4byte	0xba
 343 00ea 02       		.uleb128 0x2
 344 00eb 91       		.byte	0x91
 345 00ec 70       		.sleb128 -16
 346 00ed 09       		.uleb128 0x9
 347 00ee 0C000000 		.4byte	.LVL0
 348 00f2 C1020000 		.4byte	0x2c1
 349 00f6 05010000 		.4byte	0x105
 350 00fa 0A       		.uleb128 0xa
 351 00fb 01       		.uleb128 0x1
 352 00fc 50       		.byte	0x50
 353 00fd 01       		.uleb128 0x1
 354 00fe 30       		.byte	0x30
 355 00ff 0A       		.uleb128 0xa
 356 0100 01       		.uleb128 0x1
 357 0101 51       		.byte	0x51
 358 0102 01       		.uleb128 0x1
 359 0103 30       		.byte	0x30
 360 0104 00       		.byte	0
 361 0105 09       		.uleb128 0x9
 362 0106 1C000000 		.4byte	.LVL1
 363 010a CC020000 		.4byte	0x2cc
 364 010e 1C010000 		.4byte	0x11c
 365 0112 0A       		.uleb128 0xa
 366 0113 01       		.uleb128 0x1
 367 0114 50       		.byte	0x50
 368 0115 05       		.uleb128 0x5
 369 0116 03       		.byte	0x3
 370 0117 00000000 		.4byte	.LC0
 371 011b 00       		.byte	0
 372 011c 09       		.uleb128 0x9
 373 011d 2C000000 		.4byte	.LVL2
 374 0121 CC020000 		.4byte	0x2cc
 375 0125 33010000 		.4byte	0x133
 376 0129 0A       		.uleb128 0xa
 377 012a 01       		.uleb128 0x1
 378 012b 50       		.byte	0x50
 379 012c 05       		.uleb128 0x5
 380 012d 03       		.byte	0x3
 381 012e 0C000000 		.4byte	.LC1
 382 0132 00       		.byte	0
 383 0133 09       		.uleb128 0x9
 384 0134 3C000000 		.4byte	.LVL3
 385 0138 CC020000 		.4byte	0x2cc
 386 013c 4A010000 		.4byte	0x14a
 387 0140 0A       		.uleb128 0xa
 388 0141 01       		.uleb128 0x1
ARM GAS  C:\Users\leoja\AppData\Local\Temp\cc1x5KqQ.s 			page 9


 389 0142 50       		.byte	0x50
 390 0143 05       		.uleb128 0x5
 391 0144 03       		.byte	0x3
 392 0145 18000000 		.4byte	.LC2
 393 0149 00       		.byte	0
 394 014a 09       		.uleb128 0x9
 395 014b 4C000000 		.4byte	.LVL4
 396 014f CC020000 		.4byte	0x2cc
 397 0153 61010000 		.4byte	0x161
 398 0157 0A       		.uleb128 0xa
 399 0158 01       		.uleb128 0x1
 400 0159 50       		.byte	0x50
 401 015a 05       		.uleb128 0x5
 402 015b 03       		.byte	0x3
 403 015c 24000000 		.4byte	.LC3
 404 0160 00       		.byte	0
 405 0161 09       		.uleb128 0x9
 406 0162 5C000000 		.4byte	.LVL5
 407 0166 CC020000 		.4byte	0x2cc
 408 016a 78010000 		.4byte	0x178
 409 016e 0A       		.uleb128 0xa
 410 016f 01       		.uleb128 0x1
 411 0170 50       		.byte	0x50
 412 0171 05       		.uleb128 0x5
 413 0172 03       		.byte	0x3
 414 0173 30000000 		.4byte	.LC4
 415 0177 00       		.byte	0
 416 0178 09       		.uleb128 0x9
 417 0179 6C000000 		.4byte	.LVL6
 418 017d CC020000 		.4byte	0x2cc
 419 0181 8F010000 		.4byte	0x18f
 420 0185 0A       		.uleb128 0xa
 421 0186 01       		.uleb128 0x1
 422 0187 50       		.byte	0x50
 423 0188 05       		.uleb128 0x5
 424 0189 03       		.byte	0x3
 425 018a 3C000000 		.4byte	.LC5
 426 018e 00       		.byte	0
 427 018f 09       		.uleb128 0x9
 428 0190 7A000000 		.4byte	.LVL7
 429 0194 CC020000 		.4byte	0x2cc
 430 0198 A6010000 		.4byte	0x1a6
 431 019c 0A       		.uleb128 0xa
 432 019d 01       		.uleb128 0x1
 433 019e 50       		.byte	0x50
 434 019f 05       		.uleb128 0x5
 435 01a0 03       		.byte	0x3
 436 01a1 44000000 		.4byte	.LC6
 437 01a5 00       		.byte	0
 438 01a6 09       		.uleb128 0x9
 439 01a7 82000000 		.4byte	.LVL8
 440 01ab CC020000 		.4byte	0x2cc
 441 01af BD010000 		.4byte	0x1bd
 442 01b3 0A       		.uleb128 0xa
 443 01b4 01       		.uleb128 0x1
 444 01b5 50       		.byte	0x50
 445 01b6 05       		.uleb128 0x5
ARM GAS  C:\Users\leoja\AppData\Local\Temp\cc1x5KqQ.s 			page 10


 446 01b7 03       		.byte	0x3
 447 01b8 50000000 		.4byte	.LC7
 448 01bc 00       		.byte	0
 449 01bd 09       		.uleb128 0x9
 450 01be 8A000000 		.4byte	.LVL9
 451 01c2 C1020000 		.4byte	0x2c1
 452 01c6 D5010000 		.4byte	0x1d5
 453 01ca 0A       		.uleb128 0xa
 454 01cb 01       		.uleb128 0x1
 455 01cc 50       		.byte	0x50
 456 01cd 01       		.uleb128 0x1
 457 01ce 31       		.byte	0x31
 458 01cf 0A       		.uleb128 0xa
 459 01d0 01       		.uleb128 0x1
 460 01d1 51       		.byte	0x51
 461 01d2 01       		.uleb128 0x1
 462 01d3 30       		.byte	0x30
 463 01d4 00       		.byte	0
 464 01d5 09       		.uleb128 0x9
 465 01d6 96000000 		.4byte	.LVL10
 466 01da D7020000 		.4byte	0x2d7
 467 01de F2010000 		.4byte	0x1f2
 468 01e2 0A       		.uleb128 0xa
 469 01e3 01       		.uleb128 0x1
 470 01e4 50       		.byte	0x50
 471 01e5 02       		.uleb128 0x2
 472 01e6 7D       		.byte	0x7d
 473 01e7 00       		.sleb128 0
 474 01e8 0A       		.uleb128 0xa
 475 01e9 01       		.uleb128 0x1
 476 01ea 51       		.byte	0x51
 477 01eb 05       		.uleb128 0x5
 478 01ec 03       		.byte	0x3
 479 01ed 58000000 		.4byte	.LC8
 480 01f1 00       		.byte	0
 481 01f2 09       		.uleb128 0x9
 482 01f3 9C000000 		.4byte	.LVL11
 483 01f7 CC020000 		.4byte	0x2cc
 484 01fb 06020000 		.4byte	0x206
 485 01ff 0A       		.uleb128 0xa
 486 0200 01       		.uleb128 0x1
 487 0201 50       		.byte	0x50
 488 0202 02       		.uleb128 0x2
 489 0203 7D       		.byte	0x7d
 490 0204 00       		.sleb128 0
 491 0205 00       		.byte	0
 492 0206 09       		.uleb128 0x9
 493 0207 A4000000 		.4byte	.LVL12
 494 020b C1020000 		.4byte	0x2c1
 495 020f 1E020000 		.4byte	0x21e
 496 0213 0A       		.uleb128 0xa
 497 0214 01       		.uleb128 0x1
 498 0215 50       		.byte	0x50
 499 0216 01       		.uleb128 0x1
 500 0217 31       		.byte	0x31
 501 0218 0A       		.uleb128 0xa
 502 0219 01       		.uleb128 0x1
ARM GAS  C:\Users\leoja\AppData\Local\Temp\cc1x5KqQ.s 			page 11


 503 021a 51       		.byte	0x51
 504 021b 01       		.uleb128 0x1
 505 021c 35       		.byte	0x35
 506 021d 00       		.byte	0
 507 021e 09       		.uleb128 0x9
 508 021f B0000000 		.4byte	.LVL13
 509 0223 D7020000 		.4byte	0x2d7
 510 0227 3B020000 		.4byte	0x23b
 511 022b 0A       		.uleb128 0xa
 512 022c 01       		.uleb128 0x1
 513 022d 50       		.byte	0x50
 514 022e 02       		.uleb128 0x2
 515 022f 7D       		.byte	0x7d
 516 0230 00       		.sleb128 0
 517 0231 0A       		.uleb128 0xa
 518 0232 01       		.uleb128 0x1
 519 0233 51       		.byte	0x51
 520 0234 05       		.uleb128 0x5
 521 0235 03       		.byte	0x3
 522 0236 60000000 		.4byte	.LC9
 523 023a 00       		.byte	0
 524 023b 09       		.uleb128 0x9
 525 023c B6000000 		.4byte	.LVL14
 526 0240 CC020000 		.4byte	0x2cc
 527 0244 4F020000 		.4byte	0x24f
 528 0248 0A       		.uleb128 0xa
 529 0249 01       		.uleb128 0x1
 530 024a 50       		.byte	0x50
 531 024b 02       		.uleb128 0x2
 532 024c 7D       		.byte	0x7d
 533 024d 00       		.sleb128 0
 534 024e 00       		.byte	0
 535 024f 09       		.uleb128 0x9
 536 0250 BE000000 		.4byte	.LVL15
 537 0254 C1020000 		.4byte	0x2c1
 538 0258 67020000 		.4byte	0x267
 539 025c 0A       		.uleb128 0xa
 540 025d 01       		.uleb128 0x1
 541 025e 50       		.byte	0x50
 542 025f 01       		.uleb128 0x1
 543 0260 31       		.byte	0x31
 544 0261 0A       		.uleb128 0xa
 545 0262 01       		.uleb128 0x1
 546 0263 51       		.byte	0x51
 547 0264 01       		.uleb128 0x1
 548 0265 3A       		.byte	0x3a
 549 0266 00       		.byte	0
 550 0267 09       		.uleb128 0x9
 551 0268 CA000000 		.4byte	.LVL16
 552 026c D7020000 		.4byte	0x2d7
 553 0270 84020000 		.4byte	0x284
 554 0274 0A       		.uleb128 0xa
 555 0275 01       		.uleb128 0x1
 556 0276 50       		.byte	0x50
 557 0277 02       		.uleb128 0x2
 558 0278 7D       		.byte	0x7d
 559 0279 00       		.sleb128 0
ARM GAS  C:\Users\leoja\AppData\Local\Temp\cc1x5KqQ.s 			page 12


 560 027a 0A       		.uleb128 0xa
 561 027b 01       		.uleb128 0x1
 562 027c 51       		.byte	0x51
 563 027d 05       		.uleb128 0x5
 564 027e 03       		.byte	0x3
 565 027f 64000000 		.4byte	.LC10
 566 0283 00       		.byte	0
 567 0284 0B       		.uleb128 0xb
 568 0285 D0000000 		.4byte	.LVL17
 569 0289 CC020000 		.4byte	0x2cc
 570 028d 0A       		.uleb128 0xa
 571 028e 01       		.uleb128 0x1
 572 028f 50       		.byte	0x50
 573 0290 02       		.uleb128 0x2
 574 0291 7D       		.byte	0x7d
 575 0292 00       		.sleb128 0
 576 0293 00       		.byte	0
 577 0294 00       		.byte	0
 578 0295 0C       		.uleb128 0xc
 579 0296 67010000 		.4byte	.LASF18
 580 029a 01       		.byte	0x1
 581 029b 0E       		.byte	0xe
 582 029c 81000000 		.4byte	0x81
 583 02a0 0C       		.uleb128 0xc
 584 02a1 EB010000 		.4byte	.LASF19
 585 02a5 01       		.byte	0x1
 586 02a6 0F       		.byte	0xf
 587 02a7 81000000 		.4byte	0x81
 588 02ab 0C       		.uleb128 0xc
 589 02ac FD000000 		.4byte	.LASF20
 590 02b0 01       		.byte	0x1
 591 02b1 10       		.byte	0x10
 592 02b2 8C000000 		.4byte	0x8c
 593 02b6 0C       		.uleb128 0xc
 594 02b7 E3010000 		.4byte	.LASF21
 595 02bb 01       		.byte	0x1
 596 02bc 12       		.byte	0x12
 597 02bd 8C000000 		.4byte	0x8c
 598 02c1 0D       		.uleb128 0xd
 599 02c2 43010000 		.4byte	.LASF22
 600 02c6 43010000 		.4byte	.LASF22
 601 02ca 04       		.byte	0x4
 602 02cb 3D       		.byte	0x3d
 603 02cc 0D       		.uleb128 0xd
 604 02cd ED000000 		.4byte	.LASF23
 605 02d1 ED000000 		.4byte	.LASF23
 606 02d5 04       		.byte	0x4
 607 02d6 3C       		.byte	0x3c
 608 02d7 0D       		.uleb128 0xd
 609 02d8 15020000 		.4byte	.LASF24
 610 02dc 15020000 		.4byte	.LASF24
 611 02e0 05       		.byte	0x5
 612 02e1 E7       		.byte	0xe7
 613 02e2 00       		.byte	0
 614              		.section	.debug_abbrev,"",%progbits
 615              	.Ldebug_abbrev0:
 616 0000 01       		.uleb128 0x1
ARM GAS  C:\Users\leoja\AppData\Local\Temp\cc1x5KqQ.s 			page 13


 617 0001 11       		.uleb128 0x11
 618 0002 01       		.byte	0x1
 619 0003 25       		.uleb128 0x25
 620 0004 0E       		.uleb128 0xe
 621 0005 13       		.uleb128 0x13
 622 0006 0B       		.uleb128 0xb
 623 0007 03       		.uleb128 0x3
 624 0008 0E       		.uleb128 0xe
 625 0009 1B       		.uleb128 0x1b
 626 000a 0E       		.uleb128 0xe
 627 000b 55       		.uleb128 0x55
 628 000c 17       		.uleb128 0x17
 629 000d 11       		.uleb128 0x11
 630 000e 01       		.uleb128 0x1
 631 000f 10       		.uleb128 0x10
 632 0010 17       		.uleb128 0x17
 633 0011 00       		.byte	0
 634 0012 00       		.byte	0
 635 0013 02       		.uleb128 0x2
 636 0014 24       		.uleb128 0x24
 637 0015 00       		.byte	0
 638 0016 0B       		.uleb128 0xb
 639 0017 0B       		.uleb128 0xb
 640 0018 3E       		.uleb128 0x3e
 641 0019 0B       		.uleb128 0xb
 642 001a 03       		.uleb128 0x3
 643 001b 0E       		.uleb128 0xe
 644 001c 00       		.byte	0
 645 001d 00       		.byte	0
 646 001e 03       		.uleb128 0x3
 647 001f 16       		.uleb128 0x16
 648 0020 00       		.byte	0
 649 0021 03       		.uleb128 0x3
 650 0022 0E       		.uleb128 0xe
 651 0023 3A       		.uleb128 0x3a
 652 0024 0B       		.uleb128 0xb
 653 0025 3B       		.uleb128 0x3b
 654 0026 0B       		.uleb128 0xb
 655 0027 49       		.uleb128 0x49
 656 0028 13       		.uleb128 0x13
 657 0029 00       		.byte	0
 658 002a 00       		.byte	0
 659 002b 04       		.uleb128 0x4
 660 002c 24       		.uleb128 0x24
 661 002d 00       		.byte	0
 662 002e 0B       		.uleb128 0xb
 663 002f 0B       		.uleb128 0xb
 664 0030 3E       		.uleb128 0x3e
 665 0031 0B       		.uleb128 0xb
 666 0032 03       		.uleb128 0x3
 667 0033 08       		.uleb128 0x8
 668 0034 00       		.byte	0
 669 0035 00       		.byte	0
 670 0036 05       		.uleb128 0x5
 671 0037 01       		.uleb128 0x1
 672 0038 01       		.byte	0x1
 673 0039 49       		.uleb128 0x49
ARM GAS  C:\Users\leoja\AppData\Local\Temp\cc1x5KqQ.s 			page 14


 674 003a 13       		.uleb128 0x13
 675 003b 01       		.uleb128 0x1
 676 003c 13       		.uleb128 0x13
 677 003d 00       		.byte	0
 678 003e 00       		.byte	0
 679 003f 06       		.uleb128 0x6
 680 0040 21       		.uleb128 0x21
 681 0041 00       		.byte	0
 682 0042 49       		.uleb128 0x49
 683 0043 13       		.uleb128 0x13
 684 0044 2F       		.uleb128 0x2f
 685 0045 0B       		.uleb128 0xb
 686 0046 00       		.byte	0
 687 0047 00       		.byte	0
 688 0048 07       		.uleb128 0x7
 689 0049 2E       		.uleb128 0x2e
 690 004a 01       		.byte	0x1
 691 004b 3F       		.uleb128 0x3f
 692 004c 19       		.uleb128 0x19
 693 004d 03       		.uleb128 0x3
 694 004e 0E       		.uleb128 0xe
 695 004f 3A       		.uleb128 0x3a
 696 0050 0B       		.uleb128 0xb
 697 0051 3B       		.uleb128 0x3b
 698 0052 0B       		.uleb128 0xb
 699 0053 11       		.uleb128 0x11
 700 0054 01       		.uleb128 0x1
 701 0055 12       		.uleb128 0x12
 702 0056 06       		.uleb128 0x6
 703 0057 40       		.uleb128 0x40
 704 0058 18       		.uleb128 0x18
 705 0059 9742     		.uleb128 0x2117
 706 005b 19       		.uleb128 0x19
 707 005c 01       		.uleb128 0x1
 708 005d 13       		.uleb128 0x13
 709 005e 00       		.byte	0
 710 005f 00       		.byte	0
 711 0060 08       		.uleb128 0x8
 712 0061 34       		.uleb128 0x34
 713 0062 00       		.byte	0
 714 0063 03       		.uleb128 0x3
 715 0064 08       		.uleb128 0x8
 716 0065 3A       		.uleb128 0x3a
 717 0066 0B       		.uleb128 0xb
 718 0067 3B       		.uleb128 0x3b
 719 0068 0B       		.uleb128 0xb
 720 0069 49       		.uleb128 0x49
 721 006a 13       		.uleb128 0x13
 722 006b 02       		.uleb128 0x2
 723 006c 18       		.uleb128 0x18
 724 006d 00       		.byte	0
 725 006e 00       		.byte	0
 726 006f 09       		.uleb128 0x9
 727 0070 898201   		.uleb128 0x4109
 728 0073 01       		.byte	0x1
 729 0074 11       		.uleb128 0x11
 730 0075 01       		.uleb128 0x1
ARM GAS  C:\Users\leoja\AppData\Local\Temp\cc1x5KqQ.s 			page 15


 731 0076 31       		.uleb128 0x31
 732 0077 13       		.uleb128 0x13
 733 0078 01       		.uleb128 0x1
 734 0079 13       		.uleb128 0x13
 735 007a 00       		.byte	0
 736 007b 00       		.byte	0
 737 007c 0A       		.uleb128 0xa
 738 007d 8A8201   		.uleb128 0x410a
 739 0080 00       		.byte	0
 740 0081 02       		.uleb128 0x2
 741 0082 18       		.uleb128 0x18
 742 0083 9142     		.uleb128 0x2111
 743 0085 18       		.uleb128 0x18
 744 0086 00       		.byte	0
 745 0087 00       		.byte	0
 746 0088 0B       		.uleb128 0xb
 747 0089 898201   		.uleb128 0x4109
 748 008c 01       		.byte	0x1
 749 008d 11       		.uleb128 0x11
 750 008e 01       		.uleb128 0x1
 751 008f 31       		.uleb128 0x31
 752 0090 13       		.uleb128 0x13
 753 0091 00       		.byte	0
 754 0092 00       		.byte	0
 755 0093 0C       		.uleb128 0xc
 756 0094 34       		.uleb128 0x34
 757 0095 00       		.byte	0
 758 0096 03       		.uleb128 0x3
 759 0097 0E       		.uleb128 0xe
 760 0098 3A       		.uleb128 0x3a
 761 0099 0B       		.uleb128 0xb
 762 009a 3B       		.uleb128 0x3b
 763 009b 0B       		.uleb128 0xb
 764 009c 49       		.uleb128 0x49
 765 009d 13       		.uleb128 0x13
 766 009e 3F       		.uleb128 0x3f
 767 009f 19       		.uleb128 0x19
 768 00a0 3C       		.uleb128 0x3c
 769 00a1 19       		.uleb128 0x19
 770 00a2 00       		.byte	0
 771 00a3 00       		.byte	0
 772 00a4 0D       		.uleb128 0xd
 773 00a5 2E       		.uleb128 0x2e
 774 00a6 00       		.byte	0
 775 00a7 3F       		.uleb128 0x3f
 776 00a8 19       		.uleb128 0x19
 777 00a9 3C       		.uleb128 0x3c
 778 00aa 19       		.uleb128 0x19
 779 00ab 6E       		.uleb128 0x6e
 780 00ac 0E       		.uleb128 0xe
 781 00ad 03       		.uleb128 0x3
 782 00ae 0E       		.uleb128 0xe
 783 00af 3A       		.uleb128 0x3a
 784 00b0 0B       		.uleb128 0xb
 785 00b1 3B       		.uleb128 0x3b
 786 00b2 0B       		.uleb128 0xb
 787 00b3 00       		.byte	0
ARM GAS  C:\Users\leoja\AppData\Local\Temp\cc1x5KqQ.s 			page 16


 788 00b4 00       		.byte	0
 789 00b5 00       		.byte	0
 790              		.section	.debug_aranges,"",%progbits
 791 0000 1C000000 		.4byte	0x1c
 792 0004 0200     		.2byte	0x2
 793 0006 00000000 		.4byte	.Ldebug_info0
 794 000a 04       		.byte	0x4
 795 000b 00       		.byte	0
 796 000c 0000     		.2byte	0
 797 000e 0000     		.2byte	0
 798 0010 00000000 		.4byte	.LFB1
 799 0014 14010000 		.4byte	.LFE1-.LFB1
 800 0018 00000000 		.4byte	0
 801 001c 00000000 		.4byte	0
 802              		.section	.debug_ranges,"",%progbits
 803              	.Ldebug_ranges0:
 804 0000 00000000 		.4byte	.LFB1
 805 0004 14010000 		.4byte	.LFE1
 806 0008 00000000 		.4byte	0
 807 000c 00000000 		.4byte	0
 808              		.section	.debug_line,"",%progbits
 809              	.Ldebug_line0:
 810 0000 DF010000 		.section	.debug_str,"MS",%progbits,1
 810      0200B001 
 810      00000201 
 810      FB0E0D00 
 810      01010101 
 811              	.LASF3:
 812 0000 5F5F7569 		.ascii	"__uint8_t\000"
 812      6E74385F 
 812      7400
 813              	.LASF26:
 814 000a 64697370 		.ascii	"display.c\000"
 814      6C61792E 
 814      6300
 815              	.LASF13:
 816 0014 666C6F61 		.ascii	"float\000"
 816      7400
 817              	.LASF1:
 818 001a 756E7369 		.ascii	"unsigned char\000"
 818      676E6564 
 818      20636861 
 818      7200
 819              	.LASF25:
 820 0028 474E5520 		.ascii	"GNU C11 5.4.1 20160609 (release) [ARM/embedded-5-br"
 820      43313120 
 820      352E342E 
 820      31203230 
 820      31363036 
 821 005b 616E6368 		.ascii	"anch revision 237715] -mcpu=cortex-m3 -mthumb -g -O"
 821      20726576 
 821      6973696F 
 821      6E203233 
 821      37373135 
 822 008e 67202D66 		.ascii	"g -ffunction-sections -ffat-lto-objects\000"
 822      66756E63 
 822      74696F6E 
ARM GAS  C:\Users\leoja\AppData\Local\Temp\cc1x5KqQ.s 			page 17


 822      2D736563 
 822      74696F6E 
 823              	.LASF7:
 824 00b6 6C6F6E67 		.ascii	"long unsigned int\000"
 824      20756E73 
 824      69676E65 
 824      6420696E 
 824      7400
 825              	.LASF5:
 826 00c8 73686F72 		.ascii	"short unsigned int\000"
 826      7420756E 
 826      7369676E 
 826      65642069 
 826      6E7400
 827              	.LASF4:
 828 00db 5F5F7569 		.ascii	"__uint16_t\000"
 828      6E743136 
 828      5F7400
 829              	.LASF14:
 830 00e6 646F7562 		.ascii	"double\000"
 830      6C6500
 831              	.LASF23:
 832 00ed 4C43445F 		.ascii	"LCD_PrintString\000"
 832      5072696E 
 832      74537472 
 832      696E6700 
 833              	.LASF20:
 834 00fd 626D735F 		.ascii	"bms_status\000"
 834      73746174 
 834      757300
 835              	.LASF10:
 836 0108 756E7369 		.ascii	"unsigned int\000"
 836      676E6564 
 836      20696E74 
 836      00
 837              	.LASF28:
 838 0115 75706461 		.ascii	"update_display\000"
 838      74655F64 
 838      6973706C 
 838      617900
 839              	.LASF9:
 840 0124 6C6F6E67 		.ascii	"long long unsigned int\000"
 840      206C6F6E 
 840      6720756E 
 840      7369676E 
 840      65642069 
 841              	.LASF11:
 842 013b 75696E74 		.ascii	"uint8_t\000"
 842      385F7400 
 843              	.LASF22:
 844 0143 4C43445F 		.ascii	"LCD_Position\000"
 844      506F7369 
 844      74696F6E 
 844      00
 845              	.LASF17:
 846 0150 73697A65 		.ascii	"sizetype\000"
 846      74797065 
ARM GAS  C:\Users\leoja\AppData\Local\Temp\cc1x5KqQ.s 			page 18


 846      00
 847              	.LASF8:
 848 0159 6C6F6E67 		.ascii	"long long int\000"
 848      206C6F6E 
 848      6720696E 
 848      7400
 849              	.LASF18:
 850 0167 626D735F 		.ascii	"bms_soc\000"
 850      736F6300 
 851              	.LASF15:
 852 016f 63686172 		.ascii	"char\000"
 852      00
 853              	.LASF27:
 854 0174 443A5C55 		.ascii	"D:\\Users\\leoja\\Documents\\GitHub\\PEI-Firmware-F"
 854      73657273 
 854      5C6C656F 
 854      6A615C44 
 854      6F63756D 
 855 01a2 4531305C 		.ascii	"E10\\PEI_Firmware_FE10\\PEI_Firmware_FE10.cydsn\000"
 855      5045495F 
 855      4669726D 
 855      77617265 
 855      5F464531 
 856              	.LASF2:
 857 01d0 73686F72 		.ascii	"short int\000"
 857      7420696E 
 857      7400
 858              	.LASF12:
 859 01da 75696E74 		.ascii	"uint16_t\000"
 859      31365F74 
 859      00
 860              	.LASF21:
 861 01e3 63757272 		.ascii	"current\000"
 861      656E7400 
 862              	.LASF19:
 863 01eb 626D735F 		.ascii	"bms_temp\000"
 863      74656D70 
 863      00
 864              	.LASF6:
 865 01f4 6C6F6E67 		.ascii	"long int\000"
 865      20696E74 
 865      00
 866              	.LASF16:
 867 01fd 6C6F6E67 		.ascii	"long double\000"
 867      20646F75 
 867      626C6500 
 868              	.LASF0:
 869 0209 7369676E 		.ascii	"signed char\000"
 869      65642063 
 869      68617200 
 870              	.LASF24:
 871 0215 73707269 		.ascii	"sprintf\000"
 871      6E746600 
 872              		.ident	"GCC: (GNU Tools for ARM Embedded Processors) 5.4.1 20160609 (release) [ARM/embedded-5-bran
