ARM GAS  C:\Users\leoja\AppData\Local\Temp\ccWsBS3C.s 			page 1


   1              		.syntax unified
   2              		.cpu cortex-m3
   3              		.fpu softvfp
   4              		.eabi_attribute 20, 1
   5              		.eabi_attribute 21, 1
   6              		.eabi_attribute 23, 3
   7              		.eabi_attribute 24, 1
   8              		.eabi_attribute 25, 1
   9              		.eabi_attribute 26, 1
  10              		.eabi_attribute 30, 1
  11              		.eabi_attribute 34, 1
  12              		.eabi_attribute 18, 4
  13              		.thumb
  14              		.syntax unified
  15              		.file	"fsm.c"
  16              		.text
  17              	.Ltext0:
  18              		.cfi_sections	.debug_frame
  19              		.section	.text.hv_request,"ax",%progbits
  20              		.align	2
  21              		.global	hv_request
  22              		.thumb
  23              		.thumb_func
  24              		.type	hv_request, %function
  25              	hv_request:
  26              	.LFB63:
  27              		.file 1 "fsm.c"
   1:fsm.c         **** /* ========================================
   2:fsm.c         ****  *
   3:fsm.c         ****  * Copyright YOUR COMPANY, THE YEAR
   4:fsm.c         ****  * All Rights Reserved
   5:fsm.c         ****  * UNPUBLISHED, LICENSED SOFTWARE.
   6:fsm.c         ****  *
   7:fsm.c         ****  * CONFIDENTIAL AND PROPRIETARY INFORMATION
   8:fsm.c         ****  * WHICH IS THE PROPERTY OF your company.
   9:fsm.c         ****  *
  10:fsm.c         ****  * ========================================
  11:fsm.c         **** */
  12:fsm.c         **** 
  13:fsm.c         **** #include "fsm.h"
  14:fsm.c         **** 
  15:fsm.c         **** extern uint8_t pei_status;
  16:fsm.c         **** 
  17:fsm.c         **** //BMS Varialbes
  18:fsm.c         **** extern uint8_t bms_temp;
  19:fsm.c         **** extern uint16_t bms_status;
  20:fsm.c         **** extern uint8_t bms_soc;
  21:fsm.c         **** extern uint16_t bms_voltage;
  22:fsm.c         **** 
  23:fsm.c         **** //MC varialbes
  24:fsm.c         **** extern int16_t mc_voltage;
  25:fsm.c         **** extern uint8_t mc_vsm_state;
  26:fsm.c         **** extern uint8_t mc_discharge_state;
  27:fsm.c         **** extern uint16_t mc_post_faults;
  28:fsm.c         **** extern uint16_t mc_run_faults;
  29:fsm.c         **** 
  30:fsm.c         **** //VCU variables
ARM GAS  C:\Users\leoja\AppData\Local\Temp\ccWsBS3C.s 			page 2


  31:fsm.c         **** extern uint8_t hv_requested;
  32:fsm.c         **** extern uint8_t vcu_state;
  33:fsm.c         **** extern uint8_t vcu_attached;
  34:fsm.c         **** 
  35:fsm.c         **** //charger variables
  36:fsm.c         **** extern uint8_t charger_attached;
  37:fsm.c         **** extern uint8_t charger_status;
  38:fsm.c         **** 
  39:fsm.c         **** //loop counters
  40:fsm.c         **** extern uint16_t loops_since_vcu_message;
  41:fsm.c         **** extern uint16_t loops_since_bms_message;
  42:fsm.c         **** extern uint16_t loops_since_mc_message;
  43:fsm.c         **** extern uint16_t loops_since_charger_message;
  44:fsm.c         **** 
  45:fsm.c         **** 
  46:fsm.c         **** 
  47:fsm.c         **** uint8_t hv_request(){
  28              		.loc 1 47 0
  29              		.cfi_startproc
  30              		@ args = 0, pretend = 0, frame = 0
  31              		@ frame_needed = 0, uses_anonymous_args = 0
  32 0000 08B5     		push	{r3, lr}
  33              		.cfi_def_cfa_offset 8
  34              		.cfi_offset 3, -8
  35              		.cfi_offset 14, -4
  48:fsm.c         ****     if(vcu_attached) return hv_requested;     
  36              		.loc 1 48 0
  37 0002 064B     		ldr	r3, .L5
  38 0004 1B78     		ldrb	r3, [r3]	@ zero_extendqisi2
  39 0006 13B1     		cbz	r3, .L2
  40              		.loc 1 48 0 is_stmt 0 discriminator 1
  41 0008 054B     		ldr	r3, .L5+4
  42 000a 1878     		ldrb	r0, [r3]	@ zero_extendqisi2
  43 000c 08BD     		pop	{r3, pc}
  44              	.L2:
  49:fsm.c         ****     else if(charger_attached) return GPIO1_ESD_Read();
  45              		.loc 1 49 0 is_stmt 1
  46 000e 054B     		ldr	r3, .L5+8
  47 0010 1878     		ldrb	r0, [r3]	@ zero_extendqisi2
  48 0012 08B1     		cbz	r0, .L3
  49              		.loc 1 49 0 is_stmt 0 discriminator 1
  50 0014 FFF7FEFF 		bl	GPIO1_ESD_Read
  51              	.LVL0:
  52              	.L3:
  50:fsm.c         ****     
  51:fsm.c         ****     return 0;
  52:fsm.c         **** } 
  53              		.loc 1 52 0 is_stmt 1
  54 0018 08BD     		pop	{r3, pc}
  55              	.L6:
  56 001a 00BF     		.align	2
  57              	.L5:
  58 001c 00000000 		.word	vcu_attached
  59 0020 00000000 		.word	hv_requested
  60 0024 00000000 		.word	charger_attached
  61              		.cfi_endproc
  62              	.LFE63:
ARM GAS  C:\Users\leoja\AppData\Local\Temp\ccWsBS3C.s 			page 3


  63              		.size	hv_request, .-hv_request
  64              		.section	.text.hv_allowed,"ax",%progbits
  65              		.align	2
  66              		.global	hv_allowed
  67              		.thumb
  68              		.thumb_func
  69              		.type	hv_allowed, %function
  70              	hv_allowed:
  71              	.LFB64:
  53:fsm.c         **** 
  54:fsm.c         **** uint8_t hv_allowed(){
  72              		.loc 1 54 0
  73              		.cfi_startproc
  74              		@ args = 0, pretend = 0, frame = 0
  75              		@ frame_needed = 0, uses_anonymous_args = 0
  76              		@ link register save eliminated.
  55:fsm.c         ****     if(pei_status & SHUTDOWN) return 0;  //shutdown circuit open
  77              		.loc 1 55 0
  78 0000 184B     		ldr	r3, .L15
  79 0002 1B78     		ldrb	r3, [r3]	@ zero_extendqisi2
  80 0004 03F02002 		and	r2, r3, #32
  81 0008 02F0FF00 		and	r0, r2, #255
  82 000c 02BB     		cbnz	r2, .L10
  56:fsm.c         ****     if(pei_status & BMS_TIMEOUT) return 0;
  83              		.loc 1 56 0
  84 000e 13F00101 		ands	r1, r3, #1
  85 0012 26D1     		bne	.L8
  86 0014 03F00202 		and	r2, r3, #2
  57:fsm.c         ****     if(pei_status & VCU_CHARGER_TIMEOUT) return 0;
  87              		.loc 1 57 0
  88 0018 02F0FF00 		and	r0, r2, #255
  89 001c D2B9     		cbnz	r2, .L11
  58:fsm.c         ****     
  59:fsm.c         ****     if(vcu_attached){
  90              		.loc 1 59 0
  91 001e 124A     		ldr	r2, .L15+4
  92 0020 1278     		ldrb	r2, [r2]	@ zero_extendqisi2
  93 0022 6AB1     		cbz	r2, .L9
  94 0024 03F01002 		and	r2, r3, #16
  60:fsm.c         ****         if(pei_status & MC_FAULT) return 0;   //mc faults
  95              		.loc 1 60 0
  96 0028 02F0FF01 		and	r1, r2, #255
  97 002c CAB9     		cbnz	r2, .L8
  98 002e 03F04002 		and	r2, r3, #64
  61:fsm.c         ****         if(pei_status & MC_DISCHARGING) return 0;  //mc is trying to discharge
  99              		.loc 1 61 0
 100 0032 02F0FF00 		and	r0, r2, #255
 101 0036 7AB9     		cbnz	r2, .L12
  62:fsm.c         ****         if(pei_status & MC_TIMEOUT) return 0;
 102              		.loc 1 62 0
 103 0038 13F0080F 		tst	r3, #8
 104 003c 0ED0     		beq	.L13
 105 003e 7047     		bx	lr
 106              	.L9:
  63:fsm.c         ****         
  64:fsm.c         ****         return 1;
  65:fsm.c         ****         
ARM GAS  C:\Users\leoja\AppData\Local\Temp\ccWsBS3C.s 			page 4


  66:fsm.c         ****     } else if(charger_attached){
 107              		.loc 1 66 0
 108 0040 0A49     		ldr	r1, .L15+8
 109 0042 0878     		ldrb	r0, [r1]	@ zero_extendqisi2
 110 0044 68B1     		cbz	r0, .L8
  67:fsm.c         ****         if(pei_status & CHARGER_FAULT) return 0;
 111              		.loc 1 67 0
 112 0046 13F0800F 		tst	r3, #128
 113 004a 09D0     		beq	.L14
 114 004c 1046     		mov	r0, r2
 115 004e 7047     		bx	lr
 116              	.L10:
  55:fsm.c         ****     if(pei_status & BMS_TIMEOUT) return 0;
 117              		.loc 1 55 0
 118 0050 0020     		movs	r0, #0
 119 0052 7047     		bx	lr
 120              	.L11:
  57:fsm.c         ****     
 121              		.loc 1 57 0
 122 0054 0846     		mov	r0, r1
 123 0056 7047     		bx	lr
 124              	.L12:
  61:fsm.c         ****         if(pei_status & MC_TIMEOUT) return 0;
 125              		.loc 1 61 0
 126 0058 0846     		mov	r0, r1
 127 005a 7047     		bx	lr
 128              	.L13:
  64:fsm.c         ****         
 129              		.loc 1 64 0
 130 005c 0120     		movs	r0, #1
 131 005e 7047     		bx	lr
 132              	.L14:
  68:fsm.c         **** 
  69:fsm.c         ****         return 1;
 133              		.loc 1 69 0
 134 0060 0120     		movs	r0, #1
 135              	.L8:
  70:fsm.c         ****     } 
  71:fsm.c         ****     
  72:fsm.c         ****     return 0;
  73:fsm.c         **** }
 136              		.loc 1 73 0
 137 0062 7047     		bx	lr
 138              	.L16:
 139              		.align	2
 140              	.L15:
 141 0064 00000000 		.word	pei_status
 142 0068 00000000 		.word	vcu_attached
 143 006c 00000000 		.word	charger_attached
 144              		.cfi_endproc
 145              	.LFE64:
 146              		.size	hv_allowed, .-hv_allowed
 147              		.section	.text.precharge_ready,"ax",%progbits
 148              		.align	2
 149              		.global	precharge_ready
 150              		.thumb
 151              		.thumb_func
ARM GAS  C:\Users\leoja\AppData\Local\Temp\ccWsBS3C.s 			page 5


 152              		.type	precharge_ready, %function
 153              	precharge_ready:
 154              	.LFB65:
  74:fsm.c         **** 
  75:fsm.c         **** uint8_t precharge_ready(){
 155              		.loc 1 75 0
 156              		.cfi_startproc
 157              		@ args = 0, pretend = 0, frame = 0
 158              		@ frame_needed = 0, uses_anonymous_args = 0
 159              		@ link register save eliminated.
  76:fsm.c         ****     if(mc_vsm_state == PRECHARGE_INIT || mc_vsm_state == PRECHARGE_ACTIVE) return 1;
 160              		.loc 1 76 0
 161 0000 044B     		ldr	r3, .L20
 162 0002 1B78     		ldrb	r3, [r3]	@ zero_extendqisi2
 163 0004 013B     		subs	r3, r3, #1
 164 0006 DBB2     		uxtb	r3, r3
 165 0008 012B     		cmp	r3, #1
 166 000a 01D8     		bhi	.L19
 167 000c 0120     		movs	r0, #1
 168 000e 7047     		bx	lr
 169              	.L19:
  77:fsm.c         ****     
  78:fsm.c         ****     return 0;                
 170              		.loc 1 78 0
 171 0010 0020     		movs	r0, #0
  79:fsm.c         **** }
 172              		.loc 1 79 0
 173 0012 7047     		bx	lr
 174              	.L21:
 175              		.align	2
 176              	.L20:
 177 0014 00000000 		.word	mc_vsm_state
 178              		.cfi_endproc
 179              	.LFE65:
 180              		.size	precharge_ready, .-precharge_ready
 181              		.global	__aeabi_ui2f
 182              		.global	__aeabi_f2d
 183              		.global	__aeabi_dmul
 184              		.global	__aeabi_d2uiz
 185              		.section	.text.precharge_complete,"ax",%progbits
 186              		.align	2
 187              		.global	precharge_complete
 188              		.thumb
 189              		.thumb_func
 190              		.type	precharge_complete, %function
 191              	precharge_complete:
 192              	.LFB66:
  80:fsm.c         **** 
  81:fsm.c         **** uint8_t precharge_complete(){    
 193              		.loc 1 81 0
 194              		.cfi_startproc
 195              		@ args = 0, pretend = 0, frame = 0
 196              		@ frame_needed = 0, uses_anonymous_args = 0
 197 0000 08B5     		push	{r3, lr}
 198              		.cfi_def_cfa_offset 8
 199              		.cfi_offset 3, -8
 200              		.cfi_offset 14, -4
ARM GAS  C:\Users\leoja\AppData\Local\Temp\ccWsBS3C.s 			page 6


  82:fsm.c         ****     uint16_t threshold = (uint16_t)(((float)bms_voltage)*0.95);
 201              		.loc 1 82 0
 202 0002 0D4B     		ldr	r3, .L24+8
 203 0004 1888     		ldrh	r0, [r3]
 204 0006 FFF7FEFF 		bl	__aeabi_ui2f
 205              	.LVL1:
 206 000a FFF7FEFF 		bl	__aeabi_f2d
 207              	.LVL2:
 208 000e 08A3     		adr	r3, .L24
 209 0010 D3E90023 		ldrd	r2, [r3]
 210 0014 FFF7FEFF 		bl	__aeabi_dmul
 211              	.LVL3:
 212 0018 FFF7FEFF 		bl	__aeabi_d2uiz
 213              	.LVL4:
 214 001c 80B2     		uxth	r0, r0
 215              	.LVL5:
  83:fsm.c         ****     return (mc_voltage > threshold);
 216              		.loc 1 83 0
 217 001e 074B     		ldr	r3, .L24+12
 218 0020 B3F90030 		ldrsh	r3, [r3]
  84:fsm.c         **** }
 219              		.loc 1 84 0
 220 0024 8342     		cmp	r3, r0
 221 0026 D4BF     		ite	le
 222 0028 0020     		movle	r0, #0
 223              	.LVL6:
 224 002a 0120     		movgt	r0, #1
 225 002c 08BD     		pop	{r3, pc}
 226              	.L25:
 227 002e 00BF     		.align	3
 228              	.L24:
 229 0030 66666666 		.word	1717986918
 230 0034 6666EE3F 		.word	1072588390
 231 0038 00000000 		.word	bms_voltage
 232 003c 00000000 		.word	mc_voltage
 233              		.cfi_endproc
 234              	.LFE66:
 235              		.size	precharge_complete, .-precharge_complete
 236              		.section	.text.add_status,"ax",%progbits
 237              		.align	2
 238              		.global	add_status
 239              		.thumb
 240              		.thumb_func
 241              		.type	add_status, %function
 242              	add_status:
 243              	.LFB68:
  85:fsm.c         **** 
  86:fsm.c         **** 
  87:fsm.c         **** void update_status(){
  88:fsm.c         ****     pei_status = NORMAL;  //reset
  89:fsm.c         ****       
  90:fsm.c         ****     if(vcu_attached && (loops_since_vcu_message > CAN_TIMEOUT_LOOP_COUNT)) 
  91:fsm.c         ****         add_status(VCU_CHARGER_TIMEOUT);
  92:fsm.c         ****             
  93:fsm.c         ****     if(charger_attached && (loops_since_charger_message > CAN_TIMEOUT_LOOP_COUNT))
  94:fsm.c         ****         add_status(VCU_CHARGER_TIMEOUT);
  95:fsm.c         ****     
ARM GAS  C:\Users\leoja\AppData\Local\Temp\ccWsBS3C.s 			page 7


  96:fsm.c         ****     if(loops_since_mc_message > CAN_TIMEOUT_LOOP_COUNT) add_status(MC_TIMEOUT);
  97:fsm.c         ****     if(mc_post_faults != 0 || mc_run_faults != 0) add_status(MC_FAULT);
  98:fsm.c         ****     if(mc_discharge_state == DISCHARGE_ACTIVE) add_status(MC_DISCHARGING);
  99:fsm.c         ****     if(loops_since_bms_message > CAN_TIMEOUT_LOOP_COUNT) add_status(BMS_TIMEOUT);
 100:fsm.c         ****     if(SD_FINAL_Read() == 0) add_status(SHUTDOWN);     //shutdown circuit open
 101:fsm.c         ****     if((charger_status & 0b1011) != 0) add_status(CHARGER_FAULT); //check charger fault bits
 102:fsm.c         ****     
 103:fsm.c         **** }
 104:fsm.c         **** 
 105:fsm.c         **** void add_status(uint8_t status){
 244              		.loc 1 105 0
 245              		.cfi_startproc
 246              		@ args = 0, pretend = 0, frame = 0
 247              		@ frame_needed = 0, uses_anonymous_args = 0
 248              		@ link register save eliminated.
 249              	.LVL7:
 106:fsm.c         ****     pei_status |= status;
 250              		.loc 1 106 0
 251 0000 024A     		ldr	r2, .L27
 252 0002 1378     		ldrb	r3, [r2]	@ zero_extendqisi2
 253 0004 1843     		orrs	r0, r0, r3
 254              	.LVL8:
 255 0006 1070     		strb	r0, [r2]
 256 0008 7047     		bx	lr
 257              	.L28:
 258 000a 00BF     		.align	2
 259              	.L27:
 260 000c 00000000 		.word	pei_status
 261              		.cfi_endproc
 262              	.LFE68:
 263              		.size	add_status, .-add_status
 264              		.section	.text.update_status,"ax",%progbits
 265              		.align	2
 266              		.global	update_status
 267              		.thumb
 268              		.thumb_func
 269              		.type	update_status, %function
 270              	update_status:
 271              	.LFB67:
  87:fsm.c         ****     pei_status = NORMAL;  //reset
 272              		.loc 1 87 0
 273              		.cfi_startproc
 274              		@ args = 0, pretend = 0, frame = 0
 275              		@ frame_needed = 0, uses_anonymous_args = 0
 276 0000 08B5     		push	{r3, lr}
 277              		.cfi_def_cfa_offset 8
 278              		.cfi_offset 3, -8
 279              		.cfi_offset 14, -4
  88:fsm.c         ****       
 280              		.loc 1 88 0
 281 0002 0022     		movs	r2, #0
 282 0004 214B     		ldr	r3, .L40
 283 0006 1A70     		strb	r2, [r3]
  90:fsm.c         ****         add_status(VCU_CHARGER_TIMEOUT);
 284              		.loc 1 90 0
 285 0008 214B     		ldr	r3, .L40+4
 286 000a 1B78     		ldrb	r3, [r3]	@ zero_extendqisi2
ARM GAS  C:\Users\leoja\AppData\Local\Temp\ccWsBS3C.s 			page 8


 287 000c 33B1     		cbz	r3, .L30
  90:fsm.c         ****         add_status(VCU_CHARGER_TIMEOUT);
 288              		.loc 1 90 0 is_stmt 0 discriminator 1
 289 000e 214B     		ldr	r3, .L40+8
 290 0010 1B88     		ldrh	r3, [r3]
 291 0012 0A2B     		cmp	r3, #10
 292 0014 02D9     		bls	.L30
  91:fsm.c         ****             
 293              		.loc 1 91 0 is_stmt 1
 294 0016 0220     		movs	r0, #2
 295 0018 FFF7FEFF 		bl	add_status
 296              	.LVL9:
 297              	.L30:
  93:fsm.c         ****         add_status(VCU_CHARGER_TIMEOUT);
 298              		.loc 1 93 0
 299 001c 1E4B     		ldr	r3, .L40+12
 300 001e 1B78     		ldrb	r3, [r3]	@ zero_extendqisi2
 301 0020 33B1     		cbz	r3, .L31
  93:fsm.c         ****         add_status(VCU_CHARGER_TIMEOUT);
 302              		.loc 1 93 0 is_stmt 0 discriminator 1
 303 0022 1E4B     		ldr	r3, .L40+16
 304 0024 1B88     		ldrh	r3, [r3]
 305 0026 0A2B     		cmp	r3, #10
 306 0028 02D9     		bls	.L31
  94:fsm.c         ****     
 307              		.loc 1 94 0 is_stmt 1
 308 002a 0220     		movs	r0, #2
 309 002c FFF7FEFF 		bl	add_status
 310              	.LVL10:
 311              	.L31:
  96:fsm.c         ****     if(mc_post_faults != 0 || mc_run_faults != 0) add_status(MC_FAULT);
 312              		.loc 1 96 0
 313 0030 1B4B     		ldr	r3, .L40+20
 314 0032 1B88     		ldrh	r3, [r3]
 315 0034 0A2B     		cmp	r3, #10
 316 0036 02D9     		bls	.L32
  96:fsm.c         ****     if(mc_post_faults != 0 || mc_run_faults != 0) add_status(MC_FAULT);
 317              		.loc 1 96 0 is_stmt 0 discriminator 1
 318 0038 0820     		movs	r0, #8
 319 003a FFF7FEFF 		bl	add_status
 320              	.LVL11:
 321              	.L32:
  97:fsm.c         ****     if(mc_discharge_state == DISCHARGE_ACTIVE) add_status(MC_DISCHARGING);
 322              		.loc 1 97 0 is_stmt 1
 323 003e 194B     		ldr	r3, .L40+24
 324 0040 1B88     		ldrh	r3, [r3]
 325 0042 13B9     		cbnz	r3, .L33
  97:fsm.c         ****     if(mc_discharge_state == DISCHARGE_ACTIVE) add_status(MC_DISCHARGING);
 326              		.loc 1 97 0 is_stmt 0 discriminator 2
 327 0044 184B     		ldr	r3, .L40+28
 328 0046 1B88     		ldrh	r3, [r3]
 329 0048 13B1     		cbz	r3, .L34
 330              	.L33:
  97:fsm.c         ****     if(mc_discharge_state == DISCHARGE_ACTIVE) add_status(MC_DISCHARGING);
 331              		.loc 1 97 0 discriminator 3
 332 004a 1020     		movs	r0, #16
 333 004c FFF7FEFF 		bl	add_status
ARM GAS  C:\Users\leoja\AppData\Local\Temp\ccWsBS3C.s 			page 9


 334              	.LVL12:
 335              	.L34:
  98:fsm.c         ****     if(loops_since_bms_message > CAN_TIMEOUT_LOOP_COUNT) add_status(BMS_TIMEOUT);
 336              		.loc 1 98 0 is_stmt 1
 337 0050 164B     		ldr	r3, .L40+32
 338 0052 1B78     		ldrb	r3, [r3]	@ zero_extendqisi2
 339 0054 032B     		cmp	r3, #3
 340 0056 02D1     		bne	.L35
  98:fsm.c         ****     if(loops_since_bms_message > CAN_TIMEOUT_LOOP_COUNT) add_status(BMS_TIMEOUT);
 341              		.loc 1 98 0 is_stmt 0 discriminator 1
 342 0058 4020     		movs	r0, #64
 343 005a FFF7FEFF 		bl	add_status
 344              	.LVL13:
 345              	.L35:
  99:fsm.c         ****     if(SD_FINAL_Read() == 0) add_status(SHUTDOWN);     //shutdown circuit open
 346              		.loc 1 99 0 is_stmt 1
 347 005e 144B     		ldr	r3, .L40+36
 348 0060 1B88     		ldrh	r3, [r3]
 349 0062 0A2B     		cmp	r3, #10
 350 0064 02D9     		bls	.L36
  99:fsm.c         ****     if(SD_FINAL_Read() == 0) add_status(SHUTDOWN);     //shutdown circuit open
 351              		.loc 1 99 0 is_stmt 0 discriminator 1
 352 0066 0120     		movs	r0, #1
 353 0068 FFF7FEFF 		bl	add_status
 354              	.LVL14:
 355              	.L36:
 100:fsm.c         ****     if((charger_status & 0b1011) != 0) add_status(CHARGER_FAULT); //check charger fault bits
 356              		.loc 1 100 0 is_stmt 1
 357 006c FFF7FEFF 		bl	SD_FINAL_Read
 358              	.LVL15:
 359 0070 10B9     		cbnz	r0, .L37
 100:fsm.c         ****     if((charger_status & 0b1011) != 0) add_status(CHARGER_FAULT); //check charger fault bits
 360              		.loc 1 100 0 is_stmt 0 discriminator 1
 361 0072 2020     		movs	r0, #32
 362 0074 FFF7FEFF 		bl	add_status
 363              	.LVL16:
 364              	.L37:
 101:fsm.c         ****     
 365              		.loc 1 101 0 is_stmt 1
 366 0078 0E4B     		ldr	r3, .L40+40
 367 007a 1B78     		ldrb	r3, [r3]	@ zero_extendqisi2
 368 007c 13F00B0F 		tst	r3, #11
 369 0080 02D0     		beq	.L29
 101:fsm.c         ****     
 370              		.loc 1 101 0 is_stmt 0 discriminator 1
 371 0082 8020     		movs	r0, #128
 372 0084 FFF7FEFF 		bl	add_status
 373              	.LVL17:
 374              	.L29:
 375 0088 08BD     		pop	{r3, pc}
 376              	.L41:
 377 008a 00BF     		.align	2
 378              	.L40:
 379 008c 00000000 		.word	pei_status
 380 0090 00000000 		.word	vcu_attached
 381 0094 00000000 		.word	loops_since_vcu_message
 382 0098 00000000 		.word	charger_attached
ARM GAS  C:\Users\leoja\AppData\Local\Temp\ccWsBS3C.s 			page 10


 383 009c 00000000 		.word	loops_since_charger_message
 384 00a0 00000000 		.word	loops_since_mc_message
 385 00a4 00000000 		.word	mc_post_faults
 386 00a8 00000000 		.word	mc_run_faults
 387 00ac 00000000 		.word	mc_discharge_state
 388 00b0 00000000 		.word	loops_since_bms_message
 389 00b4 00000000 		.word	charger_status
 390              		.cfi_endproc
 391              	.LFE67:
 392              		.size	update_status, .-update_status
 393              		.text
 394              	.Letext0:
 395              		.file 2 "c:\\program files (x86)\\cypress\\psoc creator\\4.4\\psoc creator\\import\\gnu\\arm\\5.4.
 396              		.file 3 "c:\\program files (x86)\\cypress\\psoc creator\\4.4\\psoc creator\\import\\gnu\\arm\\5.4.
 397              		.file 4 "fsm.h"
 398              		.file 5 "Generated_Source\\PSoC5/core_cm3.h"
 399              		.file 6 "Generated_Source\\PSoC5/GPIO1_ESD.h"
 400              		.file 7 "Generated_Source\\PSoC5/SD_FINAL.h"
 401              		.section	.debug_info,"",%progbits
 402              	.Ldebug_info0:
 403 0000 74030000 		.4byte	0x374
 404 0004 0400     		.2byte	0x4
 405 0006 00000000 		.4byte	.Ldebug_abbrev0
 406 000a 04       		.byte	0x4
 407 000b 01       		.uleb128 0x1
 408 000c 9D030000 		.4byte	.LASF60
 409 0010 0C       		.byte	0xc
 410 0011 E9020000 		.4byte	.LASF61
 411 0015 08020000 		.4byte	.LASF62
 412 0019 00000000 		.4byte	.Ldebug_ranges0+0
 413 001d 00000000 		.4byte	0
 414 0021 00000000 		.4byte	.Ldebug_line0
 415 0025 02       		.uleb128 0x2
 416 0026 01       		.byte	0x1
 417 0027 06       		.byte	0x6
 418 0028 33000000 		.4byte	.LASF0
 419 002c 03       		.uleb128 0x3
 420 002d 85010000 		.4byte	.LASF2
 421 0031 02       		.byte	0x2
 422 0032 1D       		.byte	0x1d
 423 0033 37000000 		.4byte	0x37
 424 0037 02       		.uleb128 0x2
 425 0038 01       		.byte	0x1
 426 0039 08       		.byte	0x8
 427 003a A7010000 		.4byte	.LASF1
 428 003e 03       		.uleb128 0x3
 429 003f 44030000 		.4byte	.LASF3
 430 0043 02       		.byte	0x2
 431 0044 29       		.byte	0x29
 432 0045 49000000 		.4byte	0x49
 433 0049 02       		.uleb128 0x2
 434 004a 02       		.byte	0x2
 435 004b 05       		.byte	0x5
 436 004c A0000000 		.4byte	.LASF4
 437 0050 03       		.uleb128 0x3
 438 0051 95000000 		.4byte	.LASF5
 439 0055 02       		.byte	0x2
ARM GAS  C:\Users\leoja\AppData\Local\Temp\ccWsBS3C.s 			page 11


 440 0056 2B       		.byte	0x2b
 441 0057 5B000000 		.4byte	0x5b
 442 005b 02       		.uleb128 0x2
 443 005c 02       		.byte	0x2
 444 005d 07       		.byte	0x7
 445 005e B4020000 		.4byte	.LASF6
 446 0062 03       		.uleb128 0x3
 447 0063 3A030000 		.4byte	.LASF7
 448 0067 02       		.byte	0x2
 449 0068 3F       		.byte	0x3f
 450 0069 6D000000 		.4byte	0x6d
 451 006d 02       		.uleb128 0x2
 452 006e 04       		.byte	0x4
 453 006f 05       		.byte	0x5
 454 0070 7C010000 		.4byte	.LASF8
 455 0074 02       		.uleb128 0x2
 456 0075 04       		.byte	0x4
 457 0076 07       		.byte	0x7
 458 0077 91020000 		.4byte	.LASF9
 459 007b 02       		.uleb128 0x2
 460 007c 08       		.byte	0x8
 461 007d 05       		.byte	0x5
 462 007e 31010000 		.4byte	.LASF10
 463 0082 02       		.uleb128 0x2
 464 0083 08       		.byte	0x8
 465 0084 07       		.byte	0x7
 466 0085 64020000 		.4byte	.LASF11
 467 0089 04       		.uleb128 0x4
 468 008a 04       		.byte	0x4
 469 008b 05       		.byte	0x5
 470 008c 696E7400 		.ascii	"int\000"
 471 0090 02       		.uleb128 0x2
 472 0091 04       		.byte	0x4
 473 0092 07       		.byte	0x7
 474 0093 7B020000 		.4byte	.LASF12
 475 0097 03       		.uleb128 0x3
 476 0098 C8000000 		.4byte	.LASF13
 477 009c 03       		.byte	0x3
 478 009d 18       		.byte	0x18
 479 009e 2C000000 		.4byte	0x2c
 480 00a2 03       		.uleb128 0x3
 481 00a3 EF020000 		.4byte	.LASF14
 482 00a7 03       		.byte	0x3
 483 00a8 20       		.byte	0x20
 484 00a9 3E000000 		.4byte	0x3e
 485 00ad 03       		.uleb128 0x3
 486 00ae 88020000 		.4byte	.LASF15
 487 00b2 03       		.byte	0x3
 488 00b3 24       		.byte	0x24
 489 00b4 50000000 		.4byte	0x50
 490 00b8 03       		.uleb128 0x3
 491 00b9 E1020000 		.4byte	.LASF16
 492 00bd 03       		.byte	0x3
 493 00be 2C       		.byte	0x2c
 494 00bf 62000000 		.4byte	0x62
 495 00c3 02       		.uleb128 0x2
 496 00c4 04       		.byte	0x4
ARM GAS  C:\Users\leoja\AppData\Local\Temp\ccWsBS3C.s 			page 12


 497 00c5 04       		.byte	0x4
 498 00c6 0A010000 		.4byte	.LASF17
 499 00ca 02       		.uleb128 0x2
 500 00cb 08       		.byte	0x8
 501 00cc 04       		.byte	0x4
 502 00cd 33030000 		.4byte	.LASF18
 503 00d1 02       		.uleb128 0x2
 504 00d2 01       		.byte	0x1
 505 00d3 08       		.byte	0x8
 506 00d4 3F000000 		.4byte	.LASF19
 507 00d8 02       		.uleb128 0x2
 508 00d9 08       		.byte	0x8
 509 00da 04       		.byte	0x4
 510 00db C8010000 		.4byte	.LASF20
 511 00df 02       		.uleb128 0x2
 512 00e0 04       		.byte	0x4
 513 00e1 07       		.byte	0x7
 514 00e2 6E000000 		.4byte	.LASF21
 515 00e6 05       		.uleb128 0x5
 516 00e7 01       		.byte	0x1
 517 00e8 37000000 		.4byte	0x37
 518 00ec 04       		.byte	0x4
 519 00ed 22       		.byte	0x22
 520 00ee 2F010000 		.4byte	0x12f
 521 00f2 06       		.uleb128 0x6
 522 00f3 9D010000 		.4byte	.LASF22
 523 00f7 00       		.byte	0
 524 00f8 06       		.uleb128 0x6
 525 00f9 D0000000 		.4byte	.LASF23
 526 00fd 01       		.byte	0x1
 527 00fe 06       		.uleb128 0x6
 528 00ff A3020000 		.4byte	.LASF24
 529 0103 02       		.byte	0x2
 530 0104 06       		.uleb128 0x6
 531 0105 B5010000 		.4byte	.LASF25
 532 0109 03       		.byte	0x3
 533 010a 06       		.uleb128 0x6
 534 010b 73030000 		.4byte	.LASF26
 535 010f 04       		.byte	0x4
 536 0110 06       		.uleb128 0x6
 537 0111 E6010000 		.4byte	.LASF27
 538 0115 05       		.byte	0x5
 539 0116 06       		.uleb128 0x6
 540 0117 05030000 		.4byte	.LASF28
 541 011b 06       		.byte	0x6
 542 011c 06       		.uleb128 0x6
 543 011d F9000000 		.4byte	.LASF29
 544 0121 07       		.byte	0x7
 545 0122 06       		.uleb128 0x6
 546 0123 7C030000 		.4byte	.LASF30
 547 0127 0E       		.byte	0xe
 548 0128 06       		.uleb128 0x6
 549 0129 F7020000 		.4byte	.LASF31
 550 012d 0F       		.byte	0xf
 551 012e 00       		.byte	0
 552 012f 05       		.uleb128 0x5
 553 0130 01       		.byte	0x1
ARM GAS  C:\Users\leoja\AppData\Local\Temp\ccWsBS3C.s 			page 13


 554 0131 37000000 		.4byte	0x37
 555 0135 04       		.byte	0x4
 556 0136 2F       		.byte	0x2f
 557 0137 5A010000 		.4byte	0x15a
 558 013b 06       		.uleb128 0x6
 559 013c 10010000 		.4byte	.LASF32
 560 0140 00       		.byte	0
 561 0141 06       		.uleb128 0x6
 562 0142 D4010000 		.4byte	.LASF33
 563 0146 01       		.byte	0x1
 564 0147 06       		.uleb128 0x6
 565 0148 27000000 		.4byte	.LASF34
 566 014c 02       		.byte	0x2
 567 014d 06       		.uleb128 0x6
 568 014e 84000000 		.4byte	.LASF35
 569 0152 03       		.byte	0x3
 570 0153 06       		.uleb128 0x6
 571 0154 2B040000 		.4byte	.LASF36
 572 0158 04       		.byte	0x4
 573 0159 00       		.byte	0
 574 015a 07       		.uleb128 0x7
 575 015b 3E040000 		.4byte	.LASF39
 576 015f 01       		.byte	0x1
 577 0160 2F       		.byte	0x2f
 578 0161 97000000 		.4byte	0x97
 579 0165 00000000 		.4byte	.LFB63
 580 0169 28000000 		.4byte	.LFE63-.LFB63
 581 016d 01       		.uleb128 0x1
 582 016e 9C       		.byte	0x9c
 583 016f 7D010000 		.4byte	0x17d
 584 0173 08       		.uleb128 0x8
 585 0174 18000000 		.4byte	.LVL0
 586 0178 61030000 		.4byte	0x361
 587 017c 00       		.byte	0
 588 017d 09       		.uleb128 0x9
 589 017e 0D000000 		.4byte	.LASF37
 590 0182 01       		.byte	0x1
 591 0183 36       		.byte	0x36
 592 0184 97000000 		.4byte	0x97
 593 0188 00000000 		.4byte	.LFB64
 594 018c 70000000 		.4byte	.LFE64-.LFB64
 595 0190 01       		.uleb128 0x1
 596 0191 9C       		.byte	0x9c
 597 0192 09       		.uleb128 0x9
 598 0193 B8000000 		.4byte	.LASF38
 599 0197 01       		.byte	0x1
 600 0198 4B       		.byte	0x4b
 601 0199 97000000 		.4byte	0x97
 602 019d 00000000 		.4byte	.LFB65
 603 01a1 18000000 		.4byte	.LFE65-.LFB65
 604 01a5 01       		.uleb128 0x1
 605 01a6 9C       		.byte	0x9c
 606 01a7 0A       		.uleb128 0xa
 607 01a8 CE020000 		.4byte	.LASF40
 608 01ac 01       		.byte	0x1
 609 01ad 51       		.byte	0x51
 610 01ae 97000000 		.4byte	0x97
ARM GAS  C:\Users\leoja\AppData\Local\Temp\ccWsBS3C.s 			page 14


 611 01b2 00000000 		.4byte	.LFB66
 612 01b6 40000000 		.4byte	.LFE66-.LFB66
 613 01ba 01       		.uleb128 0x1
 614 01bb 9C       		.byte	0x9c
 615 01bc D0010000 		.4byte	0x1d0
 616 01c0 0B       		.uleb128 0xb
 617 01c1 56010000 		.4byte	.LASF63
 618 01c5 01       		.byte	0x1
 619 01c6 52       		.byte	0x52
 620 01c7 AD000000 		.4byte	0xad
 621 01cb 00000000 		.4byte	.LLST0
 622 01cf 00       		.byte	0
 623 01d0 0C       		.uleb128 0xc
 624 01d1 49040000 		.4byte	.LASF41
 625 01d5 01       		.byte	0x1
 626 01d6 69       		.byte	0x69
 627 01d7 00000000 		.4byte	.LFB68
 628 01db 10000000 		.4byte	.LFE68-.LFB68
 629 01df 01       		.uleb128 0x1
 630 01e0 9C       		.byte	0x9c
 631 01e1 F5010000 		.4byte	0x1f5
 632 01e5 0D       		.uleb128 0xd
 633 01e6 C7020000 		.4byte	.LASF64
 634 01ea 01       		.byte	0x1
 635 01eb 69       		.byte	0x69
 636 01ec 97000000 		.4byte	0x97
 637 01f0 13000000 		.4byte	.LLST1
 638 01f4 00       		.byte	0
 639 01f5 0E       		.uleb128 0xe
 640 01f6 AA000000 		.4byte	.LASF65
 641 01fa 01       		.byte	0x1
 642 01fb 57       		.byte	0x57
 643 01fc 00000000 		.4byte	.LFB67
 644 0200 B8000000 		.4byte	.LFE67-.LFB67
 645 0204 01       		.uleb128 0x1
 646 0205 9C       		.byte	0x9c
 647 0206 AB020000 		.4byte	0x2ab
 648 020a 0F       		.uleb128 0xf
 649 020b 1C000000 		.4byte	.LVL9
 650 020f D0010000 		.4byte	0x1d0
 651 0213 1D020000 		.4byte	0x21d
 652 0217 10       		.uleb128 0x10
 653 0218 01       		.uleb128 0x1
 654 0219 50       		.byte	0x50
 655 021a 01       		.uleb128 0x1
 656 021b 32       		.byte	0x32
 657 021c 00       		.byte	0
 658 021d 0F       		.uleb128 0xf
 659 021e 30000000 		.4byte	.LVL10
 660 0222 D0010000 		.4byte	0x1d0
 661 0226 30020000 		.4byte	0x230
 662 022a 10       		.uleb128 0x10
 663 022b 01       		.uleb128 0x1
 664 022c 50       		.byte	0x50
 665 022d 01       		.uleb128 0x1
 666 022e 32       		.byte	0x32
 667 022f 00       		.byte	0
ARM GAS  C:\Users\leoja\AppData\Local\Temp\ccWsBS3C.s 			page 15


 668 0230 0F       		.uleb128 0xf
 669 0231 3E000000 		.4byte	.LVL11
 670 0235 D0010000 		.4byte	0x1d0
 671 0239 43020000 		.4byte	0x243
 672 023d 10       		.uleb128 0x10
 673 023e 01       		.uleb128 0x1
 674 023f 50       		.byte	0x50
 675 0240 01       		.uleb128 0x1
 676 0241 38       		.byte	0x38
 677 0242 00       		.byte	0
 678 0243 0F       		.uleb128 0xf
 679 0244 50000000 		.4byte	.LVL12
 680 0248 D0010000 		.4byte	0x1d0
 681 024c 56020000 		.4byte	0x256
 682 0250 10       		.uleb128 0x10
 683 0251 01       		.uleb128 0x1
 684 0252 50       		.byte	0x50
 685 0253 01       		.uleb128 0x1
 686 0254 40       		.byte	0x40
 687 0255 00       		.byte	0
 688 0256 0F       		.uleb128 0xf
 689 0257 5E000000 		.4byte	.LVL13
 690 025b D0010000 		.4byte	0x1d0
 691 025f 6A020000 		.4byte	0x26a
 692 0263 10       		.uleb128 0x10
 693 0264 01       		.uleb128 0x1
 694 0265 50       		.byte	0x50
 695 0266 02       		.uleb128 0x2
 696 0267 08       		.byte	0x8
 697 0268 40       		.byte	0x40
 698 0269 00       		.byte	0
 699 026a 0F       		.uleb128 0xf
 700 026b 6C000000 		.4byte	.LVL14
 701 026f D0010000 		.4byte	0x1d0
 702 0273 7D020000 		.4byte	0x27d
 703 0277 10       		.uleb128 0x10
 704 0278 01       		.uleb128 0x1
 705 0279 50       		.byte	0x50
 706 027a 01       		.uleb128 0x1
 707 027b 31       		.byte	0x31
 708 027c 00       		.byte	0
 709 027d 08       		.uleb128 0x8
 710 027e 70000000 		.4byte	.LVL15
 711 0282 6C030000 		.4byte	0x36c
 712 0286 0F       		.uleb128 0xf
 713 0287 78000000 		.4byte	.LVL16
 714 028b D0010000 		.4byte	0x1d0
 715 028f 9A020000 		.4byte	0x29a
 716 0293 10       		.uleb128 0x10
 717 0294 01       		.uleb128 0x1
 718 0295 50       		.byte	0x50
 719 0296 02       		.uleb128 0x2
 720 0297 08       		.byte	0x8
 721 0298 20       		.byte	0x20
 722 0299 00       		.byte	0
 723 029a 11       		.uleb128 0x11
 724 029b 88000000 		.4byte	.LVL17
ARM GAS  C:\Users\leoja\AppData\Local\Temp\ccWsBS3C.s 			page 16


 725 029f D0010000 		.4byte	0x1d0
 726 02a3 10       		.uleb128 0x10
 727 02a4 01       		.uleb128 0x1
 728 02a5 50       		.byte	0x50
 729 02a6 02       		.uleb128 0x2
 730 02a7 09       		.byte	0x9
 731 02a8 80       		.byte	0x80
 732 02a9 00       		.byte	0
 733 02aa 00       		.byte	0
 734 02ab 12       		.uleb128 0x12
 735 02ac 90030000 		.4byte	.LASF42
 736 02b0 05       		.byte	0x5
 737 02b1 1207     		.2byte	0x712
 738 02b3 B7020000 		.4byte	0x2b7
 739 02b7 13       		.uleb128 0x13
 740 02b8 B8000000 		.4byte	0xb8
 741 02bc 14       		.uleb128 0x14
 742 02bd EE000000 		.4byte	.LASF43
 743 02c1 01       		.byte	0x1
 744 02c2 0F       		.byte	0xf
 745 02c3 97000000 		.4byte	0x97
 746 02c7 14       		.uleb128 0x14
 747 02c8 62000000 		.4byte	.LASF44
 748 02cc 01       		.byte	0x1
 749 02cd 15       		.byte	0x15
 750 02ce AD000000 		.4byte	0xad
 751 02d2 14       		.uleb128 0x14
 752 02d3 44000000 		.4byte	.LASF45
 753 02d7 01       		.byte	0x1
 754 02d8 18       		.byte	0x18
 755 02d9 A2000000 		.4byte	0xa2
 756 02dd 14       		.uleb128 0x14
 757 02de 66030000 		.4byte	.LASF46
 758 02e2 01       		.byte	0x1
 759 02e3 19       		.byte	0x19
 760 02e4 97000000 		.4byte	0x97
 761 02e8 14       		.uleb128 0x14
 762 02e9 4F000000 		.4byte	.LASF47
 763 02ed 01       		.byte	0x1
 764 02ee 1A       		.byte	0x1a
 765 02ef 97000000 		.4byte	0x97
 766 02f3 14       		.uleb128 0x14
 767 02f4 24030000 		.4byte	.LASF48
 768 02f8 01       		.byte	0x1
 769 02f9 1B       		.byte	0x1b
 770 02fa AD000000 		.4byte	0xad
 771 02fe 14       		.uleb128 0x14
 772 02ff 23010000 		.4byte	.LASF49
 773 0303 01       		.byte	0x1
 774 0304 1C       		.byte	0x1c
 775 0305 AD000000 		.4byte	0xad
 776 0309 14       		.uleb128 0x14
 777 030a 00000000 		.4byte	.LASF50
 778 030e 01       		.byte	0x1
 779 030f 1F       		.byte	0x1f
 780 0310 97000000 		.4byte	0x97
 781 0314 14       		.uleb128 0x14
ARM GAS  C:\Users\leoja\AppData\Local\Temp\ccWsBS3C.s 			page 17


 782 0315 77000000 		.4byte	.LASF51
 783 0319 01       		.byte	0x1
 784 031a 21       		.byte	0x21
 785 031b 97000000 		.4byte	0x97
 786 031f 14       		.uleb128 0x14
 787 0320 13030000 		.4byte	.LASF52
 788 0324 01       		.byte	0x1
 789 0325 24       		.byte	0x24
 790 0326 97000000 		.4byte	0x97
 791 032a 14       		.uleb128 0x14
 792 032b DF000000 		.4byte	.LASF53
 793 032f 01       		.byte	0x1
 794 0330 25       		.byte	0x25
 795 0331 97000000 		.4byte	0x97
 796 0335 14       		.uleb128 0x14
 797 0336 F0010000 		.4byte	.LASF54
 798 033a 01       		.byte	0x1
 799 033b 28       		.byte	0x28
 800 033c AD000000 		.4byte	0xad
 801 0340 14       		.uleb128 0x14
 802 0341 4E030000 		.4byte	.LASF55
 803 0345 01       		.byte	0x1
 804 0346 29       		.byte	0x29
 805 0347 AD000000 		.4byte	0xad
 806 034b 14       		.uleb128 0x14
 807 034c 3F010000 		.4byte	.LASF56
 808 0350 01       		.byte	0x1
 809 0351 2A       		.byte	0x2a
 810 0352 AD000000 		.4byte	0xad
 811 0356 14       		.uleb128 0x14
 812 0357 60010000 		.4byte	.LASF57
 813 035b 01       		.byte	0x1
 814 035c 2B       		.byte	0x2b
 815 035d AD000000 		.4byte	0xad
 816 0361 15       		.uleb128 0x15
 817 0362 18000000 		.4byte	.LASF58
 818 0366 18000000 		.4byte	.LASF58
 819 036a 06       		.byte	0x6
 820 036b 29       		.byte	0x29
 821 036c 15       		.uleb128 0x15
 822 036d 8F010000 		.4byte	.LASF59
 823 0371 8F010000 		.4byte	.LASF59
 824 0375 07       		.byte	0x7
 825 0376 29       		.byte	0x29
 826 0377 00       		.byte	0
 827              		.section	.debug_abbrev,"",%progbits
 828              	.Ldebug_abbrev0:
 829 0000 01       		.uleb128 0x1
 830 0001 11       		.uleb128 0x11
 831 0002 01       		.byte	0x1
 832 0003 25       		.uleb128 0x25
 833 0004 0E       		.uleb128 0xe
 834 0005 13       		.uleb128 0x13
 835 0006 0B       		.uleb128 0xb
 836 0007 03       		.uleb128 0x3
 837 0008 0E       		.uleb128 0xe
 838 0009 1B       		.uleb128 0x1b
ARM GAS  C:\Users\leoja\AppData\Local\Temp\ccWsBS3C.s 			page 18


 839 000a 0E       		.uleb128 0xe
 840 000b 55       		.uleb128 0x55
 841 000c 17       		.uleb128 0x17
 842 000d 11       		.uleb128 0x11
 843 000e 01       		.uleb128 0x1
 844 000f 10       		.uleb128 0x10
 845 0010 17       		.uleb128 0x17
 846 0011 00       		.byte	0
 847 0012 00       		.byte	0
 848 0013 02       		.uleb128 0x2
 849 0014 24       		.uleb128 0x24
 850 0015 00       		.byte	0
 851 0016 0B       		.uleb128 0xb
 852 0017 0B       		.uleb128 0xb
 853 0018 3E       		.uleb128 0x3e
 854 0019 0B       		.uleb128 0xb
 855 001a 03       		.uleb128 0x3
 856 001b 0E       		.uleb128 0xe
 857 001c 00       		.byte	0
 858 001d 00       		.byte	0
 859 001e 03       		.uleb128 0x3
 860 001f 16       		.uleb128 0x16
 861 0020 00       		.byte	0
 862 0021 03       		.uleb128 0x3
 863 0022 0E       		.uleb128 0xe
 864 0023 3A       		.uleb128 0x3a
 865 0024 0B       		.uleb128 0xb
 866 0025 3B       		.uleb128 0x3b
 867 0026 0B       		.uleb128 0xb
 868 0027 49       		.uleb128 0x49
 869 0028 13       		.uleb128 0x13
 870 0029 00       		.byte	0
 871 002a 00       		.byte	0
 872 002b 04       		.uleb128 0x4
 873 002c 24       		.uleb128 0x24
 874 002d 00       		.byte	0
 875 002e 0B       		.uleb128 0xb
 876 002f 0B       		.uleb128 0xb
 877 0030 3E       		.uleb128 0x3e
 878 0031 0B       		.uleb128 0xb
 879 0032 03       		.uleb128 0x3
 880 0033 08       		.uleb128 0x8
 881 0034 00       		.byte	0
 882 0035 00       		.byte	0
 883 0036 05       		.uleb128 0x5
 884 0037 04       		.uleb128 0x4
 885 0038 01       		.byte	0x1
 886 0039 0B       		.uleb128 0xb
 887 003a 0B       		.uleb128 0xb
 888 003b 49       		.uleb128 0x49
 889 003c 13       		.uleb128 0x13
 890 003d 3A       		.uleb128 0x3a
 891 003e 0B       		.uleb128 0xb
 892 003f 3B       		.uleb128 0x3b
 893 0040 0B       		.uleb128 0xb
 894 0041 01       		.uleb128 0x1
 895 0042 13       		.uleb128 0x13
ARM GAS  C:\Users\leoja\AppData\Local\Temp\ccWsBS3C.s 			page 19


 896 0043 00       		.byte	0
 897 0044 00       		.byte	0
 898 0045 06       		.uleb128 0x6
 899 0046 28       		.uleb128 0x28
 900 0047 00       		.byte	0
 901 0048 03       		.uleb128 0x3
 902 0049 0E       		.uleb128 0xe
 903 004a 1C       		.uleb128 0x1c
 904 004b 0B       		.uleb128 0xb
 905 004c 00       		.byte	0
 906 004d 00       		.byte	0
 907 004e 07       		.uleb128 0x7
 908 004f 2E       		.uleb128 0x2e
 909 0050 01       		.byte	0x1
 910 0051 3F       		.uleb128 0x3f
 911 0052 19       		.uleb128 0x19
 912 0053 03       		.uleb128 0x3
 913 0054 0E       		.uleb128 0xe
 914 0055 3A       		.uleb128 0x3a
 915 0056 0B       		.uleb128 0xb
 916 0057 3B       		.uleb128 0x3b
 917 0058 0B       		.uleb128 0xb
 918 0059 49       		.uleb128 0x49
 919 005a 13       		.uleb128 0x13
 920 005b 11       		.uleb128 0x11
 921 005c 01       		.uleb128 0x1
 922 005d 12       		.uleb128 0x12
 923 005e 06       		.uleb128 0x6
 924 005f 40       		.uleb128 0x40
 925 0060 18       		.uleb128 0x18
 926 0061 9742     		.uleb128 0x2117
 927 0063 19       		.uleb128 0x19
 928 0064 01       		.uleb128 0x1
 929 0065 13       		.uleb128 0x13
 930 0066 00       		.byte	0
 931 0067 00       		.byte	0
 932 0068 08       		.uleb128 0x8
 933 0069 898201   		.uleb128 0x4109
 934 006c 00       		.byte	0
 935 006d 11       		.uleb128 0x11
 936 006e 01       		.uleb128 0x1
 937 006f 31       		.uleb128 0x31
 938 0070 13       		.uleb128 0x13
 939 0071 00       		.byte	0
 940 0072 00       		.byte	0
 941 0073 09       		.uleb128 0x9
 942 0074 2E       		.uleb128 0x2e
 943 0075 00       		.byte	0
 944 0076 3F       		.uleb128 0x3f
 945 0077 19       		.uleb128 0x19
 946 0078 03       		.uleb128 0x3
 947 0079 0E       		.uleb128 0xe
 948 007a 3A       		.uleb128 0x3a
 949 007b 0B       		.uleb128 0xb
 950 007c 3B       		.uleb128 0x3b
 951 007d 0B       		.uleb128 0xb
 952 007e 49       		.uleb128 0x49
ARM GAS  C:\Users\leoja\AppData\Local\Temp\ccWsBS3C.s 			page 20


 953 007f 13       		.uleb128 0x13
 954 0080 11       		.uleb128 0x11
 955 0081 01       		.uleb128 0x1
 956 0082 12       		.uleb128 0x12
 957 0083 06       		.uleb128 0x6
 958 0084 40       		.uleb128 0x40
 959 0085 18       		.uleb128 0x18
 960 0086 9742     		.uleb128 0x2117
 961 0088 19       		.uleb128 0x19
 962 0089 00       		.byte	0
 963 008a 00       		.byte	0
 964 008b 0A       		.uleb128 0xa
 965 008c 2E       		.uleb128 0x2e
 966 008d 01       		.byte	0x1
 967 008e 3F       		.uleb128 0x3f
 968 008f 19       		.uleb128 0x19
 969 0090 03       		.uleb128 0x3
 970 0091 0E       		.uleb128 0xe
 971 0092 3A       		.uleb128 0x3a
 972 0093 0B       		.uleb128 0xb
 973 0094 3B       		.uleb128 0x3b
 974 0095 0B       		.uleb128 0xb
 975 0096 49       		.uleb128 0x49
 976 0097 13       		.uleb128 0x13
 977 0098 11       		.uleb128 0x11
 978 0099 01       		.uleb128 0x1
 979 009a 12       		.uleb128 0x12
 980 009b 06       		.uleb128 0x6
 981 009c 40       		.uleb128 0x40
 982 009d 18       		.uleb128 0x18
 983 009e 9642     		.uleb128 0x2116
 984 00a0 19       		.uleb128 0x19
 985 00a1 01       		.uleb128 0x1
 986 00a2 13       		.uleb128 0x13
 987 00a3 00       		.byte	0
 988 00a4 00       		.byte	0
 989 00a5 0B       		.uleb128 0xb
 990 00a6 34       		.uleb128 0x34
 991 00a7 00       		.byte	0
 992 00a8 03       		.uleb128 0x3
 993 00a9 0E       		.uleb128 0xe
 994 00aa 3A       		.uleb128 0x3a
 995 00ab 0B       		.uleb128 0xb
 996 00ac 3B       		.uleb128 0x3b
 997 00ad 0B       		.uleb128 0xb
 998 00ae 49       		.uleb128 0x49
 999 00af 13       		.uleb128 0x13
 1000 00b0 02       		.uleb128 0x2
 1001 00b1 17       		.uleb128 0x17
 1002 00b2 00       		.byte	0
 1003 00b3 00       		.byte	0
 1004 00b4 0C       		.uleb128 0xc
 1005 00b5 2E       		.uleb128 0x2e
 1006 00b6 01       		.byte	0x1
 1007 00b7 3F       		.uleb128 0x3f
 1008 00b8 19       		.uleb128 0x19
 1009 00b9 03       		.uleb128 0x3
ARM GAS  C:\Users\leoja\AppData\Local\Temp\ccWsBS3C.s 			page 21


 1010 00ba 0E       		.uleb128 0xe
 1011 00bb 3A       		.uleb128 0x3a
 1012 00bc 0B       		.uleb128 0xb
 1013 00bd 3B       		.uleb128 0x3b
 1014 00be 0B       		.uleb128 0xb
 1015 00bf 27       		.uleb128 0x27
 1016 00c0 19       		.uleb128 0x19
 1017 00c1 11       		.uleb128 0x11
 1018 00c2 01       		.uleb128 0x1
 1019 00c3 12       		.uleb128 0x12
 1020 00c4 06       		.uleb128 0x6
 1021 00c5 40       		.uleb128 0x40
 1022 00c6 18       		.uleb128 0x18
 1023 00c7 9742     		.uleb128 0x2117
 1024 00c9 19       		.uleb128 0x19
 1025 00ca 01       		.uleb128 0x1
 1026 00cb 13       		.uleb128 0x13
 1027 00cc 00       		.byte	0
 1028 00cd 00       		.byte	0
 1029 00ce 0D       		.uleb128 0xd
 1030 00cf 05       		.uleb128 0x5
 1031 00d0 00       		.byte	0
 1032 00d1 03       		.uleb128 0x3
 1033 00d2 0E       		.uleb128 0xe
 1034 00d3 3A       		.uleb128 0x3a
 1035 00d4 0B       		.uleb128 0xb
 1036 00d5 3B       		.uleb128 0x3b
 1037 00d6 0B       		.uleb128 0xb
 1038 00d7 49       		.uleb128 0x49
 1039 00d8 13       		.uleb128 0x13
 1040 00d9 02       		.uleb128 0x2
 1041 00da 17       		.uleb128 0x17
 1042 00db 00       		.byte	0
 1043 00dc 00       		.byte	0
 1044 00dd 0E       		.uleb128 0xe
 1045 00de 2E       		.uleb128 0x2e
 1046 00df 01       		.byte	0x1
 1047 00e0 3F       		.uleb128 0x3f
 1048 00e1 19       		.uleb128 0x19
 1049 00e2 03       		.uleb128 0x3
 1050 00e3 0E       		.uleb128 0xe
 1051 00e4 3A       		.uleb128 0x3a
 1052 00e5 0B       		.uleb128 0xb
 1053 00e6 3B       		.uleb128 0x3b
 1054 00e7 0B       		.uleb128 0xb
 1055 00e8 11       		.uleb128 0x11
 1056 00e9 01       		.uleb128 0x1
 1057 00ea 12       		.uleb128 0x12
 1058 00eb 06       		.uleb128 0x6
 1059 00ec 40       		.uleb128 0x40
 1060 00ed 18       		.uleb128 0x18
 1061 00ee 9742     		.uleb128 0x2117
 1062 00f0 19       		.uleb128 0x19
 1063 00f1 01       		.uleb128 0x1
 1064 00f2 13       		.uleb128 0x13
 1065 00f3 00       		.byte	0
 1066 00f4 00       		.byte	0
ARM GAS  C:\Users\leoja\AppData\Local\Temp\ccWsBS3C.s 			page 22


 1067 00f5 0F       		.uleb128 0xf
 1068 00f6 898201   		.uleb128 0x4109
 1069 00f9 01       		.byte	0x1
 1070 00fa 11       		.uleb128 0x11
 1071 00fb 01       		.uleb128 0x1
 1072 00fc 31       		.uleb128 0x31
 1073 00fd 13       		.uleb128 0x13
 1074 00fe 01       		.uleb128 0x1
 1075 00ff 13       		.uleb128 0x13
 1076 0100 00       		.byte	0
 1077 0101 00       		.byte	0
 1078 0102 10       		.uleb128 0x10
 1079 0103 8A8201   		.uleb128 0x410a
 1080 0106 00       		.byte	0
 1081 0107 02       		.uleb128 0x2
 1082 0108 18       		.uleb128 0x18
 1083 0109 9142     		.uleb128 0x2111
 1084 010b 18       		.uleb128 0x18
 1085 010c 00       		.byte	0
 1086 010d 00       		.byte	0
 1087 010e 11       		.uleb128 0x11
 1088 010f 898201   		.uleb128 0x4109
 1089 0112 01       		.byte	0x1
 1090 0113 11       		.uleb128 0x11
 1091 0114 01       		.uleb128 0x1
 1092 0115 31       		.uleb128 0x31
 1093 0116 13       		.uleb128 0x13
 1094 0117 00       		.byte	0
 1095 0118 00       		.byte	0
 1096 0119 12       		.uleb128 0x12
 1097 011a 34       		.uleb128 0x34
 1098 011b 00       		.byte	0
 1099 011c 03       		.uleb128 0x3
 1100 011d 0E       		.uleb128 0xe
 1101 011e 3A       		.uleb128 0x3a
 1102 011f 0B       		.uleb128 0xb
 1103 0120 3B       		.uleb128 0x3b
 1104 0121 05       		.uleb128 0x5
 1105 0122 49       		.uleb128 0x49
 1106 0123 13       		.uleb128 0x13
 1107 0124 3F       		.uleb128 0x3f
 1108 0125 19       		.uleb128 0x19
 1109 0126 3C       		.uleb128 0x3c
 1110 0127 19       		.uleb128 0x19
 1111 0128 00       		.byte	0
 1112 0129 00       		.byte	0
 1113 012a 13       		.uleb128 0x13
 1114 012b 35       		.uleb128 0x35
 1115 012c 00       		.byte	0
 1116 012d 49       		.uleb128 0x49
 1117 012e 13       		.uleb128 0x13
 1118 012f 00       		.byte	0
 1119 0130 00       		.byte	0
 1120 0131 14       		.uleb128 0x14
 1121 0132 34       		.uleb128 0x34
 1122 0133 00       		.byte	0
 1123 0134 03       		.uleb128 0x3
ARM GAS  C:\Users\leoja\AppData\Local\Temp\ccWsBS3C.s 			page 23


 1124 0135 0E       		.uleb128 0xe
 1125 0136 3A       		.uleb128 0x3a
 1126 0137 0B       		.uleb128 0xb
 1127 0138 3B       		.uleb128 0x3b
 1128 0139 0B       		.uleb128 0xb
 1129 013a 49       		.uleb128 0x49
 1130 013b 13       		.uleb128 0x13
 1131 013c 3F       		.uleb128 0x3f
 1132 013d 19       		.uleb128 0x19
 1133 013e 3C       		.uleb128 0x3c
 1134 013f 19       		.uleb128 0x19
 1135 0140 00       		.byte	0
 1136 0141 00       		.byte	0
 1137 0142 15       		.uleb128 0x15
 1138 0143 2E       		.uleb128 0x2e
 1139 0144 00       		.byte	0
 1140 0145 3F       		.uleb128 0x3f
 1141 0146 19       		.uleb128 0x19
 1142 0147 3C       		.uleb128 0x3c
 1143 0148 19       		.uleb128 0x19
 1144 0149 6E       		.uleb128 0x6e
 1145 014a 0E       		.uleb128 0xe
 1146 014b 03       		.uleb128 0x3
 1147 014c 0E       		.uleb128 0xe
 1148 014d 3A       		.uleb128 0x3a
 1149 014e 0B       		.uleb128 0xb
 1150 014f 3B       		.uleb128 0x3b
 1151 0150 0B       		.uleb128 0xb
 1152 0151 00       		.byte	0
 1153 0152 00       		.byte	0
 1154 0153 00       		.byte	0
 1155              		.section	.debug_loc,"",%progbits
 1156              	.Ldebug_loc0:
 1157              	.LLST0:
 1158 0000 1E000000 		.4byte	.LVL5
 1159 0004 2A000000 		.4byte	.LVL6
 1160 0008 0100     		.2byte	0x1
 1161 000a 50       		.byte	0x50
 1162 000b 00000000 		.4byte	0
 1163 000f 00000000 		.4byte	0
 1164              	.LLST1:
 1165 0013 00000000 		.4byte	.LVL7
 1166 0017 06000000 		.4byte	.LVL8
 1167 001b 0100     		.2byte	0x1
 1168 001d 50       		.byte	0x50
 1169 001e 06000000 		.4byte	.LVL8
 1170 0022 10000000 		.4byte	.LFE68
 1171 0026 0400     		.2byte	0x4
 1172 0028 F3       		.byte	0xf3
 1173 0029 01       		.uleb128 0x1
 1174 002a 50       		.byte	0x50
 1175 002b 9F       		.byte	0x9f
 1176 002c 00000000 		.4byte	0
 1177 0030 00000000 		.4byte	0
 1178              		.section	.debug_aranges,"",%progbits
 1179 0000 44000000 		.4byte	0x44
 1180 0004 0200     		.2byte	0x2
ARM GAS  C:\Users\leoja\AppData\Local\Temp\ccWsBS3C.s 			page 24


 1181 0006 00000000 		.4byte	.Ldebug_info0
 1182 000a 04       		.byte	0x4
 1183 000b 00       		.byte	0
 1184 000c 0000     		.2byte	0
 1185 000e 0000     		.2byte	0
 1186 0010 00000000 		.4byte	.LFB63
 1187 0014 28000000 		.4byte	.LFE63-.LFB63
 1188 0018 00000000 		.4byte	.LFB64
 1189 001c 70000000 		.4byte	.LFE64-.LFB64
 1190 0020 00000000 		.4byte	.LFB65
 1191 0024 18000000 		.4byte	.LFE65-.LFB65
 1192 0028 00000000 		.4byte	.LFB66
 1193 002c 40000000 		.4byte	.LFE66-.LFB66
 1194 0030 00000000 		.4byte	.LFB68
 1195 0034 10000000 		.4byte	.LFE68-.LFB68
 1196 0038 00000000 		.4byte	.LFB67
 1197 003c B8000000 		.4byte	.LFE67-.LFB67
 1198 0040 00000000 		.4byte	0
 1199 0044 00000000 		.4byte	0
 1200              		.section	.debug_ranges,"",%progbits
 1201              	.Ldebug_ranges0:
 1202 0000 00000000 		.4byte	.LFB63
 1203 0004 28000000 		.4byte	.LFE63
 1204 0008 00000000 		.4byte	.LFB64
 1205 000c 70000000 		.4byte	.LFE64
 1206 0010 00000000 		.4byte	.LFB65
 1207 0014 18000000 		.4byte	.LFE65
 1208 0018 00000000 		.4byte	.LFB66
 1209 001c 40000000 		.4byte	.LFE66
 1210 0020 00000000 		.4byte	.LFB68
 1211 0024 10000000 		.4byte	.LFE68
 1212 0028 00000000 		.4byte	.LFB67
 1213 002c B8000000 		.4byte	.LFE67
 1214 0030 00000000 		.4byte	0
 1215 0034 00000000 		.4byte	0
 1216              		.section	.debug_line,"",%progbits
 1217              	.Ldebug_line0:
 1218 0000 38020000 		.section	.debug_str,"MS",%progbits,1
 1218      02006401 
 1218      00000201 
 1218      FB0E0D00 
 1218      01010101 
 1219              	.LASF50:
 1220 0000 68765F72 		.ascii	"hv_requested\000"
 1220      65717565 
 1220      73746564 
 1220      00
 1221              	.LASF37:
 1222 000d 68765F61 		.ascii	"hv_allowed\000"
 1222      6C6C6F77 
 1222      656400
 1223              	.LASF58:
 1224 0018 4750494F 		.ascii	"GPIO1_ESD_Read\000"
 1224      315F4553 
 1224      445F5265 
 1224      616400
 1225              	.LASF34:
ARM GAS  C:\Users\leoja\AppData\Local\Temp\ccWsBS3C.s 			page 25


 1226 0027 53504545 		.ascii	"SPEED_CHECK\000"
 1226      445F4348 
 1226      45434B00 
 1227              	.LASF0:
 1228 0033 7369676E 		.ascii	"signed char\000"
 1228      65642063 
 1228      68617200 
 1229              	.LASF19:
 1230 003f 63686172 		.ascii	"char\000"
 1230      00
 1231              	.LASF45:
 1232 0044 6D635F76 		.ascii	"mc_voltage\000"
 1232      6F6C7461 
 1232      676500
 1233              	.LASF47:
 1234 004f 6D635F64 		.ascii	"mc_discharge_state\000"
 1234      69736368 
 1234      61726765 
 1234      5F737461 
 1234      746500
 1235              	.LASF44:
 1236 0062 626D735F 		.ascii	"bms_voltage\000"
 1236      766F6C74 
 1236      61676500 
 1237              	.LASF21:
 1238 006e 73697A65 		.ascii	"sizetype\000"
 1238      74797065 
 1238      00
 1239              	.LASF51:
 1240 0077 7663755F 		.ascii	"vcu_attached\000"
 1240      61747461 
 1240      63686564 
 1240      00
 1241              	.LASF35:
 1242 0084 44495343 		.ascii	"DISCHARGE_ACTIVE\000"
 1242      48415247 
 1242      455F4143 
 1242      54495645 
 1242      00
 1243              	.LASF5:
 1244 0095 5F5F7569 		.ascii	"__uint16_t\000"
 1244      6E743136 
 1244      5F7400
 1245              	.LASF4:
 1246 00a0 73686F72 		.ascii	"short int\000"
 1246      7420696E 
 1246      7400
 1247              	.LASF65:
 1248 00aa 75706461 		.ascii	"update_status\000"
 1248      74655F73 
 1248      74617475 
 1248      7300
 1249              	.LASF38:
 1250 00b8 70726563 		.ascii	"precharge_ready\000"
 1250      68617267 
 1250      655F7265 
 1250      61647900 
ARM GAS  C:\Users\leoja\AppData\Local\Temp\ccWsBS3C.s 			page 26


 1251              	.LASF13:
 1252 00c8 75696E74 		.ascii	"uint8_t\000"
 1252      385F7400 
 1253              	.LASF23:
 1254 00d0 50524543 		.ascii	"PRECHARGE_INIT\000"
 1254      48415247 
 1254      455F494E 
 1254      495400
 1255              	.LASF53:
 1256 00df 63686172 		.ascii	"charger_status\000"
 1256      6765725F 
 1256      73746174 
 1256      757300
 1257              	.LASF43:
 1258 00ee 7065695F 		.ascii	"pei_status\000"
 1258      73746174 
 1258      757300
 1259              	.LASF29:
 1260 00f9 424C494E 		.ascii	"BLINK_FAULT_CODE\000"
 1260      4B5F4641 
 1260      554C545F 
 1260      434F4445 
 1260      00
 1261              	.LASF17:
 1262 010a 666C6F61 		.ascii	"float\000"
 1262      7400
 1263              	.LASF32:
 1264 0110 44495343 		.ascii	"DISCHARGE_DISABLED\000"
 1264      48415247 
 1264      455F4449 
 1264      5341424C 
 1264      454400
 1265              	.LASF49:
 1266 0123 6D635F72 		.ascii	"mc_run_faults\000"
 1266      756E5F66 
 1266      61756C74 
 1266      7300
 1267              	.LASF10:
 1268 0131 6C6F6E67 		.ascii	"long long int\000"
 1268      206C6F6E 
 1268      6720696E 
 1268      7400
 1269              	.LASF56:
 1270 013f 6C6F6F70 		.ascii	"loops_since_mc_message\000"
 1270      735F7369 
 1270      6E63655F 
 1270      6D635F6D 
 1270      65737361 
 1271              	.LASF63:
 1272 0156 74687265 		.ascii	"threshold\000"
 1272      73686F6C 
 1272      6400
 1273              	.LASF57:
 1274 0160 6C6F6F70 		.ascii	"loops_since_charger_message\000"
 1274      735F7369 
 1274      6E63655F 
 1274      63686172 
ARM GAS  C:\Users\leoja\AppData\Local\Temp\ccWsBS3C.s 			page 27


 1274      6765725F 
 1275              	.LASF8:
 1276 017c 6C6F6E67 		.ascii	"long int\000"
 1276      20696E74 
 1276      00
 1277              	.LASF2:
 1278 0185 5F5F7569 		.ascii	"__uint8_t\000"
 1278      6E74385F 
 1278      7400
 1279              	.LASF59:
 1280 018f 53445F46 		.ascii	"SD_FINAL_Read\000"
 1280      494E414C 
 1280      5F526561 
 1280      6400
 1281              	.LASF22:
 1282 019d 56534D5F 		.ascii	"VSM_START\000"
 1282      53544152 
 1282      5400
 1283              	.LASF1:
 1284 01a7 756E7369 		.ascii	"unsigned char\000"
 1284      676E6564 
 1284      20636861 
 1284      7200
 1285              	.LASF25:
 1286 01b5 50524543 		.ascii	"PRECHARGE_COMPLETE\000"
 1286      48415247 
 1286      455F434F 
 1286      4D504C45 
 1286      544500
 1287              	.LASF20:
 1288 01c8 6C6F6E67 		.ascii	"long double\000"
 1288      20646F75 
 1288      626C6500 
 1289              	.LASF33:
 1290 01d4 44495343 		.ascii	"DISCHARGE_ENABLED\000"
 1290      48415247 
 1290      455F454E 
 1290      41424C45 
 1290      4400
 1291              	.LASF27:
 1292 01e6 56534D5F 		.ascii	"VSM_READY\000"
 1292      52454144 
 1292      5900
 1293              	.LASF54:
 1294 01f0 6C6F6F70 		.ascii	"loops_since_vcu_message\000"
 1294      735F7369 
 1294      6E63655F 
 1294      7663755F 
 1294      6D657373 
 1295              	.LASF62:
 1296 0208 443A5C55 		.ascii	"D:\\Users\\leoja\\Documents\\GitHub\\PEI-Firmware-F"
 1296      73657273 
 1296      5C6C656F 
 1296      6A615C44 
 1296      6F63756D 
 1297 0236 4531305C 		.ascii	"E10\\PEI_Firmware_FE10\\PEI_Firmware_FE10.cydsn\000"
 1297      5045495F 
ARM GAS  C:\Users\leoja\AppData\Local\Temp\ccWsBS3C.s 			page 28


 1297      4669726D 
 1297      77617265 
 1297      5F464531 
 1298              	.LASF11:
 1299 0264 6C6F6E67 		.ascii	"long long unsigned int\000"
 1299      206C6F6E 
 1299      6720756E 
 1299      7369676E 
 1299      65642069 
 1300              	.LASF12:
 1301 027b 756E7369 		.ascii	"unsigned int\000"
 1301      676E6564 
 1301      20696E74 
 1301      00
 1302              	.LASF15:
 1303 0288 75696E74 		.ascii	"uint16_t\000"
 1303      31365F74 
 1303      00
 1304              	.LASF9:
 1305 0291 6C6F6E67 		.ascii	"long unsigned int\000"
 1305      20756E73 
 1305      69676E65 
 1305      6420696E 
 1305      7400
 1306              	.LASF24:
 1307 02a3 50524543 		.ascii	"PRECHARGE_ACTIVE\000"
 1307      48415247 
 1307      455F4143 
 1307      54495645 
 1307      00
 1308              	.LASF6:
 1309 02b4 73686F72 		.ascii	"short unsigned int\000"
 1309      7420756E 
 1309      7369676E 
 1309      65642069 
 1309      6E7400
 1310              	.LASF64:
 1311 02c7 73746174 		.ascii	"status\000"
 1311      757300
 1312              	.LASF40:
 1313 02ce 70726563 		.ascii	"precharge_complete\000"
 1313      68617267 
 1313      655F636F 
 1313      6D706C65 
 1313      746500
 1314              	.LASF16:
 1315 02e1 696E7433 		.ascii	"int32_t\000"
 1315      325F7400 
 1316              	.LASF61:
 1317 02e9 66736D2E 		.ascii	"fsm.c\000"
 1317      6300
 1318              	.LASF14:
 1319 02ef 696E7431 		.ascii	"int16_t\000"
 1319      365F7400 
 1320              	.LASF31:
 1321 02f7 52454359 		.ascii	"RECYCLE_POWER\000"
 1321      434C455F 
ARM GAS  C:\Users\leoja\AppData\Local\Temp\ccWsBS3C.s 			page 29


 1321      504F5745 
 1321      5200
 1322              	.LASF28:
 1323 0305 4D4F544F 		.ascii	"MOTOR_RUNNING\000"
 1323      525F5255 
 1323      4E4E494E 
 1323      4700
 1324              	.LASF52:
 1325 0313 63686172 		.ascii	"charger_attached\000"
 1325      6765725F 
 1325      61747461 
 1325      63686564 
 1325      00
 1326              	.LASF48:
 1327 0324 6D635F70 		.ascii	"mc_post_faults\000"
 1327      6F73745F 
 1327      6661756C 
 1327      747300
 1328              	.LASF18:
 1329 0333 646F7562 		.ascii	"double\000"
 1329      6C6500
 1330              	.LASF7:
 1331 033a 5F5F696E 		.ascii	"__int32_t\000"
 1331      7433325F 
 1331      7400
 1332              	.LASF3:
 1333 0344 5F5F696E 		.ascii	"__int16_t\000"
 1333      7431365F 
 1333      7400
 1334              	.LASF55:
 1335 034e 6C6F6F70 		.ascii	"loops_since_bms_message\000"
 1335      735F7369 
 1335      6E63655F 
 1335      626D735F 
 1335      6D657373 
 1336              	.LASF46:
 1337 0366 6D635F76 		.ascii	"mc_vsm_state\000"
 1337      736D5F73 
 1337      74617465 
 1337      00
 1338              	.LASF26:
 1339 0373 56534D5F 		.ascii	"VSM_WAIT\000"
 1339      57414954 
 1339      00
 1340              	.LASF30:
 1341 037c 53485554 		.ascii	"SHUTDOWN_IN_PROCESS\000"
 1341      444F574E 
 1341      5F494E5F 
 1341      50524F43 
 1341      45535300 
 1342              	.LASF42:
 1343 0390 49544D5F 		.ascii	"ITM_RxBuffer\000"
 1343      52784275 
 1343      66666572 
 1343      00
 1344              	.LASF60:
 1345 039d 474E5520 		.ascii	"GNU C11 5.4.1 20160609 (release) [ARM/embedded-5-br"
ARM GAS  C:\Users\leoja\AppData\Local\Temp\ccWsBS3C.s 			page 30


 1345      43313120 
 1345      352E342E 
 1345      31203230 
 1345      31363036 
 1346 03d0 616E6368 		.ascii	"anch revision 237715] -mcpu=cortex-m3 -mthumb -g -O"
 1346      20726576 
 1346      6973696F 
 1346      6E203233 
 1346      37373135 
 1347 0403 67202D66 		.ascii	"g -ffunction-sections -ffat-lto-objects\000"
 1347      66756E63 
 1347      74696F6E 
 1347      2D736563 
 1347      74696F6E 
 1348              	.LASF36:
 1349 042b 44495343 		.ascii	"DISCHARGE_COMPLETE\000"
 1349      48415247 
 1349      455F434F 
 1349      4D504C45 
 1349      544500
 1350              	.LASF39:
 1351 043e 68765F72 		.ascii	"hv_request\000"
 1351      65717565 
 1351      737400
 1352              	.LASF41:
 1353 0449 6164645F 		.ascii	"add_status\000"
 1353      73746174 
 1353      757300
 1354              		.ident	"GCC: (GNU Tools for ARM Embedded Processors) 5.4.1 20160609 (release) [ARM/embedded-5-bran
