ARM GAS  C:\Users\leoja\AppData\Local\Temp\ccJOPtuv.s 			page 1


   1              		.syntax unified
   2              		.cpu cortex-m3
   3              		.fpu softvfp
   4              		.eabi_attribute 20, 1
   5              		.eabi_attribute 21, 1
   6              		.eabi_attribute 23, 3
   7              		.eabi_attribute 24, 1
   8              		.eabi_attribute 25, 1
   9              		.eabi_attribute 26, 1
  10              		.eabi_attribute 30, 1
  11              		.eabi_attribute 34, 1
  12              		.eabi_attribute 18, 4
  13              		.thumb
  14              		.syntax unified
  15              		.file	"main.c"
  16              		.text
  17              	.Ltext0:
  18              		.cfi_sections	.debug_frame
  19              		.global	__aeabi_i2d
  20              		.global	__aeabi_dmul
  21              		.global	__aeabi_ddiv
  22              		.global	__aeabi_dsub
  23              		.global	__aeabi_d2iz
  24              		.section	.text.get_current,"ax",%progbits
  25              		.align	2
  26              		.global	get_current
  27              		.thumb
  28              		.thumb_func
  29              		.type	get_current, %function
  30              	get_current:
  31              	.LFB65:
  32              		.file 1 "main.c"
   1:main.c        **** /* ========================================
   2:main.c        ****  *
   3:main.c        ****  * Copyright YOUR COMPANY, THE YEAR
   4:main.c        ****  * All Rights Reserved
   5:main.c        ****  * UNPUBLISHED, LICENSED SOFTWARE.
   6:main.c        ****  *
   7:main.c        ****  * CONFIDENTIAL AND PROPRIETARY INFORMATION
   8:main.c        ****  * WHICH IS THE PROPERTY OF your company.
   9:main.c        ****  *
  10:main.c        ****  * ========================================
  11:main.c        **** */
  12:main.c        **** 
  13:main.c        **** #include "main.h"
  14:main.c        **** 
  15:main.c        **** //pei parameters
  16:main.c        **** PEI_STATE_t pei_state = PEI_LV;
  17:main.c        **** uint8_t pei_status = NORMAL;
  18:main.c        **** int16_t current;
  19:main.c        **** uint8_t relay_flags = 0;
  20:main.c        **** 
  21:main.c        **** //vcu parameters
  22:main.c        **** VCU_STATE vcu_state = LV;
  23:main.c        **** uint8_t hv_requested = 0;
  24:main.c        **** uint8_t vcu_attached = 0;
  25:main.c        **** 
ARM GAS  C:\Users\leoja\AppData\Local\Temp\ccJOPtuv.s 			page 2


  26:main.c        **** //bms parameters 
  27:main.c        **** uint16_t bms_status = 0;
  28:main.c        **** uint16_t bms_voltage = 0;
  29:main.c        **** uint8_t bms_soc = 0;
  30:main.c        **** uint8_t bms_temp = 0;
  31:main.c        **** 
  32:main.c        **** //mc parameters
  33:main.c        **** int16_t mc_voltage = 0;
  34:main.c        **** MC_VSM_STATE mc_vsm_state = VSM_START;
  35:main.c        **** MC_DISCHARGE_STATE mc_discharge_state = DISCHARGE_DISABLED;
  36:main.c        **** uint16_t mc_post_faults = 0;
  37:main.c        **** uint16_t mc_run_faults = 0;
  38:main.c        **** 
  39:main.c        **** //charger parameters
  40:main.c        **** uint8_t charger_attached = 0;
  41:main.c        **** uint8_t charger_status = 0;
  42:main.c        **** 
  43:main.c        **** //loop counters
  44:main.c        **** uint16_t loop_counter = 0;
  45:main.c        **** uint16_t loops_since_vcu_message = 0;
  46:main.c        **** uint16_t loops_since_bms_message = 0;
  47:main.c        **** uint16_t loops_since_mc_message = 0;
  48:main.c        **** uint16_t loops_since_charger_message = 0;
  49:main.c        **** 
  50:main.c        **** int main(void)
  51:main.c        **** {
  52:main.c        ****     CyGlobalIntEnable; /* Enable global interrupts. */
  53:main.c        ****     
  54:main.c        ****     //Initialize and start CAN
  55:main.c        ****     CAN_GlobalIntEnable();
  56:main.c        ****     CAN_Init();
  57:main.c        ****     CAN_Start();
  58:main.c        ****     ADC_DelSig_1_Start();
  59:main.c        ****     LCD_Start();
  60:main.c        ****     
  61:main.c        ****     for(;;)
  62:main.c        ****     {       
  63:main.c        ****         // shutdown flags, current
  64:main.c        ****         uint8_t shutdown_flags = 0;
  65:main.c        ****         current = get_current();
  66:main.c        ****         
  67:main.c        ****         shutdown_flags = relay_flags & 0x07;
  68:main.c        ****         if (IMD_Fault_Read()) shutdown_flags |= (1 << 5);       
  69:main.c        ****         if (BMS_Fault_Read()) shutdown_flags |= (1 << 4);  
  70:main.c        ****         if (SD_FINAL_Read()) shutdown_flags |= (1 << 3);
  71:main.c        ****         
  72:main.c        ****         
  73:main.c        ****         //Interlock state machine
  74:main.c        ****         update_status();
  75:main.c        ****         
  76:main.c        ****         if(hv_allowed() == 0){
  77:main.c        ****             pei_state = PEI_FAULT;
  78:main.c        ****         }
  79:main.c        ****           
  80:main.c        ****         switch(pei_state){
  81:main.c        ****             case PEI_LV:
  82:main.c        ****                 clear_interlock(); // clears interlock, send a message to open AIRs   
ARM GAS  C:\Users\leoja\AppData\Local\Temp\ccJOPtuv.s 			page 3


  83:main.c        ****                 
  84:main.c        ****                 if(hv_request() && hv_allowed()) {
  85:main.c        ****                     if(vcu_attached && precharge_ready()){
  86:main.c        ****                         pei_state = PEI_PRECHARGE;
  87:main.c        ****                     } else if(charger_attached){
  88:main.c        ****                         pei_state = PEI_HV;   //charger doesn't need precharge
  89:main.c        ****                     }
  90:main.c        ****                 }
  91:main.c        ****                 
  92:main.c        ****                 break;
  93:main.c        ****             
  94:main.c        ****             case PEI_PRECHARGE:           
  95:main.c        ****                 start_precharge();
  96:main.c        ****                 
  97:main.c        ****                 //Todo: Capacitor (gotten value) >= 95% pack voltage (threshold that we measure in 
  98:main.c        ****                 //This if statement is incorrect
  99:main.c        ****                 if (precharge_complete()){
 100:main.c        ****                     pei_state = PEI_HV;
 101:main.c        ****                 }
 102:main.c        **** 
 103:main.c        ****                 if(hv_request() == 0) {
 104:main.c        ****                    pei_state = PEI_LV;
 105:main.c        ****                 }
 106:main.c        ****                 
 107:main.c        ****                 break;
 108:main.c        ****                 
 109:main.c        ****              case PEI_HV:
 110:main.c        ****                 finish_precharge();
 111:main.c        ****                 
 112:main.c        ****                 if(hv_request() == 0) {
 113:main.c        ****                    pei_state = PEI_LV;
 114:main.c        ****                 }
 115:main.c        ****                 
 116:main.c        ****                 break;
 117:main.c        ****                 
 118:main.c        ****             default:
 119:main.c        ****                 clear_interlock();
 120:main.c        ****                 pei_state = PEI_FAULT;
 121:main.c        ****                 
 122:main.c        ****                 if (hv_request() == 0 && hv_allowed()) {
 123:main.c        ****                     pei_state = PEI_LV;
 124:main.c        ****                 } 
 125:main.c        ****         }
 126:main.c        **** 
 127:main.c        ****         can_send_PEI(current, shutdown_flags);
 128:main.c        ****         check_can();
 129:main.c        ****         update_display();
 130:main.c        ****         
 131:main.c        ****         CyDelay(1000);
 132:main.c        ****     }
 133:main.c        **** }
 134:main.c        **** 
 135:main.c        **** 
 136:main.c        **** 
 137:main.c        **** int16_t get_current(){
  33              		.loc 1 137 0
  34              		.cfi_startproc
ARM GAS  C:\Users\leoja\AppData\Local\Temp\ccJOPtuv.s 			page 4


  35              		@ args = 0, pretend = 0, frame = 0
  36              		@ frame_needed = 0, uses_anonymous_args = 0
  37 0000 08B5     		push	{r3, lr}
  38              		.cfi_def_cfa_offset 8
  39              		.cfi_offset 3, -8
  40              		.cfi_offset 14, -4
 138:main.c        ****     double current_raw_mv = (double)ADC_DelSig_1_CountsTo_mVolts(ADC_DelSig_1_Read32());
  41              		.loc 1 138 0
  42 0002 FFF7FEFF 		bl	ADC_DelSig_1_Read32
  43              	.LVL0:
  44 0006 FFF7FEFF 		bl	ADC_DelSig_1_CountsTo_mVolts
  45              	.LVL1:
  46 000a FFF7FEFF 		bl	__aeabi_i2d
  47              	.LVL2:
 139:main.c        ****     int16_t current = (int16_t)(((current_raw_mv*5.0/3.3) - 2500)/6.667)*10;
  48              		.loc 1 139 0
  49 000e 0022     		movs	r2, #0
  50 0010 134B     		ldr	r3, .L3+24
  51 0012 FFF7FEFF 		bl	__aeabi_dmul
  52              	.LVL3:
  53 0016 0CA3     		adr	r3, .L3
  54 0018 D3E90023 		ldrd	r2, [r3]
  55 001c FFF7FEFF 		bl	__aeabi_ddiv
  56              	.LVL4:
  57 0020 0BA3     		adr	r3, .L3+8
  58 0022 D3E90023 		ldrd	r2, [r3]
  59 0026 FFF7FEFF 		bl	__aeabi_dsub
  60              	.LVL5:
  61 002a 0BA3     		adr	r3, .L3+16
  62 002c D3E90023 		ldrd	r2, [r3]
  63 0030 FFF7FEFF 		bl	__aeabi_ddiv
  64              	.LVL6:
  65 0034 FFF7FEFF 		bl	__aeabi_d2iz
  66              	.LVL7:
  67 0038 00B2     		sxth	r0, r0
  68 003a 00EB8003 		add	r3, r0, r0, lsl #2
  69 003e 5800     		lsls	r0, r3, #1
  70              	.LVL8:
 140:main.c        ****     return current;
 141:main.c        **** }
  71              		.loc 1 141 0
  72 0040 00B2     		sxth	r0, r0
  73 0042 08BD     		pop	{r3, pc}
  74              	.L4:
  75 0044 AFF30080 		.align	3
  76              	.L3:
  77 0048 66666666 		.word	1717986918
  78 004c 66660A40 		.word	1074423398
  79 0050 00000000 		.word	0
  80 0054 0088A340 		.word	1084459008
  81 0058 5EBA490C 		.word	206158430
  82 005c 02AB1A40 		.word	1075489538
  83 0060 00001440 		.word	1075052544
  84              		.cfi_endproc
  85              	.LFE65:
  86              		.size	get_current, .-get_current
  87              		.section	.text.main,"ax",%progbits
ARM GAS  C:\Users\leoja\AppData\Local\Temp\ccJOPtuv.s 			page 5


  88              		.align	2
  89              		.global	main
  90              		.thumb
  91              		.thumb_func
  92              		.type	main, %function
  93              	main:
  94              	.LFB64:
  51:main.c        ****     CyGlobalIntEnable; /* Enable global interrupts. */
  95              		.loc 1 51 0
  96              		.cfi_startproc
  97              		@ args = 0, pretend = 0, frame = 0
  98              		@ frame_needed = 0, uses_anonymous_args = 0
  99 0000 10B5     		push	{r4, lr}
 100              		.cfi_def_cfa_offset 8
 101              		.cfi_offset 4, -8
 102              		.cfi_offset 14, -4
  52:main.c        ****     
 103              		.loc 1 52 0
 104              		.syntax unified
 105              	@ 52 "main.c" 1
 106 0002 62B6     		CPSIE   i
 107              	@ 0 "" 2
  55:main.c        ****     CAN_Init();
 108              		.loc 1 55 0
 109              		.thumb
 110              		.syntax unified
 111 0004 FFF7FEFF 		bl	CAN_GlobalIntEnable
 112              	.LVL9:
  56:main.c        ****     CAN_Start();
 113              		.loc 1 56 0
 114 0008 FFF7FEFF 		bl	CAN_Init
 115              	.LVL10:
  57:main.c        ****     ADC_DelSig_1_Start();
 116              		.loc 1 57 0
 117 000c FFF7FEFF 		bl	CAN_Start
 118              	.LVL11:
  58:main.c        ****     LCD_Start();
 119              		.loc 1 58 0
 120 0010 FFF7FEFF 		bl	ADC_DelSig_1_Start
 121              	.LVL12:
  59:main.c        ****     
 122              		.loc 1 59 0
 123 0014 FFF7FEFF 		bl	LCD_Start
 124              	.LVL13:
 125              	.L17:
 126              	.LBB2:
  65:main.c        ****         
 127              		.loc 1 65 0
 128 0018 FFF7FEFF 		bl	get_current
 129              	.LVL14:
 130 001c 3A4B     		ldr	r3, .L20
 131 001e 1880     		strh	r0, [r3]	@ movhi
  67:main.c        ****         if (IMD_Fault_Read()) shutdown_flags |= (1 << 5);       
 132              		.loc 1 67 0
 133 0020 3A4B     		ldr	r3, .L20+4
 134 0022 1C78     		ldrb	r4, [r3]	@ zero_extendqisi2
 135 0024 04F00704 		and	r4, r4, #7
ARM GAS  C:\Users\leoja\AppData\Local\Temp\ccJOPtuv.s 			page 6


 136              	.LVL15:
  68:main.c        ****         if (BMS_Fault_Read()) shutdown_flags |= (1 << 4);  
 137              		.loc 1 68 0
 138 0028 FFF7FEFF 		bl	IMD_Fault_Read
 139              	.LVL16:
 140 002c 08B1     		cbz	r0, .L6
  68:main.c        ****         if (BMS_Fault_Read()) shutdown_flags |= (1 << 4);  
 141              		.loc 1 68 0 is_stmt 0 discriminator 1
 142 002e 44F02004 		orr	r4, r4, #32
 143              	.LVL17:
 144              	.L6:
  69:main.c        ****         if (SD_FINAL_Read()) shutdown_flags |= (1 << 3);
 145              		.loc 1 69 0 is_stmt 1
 146 0032 FFF7FEFF 		bl	BMS_Fault_Read
 147              	.LVL18:
 148 0036 08B1     		cbz	r0, .L7
  69:main.c        ****         if (SD_FINAL_Read()) shutdown_flags |= (1 << 3);
 149              		.loc 1 69 0 is_stmt 0 discriminator 1
 150 0038 44F01004 		orr	r4, r4, #16
 151              	.LVL19:
 152              	.L7:
  70:main.c        ****         
 153              		.loc 1 70 0 is_stmt 1
 154 003c FFF7FEFF 		bl	SD_FINAL_Read
 155              	.LVL20:
 156 0040 08B1     		cbz	r0, .L8
  70:main.c        ****         
 157              		.loc 1 70 0 is_stmt 0 discriminator 1
 158 0042 44F00804 		orr	r4, r4, #8
 159              	.LVL21:
 160              	.L8:
  74:main.c        ****         
 161              		.loc 1 74 0 is_stmt 1
 162 0046 FFF7FEFF 		bl	update_status
 163              	.LVL22:
  76:main.c        ****             pei_state = PEI_FAULT;
 164              		.loc 1 76 0
 165 004a FFF7FEFF 		bl	hv_allowed
 166              	.LVL23:
 167 004e 10B9     		cbnz	r0, .L9
  77:main.c        ****         }
 168              		.loc 1 77 0
 169 0050 0322     		movs	r2, #3
 170 0052 2E4B     		ldr	r3, .L20+4
 171 0054 5A70     		strb	r2, [r3, #1]
 172              	.L9:
  80:main.c        ****             case PEI_LV:
 173              		.loc 1 80 0
 174 0056 2D4B     		ldr	r3, .L20+4
 175 0058 5B78     		ldrb	r3, [r3, #1]	@ zero_extendqisi2
 176 005a 012B     		cmp	r3, #1
 177 005c 1ED0     		beq	.L11
 178 005e 13B1     		cbz	r3, .L12
 179 0060 022B     		cmp	r3, #2
 180 0062 2AD0     		beq	.L13
 181 0064 32E0     		b	.L18
 182              	.L12:
ARM GAS  C:\Users\leoja\AppData\Local\Temp\ccJOPtuv.s 			page 7


  82:main.c        ****                 
 183              		.loc 1 82 0
 184 0066 FFF7FEFF 		bl	clear_interlock
 185              	.LVL24:
  84:main.c        ****                     if(vcu_attached && precharge_ready()){
 186              		.loc 1 84 0
 187 006a FFF7FEFF 		bl	hv_request
 188              	.LVL25:
 189 006e 0028     		cmp	r0, #0
 190 0070 3AD0     		beq	.L14
  84:main.c        ****                     if(vcu_attached && precharge_ready()){
 191              		.loc 1 84 0 is_stmt 0 discriminator 1
 192 0072 FFF7FEFF 		bl	hv_allowed
 193              	.LVL26:
 194 0076 0028     		cmp	r0, #0
 195 0078 36D0     		beq	.L14
  85:main.c        ****                         pei_state = PEI_PRECHARGE;
 196              		.loc 1 85 0 is_stmt 1
 197 007a 244B     		ldr	r3, .L20+4
 198 007c 9B78     		ldrb	r3, [r3, #2]	@ zero_extendqisi2
 199 007e 33B1     		cbz	r3, .L15
  85:main.c        ****                         pei_state = PEI_PRECHARGE;
 200              		.loc 1 85 0 is_stmt 0 discriminator 1
 201 0080 FFF7FEFF 		bl	precharge_ready
 202              	.LVL27:
 203 0084 18B1     		cbz	r0, .L15
  86:main.c        ****                     } else if(charger_attached){
 204              		.loc 1 86 0 is_stmt 1
 205 0086 0122     		movs	r2, #1
 206 0088 204B     		ldr	r3, .L20+4
 207 008a 5A70     		strb	r2, [r3, #1]
 208 008c 2CE0     		b	.L14
 209              	.L15:
  87:main.c        ****                         pei_state = PEI_HV;   //charger doesn't need precharge
 210              		.loc 1 87 0
 211 008e 1F4B     		ldr	r3, .L20+4
 212 0090 DB78     		ldrb	r3, [r3, #3]	@ zero_extendqisi2
 213 0092 4BB3     		cbz	r3, .L14
  88:main.c        ****                     }
 214              		.loc 1 88 0
 215 0094 0222     		movs	r2, #2
 216 0096 1D4B     		ldr	r3, .L20+4
 217 0098 5A70     		strb	r2, [r3, #1]
 218 009a 25E0     		b	.L14
 219              	.L11:
  95:main.c        ****                 
 220              		.loc 1 95 0
 221 009c FFF7FEFF 		bl	start_precharge
 222              	.LVL28:
  99:main.c        ****                     pei_state = PEI_HV;
 223              		.loc 1 99 0
 224 00a0 FFF7FEFF 		bl	precharge_complete
 225              	.LVL29:
 226 00a4 10B1     		cbz	r0, .L16
 100:main.c        ****                 }
 227              		.loc 1 100 0
 228 00a6 0222     		movs	r2, #2
ARM GAS  C:\Users\leoja\AppData\Local\Temp\ccJOPtuv.s 			page 8


 229 00a8 184B     		ldr	r3, .L20+4
 230 00aa 5A70     		strb	r2, [r3, #1]
 231              	.L16:
 103:main.c        ****                    pei_state = PEI_LV;
 232              		.loc 1 103 0
 233 00ac FFF7FEFF 		bl	hv_request
 234              	.LVL30:
 235 00b0 D0B9     		cbnz	r0, .L14
 104:main.c        ****                 }
 236              		.loc 1 104 0
 237 00b2 0022     		movs	r2, #0
 238 00b4 154B     		ldr	r3, .L20+4
 239 00b6 5A70     		strb	r2, [r3, #1]
 240 00b8 16E0     		b	.L14
 241              	.L13:
 110:main.c        ****                 
 242              		.loc 1 110 0
 243 00ba FFF7FEFF 		bl	finish_precharge
 244              	.LVL31:
 112:main.c        ****                    pei_state = PEI_LV;
 245              		.loc 1 112 0
 246 00be FFF7FEFF 		bl	hv_request
 247              	.LVL32:
 248 00c2 88B9     		cbnz	r0, .L14
 113:main.c        ****                 }
 249              		.loc 1 113 0
 250 00c4 0022     		movs	r2, #0
 251 00c6 114B     		ldr	r3, .L20+4
 252 00c8 5A70     		strb	r2, [r3, #1]
 253 00ca 0DE0     		b	.L14
 254              	.L18:
 119:main.c        ****                 pei_state = PEI_FAULT;
 255              		.loc 1 119 0
 256 00cc FFF7FEFF 		bl	clear_interlock
 257              	.LVL33:
 120:main.c        ****                 
 258              		.loc 1 120 0
 259 00d0 0322     		movs	r2, #3
 260 00d2 0E4B     		ldr	r3, .L20+4
 261 00d4 5A70     		strb	r2, [r3, #1]
 122:main.c        ****                     pei_state = PEI_LV;
 262              		.loc 1 122 0
 263 00d6 FFF7FEFF 		bl	hv_request
 264              	.LVL34:
 265 00da 28B9     		cbnz	r0, .L14
 122:main.c        ****                     pei_state = PEI_LV;
 266              		.loc 1 122 0 is_stmt 0 discriminator 1
 267 00dc FFF7FEFF 		bl	hv_allowed
 268              	.LVL35:
 269 00e0 10B1     		cbz	r0, .L14
 123:main.c        ****                 } 
 270              		.loc 1 123 0 is_stmt 1
 271 00e2 0022     		movs	r2, #0
 272 00e4 094B     		ldr	r3, .L20+4
 273 00e6 5A70     		strb	r2, [r3, #1]
 274              	.L14:
 127:main.c        ****         check_can();
ARM GAS  C:\Users\leoja\AppData\Local\Temp\ccJOPtuv.s 			page 9


 275              		.loc 1 127 0
 276 00e8 2146     		mov	r1, r4
 277 00ea 074B     		ldr	r3, .L20
 278 00ec B3F90000 		ldrsh	r0, [r3]
 279 00f0 FFF7FEFF 		bl	can_send_PEI
 280              	.LVL36:
 128:main.c        ****         update_display();
 281              		.loc 1 128 0
 282 00f4 FFF7FEFF 		bl	check_can
 283              	.LVL37:
 129:main.c        ****         
 284              		.loc 1 129 0
 285 00f8 FFF7FEFF 		bl	update_display
 286              	.LVL38:
 131:main.c        ****     }
 287              		.loc 1 131 0
 288 00fc 4FF47A70 		mov	r0, #1000
 289 0100 FFF7FEFF 		bl	CyDelay
 290              	.LVL39:
 291              	.LBE2:
 132:main.c        **** }
 292              		.loc 1 132 0
 293 0104 88E7     		b	.L17
 294              	.L21:
 295 0106 00BF     		.align	2
 296              	.L20:
 297 0108 00000000 		.word	current
 298 010c 00000000 		.word	.LANCHOR0
 299              		.cfi_endproc
 300              	.LFE64:
 301              		.size	main, .-main
 302              		.global	loops_since_charger_message
 303              		.global	loops_since_mc_message
 304              		.global	loops_since_bms_message
 305              		.global	loops_since_vcu_message
 306              		.global	loop_counter
 307              		.global	charger_status
 308              		.global	charger_attached
 309              		.global	mc_run_faults
 310              		.global	mc_post_faults
 311              		.global	mc_discharge_state
 312              		.global	mc_vsm_state
 313              		.global	mc_voltage
 314              		.global	bms_temp
 315              		.global	bms_soc
 316              		.global	bms_voltage
 317              		.global	bms_status
 318              		.global	vcu_attached
 319              		.global	hv_requested
 320              		.global	vcu_state
 321              		.global	relay_flags
 322              		.comm	current,2,2
 323              		.global	pei_status
 324              		.global	pei_state
 325              		.bss
 326              		.align	1
 327              		.set	.LANCHOR0,. + 0
ARM GAS  C:\Users\leoja\AppData\Local\Temp\ccJOPtuv.s 			page 10


 328              		.type	relay_flags, %object
 329              		.size	relay_flags, 1
 330              	relay_flags:
 331 0000 00       		.space	1
 332              		.type	pei_state, %object
 333              		.size	pei_state, 1
 334              	pei_state:
 335 0001 00       		.space	1
 336              		.type	vcu_attached, %object
 337              		.size	vcu_attached, 1
 338              	vcu_attached:
 339 0002 00       		.space	1
 340              		.type	charger_attached, %object
 341              		.size	charger_attached, 1
 342              	charger_attached:
 343 0003 00       		.space	1
 344              		.type	loops_since_charger_message, %object
 345              		.size	loops_since_charger_message, 2
 346              	loops_since_charger_message:
 347 0004 0000     		.space	2
 348              		.type	loops_since_mc_message, %object
 349              		.size	loops_since_mc_message, 2
 350              	loops_since_mc_message:
 351 0006 0000     		.space	2
 352              		.type	loops_since_bms_message, %object
 353              		.size	loops_since_bms_message, 2
 354              	loops_since_bms_message:
 355 0008 0000     		.space	2
 356              		.type	loops_since_vcu_message, %object
 357              		.size	loops_since_vcu_message, 2
 358              	loops_since_vcu_message:
 359 000a 0000     		.space	2
 360              		.type	loop_counter, %object
 361              		.size	loop_counter, 2
 362              	loop_counter:
 363 000c 0000     		.space	2
 364              		.type	charger_status, %object
 365              		.size	charger_status, 1
 366              	charger_status:
 367 000e 00       		.space	1
 368 000f 00       		.space	1
 369              		.type	mc_run_faults, %object
 370              		.size	mc_run_faults, 2
 371              	mc_run_faults:
 372 0010 0000     		.space	2
 373              		.type	mc_post_faults, %object
 374              		.size	mc_post_faults, 2
 375              	mc_post_faults:
 376 0012 0000     		.space	2
 377              		.type	mc_discharge_state, %object
 378              		.size	mc_discharge_state, 1
 379              	mc_discharge_state:
 380 0014 00       		.space	1
 381              		.type	mc_vsm_state, %object
 382              		.size	mc_vsm_state, 1
 383              	mc_vsm_state:
 384 0015 00       		.space	1
ARM GAS  C:\Users\leoja\AppData\Local\Temp\ccJOPtuv.s 			page 11


 385              		.type	mc_voltage, %object
 386              		.size	mc_voltage, 2
 387              	mc_voltage:
 388 0016 0000     		.space	2
 389              		.type	bms_temp, %object
 390              		.size	bms_temp, 1
 391              	bms_temp:
 392 0018 00       		.space	1
 393              		.type	bms_soc, %object
 394              		.size	bms_soc, 1
 395              	bms_soc:
 396 0019 00       		.space	1
 397              		.type	bms_voltage, %object
 398              		.size	bms_voltage, 2
 399              	bms_voltage:
 400 001a 0000     		.space	2
 401              		.type	bms_status, %object
 402              		.size	bms_status, 2
 403              	bms_status:
 404 001c 0000     		.space	2
 405              		.type	hv_requested, %object
 406              		.size	hv_requested, 1
 407              	hv_requested:
 408 001e 00       		.space	1
 409              		.type	vcu_state, %object
 410              		.size	vcu_state, 1
 411              	vcu_state:
 412 001f 00       		.space	1
 413              		.type	pei_status, %object
 414              		.size	pei_status, 1
 415              	pei_status:
 416 0020 00       		.space	1
 417              		.text
 418              	.Letext0:
 419              		.file 2 "c:\\program files (x86)\\cypress\\psoc creator\\4.4\\psoc creator\\import\\gnu\\arm\\5.4.
 420              		.file 3 "c:\\program files (x86)\\cypress\\psoc creator\\4.4\\psoc creator\\import\\gnu\\arm\\5.4.
 421              		.file 4 "fsm.h"
 422              		.file 5 "Generated_Source\\PSoC5/core_cm3.h"
 423              		.file 6 "Generated_Source\\PSoC5/ADC_DelSig_1.h"
 424              		.file 7 "Generated_Source\\PSoC5/IMD_Fault.h"
 425              		.file 8 "Generated_Source\\PSoC5/BMS_Fault.h"
 426              		.file 9 "Generated_Source\\PSoC5/SD_FINAL.h"
 427              		.file 10 "relays.h"
 428              		.file 11 "can_manager.h"
 429              		.file 12 "display.h"
 430              		.file 13 "Generated_Source\\PSoC5/CyLib.h"
 431              		.file 14 "Generated_Source\\PSoC5/CAN.h"
 432              		.file 15 "Generated_Source\\PSoC5/LCD.h"
 433              		.section	.debug_info,"",%progbits
 434              	.Ldebug_info0:
 435 0000 E1050000 		.4byte	0x5e1
 436 0004 0400     		.2byte	0x4
 437 0006 00000000 		.4byte	.Ldebug_abbrev0
 438 000a 04       		.byte	0x4
 439 000b 01       		.uleb128 0x1
 440 000c 63050000 		.4byte	.LASF97
 441 0010 0C       		.byte	0xc
ARM GAS  C:\Users\leoja\AppData\Local\Temp\ccJOPtuv.s 			page 12


 442 0011 1F040000 		.4byte	.LASF98
 443 0015 D1020000 		.4byte	.LASF99
 444 0019 00000000 		.4byte	.Ldebug_ranges0+0
 445 001d 00000000 		.4byte	0
 446 0021 00000000 		.4byte	.Ldebug_line0
 447 0025 02       		.uleb128 0x2
 448 0026 01       		.byte	0x1
 449 0027 06       		.byte	0x6
 450 0028 4A000000 		.4byte	.LASF0
 451 002c 03       		.uleb128 0x3
 452 002d 09020000 		.4byte	.LASF2
 453 0031 02       		.byte	0x2
 454 0032 1D       		.byte	0x1d
 455 0033 37000000 		.4byte	0x37
 456 0037 02       		.uleb128 0x2
 457 0038 01       		.byte	0x1
 458 0039 08       		.byte	0x8
 459 003a 2E020000 		.4byte	.LASF1
 460 003e 03       		.uleb128 0x3
 461 003f 1B000000 		.4byte	.LASF3
 462 0043 02       		.byte	0x2
 463 0044 29       		.byte	0x29
 464 0045 49000000 		.4byte	0x49
 465 0049 02       		.uleb128 0x2
 466 004a 02       		.byte	0x2
 467 004b 05       		.byte	0x5
 468 004c D8000000 		.4byte	.LASF4
 469 0050 03       		.uleb128 0x3
 470 0051 C3000000 		.4byte	.LASF5
 471 0055 02       		.byte	0x2
 472 0056 2B       		.byte	0x2b
 473 0057 5B000000 		.4byte	0x5b
 474 005b 02       		.uleb128 0x2
 475 005c 02       		.byte	0x2
 476 005d 07       		.byte	0x7
 477 005e AC030000 		.4byte	.LASF6
 478 0062 03       		.uleb128 0x3
 479 0063 9D040000 		.4byte	.LASF7
 480 0067 02       		.byte	0x2
 481 0068 3F       		.byte	0x3f
 482 0069 6D000000 		.4byte	0x6d
 483 006d 02       		.uleb128 0x2
 484 006e 04       		.byte	0x4
 485 006f 05       		.byte	0x5
 486 0070 EA010000 		.4byte	.LASF8
 487 0074 02       		.uleb128 0x2
 488 0075 04       		.byte	0x4
 489 0076 07       		.byte	0x7
 490 0077 63030000 		.4byte	.LASF9
 491 007b 02       		.uleb128 0x2
 492 007c 08       		.byte	0x8
 493 007d 05       		.byte	0x5
 494 007e A2010000 		.4byte	.LASF10
 495 0082 02       		.uleb128 0x2
 496 0083 08       		.byte	0x8
 497 0084 07       		.byte	0x7
 498 0085 2D030000 		.4byte	.LASF11
ARM GAS  C:\Users\leoja\AppData\Local\Temp\ccJOPtuv.s 			page 13


 499 0089 04       		.uleb128 0x4
 500 008a 04       		.byte	0x4
 501 008b 05       		.byte	0x5
 502 008c 696E7400 		.ascii	"int\000"
 503 0090 02       		.uleb128 0x2
 504 0091 04       		.byte	0x4
 505 0092 07       		.byte	0x7
 506 0093 4D030000 		.4byte	.LASF12
 507 0097 03       		.uleb128 0x3
 508 0098 42000000 		.4byte	.LASF13
 509 009c 03       		.byte	0x3
 510 009d 18       		.byte	0x18
 511 009e 2C000000 		.4byte	0x2c
 512 00a2 03       		.uleb128 0x3
 513 00a3 F5030000 		.4byte	.LASF14
 514 00a7 03       		.byte	0x3
 515 00a8 20       		.byte	0x20
 516 00a9 3E000000 		.4byte	0x3e
 517 00ad 03       		.uleb128 0x3
 518 00ae 5A030000 		.4byte	.LASF15
 519 00b2 03       		.byte	0x3
 520 00b3 24       		.byte	0x24
 521 00b4 50000000 		.4byte	0x50
 522 00b8 03       		.uleb128 0x3
 523 00b9 ED030000 		.4byte	.LASF16
 524 00bd 03       		.byte	0x3
 525 00be 2C       		.byte	0x2c
 526 00bf 62000000 		.4byte	0x62
 527 00c3 02       		.uleb128 0x2
 528 00c4 04       		.byte	0x4
 529 00c5 04       		.byte	0x4
 530 00c6 7B010000 		.4byte	.LASF17
 531 00ca 02       		.uleb128 0x2
 532 00cb 08       		.byte	0x8
 533 00cc 04       		.byte	0x4
 534 00cd 54040000 		.4byte	.LASF18
 535 00d1 02       		.uleb128 0x2
 536 00d2 01       		.byte	0x1
 537 00d3 08       		.byte	0x8
 538 00d4 56000000 		.4byte	.LASF19
 539 00d8 02       		.uleb128 0x2
 540 00d9 08       		.byte	0x8
 541 00da 04       		.byte	0x4
 542 00db 8C020000 		.4byte	.LASF20
 543 00df 02       		.uleb128 0x2
 544 00e0 04       		.byte	0x4
 545 00e1 07       		.byte	0x7
 546 00e2 7D000000 		.4byte	.LASF21
 547 00e6 05       		.uleb128 0x5
 548 00e7 01       		.byte	0x1
 549 00e8 37000000 		.4byte	0x37
 550 00ec 04       		.byte	0x4
 551 00ed 13       		.byte	0x13
 552 00ee 0B010000 		.4byte	0x10b
 553 00f2 06       		.uleb128 0x6
 554 00f3 B0010000 		.4byte	.LASF22
 555 00f7 00       		.byte	0
ARM GAS  C:\Users\leoja\AppData\Local\Temp\ccJOPtuv.s 			page 14


 556 00f8 06       		.uleb128 0x6
 557 00f9 20020000 		.4byte	.LASF23
 558 00fd 01       		.byte	0x1
 559 00fe 06       		.uleb128 0x6
 560 00ff 85020000 		.4byte	.LASF24
 561 0103 02       		.byte	0x2
 562 0104 06       		.uleb128 0x6
 563 0105 C9040000 		.4byte	.LASF25
 564 0109 03       		.byte	0x3
 565 010a 00       		.byte	0
 566 010b 03       		.uleb128 0x3
 567 010c 4B010000 		.4byte	.LASF26
 568 0110 04       		.byte	0x4
 569 0111 18       		.byte	0x18
 570 0112 E6000000 		.4byte	0xe6
 571 0116 05       		.uleb128 0x5
 572 0117 01       		.byte	0x1
 573 0118 37000000 		.4byte	0x37
 574 011c 04       		.byte	0x4
 575 011d 1A       		.byte	0x1a
 576 011e 40010000 		.4byte	0x140
 577 0122 07       		.uleb128 0x7
 578 0123 4C5600   		.ascii	"LV\000"
 579 0126 00       		.byte	0
 580 0127 06       		.uleb128 0x6
 581 0128 6F010000 		.4byte	.LASF27
 582 012c 01       		.byte	0x1
 583 012d 06       		.uleb128 0x6
 584 012e 66000000 		.4byte	.LASF28
 585 0132 02       		.byte	0x2
 586 0133 06       		.uleb128 0x6
 587 0134 50050000 		.4byte	.LASF29
 588 0138 03       		.byte	0x3
 589 0139 06       		.uleb128 0x6
 590 013a A7000000 		.4byte	.LASF30
 591 013e 80       		.byte	0x80
 592 013f 00       		.byte	0
 593 0140 03       		.uleb128 0x3
 594 0141 41010000 		.4byte	.LASF31
 595 0145 04       		.byte	0x4
 596 0146 20       		.byte	0x20
 597 0147 16010000 		.4byte	0x116
 598 014b 05       		.uleb128 0x5
 599 014c 01       		.byte	0x1
 600 014d 37000000 		.4byte	0x37
 601 0151 04       		.byte	0x4
 602 0152 22       		.byte	0x22
 603 0153 94010000 		.4byte	0x194
 604 0157 06       		.uleb128 0x6
 605 0158 3C020000 		.4byte	.LASF32
 606 015c 00       		.byte	0
 607 015d 06       		.uleb128 0x6
 608 015e 32010000 		.4byte	.LASF33
 609 0162 01       		.byte	0x1
 610 0163 06       		.uleb128 0x6
 611 0164 8E030000 		.4byte	.LASF34
 612 0168 02       		.byte	0x2
ARM GAS  C:\Users\leoja\AppData\Local\Temp\ccJOPtuv.s 			page 15


 613 0169 06       		.uleb128 0x6
 614 016a 72020000 		.4byte	.LASF35
 615 016e 03       		.byte	0x3
 616 016f 06       		.uleb128 0x6
 617 0170 27050000 		.4byte	.LASF36
 618 0174 04       		.byte	0x4
 619 0175 06       		.uleb128 0x6
 620 0176 75030000 		.4byte	.LASF37
 621 017a 05       		.byte	0x5
 622 017b 06       		.uleb128 0x6
 623 017c 26040000 		.4byte	.LASF38
 624 0180 06       		.byte	0x6
 625 0181 06       		.uleb128 0x6
 626 0182 5B040000 		.4byte	.LASF39
 627 0186 07       		.byte	0x7
 628 0187 06       		.uleb128 0x6
 629 0188 3C050000 		.4byte	.LASF40
 630 018c 0E       		.byte	0xe
 631 018d 06       		.uleb128 0x6
 632 018e FD030000 		.4byte	.LASF41
 633 0192 0F       		.byte	0xf
 634 0193 00       		.byte	0
 635 0194 03       		.uleb128 0x3
 636 0195 13020000 		.4byte	.LASF42
 637 0199 04       		.byte	0x4
 638 019a 2D       		.byte	0x2d
 639 019b 4B010000 		.4byte	0x14b
 640 019f 05       		.uleb128 0x5
 641 01a0 01       		.byte	0x1
 642 01a1 37000000 		.4byte	0x37
 643 01a5 04       		.byte	0x4
 644 01a6 2F       		.byte	0x2f
 645 01a7 CA010000 		.4byte	0x1ca
 646 01ab 06       		.uleb128 0x6
 647 01ac 81010000 		.4byte	.LASF43
 648 01b0 00       		.byte	0
 649 01b1 06       		.uleb128 0x6
 650 01b2 98020000 		.4byte	.LASF44
 651 01b6 01       		.byte	0x1
 652 01b7 06       		.uleb128 0x6
 653 01b8 25000000 		.4byte	.LASF45
 654 01bc 02       		.byte	0x2
 655 01bd 06       		.uleb128 0x6
 656 01be B2000000 		.4byte	.LASF46
 657 01c2 03       		.byte	0x3
 658 01c3 06       		.uleb128 0x6
 659 01c4 F1050000 		.4byte	.LASF47
 660 01c8 04       		.byte	0x4
 661 01c9 00       		.byte	0
 662 01ca 03       		.uleb128 0x3
 663 01cb 50020000 		.4byte	.LASF48
 664 01cf 04       		.byte	0x4
 665 01d0 35       		.byte	0x35
 666 01d1 9F010000 		.4byte	0x19f
 667 01d5 08       		.uleb128 0x8
 668 01d6 E1030000 		.4byte	.LASF100
 669 01da 01       		.byte	0x1
ARM GAS  C:\Users\leoja\AppData\Local\Temp\ccJOPtuv.s 			page 16


 670 01db 89       		.byte	0x89
 671 01dc A2000000 		.4byte	0xa2
 672 01e0 00000000 		.4byte	.LFB65
 673 01e4 64000000 		.4byte	.LFE65-.LFB65
 674 01e8 01       		.uleb128 0x1
 675 01e9 9C       		.byte	0x9c
 676 01ea 1D020000 		.4byte	0x21d
 677 01ee 09       		.uleb128 0x9
 678 01ef BA040000 		.4byte	.LASF49
 679 01f3 01       		.byte	0x1
 680 01f4 8A       		.byte	0x8a
 681 01f5 CA000000 		.4byte	0xca
 682 01f9 00000000 		.4byte	.LLST0
 683 01fd 0A       		.uleb128 0xa
 684 01fe FD000000 		.4byte	.LASF50
 685 0202 01       		.byte	0x1
 686 0203 8B       		.byte	0x8b
 687 0204 A2000000 		.4byte	0xa2
 688 0208 01       		.uleb128 0x1
 689 0209 50       		.byte	0x50
 690 020a 0B       		.uleb128 0xb
 691 020b 06000000 		.4byte	.LVL0
 692 020f F2040000 		.4byte	0x4f2
 693 0213 0B       		.uleb128 0xb
 694 0214 0A000000 		.4byte	.LVL1
 695 0218 FD040000 		.4byte	0x4fd
 696 021c 00       		.byte	0
 697 021d 0C       		.uleb128 0xc
 698 021e AD000000 		.4byte	.LASF101
 699 0222 01       		.byte	0x1
 700 0223 32       		.byte	0x32
 701 0224 89000000 		.4byte	0x89
 702 0228 00000000 		.4byte	.LFB64
 703 022c 10010000 		.4byte	.LFE64-.LFB64
 704 0230 01       		.uleb128 0x1
 705 0231 9C       		.byte	0x9c
 706 0232 5A030000 		.4byte	0x35a
 707 0236 0D       		.uleb128 0xd
 708 0237 18000000 		.4byte	.LBB2
 709 023b EC000000 		.4byte	.LBE2-.LBB2
 710 023f 2C030000 		.4byte	0x32c
 711 0243 09       		.uleb128 0x9
 712 0244 63020000 		.4byte	.LASF51
 713 0248 01       		.byte	0x1
 714 0249 40       		.byte	0x40
 715 024a 97000000 		.4byte	0x97
 716 024e 18000000 		.4byte	.LLST1
 717 0252 0B       		.uleb128 0xb
 718 0253 1C000000 		.4byte	.LVL14
 719 0257 D5010000 		.4byte	0x1d5
 720 025b 0B       		.uleb128 0xb
 721 025c 2C000000 		.4byte	.LVL16
 722 0260 08050000 		.4byte	0x508
 723 0264 0B       		.uleb128 0xb
 724 0265 36000000 		.4byte	.LVL18
 725 0269 13050000 		.4byte	0x513
 726 026d 0B       		.uleb128 0xb
ARM GAS  C:\Users\leoja\AppData\Local\Temp\ccJOPtuv.s 			page 17


 727 026e 40000000 		.4byte	.LVL20
 728 0272 1E050000 		.4byte	0x51e
 729 0276 0B       		.uleb128 0xb
 730 0277 4A000000 		.4byte	.LVL22
 731 027b 29050000 		.4byte	0x529
 732 027f 0B       		.uleb128 0xb
 733 0280 4E000000 		.4byte	.LVL23
 734 0284 34050000 		.4byte	0x534
 735 0288 0B       		.uleb128 0xb
 736 0289 6A000000 		.4byte	.LVL24
 737 028d 3F050000 		.4byte	0x53f
 738 0291 0B       		.uleb128 0xb
 739 0292 6E000000 		.4byte	.LVL25
 740 0296 4A050000 		.4byte	0x54a
 741 029a 0B       		.uleb128 0xb
 742 029b 76000000 		.4byte	.LVL26
 743 029f 34050000 		.4byte	0x534
 744 02a3 0B       		.uleb128 0xb
 745 02a4 84000000 		.4byte	.LVL27
 746 02a8 55050000 		.4byte	0x555
 747 02ac 0B       		.uleb128 0xb
 748 02ad A0000000 		.4byte	.LVL28
 749 02b1 60050000 		.4byte	0x560
 750 02b5 0B       		.uleb128 0xb
 751 02b6 A4000000 		.4byte	.LVL29
 752 02ba 6B050000 		.4byte	0x56b
 753 02be 0B       		.uleb128 0xb
 754 02bf B0000000 		.4byte	.LVL30
 755 02c3 4A050000 		.4byte	0x54a
 756 02c7 0B       		.uleb128 0xb
 757 02c8 BE000000 		.4byte	.LVL31
 758 02cc 76050000 		.4byte	0x576
 759 02d0 0B       		.uleb128 0xb
 760 02d1 C2000000 		.4byte	.LVL32
 761 02d5 4A050000 		.4byte	0x54a
 762 02d9 0B       		.uleb128 0xb
 763 02da D0000000 		.4byte	.LVL33
 764 02de 3F050000 		.4byte	0x53f
 765 02e2 0B       		.uleb128 0xb
 766 02e3 DA000000 		.4byte	.LVL34
 767 02e7 4A050000 		.4byte	0x54a
 768 02eb 0B       		.uleb128 0xb
 769 02ec E0000000 		.4byte	.LVL35
 770 02f0 34050000 		.4byte	0x534
 771 02f4 0E       		.uleb128 0xe
 772 02f5 F4000000 		.4byte	.LVL36
 773 02f9 81050000 		.4byte	0x581
 774 02fd 08030000 		.4byte	0x308
 775 0301 0F       		.uleb128 0xf
 776 0302 01       		.uleb128 0x1
 777 0303 51       		.byte	0x51
 778 0304 02       		.uleb128 0x2
 779 0305 74       		.byte	0x74
 780 0306 00       		.sleb128 0
 781 0307 00       		.byte	0
 782 0308 0B       		.uleb128 0xb
 783 0309 F8000000 		.4byte	.LVL37
ARM GAS  C:\Users\leoja\AppData\Local\Temp\ccJOPtuv.s 			page 18


 784 030d 8C050000 		.4byte	0x58c
 785 0311 0B       		.uleb128 0xb
 786 0312 FC000000 		.4byte	.LVL38
 787 0316 97050000 		.4byte	0x597
 788 031a 10       		.uleb128 0x10
 789 031b 04010000 		.4byte	.LVL39
 790 031f A2050000 		.4byte	0x5a2
 791 0323 0F       		.uleb128 0xf
 792 0324 01       		.uleb128 0x1
 793 0325 50       		.byte	0x50
 794 0326 03       		.uleb128 0x3
 795 0327 0A       		.byte	0xa
 796 0328 E803     		.2byte	0x3e8
 797 032a 00       		.byte	0
 798 032b 00       		.byte	0
 799 032c 0B       		.uleb128 0xb
 800 032d 08000000 		.4byte	.LVL9
 801 0331 AD050000 		.4byte	0x5ad
 802 0335 0B       		.uleb128 0xb
 803 0336 0C000000 		.4byte	.LVL10
 804 033a B8050000 		.4byte	0x5b8
 805 033e 0B       		.uleb128 0xb
 806 033f 10000000 		.4byte	.LVL11
 807 0343 C3050000 		.4byte	0x5c3
 808 0347 0B       		.uleb128 0xb
 809 0348 14000000 		.4byte	.LVL12
 810 034c CE050000 		.4byte	0x5ce
 811 0350 0B       		.uleb128 0xb
 812 0351 18000000 		.4byte	.LVL13
 813 0355 D9050000 		.4byte	0x5d9
 814 0359 00       		.byte	0
 815 035a 11       		.uleb128 0x11
 816 035b 56050000 		.4byte	.LASF52
 817 035f 05       		.byte	0x5
 818 0360 1207     		.2byte	0x712
 819 0362 66030000 		.4byte	0x366
 820 0366 12       		.uleb128 0x12
 821 0367 B8000000 		.4byte	0xb8
 822 036b 13       		.uleb128 0x13
 823 036c 0B040000 		.4byte	.LASF53
 824 0370 01       		.byte	0x1
 825 0371 10       		.byte	0x10
 826 0372 0B010000 		.4byte	0x10b
 827 0376 05       		.uleb128 0x5
 828 0377 03       		.byte	0x3
 829 0378 00000000 		.4byte	pei_state
 830 037c 13       		.uleb128 0x13
 831 037d 57010000 		.4byte	.LASF54
 832 0381 01       		.byte	0x1
 833 0382 11       		.byte	0x11
 834 0383 97000000 		.4byte	0x97
 835 0387 05       		.uleb128 0x5
 836 0388 03       		.byte	0x3
 837 0389 00000000 		.4byte	pei_status
 838 038d 13       		.uleb128 0x13
 839 038e FD000000 		.4byte	.LASF50
 840 0392 01       		.byte	0x1
ARM GAS  C:\Users\leoja\AppData\Local\Temp\ccJOPtuv.s 			page 19


 841 0393 12       		.byte	0x12
 842 0394 A2000000 		.4byte	0xa2
 843 0398 05       		.uleb128 0x5
 844 0399 03       		.byte	0x3
 845 039a 00000000 		.4byte	current
 846 039e 13       		.uleb128 0x13
 847 039f 30050000 		.4byte	.LASF55
 848 03a3 01       		.byte	0x1
 849 03a4 13       		.byte	0x13
 850 03a5 97000000 		.4byte	0x97
 851 03a9 05       		.uleb128 0x5
 852 03aa 03       		.byte	0x3
 853 03ab 00000000 		.4byte	relay_flags
 854 03af 13       		.uleb128 0x13
 855 03b0 15040000 		.4byte	.LASF56
 856 03b4 01       		.byte	0x1
 857 03b5 16       		.byte	0x16
 858 03b6 40010000 		.4byte	0x140
 859 03ba 05       		.uleb128 0x5
 860 03bb 03       		.byte	0x3
 861 03bc 00000000 		.4byte	vcu_state
 862 03c0 13       		.uleb128 0x13
 863 03c1 E2000000 		.4byte	.LASF57
 864 03c5 01       		.byte	0x1
 865 03c6 17       		.byte	0x17
 866 03c7 97000000 		.4byte	0x97
 867 03cb 05       		.uleb128 0x5
 868 03cc 03       		.byte	0x3
 869 03cd 00000000 		.4byte	hv_requested
 870 03d1 13       		.uleb128 0x13
 871 03d2 9A000000 		.4byte	.LASF58
 872 03d6 01       		.byte	0x1
 873 03d7 18       		.byte	0x18
 874 03d8 97000000 		.4byte	0x97
 875 03dc 05       		.uleb128 0x5
 876 03dd 03       		.byte	0x3
 877 03de 00000000 		.4byte	vcu_attached
 878 03e2 13       		.uleb128 0x13
 879 03e3 FF040000 		.4byte	.LASF59
 880 03e7 01       		.byte	0x1
 881 03e8 1B       		.byte	0x1b
 882 03e9 AD000000 		.4byte	0xad
 883 03ed 05       		.uleb128 0x5
 884 03ee 03       		.byte	0x3
 885 03ef 00000000 		.4byte	bms_status
 886 03f3 13       		.uleb128 0x13
 887 03f4 71000000 		.4byte	.LASF60
 888 03f8 01       		.byte	0x1
 889 03f9 1C       		.byte	0x1c
 890 03fa AD000000 		.4byte	0xad
 891 03fe 05       		.uleb128 0x5
 892 03ff 03       		.byte	0x3
 893 0400 00000000 		.4byte	bms_voltage
 894 0404 13       		.uleb128 0x13
 895 0405 F3010000 		.4byte	.LASF61
 896 0409 01       		.byte	0x1
 897 040a 1D       		.byte	0x1d
ARM GAS  C:\Users\leoja\AppData\Local\Temp\ccJOPtuv.s 			page 20


 898 040b 97000000 		.4byte	0x97
 899 040f 05       		.uleb128 0x5
 900 0410 03       		.byte	0x3
 901 0411 00000000 		.4byte	bms_soc
 902 0415 13       		.uleb128 0x13
 903 0416 D3040000 		.4byte	.LASF62
 904 041a 01       		.byte	0x1
 905 041b 1E       		.byte	0x1e
 906 041c 97000000 		.4byte	0x97
 907 0420 05       		.uleb128 0x5
 908 0421 03       		.byte	0x3
 909 0422 00000000 		.4byte	bms_temp
 910 0426 13       		.uleb128 0x13
 911 0427 5B000000 		.4byte	.LASF63
 912 042b 01       		.byte	0x1
 913 042c 21       		.byte	0x21
 914 042d A2000000 		.4byte	0xa2
 915 0431 05       		.uleb128 0x5
 916 0432 03       		.byte	0x3
 917 0433 00000000 		.4byte	mc_voltage
 918 0437 13       		.uleb128 0x13
 919 0438 0A050000 		.4byte	.LASF64
 920 043c 01       		.byte	0x1
 921 043d 22       		.byte	0x22
 922 043e 94010000 		.4byte	0x194
 923 0442 05       		.uleb128 0x5
 924 0443 03       		.byte	0x3
 925 0444 00000000 		.4byte	mc_vsm_state
 926 0448 13       		.uleb128 0x13
 927 0449 A7040000 		.4byte	.LASF65
 928 044d 01       		.byte	0x1
 929 044e 23       		.byte	0x23
 930 044f CA010000 		.4byte	0x1ca
 931 0453 05       		.uleb128 0x5
 932 0454 03       		.byte	0x3
 933 0455 00000000 		.4byte	mc_discharge_state
 934 0459 13       		.uleb128 0x13
 935 045a 45040000 		.4byte	.LASF66
 936 045e 01       		.byte	0x1
 937 045f 24       		.byte	0x24
 938 0460 AD000000 		.4byte	0xad
 939 0464 05       		.uleb128 0x5
 940 0465 03       		.byte	0x3
 941 0466 00000000 		.4byte	mc_post_faults
 942 046a 13       		.uleb128 0x13
 943 046b 94010000 		.4byte	.LASF67
 944 046f 01       		.byte	0x1
 945 0470 25       		.byte	0x25
 946 0471 AD000000 		.4byte	0xad
 947 0475 05       		.uleb128 0x5
 948 0476 03       		.byte	0x3
 949 0477 00000000 		.4byte	mc_run_faults
 950 047b 13       		.uleb128 0x13
 951 047c 34040000 		.4byte	.LASF68
 952 0480 01       		.byte	0x1
 953 0481 28       		.byte	0x28
 954 0482 97000000 		.4byte	0x97
ARM GAS  C:\Users\leoja\AppData\Local\Temp\ccJOPtuv.s 			page 21


 955 0486 05       		.uleb128 0x5
 956 0487 03       		.byte	0x3
 957 0488 00000000 		.4byte	charger_attached
 958 048c 13       		.uleb128 0x13
 959 048d 7F030000 		.4byte	.LASF69
 960 0491 01       		.byte	0x1
 961 0492 29       		.byte	0x29
 962 0493 97000000 		.4byte	0x97
 963 0497 05       		.uleb128 0x5
 964 0498 03       		.byte	0x3
 965 0499 00000000 		.4byte	charger_status
 966 049d 13       		.uleb128 0x13
 967 049e 62010000 		.4byte	.LASF70
 968 04a2 01       		.byte	0x1
 969 04a3 2C       		.byte	0x2c
 970 04a4 AD000000 		.4byte	0xad
 971 04a8 05       		.uleb128 0x5
 972 04a9 03       		.byte	0x3
 973 04aa 00000000 		.4byte	loop_counter
 974 04ae 13       		.uleb128 0x13
 975 04af B9020000 		.4byte	.LASF71
 976 04b3 01       		.byte	0x1
 977 04b4 2D       		.byte	0x2d
 978 04b5 AD000000 		.4byte	0xad
 979 04b9 05       		.uleb128 0x5
 980 04ba 03       		.byte	0x3
 981 04bb 00000000 		.4byte	loops_since_vcu_message
 982 04bf 13       		.uleb128 0x13
 983 04c0 DC040000 		.4byte	.LASF72
 984 04c4 01       		.byte	0x1
 985 04c5 2E       		.byte	0x2e
 986 04c6 AD000000 		.4byte	0xad
 987 04ca 05       		.uleb128 0x5
 988 04cb 03       		.byte	0x3
 989 04cc 00000000 		.4byte	loops_since_bms_message
 990 04d0 13       		.uleb128 0x13
 991 04d1 B7010000 		.4byte	.LASF73
 992 04d5 01       		.byte	0x1
 993 04d6 2F       		.byte	0x2f
 994 04d7 AD000000 		.4byte	0xad
 995 04db 05       		.uleb128 0x5
 996 04dc 03       		.byte	0x3
 997 04dd 00000000 		.4byte	loops_since_mc_message
 998 04e1 13       		.uleb128 0x13
 999 04e2 CE010000 		.4byte	.LASF74
 1000 04e6 01       		.byte	0x1
 1001 04e7 30       		.byte	0x30
 1002 04e8 AD000000 		.4byte	0xad
 1003 04ec 05       		.uleb128 0x5
 1004 04ed 03       		.byte	0x3
 1005 04ee 00000000 		.4byte	loops_since_charger_message
 1006 04f2 14       		.uleb128 0x14
 1007 04f3 86000000 		.4byte	.LASF75
 1008 04f7 86000000 		.4byte	.LASF75
 1009 04fb 06       		.byte	0x6
 1010 04fc 56       		.byte	0x56
 1011 04fd 14       		.uleb128 0x14
ARM GAS  C:\Users\leoja\AppData\Local\Temp\ccJOPtuv.s 			page 22


 1012 04fe 80040000 		.4byte	.LASF76
 1013 0502 80040000 		.4byte	.LASF76
 1014 0506 06       		.byte	0x6
 1015 0507 47       		.byte	0x47
 1016 0508 14       		.uleb128 0x14
 1017 0509 0C060000 		.4byte	.LASF77
 1018 050d 0C060000 		.4byte	.LASF77
 1019 0511 07       		.byte	0x7
 1020 0512 29       		.byte	0x29
 1021 0513 14       		.uleb128 0x14
 1022 0514 AA020000 		.4byte	.LASF78
 1023 0518 AA020000 		.4byte	.LASF78
 1024 051c 08       		.byte	0x8
 1025 051d 29       		.byte	0x29
 1026 051e 14       		.uleb128 0x14
 1027 051f FB010000 		.4byte	.LASF79
 1028 0523 FB010000 		.4byte	.LASF79
 1029 0527 09       		.byte	0x9
 1030 0528 29       		.byte	0x29
 1031 0529 14       		.uleb128 0x14
 1032 052a EF000000 		.4byte	.LASF80
 1033 052e EF000000 		.4byte	.LASF80
 1034 0532 04       		.byte	0x4
 1035 0533 45       		.byte	0x45
 1036 0534 14       		.uleb128 0x14
 1037 0535 10000000 		.4byte	.LASF81
 1038 0539 10000000 		.4byte	.LASF81
 1039 053d 04       		.byte	0x4
 1040 053e 41       		.byte	0x41
 1041 053f 14       		.uleb128 0x14
 1042 0540 00000000 		.4byte	.LASF82
 1043 0544 00000000 		.4byte	.LASF82
 1044 0548 0A       		.byte	0xa
 1045 0549 12       		.byte	0x12
 1046 054a 14       		.uleb128 0x14
 1047 054b F4040000 		.4byte	.LASF83
 1048 054f F4040000 		.4byte	.LASF83
 1049 0553 04       		.byte	0x4
 1050 0554 40       		.byte	0x40
 1051 0555 14       		.uleb128 0x14
 1052 0556 05010000 		.4byte	.LASF84
 1053 055a 05010000 		.4byte	.LASF84
 1054 055e 04       		.byte	0x4
 1055 055f 43       		.byte	0x43
 1056 0560 14       		.uleb128 0x14
 1057 0561 17050000 		.4byte	.LASF85
 1058 0565 17050000 		.4byte	.LASF85
 1059 0569 0A       		.byte	0xa
 1060 056a 11       		.byte	0x11
 1061 056b 14       		.uleb128 0x14
 1062 056c CE030000 		.4byte	.LASF86
 1063 0570 CE030000 		.4byte	.LASF86
 1064 0574 04       		.byte	0x4
 1065 0575 42       		.byte	0x42
 1066 0576 14       		.uleb128 0x14
 1067 0577 31000000 		.4byte	.LASF87
 1068 057b 31000000 		.4byte	.LASF87
ARM GAS  C:\Users\leoja\AppData\Local\Temp\ccJOPtuv.s 			page 23


 1069 057f 0A       		.byte	0xa
 1070 0580 10       		.byte	0x10
 1071 0581 14       		.uleb128 0x14
 1072 0582 9F030000 		.4byte	.LASF88
 1073 0586 9F030000 		.4byte	.LASF88
 1074 058a 0B       		.byte	0xb
 1075 058b 12       		.byte	0x12
 1076 058c 14       		.uleb128 0x14
 1077 058d 28010000 		.4byte	.LASF89
 1078 0591 28010000 		.4byte	.LASF89
 1079 0595 0B       		.byte	0xb
 1080 0596 15       		.byte	0x15
 1081 0597 14       		.uleb128 0x14
 1082 0598 BF030000 		.4byte	.LASF90
 1083 059c BF030000 		.4byte	.LASF90
 1084 05a0 0C       		.byte	0xc
 1085 05a1 23       		.byte	0x23
 1086 05a2 14       		.uleb128 0x14
 1087 05a3 04060000 		.4byte	.LASF91
 1088 05a7 04060000 		.4byte	.LASF91
 1089 05ab 0D       		.byte	0xd
 1090 05ac 76       		.byte	0x76
 1091 05ad 14       		.uleb128 0x14
 1092 05ae 6C040000 		.4byte	.LASF92
 1093 05b2 6C040000 		.4byte	.LASF92
 1094 05b6 0E       		.byte	0xe
 1095 05b7 C8       		.byte	0xc8
 1096 05b8 14       		.uleb128 0x14
 1097 05b9 44030000 		.4byte	.LASF93
 1098 05bd 44030000 		.4byte	.LASF93
 1099 05c1 0E       		.byte	0xe
 1100 05c2 C4       		.byte	0xc4
 1101 05c3 14       		.uleb128 0x14
 1102 05c4 CE000000 		.4byte	.LASF94
 1103 05c8 CE000000 		.4byte	.LASF94
 1104 05cc 0E       		.byte	0xe
 1105 05cd C5       		.byte	0xc5
 1106 05ce 14       		.uleb128 0x14
 1107 05cf 15010000 		.4byte	.LASF95
 1108 05d3 15010000 		.4byte	.LASF95
 1109 05d7 06       		.byte	0x6
 1110 05d8 3A       		.byte	0x3a
 1111 05d9 14       		.uleb128 0x14
 1112 05da 46020000 		.4byte	.LASF96
 1113 05de 46020000 		.4byte	.LASF96
 1114 05e2 0F       		.byte	0xf
 1115 05e3 38       		.byte	0x38
 1116 05e4 00       		.byte	0
 1117              		.section	.debug_abbrev,"",%progbits
 1118              	.Ldebug_abbrev0:
 1119 0000 01       		.uleb128 0x1
 1120 0001 11       		.uleb128 0x11
 1121 0002 01       		.byte	0x1
 1122 0003 25       		.uleb128 0x25
 1123 0004 0E       		.uleb128 0xe
 1124 0005 13       		.uleb128 0x13
 1125 0006 0B       		.uleb128 0xb
ARM GAS  C:\Users\leoja\AppData\Local\Temp\ccJOPtuv.s 			page 24


 1126 0007 03       		.uleb128 0x3
 1127 0008 0E       		.uleb128 0xe
 1128 0009 1B       		.uleb128 0x1b
 1129 000a 0E       		.uleb128 0xe
 1130 000b 55       		.uleb128 0x55
 1131 000c 17       		.uleb128 0x17
 1132 000d 11       		.uleb128 0x11
 1133 000e 01       		.uleb128 0x1
 1134 000f 10       		.uleb128 0x10
 1135 0010 17       		.uleb128 0x17
 1136 0011 00       		.byte	0
 1137 0012 00       		.byte	0
 1138 0013 02       		.uleb128 0x2
 1139 0014 24       		.uleb128 0x24
 1140 0015 00       		.byte	0
 1141 0016 0B       		.uleb128 0xb
 1142 0017 0B       		.uleb128 0xb
 1143 0018 3E       		.uleb128 0x3e
 1144 0019 0B       		.uleb128 0xb
 1145 001a 03       		.uleb128 0x3
 1146 001b 0E       		.uleb128 0xe
 1147 001c 00       		.byte	0
 1148 001d 00       		.byte	0
 1149 001e 03       		.uleb128 0x3
 1150 001f 16       		.uleb128 0x16
 1151 0020 00       		.byte	0
 1152 0021 03       		.uleb128 0x3
 1153 0022 0E       		.uleb128 0xe
 1154 0023 3A       		.uleb128 0x3a
 1155 0024 0B       		.uleb128 0xb
 1156 0025 3B       		.uleb128 0x3b
 1157 0026 0B       		.uleb128 0xb
 1158 0027 49       		.uleb128 0x49
 1159 0028 13       		.uleb128 0x13
 1160 0029 00       		.byte	0
 1161 002a 00       		.byte	0
 1162 002b 04       		.uleb128 0x4
 1163 002c 24       		.uleb128 0x24
 1164 002d 00       		.byte	0
 1165 002e 0B       		.uleb128 0xb
 1166 002f 0B       		.uleb128 0xb
 1167 0030 3E       		.uleb128 0x3e
 1168 0031 0B       		.uleb128 0xb
 1169 0032 03       		.uleb128 0x3
 1170 0033 08       		.uleb128 0x8
 1171 0034 00       		.byte	0
 1172 0035 00       		.byte	0
 1173 0036 05       		.uleb128 0x5
 1174 0037 04       		.uleb128 0x4
 1175 0038 01       		.byte	0x1
 1176 0039 0B       		.uleb128 0xb
 1177 003a 0B       		.uleb128 0xb
 1178 003b 49       		.uleb128 0x49
 1179 003c 13       		.uleb128 0x13
 1180 003d 3A       		.uleb128 0x3a
 1181 003e 0B       		.uleb128 0xb
 1182 003f 3B       		.uleb128 0x3b
ARM GAS  C:\Users\leoja\AppData\Local\Temp\ccJOPtuv.s 			page 25


 1183 0040 0B       		.uleb128 0xb
 1184 0041 01       		.uleb128 0x1
 1185 0042 13       		.uleb128 0x13
 1186 0043 00       		.byte	0
 1187 0044 00       		.byte	0
 1188 0045 06       		.uleb128 0x6
 1189 0046 28       		.uleb128 0x28
 1190 0047 00       		.byte	0
 1191 0048 03       		.uleb128 0x3
 1192 0049 0E       		.uleb128 0xe
 1193 004a 1C       		.uleb128 0x1c
 1194 004b 0B       		.uleb128 0xb
 1195 004c 00       		.byte	0
 1196 004d 00       		.byte	0
 1197 004e 07       		.uleb128 0x7
 1198 004f 28       		.uleb128 0x28
 1199 0050 00       		.byte	0
 1200 0051 03       		.uleb128 0x3
 1201 0052 08       		.uleb128 0x8
 1202 0053 1C       		.uleb128 0x1c
 1203 0054 0B       		.uleb128 0xb
 1204 0055 00       		.byte	0
 1205 0056 00       		.byte	0
 1206 0057 08       		.uleb128 0x8
 1207 0058 2E       		.uleb128 0x2e
 1208 0059 01       		.byte	0x1
 1209 005a 3F       		.uleb128 0x3f
 1210 005b 19       		.uleb128 0x19
 1211 005c 03       		.uleb128 0x3
 1212 005d 0E       		.uleb128 0xe
 1213 005e 3A       		.uleb128 0x3a
 1214 005f 0B       		.uleb128 0xb
 1215 0060 3B       		.uleb128 0x3b
 1216 0061 0B       		.uleb128 0xb
 1217 0062 49       		.uleb128 0x49
 1218 0063 13       		.uleb128 0x13
 1219 0064 11       		.uleb128 0x11
 1220 0065 01       		.uleb128 0x1
 1221 0066 12       		.uleb128 0x12
 1222 0067 06       		.uleb128 0x6
 1223 0068 40       		.uleb128 0x40
 1224 0069 18       		.uleb128 0x18
 1225 006a 9642     		.uleb128 0x2116
 1226 006c 19       		.uleb128 0x19
 1227 006d 01       		.uleb128 0x1
 1228 006e 13       		.uleb128 0x13
 1229 006f 00       		.byte	0
 1230 0070 00       		.byte	0
 1231 0071 09       		.uleb128 0x9
 1232 0072 34       		.uleb128 0x34
 1233 0073 00       		.byte	0
 1234 0074 03       		.uleb128 0x3
 1235 0075 0E       		.uleb128 0xe
 1236 0076 3A       		.uleb128 0x3a
 1237 0077 0B       		.uleb128 0xb
 1238 0078 3B       		.uleb128 0x3b
 1239 0079 0B       		.uleb128 0xb
ARM GAS  C:\Users\leoja\AppData\Local\Temp\ccJOPtuv.s 			page 26


 1240 007a 49       		.uleb128 0x49
 1241 007b 13       		.uleb128 0x13
 1242 007c 02       		.uleb128 0x2
 1243 007d 17       		.uleb128 0x17
 1244 007e 00       		.byte	0
 1245 007f 00       		.byte	0
 1246 0080 0A       		.uleb128 0xa
 1247 0081 34       		.uleb128 0x34
 1248 0082 00       		.byte	0
 1249 0083 03       		.uleb128 0x3
 1250 0084 0E       		.uleb128 0xe
 1251 0085 3A       		.uleb128 0x3a
 1252 0086 0B       		.uleb128 0xb
 1253 0087 3B       		.uleb128 0x3b
 1254 0088 0B       		.uleb128 0xb
 1255 0089 49       		.uleb128 0x49
 1256 008a 13       		.uleb128 0x13
 1257 008b 02       		.uleb128 0x2
 1258 008c 18       		.uleb128 0x18
 1259 008d 00       		.byte	0
 1260 008e 00       		.byte	0
 1261 008f 0B       		.uleb128 0xb
 1262 0090 898201   		.uleb128 0x4109
 1263 0093 00       		.byte	0
 1264 0094 11       		.uleb128 0x11
 1265 0095 01       		.uleb128 0x1
 1266 0096 31       		.uleb128 0x31
 1267 0097 13       		.uleb128 0x13
 1268 0098 00       		.byte	0
 1269 0099 00       		.byte	0
 1270 009a 0C       		.uleb128 0xc
 1271 009b 2E       		.uleb128 0x2e
 1272 009c 01       		.byte	0x1
 1273 009d 3F       		.uleb128 0x3f
 1274 009e 19       		.uleb128 0x19
 1275 009f 03       		.uleb128 0x3
 1276 00a0 0E       		.uleb128 0xe
 1277 00a1 3A       		.uleb128 0x3a
 1278 00a2 0B       		.uleb128 0xb
 1279 00a3 3B       		.uleb128 0x3b
 1280 00a4 0B       		.uleb128 0xb
 1281 00a5 27       		.uleb128 0x27
 1282 00a6 19       		.uleb128 0x19
 1283 00a7 49       		.uleb128 0x49
 1284 00a8 13       		.uleb128 0x13
 1285 00a9 8701     		.uleb128 0x87
 1286 00ab 19       		.uleb128 0x19
 1287 00ac 11       		.uleb128 0x11
 1288 00ad 01       		.uleb128 0x1
 1289 00ae 12       		.uleb128 0x12
 1290 00af 06       		.uleb128 0x6
 1291 00b0 40       		.uleb128 0x40
 1292 00b1 18       		.uleb128 0x18
 1293 00b2 9742     		.uleb128 0x2117
 1294 00b4 19       		.uleb128 0x19
 1295 00b5 01       		.uleb128 0x1
 1296 00b6 13       		.uleb128 0x13
ARM GAS  C:\Users\leoja\AppData\Local\Temp\ccJOPtuv.s 			page 27


 1297 00b7 00       		.byte	0
 1298 00b8 00       		.byte	0
 1299 00b9 0D       		.uleb128 0xd
 1300 00ba 0B       		.uleb128 0xb
 1301 00bb 01       		.byte	0x1
 1302 00bc 11       		.uleb128 0x11
 1303 00bd 01       		.uleb128 0x1
 1304 00be 12       		.uleb128 0x12
 1305 00bf 06       		.uleb128 0x6
 1306 00c0 01       		.uleb128 0x1
 1307 00c1 13       		.uleb128 0x13
 1308 00c2 00       		.byte	0
 1309 00c3 00       		.byte	0
 1310 00c4 0E       		.uleb128 0xe
 1311 00c5 898201   		.uleb128 0x4109
 1312 00c8 01       		.byte	0x1
 1313 00c9 11       		.uleb128 0x11
 1314 00ca 01       		.uleb128 0x1
 1315 00cb 31       		.uleb128 0x31
 1316 00cc 13       		.uleb128 0x13
 1317 00cd 01       		.uleb128 0x1
 1318 00ce 13       		.uleb128 0x13
 1319 00cf 00       		.byte	0
 1320 00d0 00       		.byte	0
 1321 00d1 0F       		.uleb128 0xf
 1322 00d2 8A8201   		.uleb128 0x410a
 1323 00d5 00       		.byte	0
 1324 00d6 02       		.uleb128 0x2
 1325 00d7 18       		.uleb128 0x18
 1326 00d8 9142     		.uleb128 0x2111
 1327 00da 18       		.uleb128 0x18
 1328 00db 00       		.byte	0
 1329 00dc 00       		.byte	0
 1330 00dd 10       		.uleb128 0x10
 1331 00de 898201   		.uleb128 0x4109
 1332 00e1 01       		.byte	0x1
 1333 00e2 11       		.uleb128 0x11
 1334 00e3 01       		.uleb128 0x1
 1335 00e4 31       		.uleb128 0x31
 1336 00e5 13       		.uleb128 0x13
 1337 00e6 00       		.byte	0
 1338 00e7 00       		.byte	0
 1339 00e8 11       		.uleb128 0x11
 1340 00e9 34       		.uleb128 0x34
 1341 00ea 00       		.byte	0
 1342 00eb 03       		.uleb128 0x3
 1343 00ec 0E       		.uleb128 0xe
 1344 00ed 3A       		.uleb128 0x3a
 1345 00ee 0B       		.uleb128 0xb
 1346 00ef 3B       		.uleb128 0x3b
 1347 00f0 05       		.uleb128 0x5
 1348 00f1 49       		.uleb128 0x49
 1349 00f2 13       		.uleb128 0x13
 1350 00f3 3F       		.uleb128 0x3f
 1351 00f4 19       		.uleb128 0x19
 1352 00f5 3C       		.uleb128 0x3c
 1353 00f6 19       		.uleb128 0x19
ARM GAS  C:\Users\leoja\AppData\Local\Temp\ccJOPtuv.s 			page 28


 1354 00f7 00       		.byte	0
 1355 00f8 00       		.byte	0
 1356 00f9 12       		.uleb128 0x12
 1357 00fa 35       		.uleb128 0x35
 1358 00fb 00       		.byte	0
 1359 00fc 49       		.uleb128 0x49
 1360 00fd 13       		.uleb128 0x13
 1361 00fe 00       		.byte	0
 1362 00ff 00       		.byte	0
 1363 0100 13       		.uleb128 0x13
 1364 0101 34       		.uleb128 0x34
 1365 0102 00       		.byte	0
 1366 0103 03       		.uleb128 0x3
 1367 0104 0E       		.uleb128 0xe
 1368 0105 3A       		.uleb128 0x3a
 1369 0106 0B       		.uleb128 0xb
 1370 0107 3B       		.uleb128 0x3b
 1371 0108 0B       		.uleb128 0xb
 1372 0109 49       		.uleb128 0x49
 1373 010a 13       		.uleb128 0x13
 1374 010b 3F       		.uleb128 0x3f
 1375 010c 19       		.uleb128 0x19
 1376 010d 02       		.uleb128 0x2
 1377 010e 18       		.uleb128 0x18
 1378 010f 00       		.byte	0
 1379 0110 00       		.byte	0
 1380 0111 14       		.uleb128 0x14
 1381 0112 2E       		.uleb128 0x2e
 1382 0113 00       		.byte	0
 1383 0114 3F       		.uleb128 0x3f
 1384 0115 19       		.uleb128 0x19
 1385 0116 3C       		.uleb128 0x3c
 1386 0117 19       		.uleb128 0x19
 1387 0118 6E       		.uleb128 0x6e
 1388 0119 0E       		.uleb128 0xe
 1389 011a 03       		.uleb128 0x3
 1390 011b 0E       		.uleb128 0xe
 1391 011c 3A       		.uleb128 0x3a
 1392 011d 0B       		.uleb128 0xb
 1393 011e 3B       		.uleb128 0x3b
 1394 011f 0B       		.uleb128 0xb
 1395 0120 00       		.byte	0
 1396 0121 00       		.byte	0
 1397 0122 00       		.byte	0
 1398              		.section	.debug_loc,"",%progbits
 1399              	.Ldebug_loc0:
 1400              	.LLST0:
 1401 0000 0E000000 		.4byte	.LVL2
 1402 0004 15000000 		.4byte	.LVL3-1
 1403 0008 0600     		.2byte	0x6
 1404 000a 50       		.byte	0x50
 1405 000b 93       		.byte	0x93
 1406 000c 04       		.uleb128 0x4
 1407 000d 51       		.byte	0x51
 1408 000e 93       		.byte	0x93
 1409 000f 04       		.uleb128 0x4
 1410 0010 00000000 		.4byte	0
ARM GAS  C:\Users\leoja\AppData\Local\Temp\ccJOPtuv.s 			page 29


 1411 0014 00000000 		.4byte	0
 1412              	.LLST1:
 1413 0018 18000000 		.4byte	.LVL13
 1414 001c 28000000 		.4byte	.LVL15
 1415 0020 0200     		.2byte	0x2
 1416 0022 30       		.byte	0x30
 1417 0023 9F       		.byte	0x9f
 1418 0024 28000000 		.4byte	.LVL15
 1419 0028 10010000 		.4byte	.LFE64
 1420 002c 0100     		.2byte	0x1
 1421 002e 54       		.byte	0x54
 1422 002f 00000000 		.4byte	0
 1423 0033 00000000 		.4byte	0
 1424              		.section	.debug_aranges,"",%progbits
 1425 0000 24000000 		.4byte	0x24
 1426 0004 0200     		.2byte	0x2
 1427 0006 00000000 		.4byte	.Ldebug_info0
 1428 000a 04       		.byte	0x4
 1429 000b 00       		.byte	0
 1430 000c 0000     		.2byte	0
 1431 000e 0000     		.2byte	0
 1432 0010 00000000 		.4byte	.LFB65
 1433 0014 64000000 		.4byte	.LFE65-.LFB65
 1434 0018 00000000 		.4byte	.LFB64
 1435 001c 10010000 		.4byte	.LFE64-.LFB64
 1436 0020 00000000 		.4byte	0
 1437 0024 00000000 		.4byte	0
 1438              		.section	.debug_ranges,"",%progbits
 1439              	.Ldebug_ranges0:
 1440 0000 00000000 		.4byte	.LFB65
 1441 0004 64000000 		.4byte	.LFE65
 1442 0008 00000000 		.4byte	.LFB64
 1443 000c 10010000 		.4byte	.LFE64
 1444 0010 00000000 		.4byte	0
 1445 0014 00000000 		.4byte	0
 1446              		.section	.debug_line,"",%progbits
 1447              	.Ldebug_line0:
 1448 0000 46020000 		.section	.debug_str,"MS",%progbits,1
 1448      0200CD01 
 1448      00000201 
 1448      FB0E0D00 
 1448      01010101 
 1449              	.LASF82:
 1450 0000 636C6561 		.ascii	"clear_interlock\000"
 1450      725F696E 
 1450      7465726C 
 1450      6F636B00 
 1451              	.LASF81:
 1452 0010 68765F61 		.ascii	"hv_allowed\000"
 1452      6C6C6F77 
 1452      656400
 1453              	.LASF3:
 1454 001b 5F5F696E 		.ascii	"__int16_t\000"
 1454      7431365F 
 1454      7400
 1455              	.LASF45:
 1456 0025 53504545 		.ascii	"SPEED_CHECK\000"
ARM GAS  C:\Users\leoja\AppData\Local\Temp\ccJOPtuv.s 			page 30


 1456      445F4348 
 1456      45434B00 
 1457              	.LASF87:
 1458 0031 66696E69 		.ascii	"finish_precharge\000"
 1458      73685F70 
 1458      72656368 
 1458      61726765 
 1458      00
 1459              	.LASF13:
 1460 0042 75696E74 		.ascii	"uint8_t\000"
 1460      385F7400 
 1461              	.LASF0:
 1462 004a 7369676E 		.ascii	"signed char\000"
 1462      65642063 
 1462      68617200 
 1463              	.LASF19:
 1464 0056 63686172 		.ascii	"char\000"
 1464      00
 1465              	.LASF63:
 1466 005b 6D635F76 		.ascii	"mc_voltage\000"
 1466      6F6C7461 
 1466      676500
 1467              	.LASF28:
 1468 0066 48565F45 		.ascii	"HV_ENABLED\000"
 1468      4E41424C 
 1468      454400
 1469              	.LASF60:
 1470 0071 626D735F 		.ascii	"bms_voltage\000"
 1470      766F6C74 
 1470      61676500 
 1471              	.LASF21:
 1472 007d 73697A65 		.ascii	"sizetype\000"
 1472      74797065 
 1472      00
 1473              	.LASF75:
 1474 0086 4144435F 		.ascii	"ADC_DelSig_1_Read32\000"
 1474      44656C53 
 1474      69675F31 
 1474      5F526561 
 1474      64333200 
 1475              	.LASF58:
 1476 009a 7663755F 		.ascii	"vcu_attached\000"
 1476      61747461 
 1476      63686564 
 1476      00
 1477              	.LASF30:
 1478 00a7 4641554C 		.ascii	"FAULT\000"
 1478      5400
 1479              	.LASF101:
 1480 00ad 6D61696E 		.ascii	"main\000"
 1480      00
 1481              	.LASF46:
 1482 00b2 44495343 		.ascii	"DISCHARGE_ACTIVE\000"
 1482      48415247 
 1482      455F4143 
 1482      54495645 
 1482      00
ARM GAS  C:\Users\leoja\AppData\Local\Temp\ccJOPtuv.s 			page 31


 1483              	.LASF5:
 1484 00c3 5F5F7569 		.ascii	"__uint16_t\000"
 1484      6E743136 
 1484      5F7400
 1485              	.LASF94:
 1486 00ce 43414E5F 		.ascii	"CAN_Start\000"
 1486      53746172 
 1486      7400
 1487              	.LASF4:
 1488 00d8 73686F72 		.ascii	"short int\000"
 1488      7420696E 
 1488      7400
 1489              	.LASF57:
 1490 00e2 68765F72 		.ascii	"hv_requested\000"
 1490      65717565 
 1490      73746564 
 1490      00
 1491              	.LASF80:
 1492 00ef 75706461 		.ascii	"update_status\000"
 1492      74655F73 
 1492      74617475 
 1492      7300
 1493              	.LASF50:
 1494 00fd 63757272 		.ascii	"current\000"
 1494      656E7400 
 1495              	.LASF84:
 1496 0105 70726563 		.ascii	"precharge_ready\000"
 1496      68617267 
 1496      655F7265 
 1496      61647900 
 1497              	.LASF95:
 1498 0115 4144435F 		.ascii	"ADC_DelSig_1_Start\000"
 1498      44656C53 
 1498      69675F31 
 1498      5F537461 
 1498      727400
 1499              	.LASF89:
 1500 0128 63686563 		.ascii	"check_can\000"
 1500      6B5F6361 
 1500      6E00
 1501              	.LASF33:
 1502 0132 50524543 		.ascii	"PRECHARGE_INIT\000"
 1502      48415247 
 1502      455F494E 
 1502      495400
 1503              	.LASF31:
 1504 0141 5643555F 		.ascii	"VCU_STATE\000"
 1504      53544154 
 1504      4500
 1505              	.LASF26:
 1506 014b 5045495F 		.ascii	"PEI_STATE_t\000"
 1506      53544154 
 1506      455F7400 
 1507              	.LASF54:
 1508 0157 7065695F 		.ascii	"pei_status\000"
 1508      73746174 
 1508      757300
ARM GAS  C:\Users\leoja\AppData\Local\Temp\ccJOPtuv.s 			page 32


 1509              	.LASF70:
 1510 0162 6C6F6F70 		.ascii	"loop_counter\000"
 1510      5F636F75 
 1510      6E746572 
 1510      00
 1511              	.LASF27:
 1512 016f 50524543 		.ascii	"PRECHARGING\000"
 1512      48415247 
 1512      494E4700 
 1513              	.LASF17:
 1514 017b 666C6F61 		.ascii	"float\000"
 1514      7400
 1515              	.LASF43:
 1516 0181 44495343 		.ascii	"DISCHARGE_DISABLED\000"
 1516      48415247 
 1516      455F4449 
 1516      5341424C 
 1516      454400
 1517              	.LASF67:
 1518 0194 6D635F72 		.ascii	"mc_run_faults\000"
 1518      756E5F66 
 1518      61756C74 
 1518      7300
 1519              	.LASF10:
 1520 01a2 6C6F6E67 		.ascii	"long long int\000"
 1520      206C6F6E 
 1520      6720696E 
 1520      7400
 1521              	.LASF22:
 1522 01b0 5045495F 		.ascii	"PEI_LV\000"
 1522      4C5600
 1523              	.LASF73:
 1524 01b7 6C6F6F70 		.ascii	"loops_since_mc_message\000"
 1524      735F7369 
 1524      6E63655F 
 1524      6D635F6D 
 1524      65737361 
 1525              	.LASF74:
 1526 01ce 6C6F6F70 		.ascii	"loops_since_charger_message\000"
 1526      735F7369 
 1526      6E63655F 
 1526      63686172 
 1526      6765725F 
 1527              	.LASF8:
 1528 01ea 6C6F6E67 		.ascii	"long int\000"
 1528      20696E74 
 1528      00
 1529              	.LASF61:
 1530 01f3 626D735F 		.ascii	"bms_soc\000"
 1530      736F6300 
 1531              	.LASF79:
 1532 01fb 53445F46 		.ascii	"SD_FINAL_Read\000"
 1532      494E414C 
 1532      5F526561 
 1532      6400
 1533              	.LASF2:
 1534 0209 5F5F7569 		.ascii	"__uint8_t\000"
ARM GAS  C:\Users\leoja\AppData\Local\Temp\ccJOPtuv.s 			page 33


 1534      6E74385F 
 1534      7400
 1535              	.LASF42:
 1536 0213 4D435F56 		.ascii	"MC_VSM_STATE\000"
 1536      534D5F53 
 1536      54415445 
 1536      00
 1537              	.LASF23:
 1538 0220 5045495F 		.ascii	"PEI_PRECHARGE\000"
 1538      50524543 
 1538      48415247 
 1538      4500
 1539              	.LASF1:
 1540 022e 756E7369 		.ascii	"unsigned char\000"
 1540      676E6564 
 1540      20636861 
 1540      7200
 1541              	.LASF32:
 1542 023c 56534D5F 		.ascii	"VSM_START\000"
 1542      53544152 
 1542      5400
 1543              	.LASF96:
 1544 0246 4C43445F 		.ascii	"LCD_Start\000"
 1544      53746172 
 1544      7400
 1545              	.LASF48:
 1546 0250 4D435F44 		.ascii	"MC_DISCHARGE_STATE\000"
 1546      49534348 
 1546      41524745 
 1546      5F535441 
 1546      544500
 1547              	.LASF51:
 1548 0263 73687574 		.ascii	"shutdown_flags\000"
 1548      646F776E 
 1548      5F666C61 
 1548      677300
 1549              	.LASF35:
 1550 0272 50524543 		.ascii	"PRECHARGE_COMPLETE\000"
 1550      48415247 
 1550      455F434F 
 1550      4D504C45 
 1550      544500
 1551              	.LASF24:
 1552 0285 5045495F 		.ascii	"PEI_HV\000"
 1552      485600
 1553              	.LASF20:
 1554 028c 6C6F6E67 		.ascii	"long double\000"
 1554      20646F75 
 1554      626C6500 
 1555              	.LASF44:
 1556 0298 44495343 		.ascii	"DISCHARGE_ENABLED\000"
 1556      48415247 
 1556      455F454E 
 1556      41424C45 
 1556      4400
 1557              	.LASF78:
 1558 02aa 424D535F 		.ascii	"BMS_Fault_Read\000"
ARM GAS  C:\Users\leoja\AppData\Local\Temp\ccJOPtuv.s 			page 34


 1558      4661756C 
 1558      745F5265 
 1558      616400
 1559              	.LASF71:
 1560 02b9 6C6F6F70 		.ascii	"loops_since_vcu_message\000"
 1560      735F7369 
 1560      6E63655F 
 1560      7663755F 
 1560      6D657373 
 1561              	.LASF99:
 1562 02d1 443A5C55 		.ascii	"D:\\Users\\leoja\\Documents\\GitHub\\PEI-Firmware-F"
 1562      73657273 
 1562      5C6C656F 
 1562      6A615C44 
 1562      6F63756D 
 1563 02ff 4531305C 		.ascii	"E10\\PEI_Firmware_FE10\\PEI_Firmware_FE10.cydsn\000"
 1563      5045495F 
 1563      4669726D 
 1563      77617265 
 1563      5F464531 
 1564              	.LASF11:
 1565 032d 6C6F6E67 		.ascii	"long long unsigned int\000"
 1565      206C6F6E 
 1565      6720756E 
 1565      7369676E 
 1565      65642069 
 1566              	.LASF93:
 1567 0344 43414E5F 		.ascii	"CAN_Init\000"
 1567      496E6974 
 1567      00
 1568              	.LASF12:
 1569 034d 756E7369 		.ascii	"unsigned int\000"
 1569      676E6564 
 1569      20696E74 
 1569      00
 1570              	.LASF15:
 1571 035a 75696E74 		.ascii	"uint16_t\000"
 1571      31365F74 
 1571      00
 1572              	.LASF9:
 1573 0363 6C6F6E67 		.ascii	"long unsigned int\000"
 1573      20756E73 
 1573      69676E65 
 1573      6420696E 
 1573      7400
 1574              	.LASF37:
 1575 0375 56534D5F 		.ascii	"VSM_READY\000"
 1575      52454144 
 1575      5900
 1576              	.LASF69:
 1577 037f 63686172 		.ascii	"charger_status\000"
 1577      6765725F 
 1577      73746174 
 1577      757300
 1578              	.LASF34:
 1579 038e 50524543 		.ascii	"PRECHARGE_ACTIVE\000"
 1579      48415247 
ARM GAS  C:\Users\leoja\AppData\Local\Temp\ccJOPtuv.s 			page 35


 1579      455F4143 
 1579      54495645 
 1579      00
 1580              	.LASF88:
 1581 039f 63616E5F 		.ascii	"can_send_PEI\000"
 1581      73656E64 
 1581      5F504549 
 1581      00
 1582              	.LASF6:
 1583 03ac 73686F72 		.ascii	"short unsigned int\000"
 1583      7420756E 
 1583      7369676E 
 1583      65642069 
 1583      6E7400
 1584              	.LASF90:
 1585 03bf 75706461 		.ascii	"update_display\000"
 1585      74655F64 
 1585      6973706C 
 1585      617900
 1586              	.LASF86:
 1587 03ce 70726563 		.ascii	"precharge_complete\000"
 1587      68617267 
 1587      655F636F 
 1587      6D706C65 
 1587      746500
 1588              	.LASF100:
 1589 03e1 6765745F 		.ascii	"get_current\000"
 1589      63757272 
 1589      656E7400 
 1590              	.LASF16:
 1591 03ed 696E7433 		.ascii	"int32_t\000"
 1591      325F7400 
 1592              	.LASF14:
 1593 03f5 696E7431 		.ascii	"int16_t\000"
 1593      365F7400 
 1594              	.LASF41:
 1595 03fd 52454359 		.ascii	"RECYCLE_POWER\000"
 1595      434C455F 
 1595      504F5745 
 1595      5200
 1596              	.LASF53:
 1597 040b 7065695F 		.ascii	"pei_state\000"
 1597      73746174 
 1597      6500
 1598              	.LASF56:
 1599 0415 7663755F 		.ascii	"vcu_state\000"
 1599      73746174 
 1599      6500
 1600              	.LASF98:
 1601 041f 6D61696E 		.ascii	"main.c\000"
 1601      2E6300
 1602              	.LASF38:
 1603 0426 4D4F544F 		.ascii	"MOTOR_RUNNING\000"
 1603      525F5255 
 1603      4E4E494E 
 1603      4700
 1604              	.LASF68:
ARM GAS  C:\Users\leoja\AppData\Local\Temp\ccJOPtuv.s 			page 36


 1605 0434 63686172 		.ascii	"charger_attached\000"
 1605      6765725F 
 1605      61747461 
 1605      63686564 
 1605      00
 1606              	.LASF66:
 1607 0445 6D635F70 		.ascii	"mc_post_faults\000"
 1607      6F73745F 
 1607      6661756C 
 1607      747300
 1608              	.LASF18:
 1609 0454 646F7562 		.ascii	"double\000"
 1609      6C6500
 1610              	.LASF39:
 1611 045b 424C494E 		.ascii	"BLINK_FAULT_CODE\000"
 1611      4B5F4641 
 1611      554C545F 
 1611      434F4445 
 1611      00
 1612              	.LASF92:
 1613 046c 43414E5F 		.ascii	"CAN_GlobalIntEnable\000"
 1613      476C6F62 
 1613      616C496E 
 1613      74456E61 
 1613      626C6500 
 1614              	.LASF76:
 1615 0480 4144435F 		.ascii	"ADC_DelSig_1_CountsTo_mVolts\000"
 1615      44656C53 
 1615      69675F31 
 1615      5F436F75 
 1615      6E747354 
 1616              	.LASF7:
 1617 049d 5F5F696E 		.ascii	"__int32_t\000"
 1617      7433325F 
 1617      7400
 1618              	.LASF65:
 1619 04a7 6D635F64 		.ascii	"mc_discharge_state\000"
 1619      69736368 
 1619      61726765 
 1619      5F737461 
 1619      746500
 1620              	.LASF49:
 1621 04ba 63757272 		.ascii	"current_raw_mv\000"
 1621      656E745F 
 1621      7261775F 
 1621      6D7600
 1622              	.LASF25:
 1623 04c9 5045495F 		.ascii	"PEI_FAULT\000"
 1623      4641554C 
 1623      5400
 1624              	.LASF62:
 1625 04d3 626D735F 		.ascii	"bms_temp\000"
 1625      74656D70 
 1625      00
 1626              	.LASF72:
 1627 04dc 6C6F6F70 		.ascii	"loops_since_bms_message\000"
 1627      735F7369 
ARM GAS  C:\Users\leoja\AppData\Local\Temp\ccJOPtuv.s 			page 37


 1627      6E63655F 
 1627      626D735F 
 1627      6D657373 
 1628              	.LASF83:
 1629 04f4 68765F72 		.ascii	"hv_request\000"
 1629      65717565 
 1629      737400
 1630              	.LASF59:
 1631 04ff 626D735F 		.ascii	"bms_status\000"
 1631      73746174 
 1631      757300
 1632              	.LASF64:
 1633 050a 6D635F76 		.ascii	"mc_vsm_state\000"
 1633      736D5F73 
 1633      74617465 
 1633      00
 1634              	.LASF85:
 1635 0517 73746172 		.ascii	"start_precharge\000"
 1635      745F7072 
 1635      65636861 
 1635      72676500 
 1636              	.LASF36:
 1637 0527 56534D5F 		.ascii	"VSM_WAIT\000"
 1637      57414954 
 1637      00
 1638              	.LASF55:
 1639 0530 72656C61 		.ascii	"relay_flags\000"
 1639      795F666C 
 1639      61677300 
 1640              	.LASF40:
 1641 053c 53485554 		.ascii	"SHUTDOWN_IN_PROCESS\000"
 1641      444F574E 
 1641      5F494E5F 
 1641      50524F43 
 1641      45535300 
 1642              	.LASF29:
 1643 0550 44524956 		.ascii	"DRIVE\000"
 1643      4500
 1644              	.LASF52:
 1645 0556 49544D5F 		.ascii	"ITM_RxBuffer\000"
 1645      52784275 
 1645      66666572 
 1645      00
 1646              	.LASF97:
 1647 0563 474E5520 		.ascii	"GNU C11 5.4.1 20160609 (release) [ARM/embedded-5-br"
 1647      43313120 
 1647      352E342E 
 1647      31203230 
 1647      31363036 
 1648 0596 616E6368 		.ascii	"anch revision 237715] -mcpu=cortex-m3 -mthumb -g -O"
 1648      20726576 
 1648      6973696F 
 1648      6E203233 
 1648      37373135 
 1649 05c9 67202D66 		.ascii	"g -ffunction-sections -ffat-lto-objects\000"
 1649      66756E63 
 1649      74696F6E 
ARM GAS  C:\Users\leoja\AppData\Local\Temp\ccJOPtuv.s 			page 38


 1649      2D736563 
 1649      74696F6E 
 1650              	.LASF47:
 1651 05f1 44495343 		.ascii	"DISCHARGE_COMPLETE\000"
 1651      48415247 
 1651      455F434F 
 1651      4D504C45 
 1651      544500
 1652              	.LASF91:
 1653 0604 43794465 		.ascii	"CyDelay\000"
 1653      6C617900 
 1654              	.LASF77:
 1655 060c 494D445F 		.ascii	"IMD_Fault_Read\000"
 1655      4661756C 
 1655      745F5265 
 1655      616400
 1656              		.ident	"GCC: (GNU Tools for ARM Embedded Processors) 5.4.1 20160609 (release) [ARM/embedded-5-bran
