ARM GAS  C:\Users\leoja\AppData\Local\Temp\ccA8GV0O.s 			page 1


   1              		.syntax unified
   2              		.cpu cortex-m3
   3              		.fpu softvfp
   4              		.eabi_attribute 20, 1
   5              		.eabi_attribute 21, 1
   6              		.eabi_attribute 23, 3
   7              		.eabi_attribute 24, 1
   8              		.eabi_attribute 25, 1
   9              		.eabi_attribute 26, 1
  10              		.eabi_attribute 30, 1
  11              		.eabi_attribute 34, 1
  12              		.eabi_attribute 18, 4
  13              		.thumb
  14              		.syntax unified
  15              		.file	"CAN_INT.c"
  16              		.text
  17              	.Ltext0:
  18              		.cfi_sections	.debug_frame
  19              		.section	.text.CAN_MsgRXIsr,"ax",%progbits
  20              		.align	2
  21              		.global	CAN_MsgRXIsr
  22              		.thumb
  23              		.thumb_func
  24              		.type	CAN_MsgRXIsr, %function
  25              	CAN_MsgRXIsr:
  26              	.LFB0:
  27              		.file 1 "Generated_Source\\PSoC5\\CAN_INT.c"
   1:Generated_Source\PSoC5/CAN_INT.c **** /*******************************************************************************
   2:Generated_Source\PSoC5/CAN_INT.c **** * File Name: CAN_INT.c
   3:Generated_Source\PSoC5/CAN_INT.c **** * Version 3.0
   4:Generated_Source\PSoC5/CAN_INT.c **** *
   5:Generated_Source\PSoC5/CAN_INT.c **** * Description:
   6:Generated_Source\PSoC5/CAN_INT.c **** *  This file contains Interrupt Service Routine (ISR) for CAN Component.
   7:Generated_Source\PSoC5/CAN_INT.c **** *  The Interrupt handlers functions are generated accordingly to the PSoC
   8:Generated_Source\PSoC5/CAN_INT.c **** *  Creator Customizer inputs.
   9:Generated_Source\PSoC5/CAN_INT.c **** *
  10:Generated_Source\PSoC5/CAN_INT.c **** * Note:
  11:Generated_Source\PSoC5/CAN_INT.c **** *  None
  12:Generated_Source\PSoC5/CAN_INT.c **** *
  13:Generated_Source\PSoC5/CAN_INT.c **** ********************************************************************************
  14:Generated_Source\PSoC5/CAN_INT.c **** * Copyright 2008-2015, Cypress Semiconductor Corporation.  All rights reserved.
  15:Generated_Source\PSoC5/CAN_INT.c **** * You may use this file only in accordance with the license, terms, conditions,
  16:Generated_Source\PSoC5/CAN_INT.c **** * disclaimers, and limitations in the end user license agreement accompanying
  17:Generated_Source\PSoC5/CAN_INT.c **** * the software package with which this file was provided.
  18:Generated_Source\PSoC5/CAN_INT.c **** *******************************************************************************/
  19:Generated_Source\PSoC5/CAN_INT.c **** 
  20:Generated_Source\PSoC5/CAN_INT.c **** #include "CAN.h"
  21:Generated_Source\PSoC5/CAN_INT.c **** #include "cyapicallbacks.h"
  22:Generated_Source\PSoC5/CAN_INT.c **** 
  23:Generated_Source\PSoC5/CAN_INT.c **** /* `#START CAN_INT_C_CODE_DEFINITION` */
  24:Generated_Source\PSoC5/CAN_INT.c **** 
  25:Generated_Source\PSoC5/CAN_INT.c **** /* `#END` */
  26:Generated_Source\PSoC5/CAN_INT.c **** 
  27:Generated_Source\PSoC5/CAN_INT.c **** #if (CAN_ARB_LOST)
  28:Generated_Source\PSoC5/CAN_INT.c ****     /*******************************************************************************
  29:Generated_Source\PSoC5/CAN_INT.c ****     * FUNCTION NAME:   CAN_ArbLostIsr
  30:Generated_Source\PSoC5/CAN_INT.c ****     ********************************************************************************
ARM GAS  C:\Users\leoja\AppData\Local\Temp\ccA8GV0O.s 			page 2


  31:Generated_Source\PSoC5/CAN_INT.c ****     *
  32:Generated_Source\PSoC5/CAN_INT.c ****     * Summary:
  33:Generated_Source\PSoC5/CAN_INT.c ****     *  This function is entry point to Arbitration Lost Interrupt. Clears
  34:Generated_Source\PSoC5/CAN_INT.c ****     *  Arbitration Lost interrupt flag. Only generated if Arbitration Lost
  35:Generated_Source\PSoC5/CAN_INT.c ****     *  Interrupt enable in Customizer.
  36:Generated_Source\PSoC5/CAN_INT.c ****     *
  37:Generated_Source\PSoC5/CAN_INT.c ****     * Parameters:
  38:Generated_Source\PSoC5/CAN_INT.c ****     *  None.
  39:Generated_Source\PSoC5/CAN_INT.c ****     *
  40:Generated_Source\PSoC5/CAN_INT.c ****     * Return:
  41:Generated_Source\PSoC5/CAN_INT.c ****     *  None.
  42:Generated_Source\PSoC5/CAN_INT.c ****     *
  43:Generated_Source\PSoC5/CAN_INT.c ****     * Reentrant:
  44:Generated_Source\PSoC5/CAN_INT.c ****     *  Depends on Customer code.
  45:Generated_Source\PSoC5/CAN_INT.c ****     *
  46:Generated_Source\PSoC5/CAN_INT.c ****     *******************************************************************************/
  47:Generated_Source\PSoC5/CAN_INT.c ****     void CAN_ArbLostIsr(void) 
  48:Generated_Source\PSoC5/CAN_INT.c ****     {
  49:Generated_Source\PSoC5/CAN_INT.c ****         /* Clear Arbitration Lost flag */
  50:Generated_Source\PSoC5/CAN_INT.c ****         CAN_INT_SR_REG.byte[0u] = CAN_ARBITRATION_LOST_MASK;
  51:Generated_Source\PSoC5/CAN_INT.c **** 
  52:Generated_Source\PSoC5/CAN_INT.c ****         /* `#START ARBITRATION_LOST_ISR` */
  53:Generated_Source\PSoC5/CAN_INT.c **** 
  54:Generated_Source\PSoC5/CAN_INT.c ****         /* `#END` */
  55:Generated_Source\PSoC5/CAN_INT.c **** 
  56:Generated_Source\PSoC5/CAN_INT.c ****         #ifdef CAN_ARB_LOST_ISR_CALLBACK
  57:Generated_Source\PSoC5/CAN_INT.c ****             CAN_ArbLostIsr_Callback();
  58:Generated_Source\PSoC5/CAN_INT.c ****         #endif /* CAN_ARB_LOST_ISR_CALLBACK */
  59:Generated_Source\PSoC5/CAN_INT.c ****     }
  60:Generated_Source\PSoC5/CAN_INT.c **** #endif /* CAN_ARB_LOST */
  61:Generated_Source\PSoC5/CAN_INT.c **** 
  62:Generated_Source\PSoC5/CAN_INT.c **** 
  63:Generated_Source\PSoC5/CAN_INT.c **** #if (CAN_OVERLOAD)
  64:Generated_Source\PSoC5/CAN_INT.c ****     /*******************************************************************************
  65:Generated_Source\PSoC5/CAN_INT.c ****     * FUNCTION NAME:   CAN_OvrLdErrorIsr
  66:Generated_Source\PSoC5/CAN_INT.c ****     ********************************************************************************
  67:Generated_Source\PSoC5/CAN_INT.c ****     *
  68:Generated_Source\PSoC5/CAN_INT.c ****     * Summary:
  69:Generated_Source\PSoC5/CAN_INT.c ****     *  This function is entry point to Overload Error Interrupt. Clears Overload
  70:Generated_Source\PSoC5/CAN_INT.c ****     *  Error interrupt flag. Only generated if Overload Error Interrupt enable
  71:Generated_Source\PSoC5/CAN_INT.c ****     *  in Customizer.
  72:Generated_Source\PSoC5/CAN_INT.c ****     *
  73:Generated_Source\PSoC5/CAN_INT.c ****     * Parameters:
  74:Generated_Source\PSoC5/CAN_INT.c ****     *  None.
  75:Generated_Source\PSoC5/CAN_INT.c ****     *
  76:Generated_Source\PSoC5/CAN_INT.c ****     * Return:
  77:Generated_Source\PSoC5/CAN_INT.c ****     *  None.
  78:Generated_Source\PSoC5/CAN_INT.c ****     *
  79:Generated_Source\PSoC5/CAN_INT.c ****     * Reentrant:
  80:Generated_Source\PSoC5/CAN_INT.c ****     *  Depends on Customer code.
  81:Generated_Source\PSoC5/CAN_INT.c ****     *
  82:Generated_Source\PSoC5/CAN_INT.c ****     *******************************************************************************/
  83:Generated_Source\PSoC5/CAN_INT.c ****     void CAN_OvrLdErrorIsr(void) 
  84:Generated_Source\PSoC5/CAN_INT.c ****     {
  85:Generated_Source\PSoC5/CAN_INT.c ****         /* Clear Overload Error flag */
  86:Generated_Source\PSoC5/CAN_INT.c ****         CAN_INT_SR_REG.byte[0u] = CAN_OVERLOAD_ERROR_MASK;
  87:Generated_Source\PSoC5/CAN_INT.c **** 
ARM GAS  C:\Users\leoja\AppData\Local\Temp\ccA8GV0O.s 			page 3


  88:Generated_Source\PSoC5/CAN_INT.c ****         /* `#START OVER_LOAD_ERROR_ISR` */
  89:Generated_Source\PSoC5/CAN_INT.c **** 
  90:Generated_Source\PSoC5/CAN_INT.c ****         /* `#END` */
  91:Generated_Source\PSoC5/CAN_INT.c **** 
  92:Generated_Source\PSoC5/CAN_INT.c ****         #ifdef CAN_OVR_LD_ERROR_ISR_CALLBACK
  93:Generated_Source\PSoC5/CAN_INT.c ****             CAN_OvrLdErrorIsr_Callback();
  94:Generated_Source\PSoC5/CAN_INT.c ****         #endif /* CAN_OVR_LD_ERROR_ISR_CALLBACK */
  95:Generated_Source\PSoC5/CAN_INT.c ****     }
  96:Generated_Source\PSoC5/CAN_INT.c **** #endif /* CAN_OVERLOAD */
  97:Generated_Source\PSoC5/CAN_INT.c **** 
  98:Generated_Source\PSoC5/CAN_INT.c **** 
  99:Generated_Source\PSoC5/CAN_INT.c **** #if (CAN_BIT_ERR)
 100:Generated_Source\PSoC5/CAN_INT.c ****     /*******************************************************************************
 101:Generated_Source\PSoC5/CAN_INT.c ****     * FUNCTION NAME:   CAN_BitErrorIsr
 102:Generated_Source\PSoC5/CAN_INT.c ****     ********************************************************************************
 103:Generated_Source\PSoC5/CAN_INT.c ****     *
 104:Generated_Source\PSoC5/CAN_INT.c ****     * Summary:
 105:Generated_Source\PSoC5/CAN_INT.c ****     *  This function is entry point to Bit Error Interrupt. Clears Bit Error
 106:Generated_Source\PSoC5/CAN_INT.c ****     *  interrupt flag. Only generated if Bit Error Interrupt enable in Customizer.
 107:Generated_Source\PSoC5/CAN_INT.c ****     *
 108:Generated_Source\PSoC5/CAN_INT.c ****     * Parameters:
 109:Generated_Source\PSoC5/CAN_INT.c ****     *  None.
 110:Generated_Source\PSoC5/CAN_INT.c ****     *
 111:Generated_Source\PSoC5/CAN_INT.c ****     * Return:
 112:Generated_Source\PSoC5/CAN_INT.c ****     *  None.
 113:Generated_Source\PSoC5/CAN_INT.c ****     *
 114:Generated_Source\PSoC5/CAN_INT.c ****     * Reentrant:
 115:Generated_Source\PSoC5/CAN_INT.c ****     *  Depends on Customer code.
 116:Generated_Source\PSoC5/CAN_INT.c ****     *
 117:Generated_Source\PSoC5/CAN_INT.c ****     *******************************************************************************/
 118:Generated_Source\PSoC5/CAN_INT.c ****     void CAN_BitErrorIsr(void) 
 119:Generated_Source\PSoC5/CAN_INT.c ****     {
 120:Generated_Source\PSoC5/CAN_INT.c ****         /* Clear Bit Error flag */
 121:Generated_Source\PSoC5/CAN_INT.c ****         CAN_INT_SR_REG.byte[0u] = CAN_BIT_ERROR_MASK;
 122:Generated_Source\PSoC5/CAN_INT.c **** 
 123:Generated_Source\PSoC5/CAN_INT.c ****         /* `#START BIT_ERROR_ISR` */
 124:Generated_Source\PSoC5/CAN_INT.c **** 
 125:Generated_Source\PSoC5/CAN_INT.c ****         /* `#END` */
 126:Generated_Source\PSoC5/CAN_INT.c **** 
 127:Generated_Source\PSoC5/CAN_INT.c ****         #ifdef CAN_BIT_ERROR_ISR_CALLBACK
 128:Generated_Source\PSoC5/CAN_INT.c ****             CAN_BitErrorIsr_Callback();
 129:Generated_Source\PSoC5/CAN_INT.c ****         #endif /* CAN_BIT_ERROR_ISR_CALLBACK */
 130:Generated_Source\PSoC5/CAN_INT.c ****     }
 131:Generated_Source\PSoC5/CAN_INT.c **** #endif /* CAN_BIT_ERR */
 132:Generated_Source\PSoC5/CAN_INT.c **** 
 133:Generated_Source\PSoC5/CAN_INT.c **** 
 134:Generated_Source\PSoC5/CAN_INT.c **** #if (CAN_STUFF_ERR)
 135:Generated_Source\PSoC5/CAN_INT.c ****     /*******************************************************************************
 136:Generated_Source\PSoC5/CAN_INT.c ****     * FUNCTION NAME:   CAN_BitStuffErrorIsr
 137:Generated_Source\PSoC5/CAN_INT.c ****     ********************************************************************************
 138:Generated_Source\PSoC5/CAN_INT.c ****     *
 139:Generated_Source\PSoC5/CAN_INT.c ****     * Summary:
 140:Generated_Source\PSoC5/CAN_INT.c ****     *  This function is entry point to Bit Stuff Error Interrupt. Clears Bit Stuff
 141:Generated_Source\PSoC5/CAN_INT.c ****     *  Error interrupt flag. Only generated if Bit Stuff Error Interrupt enable
 142:Generated_Source\PSoC5/CAN_INT.c ****     *  in Customizer.
 143:Generated_Source\PSoC5/CAN_INT.c ****     *
 144:Generated_Source\PSoC5/CAN_INT.c ****     * Parameters:
ARM GAS  C:\Users\leoja\AppData\Local\Temp\ccA8GV0O.s 			page 4


 145:Generated_Source\PSoC5/CAN_INT.c ****     *  None.
 146:Generated_Source\PSoC5/CAN_INT.c ****     *
 147:Generated_Source\PSoC5/CAN_INT.c ****     * Return:
 148:Generated_Source\PSoC5/CAN_INT.c ****     *  None.
 149:Generated_Source\PSoC5/CAN_INT.c ****     *
 150:Generated_Source\PSoC5/CAN_INT.c ****     * Reentrant:
 151:Generated_Source\PSoC5/CAN_INT.c ****     *  Depends on Customer code.
 152:Generated_Source\PSoC5/CAN_INT.c ****     *
 153:Generated_Source\PSoC5/CAN_INT.c ****     *******************************************************************************/
 154:Generated_Source\PSoC5/CAN_INT.c ****     void CAN_BitStuffErrorIsr(void) 
 155:Generated_Source\PSoC5/CAN_INT.c ****     {
 156:Generated_Source\PSoC5/CAN_INT.c ****         /* Clear Stuff Error flag */
 157:Generated_Source\PSoC5/CAN_INT.c ****         CAN_INT_SR_REG.byte[0u] = CAN_STUFF_ERROR_MASK;
 158:Generated_Source\PSoC5/CAN_INT.c **** 
 159:Generated_Source\PSoC5/CAN_INT.c ****         /* `#START BIT_STUFF_ERROR_ISR` */
 160:Generated_Source\PSoC5/CAN_INT.c **** 
 161:Generated_Source\PSoC5/CAN_INT.c ****         /* `#END` */
 162:Generated_Source\PSoC5/CAN_INT.c **** 
 163:Generated_Source\PSoC5/CAN_INT.c ****         #ifdef CAN_BIT_STUFF_ERROR_ISR_CALLBACK
 164:Generated_Source\PSoC5/CAN_INT.c ****             CAN_BitStuffErrorIsr_Callback();
 165:Generated_Source\PSoC5/CAN_INT.c ****         #endif /* CAN_BIT_STUFF_ERROR_ISR_CALLBACK */
 166:Generated_Source\PSoC5/CAN_INT.c ****     }
 167:Generated_Source\PSoC5/CAN_INT.c **** #endif /* CAN_STUFF_ERR */
 168:Generated_Source\PSoC5/CAN_INT.c **** 
 169:Generated_Source\PSoC5/CAN_INT.c **** 
 170:Generated_Source\PSoC5/CAN_INT.c **** #if (CAN_ACK_ERR)
 171:Generated_Source\PSoC5/CAN_INT.c ****     /*******************************************************************************
 172:Generated_Source\PSoC5/CAN_INT.c ****     * FUNCTION NAME:   CAN_AckErrorIsr
 173:Generated_Source\PSoC5/CAN_INT.c ****     ********************************************************************************
 174:Generated_Source\PSoC5/CAN_INT.c ****     *
 175:Generated_Source\PSoC5/CAN_INT.c ****     * Summary:
 176:Generated_Source\PSoC5/CAN_INT.c ****     *  This function is entry point to Acknowledge Error Interrupt. Clears
 177:Generated_Source\PSoC5/CAN_INT.c ****     *  Acknowledge Error interrupt flag. Only generated if Acknowledge Error
 178:Generated_Source\PSoC5/CAN_INT.c ****     *  Interrupt enable in Customizer.
 179:Generated_Source\PSoC5/CAN_INT.c ****     *
 180:Generated_Source\PSoC5/CAN_INT.c ****     * Parameters:
 181:Generated_Source\PSoC5/CAN_INT.c ****     *  None.
 182:Generated_Source\PSoC5/CAN_INT.c ****     *
 183:Generated_Source\PSoC5/CAN_INT.c ****     * Return:
 184:Generated_Source\PSoC5/CAN_INT.c ****     *  None.
 185:Generated_Source\PSoC5/CAN_INT.c ****     *
 186:Generated_Source\PSoC5/CAN_INT.c ****     * Reentrant:
 187:Generated_Source\PSoC5/CAN_INT.c ****     *  Depends on Customer code.
 188:Generated_Source\PSoC5/CAN_INT.c ****     *
 189:Generated_Source\PSoC5/CAN_INT.c ****     *******************************************************************************/
 190:Generated_Source\PSoC5/CAN_INT.c ****     void CAN_AckErrorIsr(void) 
 191:Generated_Source\PSoC5/CAN_INT.c ****     {
 192:Generated_Source\PSoC5/CAN_INT.c ****         /* Clear Acknoledge Error flag */
 193:Generated_Source\PSoC5/CAN_INT.c ****         CAN_INT_SR_REG.byte[0u] = CAN_ACK_ERROR_MASK;
 194:Generated_Source\PSoC5/CAN_INT.c **** 
 195:Generated_Source\PSoC5/CAN_INT.c ****         /* `#START ACKNOWLEDGE_ERROR_ISR` */
 196:Generated_Source\PSoC5/CAN_INT.c **** 
 197:Generated_Source\PSoC5/CAN_INT.c ****         /* `#END` */
 198:Generated_Source\PSoC5/CAN_INT.c **** 
 199:Generated_Source\PSoC5/CAN_INT.c ****         #ifdef CAN_ACK_ERROR_ISR_CALLBACK
 200:Generated_Source\PSoC5/CAN_INT.c ****             CAN_AckErrorIsr_Callback();
 201:Generated_Source\PSoC5/CAN_INT.c ****         #endif /* CAN_ACK_ERROR_ISR_CALLBACK */
ARM GAS  C:\Users\leoja\AppData\Local\Temp\ccA8GV0O.s 			page 5


 202:Generated_Source\PSoC5/CAN_INT.c ****     }
 203:Generated_Source\PSoC5/CAN_INT.c **** #endif /* CAN_ACK_ERR */
 204:Generated_Source\PSoC5/CAN_INT.c **** 
 205:Generated_Source\PSoC5/CAN_INT.c **** 
 206:Generated_Source\PSoC5/CAN_INT.c **** #if (CAN_FORM_ERR)
 207:Generated_Source\PSoC5/CAN_INT.c ****     /*******************************************************************************
 208:Generated_Source\PSoC5/CAN_INT.c ****     * FUNCTION NAME:   CAN_MsgErrorIsr
 209:Generated_Source\PSoC5/CAN_INT.c ****     ********************************************************************************
 210:Generated_Source\PSoC5/CAN_INT.c ****     *
 211:Generated_Source\PSoC5/CAN_INT.c ****     * Summary:
 212:Generated_Source\PSoC5/CAN_INT.c ****     *  This function is entry point to Form Error Interrupt. Clears Form Error
 213:Generated_Source\PSoC5/CAN_INT.c ****     *  interrupt flag. Only generated if Form Error Interrupt enable in Customizer.
 214:Generated_Source\PSoC5/CAN_INT.c ****     *
 215:Generated_Source\PSoC5/CAN_INT.c ****     * Parameters:
 216:Generated_Source\PSoC5/CAN_INT.c ****     *  None.
 217:Generated_Source\PSoC5/CAN_INT.c ****     *
 218:Generated_Source\PSoC5/CAN_INT.c ****     * Return:
 219:Generated_Source\PSoC5/CAN_INT.c ****     *  None.
 220:Generated_Source\PSoC5/CAN_INT.c ****     *
 221:Generated_Source\PSoC5/CAN_INT.c ****     * Reentrant:
 222:Generated_Source\PSoC5/CAN_INT.c ****     *  Depends on Customer code.
 223:Generated_Source\PSoC5/CAN_INT.c ****     *
 224:Generated_Source\PSoC5/CAN_INT.c ****     *******************************************************************************/
 225:Generated_Source\PSoC5/CAN_INT.c ****     void CAN_MsgErrorIsr(void) 
 226:Generated_Source\PSoC5/CAN_INT.c ****     {
 227:Generated_Source\PSoC5/CAN_INT.c ****         /* Clear Form Error flag */
 228:Generated_Source\PSoC5/CAN_INT.c ****         CAN_INT_SR_REG.byte[0u] = CAN_FORM_ERROR_MASK;
 229:Generated_Source\PSoC5/CAN_INT.c **** 
 230:Generated_Source\PSoC5/CAN_INT.c ****         /* `#START MESSAGE_ERROR_ISR` */
 231:Generated_Source\PSoC5/CAN_INT.c **** 
 232:Generated_Source\PSoC5/CAN_INT.c ****         /* `#END` */
 233:Generated_Source\PSoC5/CAN_INT.c **** 
 234:Generated_Source\PSoC5/CAN_INT.c ****         #ifdef CAN_MSG_ERROR_ISR_CALLBACK
 235:Generated_Source\PSoC5/CAN_INT.c ****             CAN_MsgErrorIsr_Callback();
 236:Generated_Source\PSoC5/CAN_INT.c ****         #endif /* CAN_MSG_ERROR_ISR_CALLBACK */
 237:Generated_Source\PSoC5/CAN_INT.c ****     }
 238:Generated_Source\PSoC5/CAN_INT.c **** #endif /* CAN_FORM_ERR */
 239:Generated_Source\PSoC5/CAN_INT.c **** 
 240:Generated_Source\PSoC5/CAN_INT.c **** 
 241:Generated_Source\PSoC5/CAN_INT.c **** #if (CAN_CRC_ERR)
 242:Generated_Source\PSoC5/CAN_INT.c ****     /*******************************************************************************
 243:Generated_Source\PSoC5/CAN_INT.c ****     * FUNCTION NAME:   CAN_CrcErrorIsr
 244:Generated_Source\PSoC5/CAN_INT.c ****     ********************************************************************************
 245:Generated_Source\PSoC5/CAN_INT.c ****     *
 246:Generated_Source\PSoC5/CAN_INT.c ****     * Summary:
 247:Generated_Source\PSoC5/CAN_INT.c ****     *  This function is entry point to CRC Error Interrupt. Clears CRC Error
 248:Generated_Source\PSoC5/CAN_INT.c ****     *  interrupt flag. Only generated if CRC Error Interrupt enable in Customizer.
 249:Generated_Source\PSoC5/CAN_INT.c ****     *
 250:Generated_Source\PSoC5/CAN_INT.c ****     * Parameters:
 251:Generated_Source\PSoC5/CAN_INT.c ****     *  None.
 252:Generated_Source\PSoC5/CAN_INT.c ****     *
 253:Generated_Source\PSoC5/CAN_INT.c ****     * Return:
 254:Generated_Source\PSoC5/CAN_INT.c ****     *  None.
 255:Generated_Source\PSoC5/CAN_INT.c ****     *
 256:Generated_Source\PSoC5/CAN_INT.c ****     * Reentrant:
 257:Generated_Source\PSoC5/CAN_INT.c ****     *  Depends on Customer code.
 258:Generated_Source\PSoC5/CAN_INT.c ****     *
ARM GAS  C:\Users\leoja\AppData\Local\Temp\ccA8GV0O.s 			page 6


 259:Generated_Source\PSoC5/CAN_INT.c ****     *******************************************************************************/
 260:Generated_Source\PSoC5/CAN_INT.c ****     void CAN_CrcErrorIsr(void) 
 261:Generated_Source\PSoC5/CAN_INT.c ****     {
 262:Generated_Source\PSoC5/CAN_INT.c ****         /* Clear CRC Error flag */
 263:Generated_Source\PSoC5/CAN_INT.c ****         CAN_INT_SR_REG.byte[1u] = CAN_CRC_ERROR_MASK;
 264:Generated_Source\PSoC5/CAN_INT.c **** 
 265:Generated_Source\PSoC5/CAN_INT.c ****         /* `#START CRC_ERROR_ISR` */
 266:Generated_Source\PSoC5/CAN_INT.c **** 
 267:Generated_Source\PSoC5/CAN_INT.c ****         /* `#END` */
 268:Generated_Source\PSoC5/CAN_INT.c **** 
 269:Generated_Source\PSoC5/CAN_INT.c ****         #ifdef CAN_CRC_ERROR_ISR_CALLBACK
 270:Generated_Source\PSoC5/CAN_INT.c ****             CAN_CrcErrorIsr_Callback();
 271:Generated_Source\PSoC5/CAN_INT.c ****         #endif /* CAN_CRC_ERROR_ISR_CALLBACK */
 272:Generated_Source\PSoC5/CAN_INT.c ****     }
 273:Generated_Source\PSoC5/CAN_INT.c **** #endif /* CAN_CRC_ERR */
 274:Generated_Source\PSoC5/CAN_INT.c **** 
 275:Generated_Source\PSoC5/CAN_INT.c **** 
 276:Generated_Source\PSoC5/CAN_INT.c **** #if (CAN_BUS_OFF)
 277:Generated_Source\PSoC5/CAN_INT.c ****     /*******************************************************************************
 278:Generated_Source\PSoC5/CAN_INT.c ****     * FUNCTION NAME:   CAN_BusOffIsr
 279:Generated_Source\PSoC5/CAN_INT.c ****     ********************************************************************************
 280:Generated_Source\PSoC5/CAN_INT.c ****     *
 281:Generated_Source\PSoC5/CAN_INT.c ****     * Summary:
 282:Generated_Source\PSoC5/CAN_INT.c ****     *  This function is entry point to Bus Off Interrupt. Places CAN Component
 283:Generated_Source\PSoC5/CAN_INT.c ****     *  to Stop mode. Only generated if Bus Off Interrupt enable in Customizer.
 284:Generated_Source\PSoC5/CAN_INT.c ****     *  Recommended setting to enable this interrupt.
 285:Generated_Source\PSoC5/CAN_INT.c ****     *
 286:Generated_Source\PSoC5/CAN_INT.c ****     * Parameters:
 287:Generated_Source\PSoC5/CAN_INT.c ****     *  None.
 288:Generated_Source\PSoC5/CAN_INT.c ****     *
 289:Generated_Source\PSoC5/CAN_INT.c ****     * Return:
 290:Generated_Source\PSoC5/CAN_INT.c ****     *  None.
 291:Generated_Source\PSoC5/CAN_INT.c ****     *
 292:Generated_Source\PSoC5/CAN_INT.c ****     * Side Effects:
 293:Generated_Source\PSoC5/CAN_INT.c ****     *  Stops CAN component operation.
 294:Generated_Source\PSoC5/CAN_INT.c ****     *
 295:Generated_Source\PSoC5/CAN_INT.c ****     *******************************************************************************/
 296:Generated_Source\PSoC5/CAN_INT.c ****     void CAN_BusOffIsr(void) 
 297:Generated_Source\PSoC5/CAN_INT.c ****     {
 298:Generated_Source\PSoC5/CAN_INT.c ****         /* Clear Bus Off flag */
 299:Generated_Source\PSoC5/CAN_INT.c ****         CAN_INT_SR_REG.byte[1u] = CAN_BUS_OFF_MASK;
 300:Generated_Source\PSoC5/CAN_INT.c ****         (void) CAN_GlobalIntDisable();
 301:Generated_Source\PSoC5/CAN_INT.c **** 
 302:Generated_Source\PSoC5/CAN_INT.c ****         /* `#START BUS_OFF_ISR` */
 303:Generated_Source\PSoC5/CAN_INT.c **** 
 304:Generated_Source\PSoC5/CAN_INT.c ****         /* `#END` */
 305:Generated_Source\PSoC5/CAN_INT.c **** 
 306:Generated_Source\PSoC5/CAN_INT.c ****         #ifdef CAN_BUS_OFF_ISR_CALLBACK
 307:Generated_Source\PSoC5/CAN_INT.c ****             CAN_BusOffIsr_Callback();
 308:Generated_Source\PSoC5/CAN_INT.c ****         #endif /* CAN_BUS_OFF_ISR_CALLBACK */
 309:Generated_Source\PSoC5/CAN_INT.c **** 
 310:Generated_Source\PSoC5/CAN_INT.c ****         (void) CAN_Stop();
 311:Generated_Source\PSoC5/CAN_INT.c ****     }
 312:Generated_Source\PSoC5/CAN_INT.c **** #endif /* CAN_BUS_OFF */
 313:Generated_Source\PSoC5/CAN_INT.c **** 
 314:Generated_Source\PSoC5/CAN_INT.c **** 
 315:Generated_Source\PSoC5/CAN_INT.c **** #if (CAN_RX_MSG_LOST)
ARM GAS  C:\Users\leoja\AppData\Local\Temp\ccA8GV0O.s 			page 7


 316:Generated_Source\PSoC5/CAN_INT.c ****     /*******************************************************************************
 317:Generated_Source\PSoC5/CAN_INT.c ****     * FUNCTION NAME:   CAN_MsgLostIsr
 318:Generated_Source\PSoC5/CAN_INT.c ****     ********************************************************************************
 319:Generated_Source\PSoC5/CAN_INT.c ****     *
 320:Generated_Source\PSoC5/CAN_INT.c ****     * Summary:
 321:Generated_Source\PSoC5/CAN_INT.c ****     *  This function is entry point to Message Lost Interrupt. Clears Message Lost
 322:Generated_Source\PSoC5/CAN_INT.c ****     *  interrupt flag. Only generated if Message Lost Interrupt enable in Customizer
 323:Generated_Source\PSoC5/CAN_INT.c ****     *
 324:Generated_Source\PSoC5/CAN_INT.c ****     * Parameters:
 325:Generated_Source\PSoC5/CAN_INT.c ****     *  None.
 326:Generated_Source\PSoC5/CAN_INT.c ****     *
 327:Generated_Source\PSoC5/CAN_INT.c ****     * Return:
 328:Generated_Source\PSoC5/CAN_INT.c ****     *  None.
 329:Generated_Source\PSoC5/CAN_INT.c ****     *
 330:Generated_Source\PSoC5/CAN_INT.c ****     * Reentrant:
 331:Generated_Source\PSoC5/CAN_INT.c ****     *  Depends on Customer code.
 332:Generated_Source\PSoC5/CAN_INT.c ****     *
 333:Generated_Source\PSoC5/CAN_INT.c ****     *******************************************************************************/
 334:Generated_Source\PSoC5/CAN_INT.c ****     void CAN_MsgLostIsr(void) 
 335:Generated_Source\PSoC5/CAN_INT.c ****     {
 336:Generated_Source\PSoC5/CAN_INT.c ****         /* Clear Receive Message Lost flag */
 337:Generated_Source\PSoC5/CAN_INT.c ****         CAN_INT_SR_REG.byte[1u] = CAN_RX_MSG_LOST_MASK;
 338:Generated_Source\PSoC5/CAN_INT.c **** 
 339:Generated_Source\PSoC5/CAN_INT.c ****         /* `#START MESSAGE_LOST_ISR` */
 340:Generated_Source\PSoC5/CAN_INT.c **** 
 341:Generated_Source\PSoC5/CAN_INT.c ****         /* `#END` */
 342:Generated_Source\PSoC5/CAN_INT.c **** 
 343:Generated_Source\PSoC5/CAN_INT.c ****         #ifdef CAN_MSG_LOST_ISR_CALLBACK
 344:Generated_Source\PSoC5/CAN_INT.c ****             CAN_MsgLostIsr_Callback();
 345:Generated_Source\PSoC5/CAN_INT.c ****         #endif /* CAN_MSG_LOST_ISR_CALLBACK */
 346:Generated_Source\PSoC5/CAN_INT.c ****     }
 347:Generated_Source\PSoC5/CAN_INT.c **** #endif /* CAN_RX_MSG_LOST */
 348:Generated_Source\PSoC5/CAN_INT.c **** 
 349:Generated_Source\PSoC5/CAN_INT.c **** 
 350:Generated_Source\PSoC5/CAN_INT.c **** #if (CAN_TX_MESSAGE)
 351:Generated_Source\PSoC5/CAN_INT.c ****     /*******************************************************************************
 352:Generated_Source\PSoC5/CAN_INT.c ****     * FUNCTION NAME:   CAN_MsgTXIsr
 353:Generated_Source\PSoC5/CAN_INT.c ****     ********************************************************************************
 354:Generated_Source\PSoC5/CAN_INT.c ****     *
 355:Generated_Source\PSoC5/CAN_INT.c ****     * Summary:
 356:Generated_Source\PSoC5/CAN_INT.c ****     *  This function is entry point to Transmit Message Interrupt. Clears Transmit
 357:Generated_Source\PSoC5/CAN_INT.c ****     *  Message interrupt flag. Only generated if Transmit Message Interrupt enable
 358:Generated_Source\PSoC5/CAN_INT.c ****     *  in Customizer.
 359:Generated_Source\PSoC5/CAN_INT.c ****     *
 360:Generated_Source\PSoC5/CAN_INT.c ****     * Parameters:
 361:Generated_Source\PSoC5/CAN_INT.c ****     *  None.
 362:Generated_Source\PSoC5/CAN_INT.c ****     *
 363:Generated_Source\PSoC5/CAN_INT.c ****     * Return:
 364:Generated_Source\PSoC5/CAN_INT.c ****     *  None.
 365:Generated_Source\PSoC5/CAN_INT.c ****     *
 366:Generated_Source\PSoC5/CAN_INT.c ****     * Reentrant:
 367:Generated_Source\PSoC5/CAN_INT.c ****     *  Depends on Customer code.
 368:Generated_Source\PSoC5/CAN_INT.c ****     *
 369:Generated_Source\PSoC5/CAN_INT.c ****     *******************************************************************************/
 370:Generated_Source\PSoC5/CAN_INT.c ****     void CAN_MsgTXIsr(void) 
 371:Generated_Source\PSoC5/CAN_INT.c ****     {
 372:Generated_Source\PSoC5/CAN_INT.c ****         /* Clear Transmit Message flag */
ARM GAS  C:\Users\leoja\AppData\Local\Temp\ccA8GV0O.s 			page 8


 373:Generated_Source\PSoC5/CAN_INT.c ****         CAN_INT_SR_REG.byte[1u] = CAN_TX_MESSAGE_MASK;
 374:Generated_Source\PSoC5/CAN_INT.c **** 
 375:Generated_Source\PSoC5/CAN_INT.c ****         /* `#START MESSAGE_TRANSMITTED_ISR` */
 376:Generated_Source\PSoC5/CAN_INT.c **** 
 377:Generated_Source\PSoC5/CAN_INT.c ****         /* `#END` */
 378:Generated_Source\PSoC5/CAN_INT.c **** 
 379:Generated_Source\PSoC5/CAN_INT.c ****         #ifdef CAN_MSG_TX_ISR_CALLBACK
 380:Generated_Source\PSoC5/CAN_INT.c ****             CAN_MsgTXIsr_Callback();
 381:Generated_Source\PSoC5/CAN_INT.c ****         #endif /* CAN_MSG_TX_ISR_CALLBACK */
 382:Generated_Source\PSoC5/CAN_INT.c ****     }
 383:Generated_Source\PSoC5/CAN_INT.c **** #endif /* CAN_TX_MESSAGE */
 384:Generated_Source\PSoC5/CAN_INT.c **** 
 385:Generated_Source\PSoC5/CAN_INT.c **** 
 386:Generated_Source\PSoC5/CAN_INT.c **** #if (CAN_RX_MESSAGE)
 387:Generated_Source\PSoC5/CAN_INT.c ****     /*******************************************************************************
 388:Generated_Source\PSoC5/CAN_INT.c ****     * FUNCTION NAME:   CAN_MsgRXIsr
 389:Generated_Source\PSoC5/CAN_INT.c ****     ********************************************************************************
 390:Generated_Source\PSoC5/CAN_INT.c ****     *
 391:Generated_Source\PSoC5/CAN_INT.c ****     * Summary:
 392:Generated_Source\PSoC5/CAN_INT.c ****     *  This function is entry point to Receive Message Interrupt. Clears Receive
 393:Generated_Source\PSoC5/CAN_INT.c ****     *  Message interrupt flag and call appropriate handlers for Basic and Full
 394:Generated_Source\PSoC5/CAN_INT.c ****     *  interrupt based mailboxes. Only generated if Receive Message Interrupt
 395:Generated_Source\PSoC5/CAN_INT.c ****     *  enable in Customizer. Recommended setting to enable this interrupt.
 396:Generated_Source\PSoC5/CAN_INT.c ****     *
 397:Generated_Source\PSoC5/CAN_INT.c ****     * Parameters:
 398:Generated_Source\PSoC5/CAN_INT.c ****     *  None.
 399:Generated_Source\PSoC5/CAN_INT.c ****     *
 400:Generated_Source\PSoC5/CAN_INT.c ****     * Return:
 401:Generated_Source\PSoC5/CAN_INT.c ****     *  None.
 402:Generated_Source\PSoC5/CAN_INT.c ****     *
 403:Generated_Source\PSoC5/CAN_INT.c ****     *******************************************************************************/
 404:Generated_Source\PSoC5/CAN_INT.c ****     void CAN_MsgRXIsr(void) 
 405:Generated_Source\PSoC5/CAN_INT.c ****     {
  28              		.loc 1 405 0
  29              		.cfi_startproc
  30              		@ args = 0, pretend = 0, frame = 0
  31              		@ frame_needed = 0, uses_anonymous_args = 0
  32 0000 38B5     		push	{r3, r4, r5, lr}
  33              		.cfi_def_cfa_offset 16
  34              		.cfi_offset 3, -16
  35              		.cfi_offset 4, -12
  36              		.cfi_offset 5, -8
  37              		.cfi_offset 14, -4
  38              	.LVL0:
 406:Generated_Source\PSoC5/CAN_INT.c ****         uint8 mailboxNumber;
 407:Generated_Source\PSoC5/CAN_INT.c ****         uint16 shift = 0x01u;
 408:Generated_Source\PSoC5/CAN_INT.c **** 
 409:Generated_Source\PSoC5/CAN_INT.c ****         /* Clear Receive Message flag */
 410:Generated_Source\PSoC5/CAN_INT.c ****         CAN_INT_SR_REG.byte[1u] = CAN_RX_MESSAGE_MASK;
  39              		.loc 1 410 0
  40 0002 1022     		movs	r2, #16
  41 0004 1C4B     		ldr	r3, .L15
  42 0006 5A70     		strb	r2, [r3, #1]
  43              	.LVL1:
 407:Generated_Source\PSoC5/CAN_INT.c **** 
  44              		.loc 1 407 0
  45 0008 0125     		movs	r5, #1
ARM GAS  C:\Users\leoja\AppData\Local\Temp\ccA8GV0O.s 			page 9


 411:Generated_Source\PSoC5/CAN_INT.c **** 
 412:Generated_Source\PSoC5/CAN_INT.c ****         /* `#START MESSAGE_RECEIVE_ISR` */
 413:Generated_Source\PSoC5/CAN_INT.c **** 
 414:Generated_Source\PSoC5/CAN_INT.c ****         /* `#END` */
 415:Generated_Source\PSoC5/CAN_INT.c **** 
 416:Generated_Source\PSoC5/CAN_INT.c ****         #ifdef CAN_MSG_RX_ISR_CALLBACK
 417:Generated_Source\PSoC5/CAN_INT.c ****             CAN_MsgRXIsr_Callback();
 418:Generated_Source\PSoC5/CAN_INT.c ****         #endif /* CAN_MSG_RX_ISR_CALLBACK */
 419:Generated_Source\PSoC5/CAN_INT.c **** 
 420:Generated_Source\PSoC5/CAN_INT.c ****         for (mailboxNumber = 0u; mailboxNumber < CAN_NUMBER_OF_RX_MAILBOXES; mailboxNumber++)
  46              		.loc 1 420 0
  47 000a 0024     		movs	r4, #0
  48 000c 30E0     		b	.L2
  49              	.LVL2:
  50              	.L13:
 421:Generated_Source\PSoC5/CAN_INT.c ****         {
 422:Generated_Source\PSoC5/CAN_INT.c ****             if ((CY_GET_REG16((reg16 *) &CAN_BUF_SR_REG.byte[0u]) & shift) != 0u)
  51              		.loc 1 422 0
  52 000e 1B4B     		ldr	r3, .L15+4
  53 0010 1B88     		ldrh	r3, [r3]
  54 0012 1D42     		tst	r5, r3
  55 0014 28D0     		beq	.L3
 423:Generated_Source\PSoC5/CAN_INT.c ****             {
 424:Generated_Source\PSoC5/CAN_INT.c ****                 if ((CAN_RX[mailboxNumber].rxcmd.byte[0u] & CAN_RX_INT_ENABLE_MASK) != 0u)
  56              		.loc 1 424 0
  57 0016 6301     		lsls	r3, r4, #5
  58 0018 194A     		ldr	r2, .L15+8
  59 001a 9B5C     		ldrb	r3, [r3, r2]	@ zero_extendqisi2
  60 001c 13F0200F 		tst	r3, #32
  61 0020 22D0     		beq	.L3
 425:Generated_Source\PSoC5/CAN_INT.c ****                 {
 426:Generated_Source\PSoC5/CAN_INT.c ****                     if ((CAN_RX_MAILBOX_TYPE & shift) != 0u)
  62              		.loc 1 426 0
  63 0022 15F07F0F 		tst	r5, #127
  64 0026 1CD0     		beq	.L4
 427:Generated_Source\PSoC5/CAN_INT.c ****                     {
 428:Generated_Source\PSoC5/CAN_INT.c ****                         /* RX Full mailboxes handler */
 429:Generated_Source\PSoC5/CAN_INT.c ****                         switch(mailboxNumber)
  65              		.loc 1 429 0
  66 0028 062C     		cmp	r4, #6
  67 002a 1DD8     		bhi	.L3
  68 002c DFE804F0 		tbb	[pc, r4]
  69              	.L6:
  70 0030 04       		.byte	(.L5-.L6)/2
  71 0031 07       		.byte	(.L7-.L6)/2
  72 0032 0A       		.byte	(.L8-.L6)/2
  73 0033 0D       		.byte	(.L9-.L6)/2
  74 0034 10       		.byte	(.L10-.L6)/2
  75 0035 13       		.byte	(.L11-.L6)/2
  76 0036 16       		.byte	(.L12-.L6)/2
  77 0037 00       		.p2align 1
  78              	.L5:
 430:Generated_Source\PSoC5/CAN_INT.c ****                         {
 431:Generated_Source\PSoC5/CAN_INT.c ****                             case 0u : CAN_ReceiveMsgvcu_torque_request();
  79              		.loc 1 431 0
  80 0038 FFF7FEFF 		bl	CAN_ReceiveMsgvcu_torque_request
  81              	.LVL3:
ARM GAS  C:\Users\leoja\AppData\Local\Temp\ccA8GV0O.s 			page 10


 432:Generated_Source\PSoC5/CAN_INT.c ****                             break;
  82              		.loc 1 432 0
  83 003c 14E0     		b	.L3
  84              	.L7:
 433:Generated_Source\PSoC5/CAN_INT.c ****                             case 1u : CAN_ReceiveMsgbms_status();
  85              		.loc 1 433 0
  86 003e FFF7FEFF 		bl	CAN_ReceiveMsgbms_status
  87              	.LVL4:
 434:Generated_Source\PSoC5/CAN_INT.c ****                             break;
  88              		.loc 1 434 0
  89 0042 11E0     		b	.L3
  90              	.L8:
 435:Generated_Source\PSoC5/CAN_INT.c ****                             case 2u : CAN_ReceiveMsgcharger_status();
  91              		.loc 1 435 0
  92 0044 FFF7FEFF 		bl	CAN_ReceiveMsgcharger_status
  93              	.LVL5:
 436:Generated_Source\PSoC5/CAN_INT.c ****                             break;
  94              		.loc 1 436 0
  95 0048 0EE0     		b	.L3
  96              	.L9:
 437:Generated_Source\PSoC5/CAN_INT.c ****                             case 3u : CAN_ReceiveMsgMC_State();
  97              		.loc 1 437 0
  98 004a FFF7FEFF 		bl	CAN_ReceiveMsgMC_State
  99              	.LVL6:
 438:Generated_Source\PSoC5/CAN_INT.c ****                             break;
 100              		.loc 1 438 0
 101 004e 0BE0     		b	.L3
 102              	.L10:
 439:Generated_Source\PSoC5/CAN_INT.c ****                             case 4u : CAN_ReceiveMsgMC_Fault();
 103              		.loc 1 439 0
 104 0050 FFF7FEFF 		bl	CAN_ReceiveMsgMC_Fault
 105              	.LVL7:
 440:Generated_Source\PSoC5/CAN_INT.c ****                             break;
 106              		.loc 1 440 0
 107 0054 08E0     		b	.L3
 108              	.L11:
 441:Generated_Source\PSoC5/CAN_INT.c ****                             case 5u : CAN_ReceiveMsgMC_Voltage();
 109              		.loc 1 441 0
 110 0056 FFF7FEFF 		bl	CAN_ReceiveMsgMC_Voltage
 111              	.LVL8:
 442:Generated_Source\PSoC5/CAN_INT.c ****                             break;
 112              		.loc 1 442 0
 113 005a 05E0     		b	.L3
 114              	.L12:
 443:Generated_Source\PSoC5/CAN_INT.c ****                             case 6u : CAN_ReceiveMsgMC_Command();
 115              		.loc 1 443 0
 116 005c FFF7FEFF 		bl	CAN_ReceiveMsgMC_Command
 117              	.LVL9:
 444:Generated_Source\PSoC5/CAN_INT.c ****                             break;
 118              		.loc 1 444 0
 119 0060 02E0     		b	.L3
 120              	.L4:
 445:Generated_Source\PSoC5/CAN_INT.c ****                             default:
 446:Generated_Source\PSoC5/CAN_INT.c ****                             break;
 447:Generated_Source\PSoC5/CAN_INT.c ****                         }
 448:Generated_Source\PSoC5/CAN_INT.c ****                     }
 449:Generated_Source\PSoC5/CAN_INT.c ****                     else
ARM GAS  C:\Users\leoja\AppData\Local\Temp\ccA8GV0O.s 			page 11


 450:Generated_Source\PSoC5/CAN_INT.c ****                     {
 451:Generated_Source\PSoC5/CAN_INT.c ****                         /* RX Basic mailbox handler */
 452:Generated_Source\PSoC5/CAN_INT.c ****                         CAN_ReceiveMsg(mailboxNumber);
 121              		.loc 1 452 0
 122 0062 2046     		mov	r0, r4
 123 0064 FFF7FEFF 		bl	CAN_ReceiveMsg
 124              	.LVL10:
 125              	.L3:
 453:Generated_Source\PSoC5/CAN_INT.c ****                     }
 454:Generated_Source\PSoC5/CAN_INT.c ****                 }
 455:Generated_Source\PSoC5/CAN_INT.c ****             }
 456:Generated_Source\PSoC5/CAN_INT.c ****             shift <<= 1u;
 126              		.loc 1 456 0 discriminator 2
 127 0068 6D00     		lsls	r5, r5, #1
 128              	.LVL11:
 129 006a ADB2     		uxth	r5, r5
 130              	.LVL12:
 420:Generated_Source\PSoC5/CAN_INT.c ****         {
 131              		.loc 1 420 0 discriminator 2
 132 006c 0134     		adds	r4, r4, #1
 133              	.LVL13:
 134 006e E4B2     		uxtb	r4, r4
 135              	.LVL14:
 136              	.L2:
 420:Generated_Source\PSoC5/CAN_INT.c ****         {
 137              		.loc 1 420 0 is_stmt 0 discriminator 1
 138 0070 0F2C     		cmp	r4, #15
 139 0072 CCD9     		bls	.L13
 457:Generated_Source\PSoC5/CAN_INT.c ****         }
 458:Generated_Source\PSoC5/CAN_INT.c ****     }
 140              		.loc 1 458 0 is_stmt 1
 141 0074 38BD     		pop	{r3, r4, r5, pc}
 142              	.LVL15:
 143              	.L16:
 144 0076 00BF     		.align	2
 145              	.L15:
 146 0078 00A00040 		.word	1073782784
 147 007c 08A00040 		.word	1073782792
 148 0080 A0A00040 		.word	1073782944
 149              		.cfi_endproc
 150              	.LFE0:
 151              		.size	CAN_MsgRXIsr, .-CAN_MsgRXIsr
 152              		.section	.text.CAN_ISR,"ax",%progbits
 153              		.align	2
 154              		.global	CAN_ISR
 155              		.thumb
 156              		.thumb_func
 157              		.type	CAN_ISR, %function
 158              	CAN_ISR:
 159              	.LFB1:
 459:Generated_Source\PSoC5/CAN_INT.c **** #endif /* CAN_RX_MESSAGE */
 460:Generated_Source\PSoC5/CAN_INT.c **** 
 461:Generated_Source\PSoC5/CAN_INT.c **** 
 462:Generated_Source\PSoC5/CAN_INT.c **** /*******************************************************************************
 463:Generated_Source\PSoC5/CAN_INT.c **** * Function Name: CAN_ISR
 464:Generated_Source\PSoC5/CAN_INT.c **** ********************************************************************************
 465:Generated_Source\PSoC5/CAN_INT.c **** *
ARM GAS  C:\Users\leoja\AppData\Local\Temp\ccA8GV0O.s 			page 12


 466:Generated_Source\PSoC5/CAN_INT.c **** * Summary:
 467:Generated_Source\PSoC5/CAN_INT.c **** *  This ISR is executed when CAN Core generates and interrupt on one of events:
 468:Generated_Source\PSoC5/CAN_INT.c **** *  Arb_lost, Overload, Bit_err, Stuff_err, Ack_err, Form_err, Crc_err,
 469:Generated_Source\PSoC5/CAN_INT.c **** *  Buss_off, Rx_msg_lost, Tx_msg or Rx_msg. The interrupt sources depends
 470:Generated_Source\PSoC5/CAN_INT.c **** *  on the Customizer inputs.
 471:Generated_Source\PSoC5/CAN_INT.c **** *
 472:Generated_Source\PSoC5/CAN_INT.c **** * Parameters:
 473:Generated_Source\PSoC5/CAN_INT.c **** *  None.
 474:Generated_Source\PSoC5/CAN_INT.c **** *
 475:Generated_Source\PSoC5/CAN_INT.c **** * Return:
 476:Generated_Source\PSoC5/CAN_INT.c **** *  None.
 477:Generated_Source\PSoC5/CAN_INT.c **** *
 478:Generated_Source\PSoC5/CAN_INT.c **** *******************************************************************************/
 479:Generated_Source\PSoC5/CAN_INT.c **** CY_ISR(CAN_ISR)
 480:Generated_Source\PSoC5/CAN_INT.c **** {
 160              		.loc 1 480 0
 161              		.cfi_startproc
 162              		@ args = 0, pretend = 0, frame = 0
 163              		@ frame_needed = 0, uses_anonymous_args = 0
 164 0000 08B5     		push	{r3, lr}
 165              		.cfi_def_cfa_offset 8
 166              		.cfi_offset 3, -8
 167              		.cfi_offset 14, -4
 481:Generated_Source\PSoC5/CAN_INT.c ****     #ifdef CAN_ISR_INTERRUPT_CALLBACK
 482:Generated_Source\PSoC5/CAN_INT.c ****         CAN_ISR_InterruptCallback();
 483:Generated_Source\PSoC5/CAN_INT.c ****     #endif /* CAN_ISR_INTERRUPT_CALLBACK */
 484:Generated_Source\PSoC5/CAN_INT.c ****     
 485:Generated_Source\PSoC5/CAN_INT.c ****     /* Place your Interrupt code here. */
 486:Generated_Source\PSoC5/CAN_INT.c ****     /* `#START CAN_ISR` */
 487:Generated_Source\PSoC5/CAN_INT.c **** 
 488:Generated_Source\PSoC5/CAN_INT.c ****     /* `#END` */
 489:Generated_Source\PSoC5/CAN_INT.c ****     
 490:Generated_Source\PSoC5/CAN_INT.c ****     /* Arbitration */
 491:Generated_Source\PSoC5/CAN_INT.c ****     #if (CAN_ARB_LOST && (CAN_ARB_LOST_USE_HELPER || \
 492:Generated_Source\PSoC5/CAN_INT.c ****         (!CAN_ADVANCED_INTERRUPT_CFG)))
 493:Generated_Source\PSoC5/CAN_INT.c ****         if ((CAN_INT_SR_REG.byte[0u] & CAN_ARBITRATION_LOST_MASK) != 0u)
 494:Generated_Source\PSoC5/CAN_INT.c ****         {
 495:Generated_Source\PSoC5/CAN_INT.c ****             CAN_ArbLostIsr();
 496:Generated_Source\PSoC5/CAN_INT.c ****         }
 497:Generated_Source\PSoC5/CAN_INT.c ****     #endif /* CAN_ARB_LOST && CAN_ARB_LOST_USE_HELPER */
 498:Generated_Source\PSoC5/CAN_INT.c **** 
 499:Generated_Source\PSoC5/CAN_INT.c ****     /* Overload Error */
 500:Generated_Source\PSoC5/CAN_INT.c ****     #if (CAN_OVERLOAD && (CAN_OVERLOAD_USE_HELPER || \
 501:Generated_Source\PSoC5/CAN_INT.c ****         (!CAN_ADVANCED_INTERRUPT_CFG)))
 502:Generated_Source\PSoC5/CAN_INT.c ****         if ((CAN_INT_SR_REG.byte[0u] & CAN_OVERLOAD_ERROR_MASK) != 0u)
 503:Generated_Source\PSoC5/CAN_INT.c ****         {
 504:Generated_Source\PSoC5/CAN_INT.c ****             CAN_OvrLdErrorIsr();
 505:Generated_Source\PSoC5/CAN_INT.c ****         }
 506:Generated_Source\PSoC5/CAN_INT.c ****     #endif /* CAN_OVERLOAD && CAN_OVERLOAD_USE_HELPER */
 507:Generated_Source\PSoC5/CAN_INT.c **** 
 508:Generated_Source\PSoC5/CAN_INT.c ****     /* Bit Error */
 509:Generated_Source\PSoC5/CAN_INT.c ****     #if (CAN_BIT_ERR && (CAN_BIT_ERR_USE_HELPER || \
 510:Generated_Source\PSoC5/CAN_INT.c ****         (!CAN_ADVANCED_INTERRUPT_CFG)))
 511:Generated_Source\PSoC5/CAN_INT.c ****         if ((CAN_INT_SR_REG.byte[0u] & CAN_BIT_ERROR_MASK) != 0u)
 512:Generated_Source\PSoC5/CAN_INT.c ****         {
 513:Generated_Source\PSoC5/CAN_INT.c ****             CAN_BitErrorIsr();
 514:Generated_Source\PSoC5/CAN_INT.c ****         }
ARM GAS  C:\Users\leoja\AppData\Local\Temp\ccA8GV0O.s 			page 13


 515:Generated_Source\PSoC5/CAN_INT.c ****     #endif /* CAN_BIT_ERR && CAN_BIT_ERR_USE_HELPER */
 516:Generated_Source\PSoC5/CAN_INT.c **** 
 517:Generated_Source\PSoC5/CAN_INT.c ****     /* Bit Staff Error */
 518:Generated_Source\PSoC5/CAN_INT.c ****     #if (CAN_STUFF_ERR && (CAN_STUFF_ERR_USE_HELPER || \
 519:Generated_Source\PSoC5/CAN_INT.c ****         (!CAN_ADVANCED_INTERRUPT_CFG)))
 520:Generated_Source\PSoC5/CAN_INT.c ****         if ((CAN_INT_SR_REG.byte[0u] & CAN_STUFF_ERROR_MASK) != 0u)
 521:Generated_Source\PSoC5/CAN_INT.c ****         {
 522:Generated_Source\PSoC5/CAN_INT.c ****             CAN_BitStuffErrorIsr();
 523:Generated_Source\PSoC5/CAN_INT.c ****         }
 524:Generated_Source\PSoC5/CAN_INT.c ****     #endif /* CAN_STUFF_ERR && CAN_STUFF_ERR_USE_HELPER */
 525:Generated_Source\PSoC5/CAN_INT.c **** 
 526:Generated_Source\PSoC5/CAN_INT.c ****     /* ACK Error */
 527:Generated_Source\PSoC5/CAN_INT.c ****     #if (CAN_ACK_ERR && (CAN_ACK_ERR_USE_HELPER || \
 528:Generated_Source\PSoC5/CAN_INT.c ****         (!CAN_ADVANCED_INTERRUPT_CFG)))
 529:Generated_Source\PSoC5/CAN_INT.c ****         if ((CAN_INT_SR_REG.byte[0u] & CAN_ACK_ERROR_MASK) != 0u)
 530:Generated_Source\PSoC5/CAN_INT.c ****         {
 531:Generated_Source\PSoC5/CAN_INT.c ****             CAN_AckErrorIsr();
 532:Generated_Source\PSoC5/CAN_INT.c ****         }
 533:Generated_Source\PSoC5/CAN_INT.c ****     #endif /* CAN_ACK_ERR && CAN_ACK_ERR_USE_HELPER */
 534:Generated_Source\PSoC5/CAN_INT.c **** 
 535:Generated_Source\PSoC5/CAN_INT.c ****     /* Form(msg) Error */
 536:Generated_Source\PSoC5/CAN_INT.c ****     #if (CAN_FORM_ERR && (CAN_FORM_ERR_USE_HELPER || \
 537:Generated_Source\PSoC5/CAN_INT.c ****         (!CAN_ADVANCED_INTERRUPT_CFG)))
 538:Generated_Source\PSoC5/CAN_INT.c ****         if ((CAN_INT_SR_REG.byte[0u] & CAN_FORM_ERROR_MASK) != 0u)
 539:Generated_Source\PSoC5/CAN_INT.c ****         {
 540:Generated_Source\PSoC5/CAN_INT.c ****             CAN_MsgErrorIsr();
 541:Generated_Source\PSoC5/CAN_INT.c ****         }
 542:Generated_Source\PSoC5/CAN_INT.c ****     #endif /* CAN_FORM_ERR && CAN_FORM_ERR_USE_HELPER */
 543:Generated_Source\PSoC5/CAN_INT.c **** 
 544:Generated_Source\PSoC5/CAN_INT.c ****     /* CRC Error */
 545:Generated_Source\PSoC5/CAN_INT.c ****     #if (CAN_CRC_ERR && (CAN_CRC_ERR_USE_HELPER || \
 546:Generated_Source\PSoC5/CAN_INT.c ****         (!CAN_ADVANCED_INTERRUPT_CFG)))
 547:Generated_Source\PSoC5/CAN_INT.c ****         if ((CAN_INT_SR_REG.byte[1u] & CAN_CRC_ERROR_MASK) != 0u)
 548:Generated_Source\PSoC5/CAN_INT.c ****         {
 549:Generated_Source\PSoC5/CAN_INT.c ****             CAN_CrcErrorIsr();
 550:Generated_Source\PSoC5/CAN_INT.c ****         }
 551:Generated_Source\PSoC5/CAN_INT.c ****     #endif /* CAN_CRC_ERR && CAN_CRC_ERR_USE_HELPER */
 552:Generated_Source\PSoC5/CAN_INT.c **** 
 553:Generated_Source\PSoC5/CAN_INT.c ****     /* Bus Off state */
 554:Generated_Source\PSoC5/CAN_INT.c ****     #if (CAN_BUS_OFF && (CAN_BUS_OFF_USE_HELPER || \
 555:Generated_Source\PSoC5/CAN_INT.c ****         (!CAN_ADVANCED_INTERRUPT_CFG)))
 556:Generated_Source\PSoC5/CAN_INT.c ****         if ((CAN_INT_SR_REG.byte[1u] & CAN_BUS_OFF_MASK) != 0u)
 557:Generated_Source\PSoC5/CAN_INT.c ****         {
 558:Generated_Source\PSoC5/CAN_INT.c ****             CAN_BusOffIsr();
 559:Generated_Source\PSoC5/CAN_INT.c ****         }
 560:Generated_Source\PSoC5/CAN_INT.c ****     #endif /* CAN_BUS_OFF && CAN_BUS_OFF_USE_HELPER */
 561:Generated_Source\PSoC5/CAN_INT.c **** 
 562:Generated_Source\PSoC5/CAN_INT.c ****     /* Message Lost */
 563:Generated_Source\PSoC5/CAN_INT.c ****     #if (CAN_RX_MSG_LOST && (CAN_RX_MSG_LOST_USE_HELPER || \
 564:Generated_Source\PSoC5/CAN_INT.c ****         (!CAN_ADVANCED_INTERRUPT_CFG)))
 565:Generated_Source\PSoC5/CAN_INT.c ****         if ((CAN_INT_SR_REG.byte[1u] & CAN_RX_MSG_LOST_MASK) != 0u)
 566:Generated_Source\PSoC5/CAN_INT.c ****         {
 567:Generated_Source\PSoC5/CAN_INT.c ****             CAN_MsgLostIsr();
 568:Generated_Source\PSoC5/CAN_INT.c ****         }
 569:Generated_Source\PSoC5/CAN_INT.c ****     #endif /* CAN_RX_MSG_LOST && CAN_RX_MSG_LOST_USE_HELPER */
 570:Generated_Source\PSoC5/CAN_INT.c **** 
 571:Generated_Source\PSoC5/CAN_INT.c ****     /* TX Message Send */
ARM GAS  C:\Users\leoja\AppData\Local\Temp\ccA8GV0O.s 			page 14


 572:Generated_Source\PSoC5/CAN_INT.c ****     #if (CAN_TX_MESSAGE && (CAN_TX_MESSAGE_USE_HELPER || \
 573:Generated_Source\PSoC5/CAN_INT.c ****         (!CAN_ADVANCED_INTERRUPT_CFG)))
 574:Generated_Source\PSoC5/CAN_INT.c ****         if ((CAN_INT_SR_REG.byte[1u] & CAN_TX_MESSAGE_MASK) != 0u)
 575:Generated_Source\PSoC5/CAN_INT.c ****         {
 576:Generated_Source\PSoC5/CAN_INT.c ****             CAN_MsgTXIsr();
 577:Generated_Source\PSoC5/CAN_INT.c ****         }
 578:Generated_Source\PSoC5/CAN_INT.c ****     #endif /* CAN_TX_MESSAGE && CAN_TX_MESSAGE_USE_HELPER */
 579:Generated_Source\PSoC5/CAN_INT.c **** 
 580:Generated_Source\PSoC5/CAN_INT.c ****     /* RX Message Available */
 581:Generated_Source\PSoC5/CAN_INT.c ****     #if (CAN_RX_MESSAGE && (CAN_RX_MESSAGE_USE_HELPER || \
 582:Generated_Source\PSoC5/CAN_INT.c ****         (!CAN_ADVANCED_INTERRUPT_CFG)))
 583:Generated_Source\PSoC5/CAN_INT.c ****         if ((CAN_INT_SR_REG.byte[1u] & CAN_RX_MESSAGE_MASK) != 0u)
 168              		.loc 1 583 0
 169 0002 044B     		ldr	r3, .L20
 170 0004 5B78     		ldrb	r3, [r3, #1]	@ zero_extendqisi2
 171 0006 13F0100F 		tst	r3, #16
 172 000a 01D0     		beq	.L17
 584:Generated_Source\PSoC5/CAN_INT.c ****         {
 585:Generated_Source\PSoC5/CAN_INT.c ****             CAN_MsgRXIsr();
 173              		.loc 1 585 0
 174 000c FFF7FEFF 		bl	CAN_MsgRXIsr
 175              	.LVL16:
 176              	.L17:
 177 0010 08BD     		pop	{r3, pc}
 178              	.L21:
 179 0012 00BF     		.align	2
 180              	.L20:
 181 0014 00A00040 		.word	1073782784
 182              		.cfi_endproc
 183              	.LFE1:
 184              		.size	CAN_ISR, .-CAN_ISR
 185              		.text
 186              	.Letext0:
 187              		.file 2 "Generated_Source\\PSoC5\\cytypes.h"
 188              		.file 3 "Generated_Source\\PSoC5\\CAN.h"
 189              		.section	.debug_info,"",%progbits
 190              	.Ldebug_info0:
 191 0000 9D020000 		.4byte	0x29d
 192 0004 0400     		.2byte	0x4
 193 0006 00000000 		.4byte	.Ldebug_abbrev0
 194 000a 04       		.byte	0x4
 195 000b 01       		.uleb128 0x1
 196 000c CC010000 		.4byte	.LASF41
 197 0010 0C       		.byte	0xc
 198 0011 7D020000 		.4byte	.LASF42
 199 0015 E6000000 		.4byte	.LASF43
 200 0019 00000000 		.4byte	.Ldebug_ranges0+0
 201 001d 00000000 		.4byte	0
 202 0021 00000000 		.4byte	.Ldebug_line0
 203 0025 02       		.uleb128 0x2
 204 0026 01       		.byte	0x1
 205 0027 06       		.byte	0x6
 206 0028 C3020000 		.4byte	.LASF0
 207 002c 02       		.uleb128 0x2
 208 002d 01       		.byte	0x1
 209 002e 08       		.byte	0x8
 210 002f A0000000 		.4byte	.LASF1
ARM GAS  C:\Users\leoja\AppData\Local\Temp\ccA8GV0O.s 			page 15


 211 0033 02       		.uleb128 0x2
 212 0034 02       		.byte	0x2
 213 0035 05       		.byte	0x5
 214 0036 9E020000 		.4byte	.LASF2
 215 003a 02       		.uleb128 0x2
 216 003b 02       		.byte	0x2
 217 003c 07       		.byte	0x7
 218 003d 5B000000 		.4byte	.LASF3
 219 0041 02       		.uleb128 0x2
 220 0042 04       		.byte	0x4
 221 0043 05       		.byte	0x5
 222 0044 AE020000 		.4byte	.LASF4
 223 0048 02       		.uleb128 0x2
 224 0049 04       		.byte	0x4
 225 004a 07       		.byte	0x7
 226 004b 52010000 		.4byte	.LASF5
 227 004f 02       		.uleb128 0x2
 228 0050 08       		.byte	0x8
 229 0051 05       		.byte	0x5
 230 0052 6A020000 		.4byte	.LASF6
 231 0056 02       		.uleb128 0x2
 232 0057 08       		.byte	0x8
 233 0058 07       		.byte	0x7
 234 0059 A1010000 		.4byte	.LASF7
 235 005d 03       		.uleb128 0x3
 236 005e 04       		.byte	0x4
 237 005f 05       		.byte	0x5
 238 0060 696E7400 		.ascii	"int\000"
 239 0064 02       		.uleb128 0x2
 240 0065 04       		.byte	0x4
 241 0066 07       		.byte	0x7
 242 0067 64010000 		.4byte	.LASF8
 243 006b 04       		.uleb128 0x4
 244 006c D1000000 		.4byte	.LASF9
 245 0070 02       		.byte	0x2
 246 0071 E801     		.2byte	0x1e8
 247 0073 2C000000 		.4byte	0x2c
 248 0077 04       		.uleb128 0x4
 249 0078 3E010000 		.4byte	.LASF10
 250 007c 02       		.byte	0x2
 251 007d E901     		.2byte	0x1e9
 252 007f 3A000000 		.4byte	0x3a
 253 0083 02       		.uleb128 0x2
 254 0084 04       		.byte	0x4
 255 0085 04       		.byte	0x4
 256 0086 9A000000 		.4byte	.LASF11
 257 008a 02       		.uleb128 0x2
 258 008b 08       		.byte	0x8
 259 008c 04       		.byte	0x4
 260 008d DF000000 		.4byte	.LASF12
 261 0091 02       		.uleb128 0x2
 262 0092 01       		.byte	0x1
 263 0093 08       		.byte	0x8
 264 0094 78020000 		.4byte	.LASF13
 265 0098 04       		.uleb128 0x4
 266 0099 B3000000 		.4byte	.LASF14
 267 009d 02       		.byte	0x2
ARM GAS  C:\Users\leoja\AppData\Local\Temp\ccA8GV0O.s 			page 16


 268 009e 9202     		.2byte	0x292
 269 00a0 A4000000 		.4byte	0xa4
 270 00a4 05       		.uleb128 0x5
 271 00a5 6B000000 		.4byte	0x6b
 272 00a9 04       		.uleb128 0x4
 273 00aa 00000000 		.4byte	.LASF15
 274 00ae 02       		.byte	0x2
 275 00af 9302     		.2byte	0x293
 276 00b1 B5000000 		.4byte	0xb5
 277 00b5 05       		.uleb128 0x5
 278 00b6 77000000 		.4byte	0x77
 279 00ba 02       		.uleb128 0x2
 280 00bb 08       		.byte	0x8
 281 00bc 04       		.byte	0x4
 282 00bd B7020000 		.4byte	.LASF16
 283 00c1 02       		.uleb128 0x2
 284 00c2 04       		.byte	0x4
 285 00c3 07       		.byte	0x7
 286 00c4 5A020000 		.4byte	.LASF17
 287 00c8 06       		.uleb128 0x6
 288 00c9 08       		.byte	0x8
 289 00ca 03       		.byte	0x3
 290 00cb 75       		.byte	0x75
 291 00cc DD000000 		.4byte	0xdd
 292 00d0 07       		.uleb128 0x7
 293 00d1 87000000 		.4byte	.LASF19
 294 00d5 03       		.byte	0x3
 295 00d6 77       		.byte	0x77
 296 00d7 ED000000 		.4byte	0xed
 297 00db 00       		.byte	0
 298 00dc 00       		.byte	0
 299 00dd 08       		.uleb128 0x8
 300 00de 98000000 		.4byte	0x98
 301 00e2 ED000000 		.4byte	0xed
 302 00e6 09       		.uleb128 0x9
 303 00e7 C1000000 		.4byte	0xc1
 304 00eb 07       		.byte	0x7
 305 00ec 00       		.byte	0
 306 00ed 05       		.uleb128 0x5
 307 00ee DD000000 		.4byte	0xdd
 308 00f2 0A       		.uleb128 0xa
 309 00f3 0C000000 		.4byte	.LASF18
 310 00f7 03       		.byte	0x3
 311 00f8 78       		.byte	0x78
 312 00f9 C8000000 		.4byte	0xc8
 313 00fd 06       		.uleb128 0x6
 314 00fe 04       		.byte	0x4
 315 00ff 03       		.byte	0x3
 316 0100 7B       		.byte	0x7b
 317 0101 12010000 		.4byte	0x112
 318 0105 07       		.uleb128 0x7
 319 0106 87000000 		.4byte	.LASF19
 320 010a 03       		.byte	0x3
 321 010b 7D       		.byte	0x7d
 322 010c 22010000 		.4byte	0x122
 323 0110 00       		.byte	0
 324 0111 00       		.byte	0
ARM GAS  C:\Users\leoja\AppData\Local\Temp\ccA8GV0O.s 			page 17


 325 0112 08       		.uleb128 0x8
 326 0113 98000000 		.4byte	0x98
 327 0117 22010000 		.4byte	0x122
 328 011b 09       		.uleb128 0x9
 329 011c C1000000 		.4byte	0xc1
 330 0120 03       		.byte	0x3
 331 0121 00       		.byte	0
 332 0122 05       		.uleb128 0x5
 333 0123 12010000 		.4byte	0x112
 334 0127 0A       		.uleb128 0xa
 335 0128 50000000 		.4byte	.LASF20
 336 012c 03       		.byte	0x3
 337 012d 7E       		.byte	0x7e
 338 012e FD000000 		.4byte	0xfd
 339 0132 06       		.uleb128 0x6
 340 0133 20       		.byte	0x20
 341 0134 03       		.byte	0x3
 342 0135 A0       		.byte	0xa0
 343 0136 8F010000 		.4byte	0x18f
 344 013a 07       		.uleb128 0x7
 345 013b C6010000 		.4byte	.LASF21
 346 013f 03       		.byte	0x3
 347 0140 A2       		.byte	0xa2
 348 0141 27010000 		.4byte	0x127
 349 0145 00       		.byte	0
 350 0146 07       		.uleb128 0x7
 351 0147 AE000000 		.4byte	.LASF22
 352 014b 03       		.byte	0x3
 353 014c A3       		.byte	0xa3
 354 014d 27010000 		.4byte	0x127
 355 0151 04       		.byte	0x4
 356 0152 07       		.uleb128 0x7
 357 0153 8C000000 		.4byte	.LASF23
 358 0157 03       		.byte	0x3
 359 0158 A4       		.byte	0xa4
 360 0159 F2000000 		.4byte	0xf2
 361 015d 08       		.byte	0x8
 362 015e 07       		.uleb128 0x7
 363 015f 3C000000 		.4byte	.LASF24
 364 0163 03       		.byte	0x3
 365 0164 A5       		.byte	0xa5
 366 0165 27010000 		.4byte	0x127
 367 0169 10       		.byte	0x10
 368 016a 07       		.uleb128 0x7
 369 016b A8020000 		.4byte	.LASF25
 370 016f 03       		.byte	0x3
 371 0170 A6       		.byte	0xa6
 372 0171 27010000 		.4byte	0x127
 373 0175 14       		.byte	0x14
 374 0176 07       		.uleb128 0x7
 375 0177 63020000 		.4byte	.LASF26
 376 017b 03       		.byte	0x3
 377 017c A7       		.byte	0xa7
 378 017d 27010000 		.4byte	0x127
 379 0181 18       		.byte	0x18
 380 0182 07       		.uleb128 0x7
 381 0183 93000000 		.4byte	.LASF27
ARM GAS  C:\Users\leoja\AppData\Local\Temp\ccA8GV0O.s 			page 18


 382 0187 03       		.byte	0x3
 383 0188 A8       		.byte	0xa8
 384 0189 27010000 		.4byte	0x127
 385 018d 1C       		.byte	0x1c
 386 018e 00       		.byte	0
 387 018f 0A       		.uleb128 0xa
 388 0190 B8010000 		.4byte	.LASF28
 389 0194 03       		.byte	0x3
 390 0195 A9       		.byte	0xa9
 391 0196 32010000 		.4byte	0x132
 392 019a 0B       		.uleb128 0xb
 393 019b 45010000 		.4byte	.LASF31
 394 019f 01       		.byte	0x1
 395 01a0 9401     		.2byte	0x194
 396 01a2 00000000 		.4byte	.LFB0
 397 01a6 84000000 		.4byte	.LFE0-.LFB0
 398 01aa 01       		.uleb128 0x1
 399 01ab 9C       		.byte	0x9c
 400 01ac 20020000 		.4byte	0x220
 401 01b0 0C       		.uleb128 0xc
 402 01b1 42000000 		.4byte	.LASF29
 403 01b5 01       		.byte	0x1
 404 01b6 9601     		.2byte	0x196
 405 01b8 6B000000 		.4byte	0x6b
 406 01bc 00000000 		.4byte	.LLST0
 407 01c0 0C       		.uleb128 0xc
 408 01c1 06000000 		.4byte	.LASF30
 409 01c5 01       		.byte	0x1
 410 01c6 9701     		.2byte	0x197
 411 01c8 77000000 		.4byte	0x77
 412 01cc 2A000000 		.4byte	.LLST1
 413 01d0 0D       		.uleb128 0xd
 414 01d1 3C000000 		.4byte	.LVL3
 415 01d5 40020000 		.4byte	0x240
 416 01d9 0D       		.uleb128 0xd
 417 01da 42000000 		.4byte	.LVL4
 418 01de 4C020000 		.4byte	0x24c
 419 01e2 0D       		.uleb128 0xd
 420 01e3 48000000 		.4byte	.LVL5
 421 01e7 58020000 		.4byte	0x258
 422 01eb 0D       		.uleb128 0xd
 423 01ec 4E000000 		.4byte	.LVL6
 424 01f0 64020000 		.4byte	0x264
 425 01f4 0D       		.uleb128 0xd
 426 01f5 54000000 		.4byte	.LVL7
 427 01f9 70020000 		.4byte	0x270
 428 01fd 0D       		.uleb128 0xd
 429 01fe 5A000000 		.4byte	.LVL8
 430 0202 7C020000 		.4byte	0x27c
 431 0206 0D       		.uleb128 0xd
 432 0207 60000000 		.4byte	.LVL9
 433 020b 88020000 		.4byte	0x288
 434 020f 0E       		.uleb128 0xe
 435 0210 68000000 		.4byte	.LVL10
 436 0214 94020000 		.4byte	0x294
 437 0218 0F       		.uleb128 0xf
 438 0219 01       		.uleb128 0x1
ARM GAS  C:\Users\leoja\AppData\Local\Temp\ccA8GV0O.s 			page 19


 439 021a 50       		.byte	0x50
 440 021b 02       		.uleb128 0x2
 441 021c 74       		.byte	0x74
 442 021d 00       		.sleb128 0
 443 021e 00       		.byte	0
 444 021f 00       		.byte	0
 445 0220 0B       		.uleb128 0xb
 446 0221 D7000000 		.4byte	.LASF32
 447 0225 01       		.byte	0x1
 448 0226 DF01     		.2byte	0x1df
 449 0228 00000000 		.4byte	.LFB1
 450 022c 18000000 		.4byte	.LFE1-.LFB1
 451 0230 01       		.uleb128 0x1
 452 0231 9C       		.byte	0x9c
 453 0232 40020000 		.4byte	0x240
 454 0236 0D       		.uleb128 0xd
 455 0237 10000000 		.4byte	.LVL16
 456 023b 9A010000 		.4byte	0x19a
 457 023f 00       		.byte	0
 458 0240 10       		.uleb128 0x10
 459 0241 1B000000 		.4byte	.LASF33
 460 0245 1B000000 		.4byte	.LASF33
 461 0249 03       		.byte	0x3
 462 024a 3501     		.2byte	0x135
 463 024c 10       		.uleb128 0x10
 464 024d 6E000000 		.4byte	.LASF34
 465 0251 6E000000 		.4byte	.LASF34
 466 0255 03       		.byte	0x3
 467 0256 3801     		.2byte	0x138
 468 0258 10       		.uleb128 0x10
 469 0259 CF020000 		.4byte	.LASF35
 470 025d CF020000 		.4byte	.LASF35
 471 0261 03       		.byte	0x3
 472 0262 3B01     		.2byte	0x13b
 473 0264 10       		.uleb128 0x10
 474 0265 EC020000 		.4byte	.LASF36
 475 0269 EC020000 		.4byte	.LASF36
 476 026d 03       		.byte	0x3
 477 026e 3E01     		.2byte	0x13e
 478 0270 10       		.uleb128 0x10
 479 0271 8A010000 		.4byte	.LASF37
 480 0275 8A010000 		.4byte	.LASF37
 481 0279 03       		.byte	0x3
 482 027a 4101     		.2byte	0x141
 483 027c 10       		.uleb128 0x10
 484 027d 71010000 		.4byte	.LASF38
 485 0281 71010000 		.4byte	.LASF38
 486 0285 03       		.byte	0x3
 487 0286 4401     		.2byte	0x144
 488 0288 10       		.uleb128 0x10
 489 0289 B8000000 		.4byte	.LASF39
 490 028d B8000000 		.4byte	.LASF39
 491 0291 03       		.byte	0x3
 492 0292 4701     		.2byte	0x147
 493 0294 10       		.uleb128 0x10
 494 0295 03030000 		.4byte	.LASF40
 495 0299 03030000 		.4byte	.LASF40
ARM GAS  C:\Users\leoja\AppData\Local\Temp\ccA8GV0O.s 			page 20


 496 029d 03       		.byte	0x3
 497 029e 1A01     		.2byte	0x11a
 498 02a0 00       		.byte	0
 499              		.section	.debug_abbrev,"",%progbits
 500              	.Ldebug_abbrev0:
 501 0000 01       		.uleb128 0x1
 502 0001 11       		.uleb128 0x11
 503 0002 01       		.byte	0x1
 504 0003 25       		.uleb128 0x25
 505 0004 0E       		.uleb128 0xe
 506 0005 13       		.uleb128 0x13
 507 0006 0B       		.uleb128 0xb
 508 0007 03       		.uleb128 0x3
 509 0008 0E       		.uleb128 0xe
 510 0009 1B       		.uleb128 0x1b
 511 000a 0E       		.uleb128 0xe
 512 000b 55       		.uleb128 0x55
 513 000c 17       		.uleb128 0x17
 514 000d 11       		.uleb128 0x11
 515 000e 01       		.uleb128 0x1
 516 000f 10       		.uleb128 0x10
 517 0010 17       		.uleb128 0x17
 518 0011 00       		.byte	0
 519 0012 00       		.byte	0
 520 0013 02       		.uleb128 0x2
 521 0014 24       		.uleb128 0x24
 522 0015 00       		.byte	0
 523 0016 0B       		.uleb128 0xb
 524 0017 0B       		.uleb128 0xb
 525 0018 3E       		.uleb128 0x3e
 526 0019 0B       		.uleb128 0xb
 527 001a 03       		.uleb128 0x3
 528 001b 0E       		.uleb128 0xe
 529 001c 00       		.byte	0
 530 001d 00       		.byte	0
 531 001e 03       		.uleb128 0x3
 532 001f 24       		.uleb128 0x24
 533 0020 00       		.byte	0
 534 0021 0B       		.uleb128 0xb
 535 0022 0B       		.uleb128 0xb
 536 0023 3E       		.uleb128 0x3e
 537 0024 0B       		.uleb128 0xb
 538 0025 03       		.uleb128 0x3
 539 0026 08       		.uleb128 0x8
 540 0027 00       		.byte	0
 541 0028 00       		.byte	0
 542 0029 04       		.uleb128 0x4
 543 002a 16       		.uleb128 0x16
 544 002b 00       		.byte	0
 545 002c 03       		.uleb128 0x3
 546 002d 0E       		.uleb128 0xe
 547 002e 3A       		.uleb128 0x3a
 548 002f 0B       		.uleb128 0xb
 549 0030 3B       		.uleb128 0x3b
 550 0031 05       		.uleb128 0x5
 551 0032 49       		.uleb128 0x49
 552 0033 13       		.uleb128 0x13
ARM GAS  C:\Users\leoja\AppData\Local\Temp\ccA8GV0O.s 			page 21


 553 0034 00       		.byte	0
 554 0035 00       		.byte	0
 555 0036 05       		.uleb128 0x5
 556 0037 35       		.uleb128 0x35
 557 0038 00       		.byte	0
 558 0039 49       		.uleb128 0x49
 559 003a 13       		.uleb128 0x13
 560 003b 00       		.byte	0
 561 003c 00       		.byte	0
 562 003d 06       		.uleb128 0x6
 563 003e 13       		.uleb128 0x13
 564 003f 01       		.byte	0x1
 565 0040 0B       		.uleb128 0xb
 566 0041 0B       		.uleb128 0xb
 567 0042 3A       		.uleb128 0x3a
 568 0043 0B       		.uleb128 0xb
 569 0044 3B       		.uleb128 0x3b
 570 0045 0B       		.uleb128 0xb
 571 0046 01       		.uleb128 0x1
 572 0047 13       		.uleb128 0x13
 573 0048 00       		.byte	0
 574 0049 00       		.byte	0
 575 004a 07       		.uleb128 0x7
 576 004b 0D       		.uleb128 0xd
 577 004c 00       		.byte	0
 578 004d 03       		.uleb128 0x3
 579 004e 0E       		.uleb128 0xe
 580 004f 3A       		.uleb128 0x3a
 581 0050 0B       		.uleb128 0xb
 582 0051 3B       		.uleb128 0x3b
 583 0052 0B       		.uleb128 0xb
 584 0053 49       		.uleb128 0x49
 585 0054 13       		.uleb128 0x13
 586 0055 38       		.uleb128 0x38
 587 0056 0B       		.uleb128 0xb
 588 0057 00       		.byte	0
 589 0058 00       		.byte	0
 590 0059 08       		.uleb128 0x8
 591 005a 01       		.uleb128 0x1
 592 005b 01       		.byte	0x1
 593 005c 49       		.uleb128 0x49
 594 005d 13       		.uleb128 0x13
 595 005e 01       		.uleb128 0x1
 596 005f 13       		.uleb128 0x13
 597 0060 00       		.byte	0
 598 0061 00       		.byte	0
 599 0062 09       		.uleb128 0x9
 600 0063 21       		.uleb128 0x21
 601 0064 00       		.byte	0
 602 0065 49       		.uleb128 0x49
 603 0066 13       		.uleb128 0x13
 604 0067 2F       		.uleb128 0x2f
 605 0068 0B       		.uleb128 0xb
 606 0069 00       		.byte	0
 607 006a 00       		.byte	0
 608 006b 0A       		.uleb128 0xa
 609 006c 16       		.uleb128 0x16
ARM GAS  C:\Users\leoja\AppData\Local\Temp\ccA8GV0O.s 			page 22


 610 006d 00       		.byte	0
 611 006e 03       		.uleb128 0x3
 612 006f 0E       		.uleb128 0xe
 613 0070 3A       		.uleb128 0x3a
 614 0071 0B       		.uleb128 0xb
 615 0072 3B       		.uleb128 0x3b
 616 0073 0B       		.uleb128 0xb
 617 0074 49       		.uleb128 0x49
 618 0075 13       		.uleb128 0x13
 619 0076 00       		.byte	0
 620 0077 00       		.byte	0
 621 0078 0B       		.uleb128 0xb
 622 0079 2E       		.uleb128 0x2e
 623 007a 01       		.byte	0x1
 624 007b 3F       		.uleb128 0x3f
 625 007c 19       		.uleb128 0x19
 626 007d 03       		.uleb128 0x3
 627 007e 0E       		.uleb128 0xe
 628 007f 3A       		.uleb128 0x3a
 629 0080 0B       		.uleb128 0xb
 630 0081 3B       		.uleb128 0x3b
 631 0082 05       		.uleb128 0x5
 632 0083 27       		.uleb128 0x27
 633 0084 19       		.uleb128 0x19
 634 0085 11       		.uleb128 0x11
 635 0086 01       		.uleb128 0x1
 636 0087 12       		.uleb128 0x12
 637 0088 06       		.uleb128 0x6
 638 0089 40       		.uleb128 0x40
 639 008a 18       		.uleb128 0x18
 640 008b 9742     		.uleb128 0x2117
 641 008d 19       		.uleb128 0x19
 642 008e 01       		.uleb128 0x1
 643 008f 13       		.uleb128 0x13
 644 0090 00       		.byte	0
 645 0091 00       		.byte	0
 646 0092 0C       		.uleb128 0xc
 647 0093 34       		.uleb128 0x34
 648 0094 00       		.byte	0
 649 0095 03       		.uleb128 0x3
 650 0096 0E       		.uleb128 0xe
 651 0097 3A       		.uleb128 0x3a
 652 0098 0B       		.uleb128 0xb
 653 0099 3B       		.uleb128 0x3b
 654 009a 05       		.uleb128 0x5
 655 009b 49       		.uleb128 0x49
 656 009c 13       		.uleb128 0x13
 657 009d 02       		.uleb128 0x2
 658 009e 17       		.uleb128 0x17
 659 009f 00       		.byte	0
 660 00a0 00       		.byte	0
 661 00a1 0D       		.uleb128 0xd
 662 00a2 898201   		.uleb128 0x4109
 663 00a5 00       		.byte	0
 664 00a6 11       		.uleb128 0x11
 665 00a7 01       		.uleb128 0x1
 666 00a8 31       		.uleb128 0x31
ARM GAS  C:\Users\leoja\AppData\Local\Temp\ccA8GV0O.s 			page 23


 667 00a9 13       		.uleb128 0x13
 668 00aa 00       		.byte	0
 669 00ab 00       		.byte	0
 670 00ac 0E       		.uleb128 0xe
 671 00ad 898201   		.uleb128 0x4109
 672 00b0 01       		.byte	0x1
 673 00b1 11       		.uleb128 0x11
 674 00b2 01       		.uleb128 0x1
 675 00b3 31       		.uleb128 0x31
 676 00b4 13       		.uleb128 0x13
 677 00b5 00       		.byte	0
 678 00b6 00       		.byte	0
 679 00b7 0F       		.uleb128 0xf
 680 00b8 8A8201   		.uleb128 0x410a
 681 00bb 00       		.byte	0
 682 00bc 02       		.uleb128 0x2
 683 00bd 18       		.uleb128 0x18
 684 00be 9142     		.uleb128 0x2111
 685 00c0 18       		.uleb128 0x18
 686 00c1 00       		.byte	0
 687 00c2 00       		.byte	0
 688 00c3 10       		.uleb128 0x10
 689 00c4 2E       		.uleb128 0x2e
 690 00c5 00       		.byte	0
 691 00c6 3F       		.uleb128 0x3f
 692 00c7 19       		.uleb128 0x19
 693 00c8 3C       		.uleb128 0x3c
 694 00c9 19       		.uleb128 0x19
 695 00ca 6E       		.uleb128 0x6e
 696 00cb 0E       		.uleb128 0xe
 697 00cc 03       		.uleb128 0x3
 698 00cd 0E       		.uleb128 0xe
 699 00ce 3A       		.uleb128 0x3a
 700 00cf 0B       		.uleb128 0xb
 701 00d0 3B       		.uleb128 0x3b
 702 00d1 05       		.uleb128 0x5
 703 00d2 00       		.byte	0
 704 00d3 00       		.byte	0
 705 00d4 00       		.byte	0
 706              		.section	.debug_loc,"",%progbits
 707              	.Ldebug_loc0:
 708              	.LLST0:
 709 0000 08000000 		.4byte	.LVL1
 710 0004 0E000000 		.4byte	.LVL2
 711 0008 0200     		.2byte	0x2
 712 000a 30       		.byte	0x30
 713 000b 9F       		.byte	0x9f
 714 000c 0E000000 		.4byte	.LVL2
 715 0010 6E000000 		.4byte	.LVL13
 716 0014 0100     		.2byte	0x1
 717 0016 54       		.byte	0x54
 718 0017 70000000 		.4byte	.LVL14
 719 001b 76000000 		.4byte	.LVL15
 720 001f 0100     		.2byte	0x1
 721 0021 54       		.byte	0x54
 722 0022 00000000 		.4byte	0
 723 0026 00000000 		.4byte	0
ARM GAS  C:\Users\leoja\AppData\Local\Temp\ccA8GV0O.s 			page 24


 724              	.LLST1:
 725 002a 02000000 		.4byte	.LVL0
 726 002e 0E000000 		.4byte	.LVL2
 727 0032 0200     		.2byte	0x2
 728 0034 31       		.byte	0x31
 729 0035 9F       		.byte	0x9f
 730 0036 0E000000 		.4byte	.LVL2
 731 003a 6A000000 		.4byte	.LVL11
 732 003e 0100     		.2byte	0x1
 733 0040 55       		.byte	0x55
 734 0041 6C000000 		.4byte	.LVL12
 735 0045 76000000 		.4byte	.LVL15
 736 0049 0100     		.2byte	0x1
 737 004b 55       		.byte	0x55
 738 004c 00000000 		.4byte	0
 739 0050 00000000 		.4byte	0
 740              		.section	.debug_aranges,"",%progbits
 741 0000 24000000 		.4byte	0x24
 742 0004 0200     		.2byte	0x2
 743 0006 00000000 		.4byte	.Ldebug_info0
 744 000a 04       		.byte	0x4
 745 000b 00       		.byte	0
 746 000c 0000     		.2byte	0
 747 000e 0000     		.2byte	0
 748 0010 00000000 		.4byte	.LFB0
 749 0014 84000000 		.4byte	.LFE0-.LFB0
 750 0018 00000000 		.4byte	.LFB1
 751 001c 18000000 		.4byte	.LFE1-.LFB1
 752 0020 00000000 		.4byte	0
 753 0024 00000000 		.4byte	0
 754              		.section	.debug_ranges,"",%progbits
 755              	.Ldebug_ranges0:
 756 0000 00000000 		.4byte	.LFB0
 757 0004 84000000 		.4byte	.LFE0
 758 0008 00000000 		.4byte	.LFB1
 759 000c 18000000 		.4byte	.LFE1
 760 0010 00000000 		.4byte	0
 761 0014 00000000 		.4byte	0
 762              		.section	.debug_line,"",%progbits
 763              	.Ldebug_line0:
 764 0000 A6000000 		.section	.debug_str,"MS",%progbits,1
 764      02004D00 
 764      00000201 
 764      FB0E0D00 
 764      01010101 
 765              	.LASF15:
 766 0000 72656731 		.ascii	"reg16\000"
 766      3600
 767              	.LASF30:
 768 0006 73686966 		.ascii	"shift\000"
 768      7400
 769              	.LASF18:
 770 000c 43414E5F 		.ascii	"CAN_DATA_BYTES\000"
 770      44415441 
 770      5F425954 
 770      455300
 771              	.LASF33:
ARM GAS  C:\Users\leoja\AppData\Local\Temp\ccA8GV0O.s 			page 25


 772 001b 43414E5F 		.ascii	"CAN_ReceiveMsgvcu_torque_request\000"
 772      52656365 
 772      6976654D 
 772      73677663 
 772      755F746F 
 773              	.LASF24:
 774 003c 7278616D 		.ascii	"rxamr\000"
 774      7200
 775              	.LASF29:
 776 0042 6D61696C 		.ascii	"mailboxNumber\000"
 776      626F784E 
 776      756D6265 
 776      7200
 777              	.LASF20:
 778 0050 43414E5F 		.ascii	"CAN_REG_32\000"
 778      5245475F 
 778      333200
 779              	.LASF3:
 780 005b 73686F72 		.ascii	"short unsigned int\000"
 780      7420756E 
 780      7369676E 
 780      65642069 
 780      6E7400
 781              	.LASF34:
 782 006e 43414E5F 		.ascii	"CAN_ReceiveMsgbms_status\000"
 782      52656365 
 782      6976654D 
 782      7367626D 
 782      735F7374 
 783              	.LASF19:
 784 0087 62797465 		.ascii	"byte\000"
 784      00
 785              	.LASF23:
 786 008c 72786461 		.ascii	"rxdata\000"
 786      746100
 787              	.LASF27:
 788 0093 72786163 		.ascii	"rxacrd\000"
 788      726400
 789              	.LASF11:
 790 009a 666C6F61 		.ascii	"float\000"
 790      7400
 791              	.LASF1:
 792 00a0 756E7369 		.ascii	"unsigned char\000"
 792      676E6564 
 792      20636861 
 792      7200
 793              	.LASF22:
 794 00ae 72786964 		.ascii	"rxid\000"
 794      00
 795              	.LASF14:
 796 00b3 72656738 		.ascii	"reg8\000"
 796      00
 797              	.LASF39:
 798 00b8 43414E5F 		.ascii	"CAN_ReceiveMsgMC_Command\000"
 798      52656365 
 798      6976654D 
 798      73674D43 
ARM GAS  C:\Users\leoja\AppData\Local\Temp\ccA8GV0O.s 			page 26


 798      5F436F6D 
 799              	.LASF9:
 800 00d1 75696E74 		.ascii	"uint8\000"
 800      3800
 801              	.LASF32:
 802 00d7 43414E5F 		.ascii	"CAN_ISR\000"
 802      49535200 
 803              	.LASF12:
 804 00df 646F7562 		.ascii	"double\000"
 804      6C6500
 805              	.LASF43:
 806 00e6 433A5C55 		.ascii	"C:\\Users\\leoja\\Documents\\GitHub\\PEI-Firmware-F"
 806      73657273 
 806      5C6C656F 
 806      6A615C44 
 806      6F63756D 
 807 0114 4531305C 		.ascii	"E10\\PEI_Firmware_FE10_Rev2\\Design01.cydsn\000"
 807      5045495F 
 807      4669726D 
 807      77617265 
 807      5F464531 
 808              	.LASF10:
 809 013e 75696E74 		.ascii	"uint16\000"
 809      313600
 810              	.LASF31:
 811 0145 43414E5F 		.ascii	"CAN_MsgRXIsr\000"
 811      4D736752 
 811      58497372 
 811      00
 812              	.LASF5:
 813 0152 6C6F6E67 		.ascii	"long unsigned int\000"
 813      20756E73 
 813      69676E65 
 813      6420696E 
 813      7400
 814              	.LASF8:
 815 0164 756E7369 		.ascii	"unsigned int\000"
 815      676E6564 
 815      20696E74 
 815      00
 816              	.LASF38:
 817 0171 43414E5F 		.ascii	"CAN_ReceiveMsgMC_Voltage\000"
 817      52656365 
 817      6976654D 
 817      73674D43 
 817      5F566F6C 
 818              	.LASF37:
 819 018a 43414E5F 		.ascii	"CAN_ReceiveMsgMC_Fault\000"
 819      52656365 
 819      6976654D 
 819      73674D43 
 819      5F466175 
 820              	.LASF7:
 821 01a1 6C6F6E67 		.ascii	"long long unsigned int\000"
 821      206C6F6E 
 821      6720756E 
 821      7369676E 
ARM GAS  C:\Users\leoja\AppData\Local\Temp\ccA8GV0O.s 			page 27


 821      65642069 
 822              	.LASF28:
 823 01b8 43414E5F 		.ascii	"CAN_RX_STRUCT\000"
 823      52585F53 
 823      54525543 
 823      5400
 824              	.LASF21:
 825 01c6 7278636D 		.ascii	"rxcmd\000"
 825      6400
 826              	.LASF41:
 827 01cc 474E5520 		.ascii	"GNU C11 5.4.1 20160609 (release) [ARM/embedded-5-br"
 827      43313120 
 827      352E342E 
 827      31203230 
 827      31363036 
 828 01ff 616E6368 		.ascii	"anch revision 237715] -mcpu=cortex-m3 -mthumb -g -O"
 828      20726576 
 828      6973696F 
 828      6E203233 
 828      37373135 
 829 0232 67202D66 		.ascii	"g -ffunction-sections -ffat-lto-objects\000"
 829      66756E63 
 829      74696F6E 
 829      2D736563 
 829      74696F6E 
 830              	.LASF17:
 831 025a 73697A65 		.ascii	"sizetype\000"
 831      74797065 
 831      00
 832              	.LASF26:
 833 0263 7278616D 		.ascii	"rxamrd\000"
 833      726400
 834              	.LASF6:
 835 026a 6C6F6E67 		.ascii	"long long int\000"
 835      206C6F6E 
 835      6720696E 
 835      7400
 836              	.LASF13:
 837 0278 63686172 		.ascii	"char\000"
 837      00
 838              	.LASF42:
 839 027d 47656E65 		.ascii	"Generated_Source\\PSoC5\\CAN_INT.c\000"
 839      72617465 
 839      645F536F 
 839      75726365 
 839      5C50536F 
 840              	.LASF2:
 841 029e 73686F72 		.ascii	"short int\000"
 841      7420696E 
 841      7400
 842              	.LASF25:
 843 02a8 72786163 		.ascii	"rxacr\000"
 843      7200
 844              	.LASF4:
 845 02ae 6C6F6E67 		.ascii	"long int\000"
 845      20696E74 
 845      00
ARM GAS  C:\Users\leoja\AppData\Local\Temp\ccA8GV0O.s 			page 28


 846              	.LASF16:
 847 02b7 6C6F6E67 		.ascii	"long double\000"
 847      20646F75 
 847      626C6500 
 848              	.LASF0:
 849 02c3 7369676E 		.ascii	"signed char\000"
 849      65642063 
 849      68617200 
 850              	.LASF35:
 851 02cf 43414E5F 		.ascii	"CAN_ReceiveMsgcharger_status\000"
 851      52656365 
 851      6976654D 
 851      73676368 
 851      61726765 
 852              	.LASF36:
 853 02ec 43414E5F 		.ascii	"CAN_ReceiveMsgMC_State\000"
 853      52656365 
 853      6976654D 
 853      73674D43 
 853      5F537461 
 854              	.LASF40:
 855 0303 43414E5F 		.ascii	"CAN_ReceiveMsg\000"
 855      52656365 
 855      6976654D 
 855      736700
 856              		.ident	"GCC: (GNU Tools for ARM Embedded Processors) 5.4.1 20160609 (release) [ARM/embedded-5-bran
