ARM GAS  C:\Users\leoja\AppData\Local\Temp\cctQdlaO.s 			page 1


   1              		.syntax unified
   2              		.cpu cortex-m3
   3              		.fpu softvfp
   4              		.eabi_attribute 20, 1
   5              		.eabi_attribute 21, 1
   6              		.eabi_attribute 23, 3
   7              		.eabi_attribute 24, 1
   8              		.eabi_attribute 25, 1
   9              		.eabi_attribute 26, 1
  10              		.eabi_attribute 30, 1
  11              		.eabi_attribute 34, 1
  12              		.eabi_attribute 18, 4
  13              		.thumb
  14              		.syntax unified
  15              		.file	"fsm.c"
  16              		.text
  17              	.Ltext0:
  18              		.cfi_sections	.debug_frame
  19              		.section	.text.inverter_enable,"ax",%progbits
  20              		.align	2
  21              		.global	inverter_enable
  22              		.thumb
  23              		.thumb_func
  24              		.type	inverter_enable, %function
  25              	inverter_enable:
  26              	.LFB63:
  27              		.file 1 "fsm.c"
   1:fsm.c         **** /* ========================================
   2:fsm.c         ****  *
   3:fsm.c         ****  * Copyright YOUR COMPANY, THE YEAR
   4:fsm.c         ****  * All Rights Reserved
   5:fsm.c         ****  * UNPUBLISHED, LICENSED SOFTWARE.
   6:fsm.c         ****  *
   7:fsm.c         ****  * CONFIDENTIAL AND PROPRIETARY INFORMATION
   8:fsm.c         ****  * WHICH IS THE PROPERTY OF your company.
   9:fsm.c         ****  *
  10:fsm.c         ****  * ========================================
  11:fsm.c         **** */
  12:fsm.c         **** 
  13:fsm.c         **** #include "fsm.h"
  14:fsm.c         **** 
  15:fsm.c         **** extern uint8_t pei_status;
  16:fsm.c         **** 
  17:fsm.c         **** //BMS Varialbes
  18:fsm.c         **** extern uint8_t bms_temp;
  19:fsm.c         **** extern uint16_t bms_status;
  20:fsm.c         **** extern uint8_t bms_soc;
  21:fsm.c         **** extern uint16_t bms_voltage;
  22:fsm.c         **** 
  23:fsm.c         **** //MC varialbes
  24:fsm.c         **** extern int16_t mc_voltage;
  25:fsm.c         **** extern uint8_t mc_vsm_state;
  26:fsm.c         **** extern uint8_t mc_discharge_state;
  27:fsm.c         **** extern uint16_t mc_post_faults;
  28:fsm.c         **** extern uint16_t mc_run_faults;
  29:fsm.c         **** 
  30:fsm.c         **** //VCU variables
ARM GAS  C:\Users\leoja\AppData\Local\Temp\cctQdlaO.s 			page 2


  31:fsm.c         **** extern uint8_t hv_requested;
  32:fsm.c         **** extern uint8_t vcu_state;
  33:fsm.c         **** extern uint8_t vcu_attached;
  34:fsm.c         **** 
  35:fsm.c         **** //charger variables
  36:fsm.c         **** extern uint8_t charger_attached;
  37:fsm.c         **** extern uint8_t charger_status;
  38:fsm.c         **** 
  39:fsm.c         **** //loop counters
  40:fsm.c         **** extern uint16_t loops_since_vcu_message;
  41:fsm.c         **** extern uint16_t loops_since_bms_message;
  42:fsm.c         **** extern uint16_t loops_since_mc_message;
  43:fsm.c         **** extern uint16_t loops_since_charger_message;
  44:fsm.c         **** 
  45:fsm.c         **** extern uint8_t enable_commands;
  46:fsm.c         **** 
  47:fsm.c         **** uint8_t inverter_enable() {
  28              		.loc 1 47 0
  29              		.cfi_startproc
  30              		@ args = 0, pretend = 0, frame = 0
  31              		@ frame_needed = 0, uses_anonymous_args = 0
  32 0000 10B5     		push	{r4, lr}
  33              		.cfi_def_cfa_offset 8
  34              		.cfi_offset 4, -8
  35              		.cfi_offset 14, -4
  48:fsm.c         ****     LCD_Position(1, 0);
  36              		.loc 1 48 0
  37 0002 0021     		movs	r1, #0
  38 0004 0120     		movs	r0, #1
  39 0006 FFF7FEFF 		bl	LCD_Position
  40              	.LVL0:
  49:fsm.c         ****     LCD_PrintInt8(enable_commands);
  41              		.loc 1 49 0
  42 000a 044C     		ldr	r4, .L3
  43 000c 2078     		ldrb	r0, [r4]	@ zero_extendqisi2
  44 000e FFF7FEFF 		bl	LCD_PrintInt8
  45              	.LVL1:
  50:fsm.c         ****     
  51:fsm.c         ****     return (enable_commands & 0x01) == 0x01;
  46              		.loc 1 51 0
  47 0012 2078     		ldrb	r0, [r4]	@ zero_extendqisi2
  52:fsm.c         **** }
  48              		.loc 1 52 0
  49 0014 00F00100 		and	r0, r0, #1
  50 0018 10BD     		pop	{r4, pc}
  51              	.L4:
  52 001a 00BF     		.align	2
  53              	.L3:
  54 001c 00000000 		.word	enable_commands
  55              		.cfi_endproc
  56              	.LFE63:
  57              		.size	inverter_enable, .-inverter_enable
  58              		.section	.text.hv_request,"ax",%progbits
  59              		.align	2
  60              		.global	hv_request
  61              		.thumb
  62              		.thumb_func
ARM GAS  C:\Users\leoja\AppData\Local\Temp\cctQdlaO.s 			page 3


  63              		.type	hv_request, %function
  64              	hv_request:
  65              	.LFB64:
  53:fsm.c         **** 
  54:fsm.c         **** uint8_t hv_request(){
  66              		.loc 1 54 0
  67              		.cfi_startproc
  68              		@ args = 0, pretend = 0, frame = 0
  69              		@ frame_needed = 0, uses_anonymous_args = 0
  70 0000 08B5     		push	{r3, lr}
  71              		.cfi_def_cfa_offset 8
  72              		.cfi_offset 3, -8
  73              		.cfi_offset 14, -4
  55:fsm.c         ****     if(vcu_attached) return hv_requested;     
  74              		.loc 1 55 0
  75 0002 064B     		ldr	r3, .L9
  76 0004 1B78     		ldrb	r3, [r3]	@ zero_extendqisi2
  77 0006 13B1     		cbz	r3, .L6
  78              		.loc 1 55 0 is_stmt 0 discriminator 1
  79 0008 054B     		ldr	r3, .L9+4
  80 000a 1878     		ldrb	r0, [r3]	@ zero_extendqisi2
  81 000c 08BD     		pop	{r3, pc}
  82              	.L6:
  56:fsm.c         ****     else if(charger_attached) return GPIO1_ESD_Read();
  83              		.loc 1 56 0 is_stmt 1
  84 000e 054B     		ldr	r3, .L9+8
  85 0010 1878     		ldrb	r0, [r3]	@ zero_extendqisi2
  86 0012 08B1     		cbz	r0, .L7
  87              		.loc 1 56 0 is_stmt 0 discriminator 1
  88 0014 FFF7FEFF 		bl	GPIO1_ESD_Read
  89              	.LVL2:
  90              	.L7:
  57:fsm.c         ****     
  58:fsm.c         ****     return 0;
  59:fsm.c         **** } 
  91              		.loc 1 59 0 is_stmt 1
  92 0018 08BD     		pop	{r3, pc}
  93              	.L10:
  94 001a 00BF     		.align	2
  95              	.L9:
  96 001c 00000000 		.word	vcu_attached
  97 0020 00000000 		.word	hv_requested
  98 0024 00000000 		.word	charger_attached
  99              		.cfi_endproc
 100              	.LFE64:
 101              		.size	hv_request, .-hv_request
 102              		.section	.text.hv_allowed,"ax",%progbits
 103              		.align	2
 104              		.global	hv_allowed
 105              		.thumb
 106              		.thumb_func
 107              		.type	hv_allowed, %function
 108              	hv_allowed:
 109              	.LFB65:
  60:fsm.c         **** 
  61:fsm.c         **** uint8_t hv_allowed(){
 110              		.loc 1 61 0
ARM GAS  C:\Users\leoja\AppData\Local\Temp\cctQdlaO.s 			page 4


 111              		.cfi_startproc
 112              		@ args = 0, pretend = 0, frame = 0
 113              		@ frame_needed = 0, uses_anonymous_args = 0
 114              		@ link register save eliminated.
  62:fsm.c         ****     
  63:fsm.c         ****     //if(pei_status & SHUTDOWN) return 0;  //shutdown circuit open
  64:fsm.c         ****     if(pei_status & BMS_TIMEOUT) return 0;
 115              		.loc 1 64 0
 116 0000 124B     		ldr	r3, .L18
 117 0002 1B78     		ldrb	r3, [r3]	@ zero_extendqisi2
 118 0004 13F00100 		ands	r0, r3, #1
 119 0008 18D1     		bne	.L14
 120 000a 03F00202 		and	r2, r3, #2
  65:fsm.c         ****     if(pei_status & VCU_CHARGER_TIMEOUT) return 0;
 121              		.loc 1 65 0
 122 000e 02F0FF01 		and	r1, r2, #255
 123 0012 D2B9     		cbnz	r2, .L12
  66:fsm.c         ****     
  67:fsm.c         ****     if(vcu_attached){
 124              		.loc 1 67 0
 125 0014 0E4A     		ldr	r2, .L18+4
 126 0016 1278     		ldrb	r2, [r2]	@ zero_extendqisi2
 127 0018 42B1     		cbz	r2, .L13
 128 001a 03F01002 		and	r2, r3, #16
  68:fsm.c         ****         if(pei_status & MC_FAULT) return 0;   //mc faults
 129              		.loc 1 68 0
 130 001e 02F0FF00 		and	r0, r2, #255
 131 0022 6AB9     		cbnz	r2, .L15
  69:fsm.c         ****         if(pei_status & MC_DISCHARGING) return 0;  //mc is trying to discharge
 132              		.loc 1 69 0
 133 0024 13F0400F 		tst	r3, #64
 134 0028 0CD0     		beq	.L16
 135 002a 7047     		bx	lr
 136              	.L13:
  70:fsm.c         ****         //if(pei_status & MC_TIMEOUT) return 0;
  71:fsm.c         ****         
  72:fsm.c         ****         return 1;
  73:fsm.c         ****         
  74:fsm.c         ****     } else if(charger_attached){
 137              		.loc 1 74 0
 138 002c 0949     		ldr	r1, .L18+8
 139 002e 0878     		ldrb	r0, [r1]	@ zero_extendqisi2
 140 0030 58B1     		cbz	r0, .L12
  75:fsm.c         ****         if(pei_status & CHARGER_FAULT) return 0;
 141              		.loc 1 75 0
 142 0032 13F0800F 		tst	r3, #128
 143 0036 07D0     		beq	.L17
 144 0038 1046     		mov	r0, r2
 145 003a 7047     		bx	lr
 146              	.L14:
  64:fsm.c         ****     if(pei_status & VCU_CHARGER_TIMEOUT) return 0;
 147              		.loc 1 64 0
 148 003c 0020     		movs	r0, #0
 149 003e 7047     		bx	lr
 150              	.L15:
  68:fsm.c         ****         if(pei_status & MC_DISCHARGING) return 0;  //mc is trying to discharge
 151              		.loc 1 68 0
ARM GAS  C:\Users\leoja\AppData\Local\Temp\cctQdlaO.s 			page 5


 152 0040 0846     		mov	r0, r1
 153 0042 7047     		bx	lr
 154              	.L16:
  72:fsm.c         ****         
 155              		.loc 1 72 0
 156 0044 0120     		movs	r0, #1
 157 0046 7047     		bx	lr
 158              	.L17:
  76:fsm.c         **** 
  77:fsm.c         ****         return 1;
 159              		.loc 1 77 0
 160 0048 0120     		movs	r0, #1
 161              	.L12:
  78:fsm.c         ****     } 
  79:fsm.c         ****     
  80:fsm.c         ****     return 0;
  81:fsm.c         **** }
 162              		.loc 1 81 0
 163 004a 7047     		bx	lr
 164              	.L19:
 165              		.align	2
 166              	.L18:
 167 004c 00000000 		.word	pei_status
 168 0050 00000000 		.word	vcu_attached
 169 0054 00000000 		.word	charger_attached
 170              		.cfi_endproc
 171              	.LFE65:
 172              		.size	hv_allowed, .-hv_allowed
 173              		.section	.text.precharge_ready,"ax",%progbits
 174              		.align	2
 175              		.global	precharge_ready
 176              		.thumb
 177              		.thumb_func
 178              		.type	precharge_ready, %function
 179              	precharge_ready:
 180              	.LFB66:
  82:fsm.c         **** 
  83:fsm.c         **** uint8_t precharge_ready(){
 181              		.loc 1 83 0
 182              		.cfi_startproc
 183              		@ args = 0, pretend = 0, frame = 0
 184              		@ frame_needed = 0, uses_anonymous_args = 0
 185              		@ link register save eliminated.
  84:fsm.c         ****     if(mc_vsm_state == PRECHARGE_INIT || mc_vsm_state == PRECHARGE_ACTIVE) return 1;
 186              		.loc 1 84 0
 187 0000 044B     		ldr	r3, .L23
 188 0002 1B78     		ldrb	r3, [r3]	@ zero_extendqisi2
 189 0004 013B     		subs	r3, r3, #1
 190 0006 DBB2     		uxtb	r3, r3
 191 0008 012B     		cmp	r3, #1
 192 000a 01D8     		bhi	.L22
 193 000c 0120     		movs	r0, #1
 194 000e 7047     		bx	lr
 195              	.L22:
  85:fsm.c         ****     
  86:fsm.c         ****     return 0;                
 196              		.loc 1 86 0
ARM GAS  C:\Users\leoja\AppData\Local\Temp\cctQdlaO.s 			page 6


 197 0010 0020     		movs	r0, #0
  87:fsm.c         **** }
 198              		.loc 1 87 0
 199 0012 7047     		bx	lr
 200              	.L24:
 201              		.align	2
 202              	.L23:
 203 0014 00000000 		.word	mc_vsm_state
 204              		.cfi_endproc
 205              	.LFE66:
 206              		.size	precharge_ready, .-precharge_ready
 207              		.global	__aeabi_ui2f
 208              		.global	__aeabi_f2d
 209              		.global	__aeabi_dmul
 210              		.global	__aeabi_d2uiz
 211              		.section	.text.precharge_complete,"ax",%progbits
 212              		.align	2
 213              		.global	precharge_complete
 214              		.thumb
 215              		.thumb_func
 216              		.type	precharge_complete, %function
 217              	precharge_complete:
 218              	.LFB67:
  88:fsm.c         **** 
  89:fsm.c         **** uint8_t precharge_complete(){    
 219              		.loc 1 89 0
 220              		.cfi_startproc
 221              		@ args = 0, pretend = 0, frame = 0
 222              		@ frame_needed = 0, uses_anonymous_args = 0
 223 0000 08B5     		push	{r3, lr}
 224              		.cfi_def_cfa_offset 8
 225              		.cfi_offset 3, -8
 226              		.cfi_offset 14, -4
  90:fsm.c         ****     uint16_t threshold = (uint16_t)(((float)bms_voltage)*0.95);
 227              		.loc 1 90 0
 228 0002 0D4B     		ldr	r3, .L27+8
 229 0004 1888     		ldrh	r0, [r3]
 230 0006 FFF7FEFF 		bl	__aeabi_ui2f
 231              	.LVL3:
 232 000a FFF7FEFF 		bl	__aeabi_f2d
 233              	.LVL4:
 234 000e 08A3     		adr	r3, .L27
 235 0010 D3E90023 		ldrd	r2, [r3]
 236 0014 FFF7FEFF 		bl	__aeabi_dmul
 237              	.LVL5:
 238 0018 FFF7FEFF 		bl	__aeabi_d2uiz
 239              	.LVL6:
 240 001c 80B2     		uxth	r0, r0
 241              	.LVL7:
  91:fsm.c         ****     return (mc_voltage > threshold);
 242              		.loc 1 91 0
 243 001e 074B     		ldr	r3, .L27+12
 244 0020 B3F90030 		ldrsh	r3, [r3]
  92:fsm.c         **** }
 245              		.loc 1 92 0
 246 0024 8342     		cmp	r3, r0
 247 0026 D4BF     		ite	le
ARM GAS  C:\Users\leoja\AppData\Local\Temp\cctQdlaO.s 			page 7


 248 0028 0020     		movle	r0, #0
 249              	.LVL8:
 250 002a 0120     		movgt	r0, #1
 251 002c 08BD     		pop	{r3, pc}
 252              	.L28:
 253 002e 00BF     		.align	3
 254              	.L27:
 255 0030 66666666 		.word	1717986918
 256 0034 6666EE3F 		.word	1072588390
 257 0038 00000000 		.word	bms_voltage
 258 003c 00000000 		.word	mc_voltage
 259              		.cfi_endproc
 260              	.LFE67:
 261              		.size	precharge_complete, .-precharge_complete
 262              		.section	.text.add_status,"ax",%progbits
 263              		.align	2
 264              		.global	add_status
 265              		.thumb
 266              		.thumb_func
 267              		.type	add_status, %function
 268              	add_status:
 269              	.LFB69:
  93:fsm.c         **** 
  94:fsm.c         **** 
  95:fsm.c         **** void update_status(){
  96:fsm.c         ****     pei_status = NORMAL;  //reset
  97:fsm.c         ****       
  98:fsm.c         ****     if(vcu_attached && (loops_since_vcu_message > CAN_TIMEOUT_LOOP_COUNT)) 
  99:fsm.c         ****         add_status(VCU_CHARGER_TIMEOUT);
 100:fsm.c         ****             
 101:fsm.c         ****     if(charger_attached && (loops_since_charger_message > CAN_TIMEOUT_LOOP_COUNT))
 102:fsm.c         ****         add_status(VCU_CHARGER_TIMEOUT);
 103:fsm.c         ****     
 104:fsm.c         ****     if(loops_since_mc_message > CAN_TIMEOUT_LOOP_COUNT) add_status(MC_TIMEOUT);
 105:fsm.c         ****     if(mc_post_faults != 0 || mc_run_faults != 0) add_status(MC_FAULT);
 106:fsm.c         ****     if(mc_discharge_state == DISCHARGE_ACTIVE) add_status(MC_DISCHARGING);
 107:fsm.c         ****     if(loops_since_bms_message > CAN_TIMEOUT_LOOP_COUNT) add_status(BMS_TIMEOUT);
 108:fsm.c         ****     if(SD_FINAL_Read() == 0) add_status(SHUTDOWN);     //shutdown circuit open
 109:fsm.c         ****     if((charger_status & 0b1011) != 0) add_status(CHARGER_FAULT); //check charger fault bits
 110:fsm.c         ****     
 111:fsm.c         **** }
 112:fsm.c         **** 
 113:fsm.c         **** void add_status(uint8_t status){
 270              		.loc 1 113 0
 271              		.cfi_startproc
 272              		@ args = 0, pretend = 0, frame = 0
 273              		@ frame_needed = 0, uses_anonymous_args = 0
 274              		@ link register save eliminated.
 275              	.LVL9:
 114:fsm.c         ****     pei_status |= status;
 276              		.loc 1 114 0
 277 0000 024A     		ldr	r2, .L30
 278 0002 1378     		ldrb	r3, [r2]	@ zero_extendqisi2
 279 0004 1843     		orrs	r0, r0, r3
 280              	.LVL10:
 281 0006 1070     		strb	r0, [r2]
 282 0008 7047     		bx	lr
ARM GAS  C:\Users\leoja\AppData\Local\Temp\cctQdlaO.s 			page 8


 283              	.L31:
 284 000a 00BF     		.align	2
 285              	.L30:
 286 000c 00000000 		.word	pei_status
 287              		.cfi_endproc
 288              	.LFE69:
 289              		.size	add_status, .-add_status
 290              		.section	.text.update_status,"ax",%progbits
 291              		.align	2
 292              		.global	update_status
 293              		.thumb
 294              		.thumb_func
 295              		.type	update_status, %function
 296              	update_status:
 297              	.LFB68:
  95:fsm.c         ****     pei_status = NORMAL;  //reset
 298              		.loc 1 95 0
 299              		.cfi_startproc
 300              		@ args = 0, pretend = 0, frame = 0
 301              		@ frame_needed = 0, uses_anonymous_args = 0
 302 0000 08B5     		push	{r3, lr}
 303              		.cfi_def_cfa_offset 8
 304              		.cfi_offset 3, -8
 305              		.cfi_offset 14, -4
  96:fsm.c         ****       
 306              		.loc 1 96 0
 307 0002 0022     		movs	r2, #0
 308 0004 214B     		ldr	r3, .L43
 309 0006 1A70     		strb	r2, [r3]
  98:fsm.c         ****         add_status(VCU_CHARGER_TIMEOUT);
 310              		.loc 1 98 0
 311 0008 214B     		ldr	r3, .L43+4
 312 000a 1B78     		ldrb	r3, [r3]	@ zero_extendqisi2
 313 000c 33B1     		cbz	r3, .L33
  98:fsm.c         ****         add_status(VCU_CHARGER_TIMEOUT);
 314              		.loc 1 98 0 is_stmt 0 discriminator 1
 315 000e 214B     		ldr	r3, .L43+8
 316 0010 1B88     		ldrh	r3, [r3]
 317 0012 1E2B     		cmp	r3, #30
 318 0014 02D9     		bls	.L33
  99:fsm.c         ****             
 319              		.loc 1 99 0 is_stmt 1
 320 0016 0220     		movs	r0, #2
 321 0018 FFF7FEFF 		bl	add_status
 322              	.LVL11:
 323              	.L33:
 101:fsm.c         ****         add_status(VCU_CHARGER_TIMEOUT);
 324              		.loc 1 101 0
 325 001c 1E4B     		ldr	r3, .L43+12
 326 001e 1B78     		ldrb	r3, [r3]	@ zero_extendqisi2
 327 0020 33B1     		cbz	r3, .L34
 101:fsm.c         ****         add_status(VCU_CHARGER_TIMEOUT);
 328              		.loc 1 101 0 is_stmt 0 discriminator 1
 329 0022 1E4B     		ldr	r3, .L43+16
 330 0024 1B88     		ldrh	r3, [r3]
 331 0026 1E2B     		cmp	r3, #30
 332 0028 02D9     		bls	.L34
ARM GAS  C:\Users\leoja\AppData\Local\Temp\cctQdlaO.s 			page 9


 102:fsm.c         ****     
 333              		.loc 1 102 0 is_stmt 1
 334 002a 0220     		movs	r0, #2
 335 002c FFF7FEFF 		bl	add_status
 336              	.LVL12:
 337              	.L34:
 104:fsm.c         ****     if(mc_post_faults != 0 || mc_run_faults != 0) add_status(MC_FAULT);
 338              		.loc 1 104 0
 339 0030 1B4B     		ldr	r3, .L43+20
 340 0032 1B88     		ldrh	r3, [r3]
 341 0034 1E2B     		cmp	r3, #30
 342 0036 02D9     		bls	.L35
 104:fsm.c         ****     if(mc_post_faults != 0 || mc_run_faults != 0) add_status(MC_FAULT);
 343              		.loc 1 104 0 is_stmt 0 discriminator 1
 344 0038 0820     		movs	r0, #8
 345 003a FFF7FEFF 		bl	add_status
 346              	.LVL13:
 347              	.L35:
 105:fsm.c         ****     if(mc_discharge_state == DISCHARGE_ACTIVE) add_status(MC_DISCHARGING);
 348              		.loc 1 105 0 is_stmt 1
 349 003e 194B     		ldr	r3, .L43+24
 350 0040 1B88     		ldrh	r3, [r3]
 351 0042 13B9     		cbnz	r3, .L36
 105:fsm.c         ****     if(mc_discharge_state == DISCHARGE_ACTIVE) add_status(MC_DISCHARGING);
 352              		.loc 1 105 0 is_stmt 0 discriminator 2
 353 0044 184B     		ldr	r3, .L43+28
 354 0046 1B88     		ldrh	r3, [r3]
 355 0048 13B1     		cbz	r3, .L37
 356              	.L36:
 105:fsm.c         ****     if(mc_discharge_state == DISCHARGE_ACTIVE) add_status(MC_DISCHARGING);
 357              		.loc 1 105 0 discriminator 3
 358 004a 1020     		movs	r0, #16
 359 004c FFF7FEFF 		bl	add_status
 360              	.LVL14:
 361              	.L37:
 106:fsm.c         ****     if(loops_since_bms_message > CAN_TIMEOUT_LOOP_COUNT) add_status(BMS_TIMEOUT);
 362              		.loc 1 106 0 is_stmt 1
 363 0050 164B     		ldr	r3, .L43+32
 364 0052 1B78     		ldrb	r3, [r3]	@ zero_extendqisi2
 365 0054 032B     		cmp	r3, #3
 366 0056 02D1     		bne	.L38
 106:fsm.c         ****     if(loops_since_bms_message > CAN_TIMEOUT_LOOP_COUNT) add_status(BMS_TIMEOUT);
 367              		.loc 1 106 0 is_stmt 0 discriminator 1
 368 0058 4020     		movs	r0, #64
 369 005a FFF7FEFF 		bl	add_status
 370              	.LVL15:
 371              	.L38:
 107:fsm.c         ****     if(SD_FINAL_Read() == 0) add_status(SHUTDOWN);     //shutdown circuit open
 372              		.loc 1 107 0 is_stmt 1
 373 005e 144B     		ldr	r3, .L43+36
 374 0060 1B88     		ldrh	r3, [r3]
 375 0062 1E2B     		cmp	r3, #30
 376 0064 02D9     		bls	.L39
 107:fsm.c         ****     if(SD_FINAL_Read() == 0) add_status(SHUTDOWN);     //shutdown circuit open
 377              		.loc 1 107 0 is_stmt 0 discriminator 1
 378 0066 0120     		movs	r0, #1
 379 0068 FFF7FEFF 		bl	add_status
ARM GAS  C:\Users\leoja\AppData\Local\Temp\cctQdlaO.s 			page 10


 380              	.LVL16:
 381              	.L39:
 108:fsm.c         ****     if((charger_status & 0b1011) != 0) add_status(CHARGER_FAULT); //check charger fault bits
 382              		.loc 1 108 0 is_stmt 1
 383 006c FFF7FEFF 		bl	SD_FINAL_Read
 384              	.LVL17:
 385 0070 10B9     		cbnz	r0, .L40
 108:fsm.c         ****     if((charger_status & 0b1011) != 0) add_status(CHARGER_FAULT); //check charger fault bits
 386              		.loc 1 108 0 is_stmt 0 discriminator 1
 387 0072 2020     		movs	r0, #32
 388 0074 FFF7FEFF 		bl	add_status
 389              	.LVL18:
 390              	.L40:
 109:fsm.c         ****     
 391              		.loc 1 109 0 is_stmt 1
 392 0078 0E4B     		ldr	r3, .L43+40
 393 007a 1B78     		ldrb	r3, [r3]	@ zero_extendqisi2
 394 007c 13F00B0F 		tst	r3, #11
 395 0080 02D0     		beq	.L32
 109:fsm.c         ****     
 396              		.loc 1 109 0 is_stmt 0 discriminator 1
 397 0082 8020     		movs	r0, #128
 398 0084 FFF7FEFF 		bl	add_status
 399              	.LVL19:
 400              	.L32:
 401 0088 08BD     		pop	{r3, pc}
 402              	.L44:
 403 008a 00BF     		.align	2
 404              	.L43:
 405 008c 00000000 		.word	pei_status
 406 0090 00000000 		.word	vcu_attached
 407 0094 00000000 		.word	loops_since_vcu_message
 408 0098 00000000 		.word	charger_attached
 409 009c 00000000 		.word	loops_since_charger_message
 410 00a0 00000000 		.word	loops_since_mc_message
 411 00a4 00000000 		.word	mc_post_faults
 412 00a8 00000000 		.word	mc_run_faults
 413 00ac 00000000 		.word	mc_discharge_state
 414 00b0 00000000 		.word	loops_since_bms_message
 415 00b4 00000000 		.word	charger_status
 416              		.cfi_endproc
 417              	.LFE68:
 418              		.size	update_status, .-update_status
 419              		.text
 420              	.Letext0:
 421              		.file 2 "c:\\program files (x86)\\cypress\\psoc creator\\4.4\\psoc creator\\import\\gnu\\arm\\5.4.
 422              		.file 3 "c:\\program files (x86)\\cypress\\psoc creator\\4.4\\psoc creator\\import\\gnu\\arm\\5.4.
 423              		.file 4 "fsm.h"
 424              		.file 5 "Generated_Source\\PSoC5/core_cm3.h"
 425              		.file 6 "Generated_Source\\PSoC5/LCD.h"
 426              		.file 7 "Generated_Source\\PSoC5/GPIO1_ESD.h"
 427              		.file 8 "Generated_Source\\PSoC5/SD_FINAL.h"
 428              		.section	.debug_info,"",%progbits
 429              	.Ldebug_info0:
 430 0000 D0030000 		.4byte	0x3d0
 431 0004 0400     		.2byte	0x4
 432 0006 00000000 		.4byte	.Ldebug_abbrev0
ARM GAS  C:\Users\leoja\AppData\Local\Temp\cctQdlaO.s 			page 11


 433 000a 04       		.byte	0x4
 434 000b 01       		.uleb128 0x1
 435 000c C5030000 		.4byte	.LASF64
 436 0010 0C       		.byte	0xc
 437 0011 AB020000 		.4byte	.LASF65
 438 0015 E6020000 		.4byte	.LASF66
 439 0019 00000000 		.4byte	.Ldebug_ranges0+0
 440 001d 00000000 		.4byte	0
 441 0021 00000000 		.4byte	.Ldebug_line0
 442 0025 02       		.uleb128 0x2
 443 0026 01       		.byte	0x1
 444 0027 06       		.byte	0x6
 445 0028 FC010000 		.4byte	.LASF0
 446 002c 03       		.uleb128 0x3
 447 002d 79010000 		.4byte	.LASF2
 448 0031 02       		.byte	0x2
 449 0032 1D       		.byte	0x1d
 450 0033 37000000 		.4byte	0x37
 451 0037 02       		.uleb128 0x2
 452 0038 01       		.byte	0x1
 453 0039 08       		.byte	0x8
 454 003a 9B010000 		.4byte	.LASF1
 455 003e 03       		.uleb128 0x3
 456 003f 5F030000 		.4byte	.LASF3
 457 0043 02       		.byte	0x2
 458 0044 29       		.byte	0x29
 459 0045 49000000 		.4byte	0x49
 460 0049 02       		.uleb128 0x2
 461 004a 02       		.byte	0x2
 462 004b 05       		.byte	0x5
 463 004c 94000000 		.4byte	.LASF4
 464 0050 03       		.uleb128 0x3
 465 0051 89000000 		.4byte	.LASF5
 466 0055 02       		.byte	0x2
 467 0056 2B       		.byte	0x2b
 468 0057 5B000000 		.4byte	0x5b
 469 005b 02       		.uleb128 0x2
 470 005c 02       		.byte	0x2
 471 005d 07       		.byte	0x7
 472 005e 68020000 		.4byte	.LASF6
 473 0062 03       		.uleb128 0x3
 474 0063 55030000 		.4byte	.LASF7
 475 0067 02       		.byte	0x2
 476 0068 3F       		.byte	0x3f
 477 0069 6D000000 		.4byte	0x6d
 478 006d 02       		.uleb128 0x2
 479 006e 04       		.byte	0x4
 480 006f 05       		.byte	0x5
 481 0070 70010000 		.4byte	.LASF8
 482 0074 02       		.uleb128 0x2
 483 0075 04       		.byte	0x4
 484 0076 07       		.byte	0x7
 485 0077 35020000 		.4byte	.LASF9
 486 007b 02       		.uleb128 0x2
 487 007c 08       		.byte	0x8
 488 007d 05       		.byte	0x5
 489 007e 25010000 		.4byte	.LASF10
ARM GAS  C:\Users\leoja\AppData\Local\Temp\cctQdlaO.s 			page 12


 490 0082 02       		.uleb128 0x2
 491 0083 08       		.byte	0x8
 492 0084 07       		.byte	0x7
 493 0085 08020000 		.4byte	.LASF11
 494 0089 04       		.uleb128 0x4
 495 008a 04       		.byte	0x4
 496 008b 05       		.byte	0x5
 497 008c 696E7400 		.ascii	"int\000"
 498 0090 02       		.uleb128 0x2
 499 0091 04       		.byte	0x4
 500 0092 07       		.byte	0x7
 501 0093 1F020000 		.4byte	.LASF12
 502 0097 03       		.uleb128 0x3
 503 0098 BC000000 		.4byte	.LASF13
 504 009c 03       		.byte	0x3
 505 009d 18       		.byte	0x18
 506 009e 2C000000 		.4byte	0x2c
 507 00a2 03       		.uleb128 0x3
 508 00a3 B1020000 		.4byte	.LASF14
 509 00a7 03       		.byte	0x3
 510 00a8 20       		.byte	0x20
 511 00a9 3E000000 		.4byte	0x3e
 512 00ad 03       		.uleb128 0x3
 513 00ae 2C020000 		.4byte	.LASF15
 514 00b2 03       		.byte	0x3
 515 00b3 24       		.byte	0x24
 516 00b4 50000000 		.4byte	0x50
 517 00b8 03       		.uleb128 0x3
 518 00b9 A3020000 		.4byte	.LASF16
 519 00bd 03       		.byte	0x3
 520 00be 2C       		.byte	0x2c
 521 00bf 62000000 		.4byte	0x62
 522 00c3 02       		.uleb128 0x2
 523 00c4 04       		.byte	0x4
 524 00c5 04       		.byte	0x4
 525 00c6 FE000000 		.4byte	.LASF17
 526 00ca 02       		.uleb128 0x2
 527 00cb 08       		.byte	0x8
 528 00cc 04       		.byte	0x4
 529 00cd 3E030000 		.4byte	.LASF18
 530 00d1 02       		.uleb128 0x2
 531 00d2 01       		.byte	0x1
 532 00d3 08       		.byte	0x8
 533 00d4 33000000 		.4byte	.LASF19
 534 00d8 02       		.uleb128 0x2
 535 00d9 08       		.byte	0x8
 536 00da 04       		.byte	0x4
 537 00db BC010000 		.4byte	.LASF20
 538 00df 02       		.uleb128 0x2
 539 00e0 04       		.byte	0x4
 540 00e1 07       		.byte	0x7
 541 00e2 62000000 		.4byte	.LASF21
 542 00e6 05       		.uleb128 0x5
 543 00e7 01       		.byte	0x1
 544 00e8 37000000 		.4byte	0x37
 545 00ec 04       		.byte	0x4
 546 00ed 22       		.byte	0x22
ARM GAS  C:\Users\leoja\AppData\Local\Temp\cctQdlaO.s 			page 13


 547 00ee 2F010000 		.4byte	0x12f
 548 00f2 06       		.uleb128 0x6
 549 00f3 91010000 		.4byte	.LASF22
 550 00f7 00       		.byte	0
 551 00f8 06       		.uleb128 0x6
 552 00f9 C4000000 		.4byte	.LASF23
 553 00fd 01       		.byte	0x1
 554 00fe 06       		.uleb128 0x6
 555 00ff 47020000 		.4byte	.LASF24
 556 0103 02       		.byte	0x2
 557 0104 06       		.uleb128 0x6
 558 0105 A9010000 		.4byte	.LASF25
 559 0109 03       		.byte	0x3
 560 010a 06       		.uleb128 0x6
 561 010b 9B030000 		.4byte	.LASF26
 562 010f 04       		.byte	0x4
 563 0110 06       		.uleb128 0x6
 564 0111 DA010000 		.4byte	.LASF27
 565 0115 05       		.byte	0x5
 566 0116 06       		.uleb128 0x6
 567 0117 C7020000 		.4byte	.LASF28
 568 011b 06       		.byte	0x6
 569 011c 06       		.uleb128 0x6
 570 011d ED000000 		.4byte	.LASF29
 571 0121 07       		.byte	0x7
 572 0122 06       		.uleb128 0x6
 573 0123 A4030000 		.4byte	.LASF30
 574 0127 0E       		.byte	0xe
 575 0128 06       		.uleb128 0x6
 576 0129 B9020000 		.4byte	.LASF31
 577 012d 0F       		.byte	0xf
 578 012e 00       		.byte	0
 579 012f 05       		.uleb128 0x5
 580 0130 01       		.byte	0x1
 581 0131 37000000 		.4byte	0x37
 582 0135 04       		.byte	0x4
 583 0136 2F       		.byte	0x2f
 584 0137 5A010000 		.4byte	0x15a
 585 013b 06       		.uleb128 0x6
 586 013c 04010000 		.4byte	.LASF32
 587 0140 00       		.byte	0
 588 0141 06       		.uleb128 0x6
 589 0142 C8010000 		.4byte	.LASF33
 590 0146 01       		.byte	0x1
 591 0147 06       		.uleb128 0x6
 592 0148 27000000 		.4byte	.LASF34
 593 014c 02       		.byte	0x2
 594 014d 06       		.uleb128 0x6
 595 014e 78000000 		.4byte	.LASF35
 596 0152 03       		.byte	0x3
 597 0153 06       		.uleb128 0x6
 598 0154 53040000 		.4byte	.LASF36
 599 0158 04       		.byte	0x4
 600 0159 00       		.byte	0
 601 015a 07       		.uleb128 0x7
 602 015b 45030000 		.4byte	.LASF37
 603 015f 01       		.byte	0x1
ARM GAS  C:\Users\leoja\AppData\Local\Temp\cctQdlaO.s 			page 14


 604 0160 2F       		.byte	0x2f
 605 0161 97000000 		.4byte	0x97
 606 0165 00000000 		.4byte	.LFB63
 607 0169 20000000 		.4byte	.LFE63-.LFB63
 608 016d 01       		.uleb128 0x1
 609 016e 9C       		.byte	0x9c
 610 016f 95010000 		.4byte	0x195
 611 0173 08       		.uleb128 0x8
 612 0174 0A000000 		.4byte	.LVL0
 613 0178 A7030000 		.4byte	0x3a7
 614 017c 8B010000 		.4byte	0x18b
 615 0180 09       		.uleb128 0x9
 616 0181 01       		.uleb128 0x1
 617 0182 50       		.byte	0x50
 618 0183 01       		.uleb128 0x1
 619 0184 31       		.byte	0x31
 620 0185 09       		.uleb128 0x9
 621 0186 01       		.uleb128 0x1
 622 0187 51       		.byte	0x51
 623 0188 01       		.uleb128 0x1
 624 0189 30       		.byte	0x30
 625 018a 00       		.byte	0
 626 018b 0A       		.uleb128 0xa
 627 018c 12000000 		.4byte	.LVL1
 628 0190 B2030000 		.4byte	0x3b2
 629 0194 00       		.byte	0
 630 0195 07       		.uleb128 0x7
 631 0196 66040000 		.4byte	.LASF38
 632 019a 01       		.byte	0x1
 633 019b 36       		.byte	0x36
 634 019c 97000000 		.4byte	0x97
 635 01a0 00000000 		.4byte	.LFB64
 636 01a4 28000000 		.4byte	.LFE64-.LFB64
 637 01a8 01       		.uleb128 0x1
 638 01a9 9C       		.byte	0x9c
 639 01aa B8010000 		.4byte	0x1b8
 640 01ae 0A       		.uleb128 0xa
 641 01af 18000000 		.4byte	.LVL2
 642 01b3 BD030000 		.4byte	0x3bd
 643 01b7 00       		.byte	0
 644 01b8 0B       		.uleb128 0xb
 645 01b9 0D000000 		.4byte	.LASF39
 646 01bd 01       		.byte	0x1
 647 01be 3D       		.byte	0x3d
 648 01bf 97000000 		.4byte	0x97
 649 01c3 00000000 		.4byte	.LFB65
 650 01c7 58000000 		.4byte	.LFE65-.LFB65
 651 01cb 01       		.uleb128 0x1
 652 01cc 9C       		.byte	0x9c
 653 01cd 0B       		.uleb128 0xb
 654 01ce AC000000 		.4byte	.LASF40
 655 01d2 01       		.byte	0x1
 656 01d3 53       		.byte	0x53
 657 01d4 97000000 		.4byte	0x97
 658 01d8 00000000 		.4byte	.LFB66
 659 01dc 18000000 		.4byte	.LFE66-.LFB66
 660 01e0 01       		.uleb128 0x1
ARM GAS  C:\Users\leoja\AppData\Local\Temp\cctQdlaO.s 			page 15


 661 01e1 9C       		.byte	0x9c
 662 01e2 0C       		.uleb128 0xc
 663 01e3 82020000 		.4byte	.LASF41
 664 01e7 01       		.byte	0x1
 665 01e8 59       		.byte	0x59
 666 01e9 97000000 		.4byte	0x97
 667 01ed 00000000 		.4byte	.LFB67
 668 01f1 40000000 		.4byte	.LFE67-.LFB67
 669 01f5 01       		.uleb128 0x1
 670 01f6 9C       		.byte	0x9c
 671 01f7 0B020000 		.4byte	0x20b
 672 01fb 0D       		.uleb128 0xd
 673 01fc 4A010000 		.4byte	.LASF67
 674 0200 01       		.byte	0x1
 675 0201 5A       		.byte	0x5a
 676 0202 AD000000 		.4byte	0xad
 677 0206 00000000 		.4byte	.LLST0
 678 020a 00       		.byte	0
 679 020b 0E       		.uleb128 0xe
 680 020c 80040000 		.4byte	.LASF42
 681 0210 01       		.byte	0x1
 682 0211 71       		.byte	0x71
 683 0212 00000000 		.4byte	.LFB69
 684 0216 10000000 		.4byte	.LFE69-.LFB69
 685 021a 01       		.uleb128 0x1
 686 021b 9C       		.byte	0x9c
 687 021c 30020000 		.4byte	0x230
 688 0220 0F       		.uleb128 0xf
 689 0221 7B020000 		.4byte	.LASF68
 690 0225 01       		.byte	0x1
 691 0226 71       		.byte	0x71
 692 0227 97000000 		.4byte	0x97
 693 022b 13000000 		.4byte	.LLST1
 694 022f 00       		.byte	0
 695 0230 10       		.uleb128 0x10
 696 0231 9E000000 		.4byte	.LASF69
 697 0235 01       		.byte	0x1
 698 0236 5F       		.byte	0x5f
 699 0237 00000000 		.4byte	.LFB68
 700 023b B8000000 		.4byte	.LFE68-.LFB68
 701 023f 01       		.uleb128 0x1
 702 0240 9C       		.byte	0x9c
 703 0241 E6020000 		.4byte	0x2e6
 704 0245 08       		.uleb128 0x8
 705 0246 1C000000 		.4byte	.LVL11
 706 024a 0B020000 		.4byte	0x20b
 707 024e 58020000 		.4byte	0x258
 708 0252 09       		.uleb128 0x9
 709 0253 01       		.uleb128 0x1
 710 0254 50       		.byte	0x50
 711 0255 01       		.uleb128 0x1
 712 0256 32       		.byte	0x32
 713 0257 00       		.byte	0
 714 0258 08       		.uleb128 0x8
 715 0259 30000000 		.4byte	.LVL12
 716 025d 0B020000 		.4byte	0x20b
 717 0261 6B020000 		.4byte	0x26b
ARM GAS  C:\Users\leoja\AppData\Local\Temp\cctQdlaO.s 			page 16


 718 0265 09       		.uleb128 0x9
 719 0266 01       		.uleb128 0x1
 720 0267 50       		.byte	0x50
 721 0268 01       		.uleb128 0x1
 722 0269 32       		.byte	0x32
 723 026a 00       		.byte	0
 724 026b 08       		.uleb128 0x8
 725 026c 3E000000 		.4byte	.LVL13
 726 0270 0B020000 		.4byte	0x20b
 727 0274 7E020000 		.4byte	0x27e
 728 0278 09       		.uleb128 0x9
 729 0279 01       		.uleb128 0x1
 730 027a 50       		.byte	0x50
 731 027b 01       		.uleb128 0x1
 732 027c 38       		.byte	0x38
 733 027d 00       		.byte	0
 734 027e 08       		.uleb128 0x8
 735 027f 50000000 		.4byte	.LVL14
 736 0283 0B020000 		.4byte	0x20b
 737 0287 91020000 		.4byte	0x291
 738 028b 09       		.uleb128 0x9
 739 028c 01       		.uleb128 0x1
 740 028d 50       		.byte	0x50
 741 028e 01       		.uleb128 0x1
 742 028f 40       		.byte	0x40
 743 0290 00       		.byte	0
 744 0291 08       		.uleb128 0x8
 745 0292 5E000000 		.4byte	.LVL15
 746 0296 0B020000 		.4byte	0x20b
 747 029a A5020000 		.4byte	0x2a5
 748 029e 09       		.uleb128 0x9
 749 029f 01       		.uleb128 0x1
 750 02a0 50       		.byte	0x50
 751 02a1 02       		.uleb128 0x2
 752 02a2 08       		.byte	0x8
 753 02a3 40       		.byte	0x40
 754 02a4 00       		.byte	0
 755 02a5 08       		.uleb128 0x8
 756 02a6 6C000000 		.4byte	.LVL16
 757 02aa 0B020000 		.4byte	0x20b
 758 02ae B8020000 		.4byte	0x2b8
 759 02b2 09       		.uleb128 0x9
 760 02b3 01       		.uleb128 0x1
 761 02b4 50       		.byte	0x50
 762 02b5 01       		.uleb128 0x1
 763 02b6 31       		.byte	0x31
 764 02b7 00       		.byte	0
 765 02b8 0A       		.uleb128 0xa
 766 02b9 70000000 		.4byte	.LVL17
 767 02bd C8030000 		.4byte	0x3c8
 768 02c1 08       		.uleb128 0x8
 769 02c2 78000000 		.4byte	.LVL18
 770 02c6 0B020000 		.4byte	0x20b
 771 02ca D5020000 		.4byte	0x2d5
 772 02ce 09       		.uleb128 0x9
 773 02cf 01       		.uleb128 0x1
 774 02d0 50       		.byte	0x50
ARM GAS  C:\Users\leoja\AppData\Local\Temp\cctQdlaO.s 			page 17


 775 02d1 02       		.uleb128 0x2
 776 02d2 08       		.byte	0x8
 777 02d3 20       		.byte	0x20
 778 02d4 00       		.byte	0
 779 02d5 11       		.uleb128 0x11
 780 02d6 88000000 		.4byte	.LVL19
 781 02da 0B020000 		.4byte	0x20b
 782 02de 09       		.uleb128 0x9
 783 02df 01       		.uleb128 0x1
 784 02e0 50       		.byte	0x50
 785 02e1 02       		.uleb128 0x2
 786 02e2 09       		.byte	0x9
 787 02e3 80       		.byte	0x80
 788 02e4 00       		.byte	0
 789 02e5 00       		.byte	0
 790 02e6 12       		.uleb128 0x12
 791 02e7 B8030000 		.4byte	.LASF43
 792 02eb 05       		.byte	0x5
 793 02ec 1207     		.2byte	0x712
 794 02ee F2020000 		.4byte	0x2f2
 795 02f2 13       		.uleb128 0x13
 796 02f3 B8000000 		.4byte	0xb8
 797 02f7 14       		.uleb128 0x14
 798 02f8 E2000000 		.4byte	.LASF44
 799 02fc 01       		.byte	0x1
 800 02fd 0F       		.byte	0xf
 801 02fe 97000000 		.4byte	0x97
 802 0302 14       		.uleb128 0x14
 803 0303 56000000 		.4byte	.LASF45
 804 0307 01       		.byte	0x1
 805 0308 15       		.byte	0x15
 806 0309 AD000000 		.4byte	0xad
 807 030d 14       		.uleb128 0x14
 808 030e 38000000 		.4byte	.LASF46
 809 0312 01       		.byte	0x1
 810 0313 18       		.byte	0x18
 811 0314 A2000000 		.4byte	0xa2
 812 0318 14       		.uleb128 0x14
 813 0319 8E030000 		.4byte	.LASF47
 814 031d 01       		.byte	0x1
 815 031e 19       		.byte	0x19
 816 031f 97000000 		.4byte	0x97
 817 0323 14       		.uleb128 0x14
 818 0324 43000000 		.4byte	.LASF48
 819 0328 01       		.byte	0x1
 820 0329 1A       		.byte	0x1a
 821 032a 97000000 		.4byte	0x97
 822 032e 14       		.uleb128 0x14
 823 032f 71040000 		.4byte	.LASF49
 824 0333 01       		.byte	0x1
 825 0334 1B       		.byte	0x1b
 826 0335 AD000000 		.4byte	0xad
 827 0339 14       		.uleb128 0x14
 828 033a 17010000 		.4byte	.LASF50
 829 033e 01       		.byte	0x1
 830 033f 1C       		.byte	0x1c
 831 0340 AD000000 		.4byte	0xad
ARM GAS  C:\Users\leoja\AppData\Local\Temp\cctQdlaO.s 			page 18


 832 0344 14       		.uleb128 0x14
 833 0345 00000000 		.4byte	.LASF51
 834 0349 01       		.byte	0x1
 835 034a 1F       		.byte	0x1f
 836 034b 97000000 		.4byte	0x97
 837 034f 14       		.uleb128 0x14
 838 0350 6B000000 		.4byte	.LASF52
 839 0354 01       		.byte	0x1
 840 0355 21       		.byte	0x21
 841 0356 97000000 		.4byte	0x97
 842 035a 14       		.uleb128 0x14
 843 035b D5020000 		.4byte	.LASF53
 844 035f 01       		.byte	0x1
 845 0360 24       		.byte	0x24
 846 0361 97000000 		.4byte	0x97
 847 0365 14       		.uleb128 0x14
 848 0366 D3000000 		.4byte	.LASF54
 849 036a 01       		.byte	0x1
 850 036b 25       		.byte	0x25
 851 036c 97000000 		.4byte	0x97
 852 0370 14       		.uleb128 0x14
 853 0371 E4010000 		.4byte	.LASF55
 854 0375 01       		.byte	0x1
 855 0376 28       		.byte	0x28
 856 0377 AD000000 		.4byte	0xad
 857 037b 14       		.uleb128 0x14
 858 037c 69030000 		.4byte	.LASF56
 859 0380 01       		.byte	0x1
 860 0381 29       		.byte	0x29
 861 0382 AD000000 		.4byte	0xad
 862 0386 14       		.uleb128 0x14
 863 0387 33010000 		.4byte	.LASF57
 864 038b 01       		.byte	0x1
 865 038c 2A       		.byte	0x2a
 866 038d AD000000 		.4byte	0xad
 867 0391 14       		.uleb128 0x14
 868 0392 54010000 		.4byte	.LASF58
 869 0396 01       		.byte	0x1
 870 0397 2B       		.byte	0x2b
 871 0398 AD000000 		.4byte	0xad
 872 039c 14       		.uleb128 0x14
 873 039d 58020000 		.4byte	.LASF59
 874 03a1 01       		.byte	0x1
 875 03a2 2D       		.byte	0x2d
 876 03a3 97000000 		.4byte	0x97
 877 03a7 15       		.uleb128 0x15
 878 03a8 81030000 		.4byte	.LASF60
 879 03ac 81030000 		.4byte	.LASF60
 880 03b0 06       		.byte	0x6
 881 03b1 3D       		.byte	0x3d
 882 03b2 15       		.uleb128 0x15
 883 03b3 95020000 		.4byte	.LASF61
 884 03b7 95020000 		.4byte	.LASF61
 885 03bb 06       		.byte	0x6
 886 03bc 5D       		.byte	0x5d
 887 03bd 15       		.uleb128 0x15
 888 03be 18000000 		.4byte	.LASF62
ARM GAS  C:\Users\leoja\AppData\Local\Temp\cctQdlaO.s 			page 19


 889 03c2 18000000 		.4byte	.LASF62
 890 03c6 07       		.byte	0x7
 891 03c7 29       		.byte	0x29
 892 03c8 15       		.uleb128 0x15
 893 03c9 83010000 		.4byte	.LASF63
 894 03cd 83010000 		.4byte	.LASF63
 895 03d1 08       		.byte	0x8
 896 03d2 29       		.byte	0x29
 897 03d3 00       		.byte	0
 898              		.section	.debug_abbrev,"",%progbits
 899              	.Ldebug_abbrev0:
 900 0000 01       		.uleb128 0x1
 901 0001 11       		.uleb128 0x11
 902 0002 01       		.byte	0x1
 903 0003 25       		.uleb128 0x25
 904 0004 0E       		.uleb128 0xe
 905 0005 13       		.uleb128 0x13
 906 0006 0B       		.uleb128 0xb
 907 0007 03       		.uleb128 0x3
 908 0008 0E       		.uleb128 0xe
 909 0009 1B       		.uleb128 0x1b
 910 000a 0E       		.uleb128 0xe
 911 000b 55       		.uleb128 0x55
 912 000c 17       		.uleb128 0x17
 913 000d 11       		.uleb128 0x11
 914 000e 01       		.uleb128 0x1
 915 000f 10       		.uleb128 0x10
 916 0010 17       		.uleb128 0x17
 917 0011 00       		.byte	0
 918 0012 00       		.byte	0
 919 0013 02       		.uleb128 0x2
 920 0014 24       		.uleb128 0x24
 921 0015 00       		.byte	0
 922 0016 0B       		.uleb128 0xb
 923 0017 0B       		.uleb128 0xb
 924 0018 3E       		.uleb128 0x3e
 925 0019 0B       		.uleb128 0xb
 926 001a 03       		.uleb128 0x3
 927 001b 0E       		.uleb128 0xe
 928 001c 00       		.byte	0
 929 001d 00       		.byte	0
 930 001e 03       		.uleb128 0x3
 931 001f 16       		.uleb128 0x16
 932 0020 00       		.byte	0
 933 0021 03       		.uleb128 0x3
 934 0022 0E       		.uleb128 0xe
 935 0023 3A       		.uleb128 0x3a
 936 0024 0B       		.uleb128 0xb
 937 0025 3B       		.uleb128 0x3b
 938 0026 0B       		.uleb128 0xb
 939 0027 49       		.uleb128 0x49
 940 0028 13       		.uleb128 0x13
 941 0029 00       		.byte	0
 942 002a 00       		.byte	0
 943 002b 04       		.uleb128 0x4
 944 002c 24       		.uleb128 0x24
 945 002d 00       		.byte	0
ARM GAS  C:\Users\leoja\AppData\Local\Temp\cctQdlaO.s 			page 20


 946 002e 0B       		.uleb128 0xb
 947 002f 0B       		.uleb128 0xb
 948 0030 3E       		.uleb128 0x3e
 949 0031 0B       		.uleb128 0xb
 950 0032 03       		.uleb128 0x3
 951 0033 08       		.uleb128 0x8
 952 0034 00       		.byte	0
 953 0035 00       		.byte	0
 954 0036 05       		.uleb128 0x5
 955 0037 04       		.uleb128 0x4
 956 0038 01       		.byte	0x1
 957 0039 0B       		.uleb128 0xb
 958 003a 0B       		.uleb128 0xb
 959 003b 49       		.uleb128 0x49
 960 003c 13       		.uleb128 0x13
 961 003d 3A       		.uleb128 0x3a
 962 003e 0B       		.uleb128 0xb
 963 003f 3B       		.uleb128 0x3b
 964 0040 0B       		.uleb128 0xb
 965 0041 01       		.uleb128 0x1
 966 0042 13       		.uleb128 0x13
 967 0043 00       		.byte	0
 968 0044 00       		.byte	0
 969 0045 06       		.uleb128 0x6
 970 0046 28       		.uleb128 0x28
 971 0047 00       		.byte	0
 972 0048 03       		.uleb128 0x3
 973 0049 0E       		.uleb128 0xe
 974 004a 1C       		.uleb128 0x1c
 975 004b 0B       		.uleb128 0xb
 976 004c 00       		.byte	0
 977 004d 00       		.byte	0
 978 004e 07       		.uleb128 0x7
 979 004f 2E       		.uleb128 0x2e
 980 0050 01       		.byte	0x1
 981 0051 3F       		.uleb128 0x3f
 982 0052 19       		.uleb128 0x19
 983 0053 03       		.uleb128 0x3
 984 0054 0E       		.uleb128 0xe
 985 0055 3A       		.uleb128 0x3a
 986 0056 0B       		.uleb128 0xb
 987 0057 3B       		.uleb128 0x3b
 988 0058 0B       		.uleb128 0xb
 989 0059 49       		.uleb128 0x49
 990 005a 13       		.uleb128 0x13
 991 005b 11       		.uleb128 0x11
 992 005c 01       		.uleb128 0x1
 993 005d 12       		.uleb128 0x12
 994 005e 06       		.uleb128 0x6
 995 005f 40       		.uleb128 0x40
 996 0060 18       		.uleb128 0x18
 997 0061 9742     		.uleb128 0x2117
 998 0063 19       		.uleb128 0x19
 999 0064 01       		.uleb128 0x1
 1000 0065 13       		.uleb128 0x13
 1001 0066 00       		.byte	0
 1002 0067 00       		.byte	0
ARM GAS  C:\Users\leoja\AppData\Local\Temp\cctQdlaO.s 			page 21


 1003 0068 08       		.uleb128 0x8
 1004 0069 898201   		.uleb128 0x4109
 1005 006c 01       		.byte	0x1
 1006 006d 11       		.uleb128 0x11
 1007 006e 01       		.uleb128 0x1
 1008 006f 31       		.uleb128 0x31
 1009 0070 13       		.uleb128 0x13
 1010 0071 01       		.uleb128 0x1
 1011 0072 13       		.uleb128 0x13
 1012 0073 00       		.byte	0
 1013 0074 00       		.byte	0
 1014 0075 09       		.uleb128 0x9
 1015 0076 8A8201   		.uleb128 0x410a
 1016 0079 00       		.byte	0
 1017 007a 02       		.uleb128 0x2
 1018 007b 18       		.uleb128 0x18
 1019 007c 9142     		.uleb128 0x2111
 1020 007e 18       		.uleb128 0x18
 1021 007f 00       		.byte	0
 1022 0080 00       		.byte	0
 1023 0081 0A       		.uleb128 0xa
 1024 0082 898201   		.uleb128 0x4109
 1025 0085 00       		.byte	0
 1026 0086 11       		.uleb128 0x11
 1027 0087 01       		.uleb128 0x1
 1028 0088 31       		.uleb128 0x31
 1029 0089 13       		.uleb128 0x13
 1030 008a 00       		.byte	0
 1031 008b 00       		.byte	0
 1032 008c 0B       		.uleb128 0xb
 1033 008d 2E       		.uleb128 0x2e
 1034 008e 00       		.byte	0
 1035 008f 3F       		.uleb128 0x3f
 1036 0090 19       		.uleb128 0x19
 1037 0091 03       		.uleb128 0x3
 1038 0092 0E       		.uleb128 0xe
 1039 0093 3A       		.uleb128 0x3a
 1040 0094 0B       		.uleb128 0xb
 1041 0095 3B       		.uleb128 0x3b
 1042 0096 0B       		.uleb128 0xb
 1043 0097 49       		.uleb128 0x49
 1044 0098 13       		.uleb128 0x13
 1045 0099 11       		.uleb128 0x11
 1046 009a 01       		.uleb128 0x1
 1047 009b 12       		.uleb128 0x12
 1048 009c 06       		.uleb128 0x6
 1049 009d 40       		.uleb128 0x40
 1050 009e 18       		.uleb128 0x18
 1051 009f 9742     		.uleb128 0x2117
 1052 00a1 19       		.uleb128 0x19
 1053 00a2 00       		.byte	0
 1054 00a3 00       		.byte	0
 1055 00a4 0C       		.uleb128 0xc
 1056 00a5 2E       		.uleb128 0x2e
 1057 00a6 01       		.byte	0x1
 1058 00a7 3F       		.uleb128 0x3f
 1059 00a8 19       		.uleb128 0x19
ARM GAS  C:\Users\leoja\AppData\Local\Temp\cctQdlaO.s 			page 22


 1060 00a9 03       		.uleb128 0x3
 1061 00aa 0E       		.uleb128 0xe
 1062 00ab 3A       		.uleb128 0x3a
 1063 00ac 0B       		.uleb128 0xb
 1064 00ad 3B       		.uleb128 0x3b
 1065 00ae 0B       		.uleb128 0xb
 1066 00af 49       		.uleb128 0x49
 1067 00b0 13       		.uleb128 0x13
 1068 00b1 11       		.uleb128 0x11
 1069 00b2 01       		.uleb128 0x1
 1070 00b3 12       		.uleb128 0x12
 1071 00b4 06       		.uleb128 0x6
 1072 00b5 40       		.uleb128 0x40
 1073 00b6 18       		.uleb128 0x18
 1074 00b7 9642     		.uleb128 0x2116
 1075 00b9 19       		.uleb128 0x19
 1076 00ba 01       		.uleb128 0x1
 1077 00bb 13       		.uleb128 0x13
 1078 00bc 00       		.byte	0
 1079 00bd 00       		.byte	0
 1080 00be 0D       		.uleb128 0xd
 1081 00bf 34       		.uleb128 0x34
 1082 00c0 00       		.byte	0
 1083 00c1 03       		.uleb128 0x3
 1084 00c2 0E       		.uleb128 0xe
 1085 00c3 3A       		.uleb128 0x3a
 1086 00c4 0B       		.uleb128 0xb
 1087 00c5 3B       		.uleb128 0x3b
 1088 00c6 0B       		.uleb128 0xb
 1089 00c7 49       		.uleb128 0x49
 1090 00c8 13       		.uleb128 0x13
 1091 00c9 02       		.uleb128 0x2
 1092 00ca 17       		.uleb128 0x17
 1093 00cb 00       		.byte	0
 1094 00cc 00       		.byte	0
 1095 00cd 0E       		.uleb128 0xe
 1096 00ce 2E       		.uleb128 0x2e
 1097 00cf 01       		.byte	0x1
 1098 00d0 3F       		.uleb128 0x3f
 1099 00d1 19       		.uleb128 0x19
 1100 00d2 03       		.uleb128 0x3
 1101 00d3 0E       		.uleb128 0xe
 1102 00d4 3A       		.uleb128 0x3a
 1103 00d5 0B       		.uleb128 0xb
 1104 00d6 3B       		.uleb128 0x3b
 1105 00d7 0B       		.uleb128 0xb
 1106 00d8 27       		.uleb128 0x27
 1107 00d9 19       		.uleb128 0x19
 1108 00da 11       		.uleb128 0x11
 1109 00db 01       		.uleb128 0x1
 1110 00dc 12       		.uleb128 0x12
 1111 00dd 06       		.uleb128 0x6
 1112 00de 40       		.uleb128 0x40
 1113 00df 18       		.uleb128 0x18
 1114 00e0 9742     		.uleb128 0x2117
 1115 00e2 19       		.uleb128 0x19
 1116 00e3 01       		.uleb128 0x1
ARM GAS  C:\Users\leoja\AppData\Local\Temp\cctQdlaO.s 			page 23


 1117 00e4 13       		.uleb128 0x13
 1118 00e5 00       		.byte	0
 1119 00e6 00       		.byte	0
 1120 00e7 0F       		.uleb128 0xf
 1121 00e8 05       		.uleb128 0x5
 1122 00e9 00       		.byte	0
 1123 00ea 03       		.uleb128 0x3
 1124 00eb 0E       		.uleb128 0xe
 1125 00ec 3A       		.uleb128 0x3a
 1126 00ed 0B       		.uleb128 0xb
 1127 00ee 3B       		.uleb128 0x3b
 1128 00ef 0B       		.uleb128 0xb
 1129 00f0 49       		.uleb128 0x49
 1130 00f1 13       		.uleb128 0x13
 1131 00f2 02       		.uleb128 0x2
 1132 00f3 17       		.uleb128 0x17
 1133 00f4 00       		.byte	0
 1134 00f5 00       		.byte	0
 1135 00f6 10       		.uleb128 0x10
 1136 00f7 2E       		.uleb128 0x2e
 1137 00f8 01       		.byte	0x1
 1138 00f9 3F       		.uleb128 0x3f
 1139 00fa 19       		.uleb128 0x19
 1140 00fb 03       		.uleb128 0x3
 1141 00fc 0E       		.uleb128 0xe
 1142 00fd 3A       		.uleb128 0x3a
 1143 00fe 0B       		.uleb128 0xb
 1144 00ff 3B       		.uleb128 0x3b
 1145 0100 0B       		.uleb128 0xb
 1146 0101 11       		.uleb128 0x11
 1147 0102 01       		.uleb128 0x1
 1148 0103 12       		.uleb128 0x12
 1149 0104 06       		.uleb128 0x6
 1150 0105 40       		.uleb128 0x40
 1151 0106 18       		.uleb128 0x18
 1152 0107 9742     		.uleb128 0x2117
 1153 0109 19       		.uleb128 0x19
 1154 010a 01       		.uleb128 0x1
 1155 010b 13       		.uleb128 0x13
 1156 010c 00       		.byte	0
 1157 010d 00       		.byte	0
 1158 010e 11       		.uleb128 0x11
 1159 010f 898201   		.uleb128 0x4109
 1160 0112 01       		.byte	0x1
 1161 0113 11       		.uleb128 0x11
 1162 0114 01       		.uleb128 0x1
 1163 0115 31       		.uleb128 0x31
 1164 0116 13       		.uleb128 0x13
 1165 0117 00       		.byte	0
 1166 0118 00       		.byte	0
 1167 0119 12       		.uleb128 0x12
 1168 011a 34       		.uleb128 0x34
 1169 011b 00       		.byte	0
 1170 011c 03       		.uleb128 0x3
 1171 011d 0E       		.uleb128 0xe
 1172 011e 3A       		.uleb128 0x3a
 1173 011f 0B       		.uleb128 0xb
ARM GAS  C:\Users\leoja\AppData\Local\Temp\cctQdlaO.s 			page 24


 1174 0120 3B       		.uleb128 0x3b
 1175 0121 05       		.uleb128 0x5
 1176 0122 49       		.uleb128 0x49
 1177 0123 13       		.uleb128 0x13
 1178 0124 3F       		.uleb128 0x3f
 1179 0125 19       		.uleb128 0x19
 1180 0126 3C       		.uleb128 0x3c
 1181 0127 19       		.uleb128 0x19
 1182 0128 00       		.byte	0
 1183 0129 00       		.byte	0
 1184 012a 13       		.uleb128 0x13
 1185 012b 35       		.uleb128 0x35
 1186 012c 00       		.byte	0
 1187 012d 49       		.uleb128 0x49
 1188 012e 13       		.uleb128 0x13
 1189 012f 00       		.byte	0
 1190 0130 00       		.byte	0
 1191 0131 14       		.uleb128 0x14
 1192 0132 34       		.uleb128 0x34
 1193 0133 00       		.byte	0
 1194 0134 03       		.uleb128 0x3
 1195 0135 0E       		.uleb128 0xe
 1196 0136 3A       		.uleb128 0x3a
 1197 0137 0B       		.uleb128 0xb
 1198 0138 3B       		.uleb128 0x3b
 1199 0139 0B       		.uleb128 0xb
 1200 013a 49       		.uleb128 0x49
 1201 013b 13       		.uleb128 0x13
 1202 013c 3F       		.uleb128 0x3f
 1203 013d 19       		.uleb128 0x19
 1204 013e 3C       		.uleb128 0x3c
 1205 013f 19       		.uleb128 0x19
 1206 0140 00       		.byte	0
 1207 0141 00       		.byte	0
 1208 0142 15       		.uleb128 0x15
 1209 0143 2E       		.uleb128 0x2e
 1210 0144 00       		.byte	0
 1211 0145 3F       		.uleb128 0x3f
 1212 0146 19       		.uleb128 0x19
 1213 0147 3C       		.uleb128 0x3c
 1214 0148 19       		.uleb128 0x19
 1215 0149 6E       		.uleb128 0x6e
 1216 014a 0E       		.uleb128 0xe
 1217 014b 03       		.uleb128 0x3
 1218 014c 0E       		.uleb128 0xe
 1219 014d 3A       		.uleb128 0x3a
 1220 014e 0B       		.uleb128 0xb
 1221 014f 3B       		.uleb128 0x3b
 1222 0150 0B       		.uleb128 0xb
 1223 0151 00       		.byte	0
 1224 0152 00       		.byte	0
 1225 0153 00       		.byte	0
 1226              		.section	.debug_loc,"",%progbits
 1227              	.Ldebug_loc0:
 1228              	.LLST0:
 1229 0000 1E000000 		.4byte	.LVL7
 1230 0004 2A000000 		.4byte	.LVL8
ARM GAS  C:\Users\leoja\AppData\Local\Temp\cctQdlaO.s 			page 25


 1231 0008 0100     		.2byte	0x1
 1232 000a 50       		.byte	0x50
 1233 000b 00000000 		.4byte	0
 1234 000f 00000000 		.4byte	0
 1235              	.LLST1:
 1236 0013 00000000 		.4byte	.LVL9
 1237 0017 06000000 		.4byte	.LVL10
 1238 001b 0100     		.2byte	0x1
 1239 001d 50       		.byte	0x50
 1240 001e 06000000 		.4byte	.LVL10
 1241 0022 10000000 		.4byte	.LFE69
 1242 0026 0400     		.2byte	0x4
 1243 0028 F3       		.byte	0xf3
 1244 0029 01       		.uleb128 0x1
 1245 002a 50       		.byte	0x50
 1246 002b 9F       		.byte	0x9f
 1247 002c 00000000 		.4byte	0
 1248 0030 00000000 		.4byte	0
 1249              		.section	.debug_aranges,"",%progbits
 1250 0000 4C000000 		.4byte	0x4c
 1251 0004 0200     		.2byte	0x2
 1252 0006 00000000 		.4byte	.Ldebug_info0
 1253 000a 04       		.byte	0x4
 1254 000b 00       		.byte	0
 1255 000c 0000     		.2byte	0
 1256 000e 0000     		.2byte	0
 1257 0010 00000000 		.4byte	.LFB63
 1258 0014 20000000 		.4byte	.LFE63-.LFB63
 1259 0018 00000000 		.4byte	.LFB64
 1260 001c 28000000 		.4byte	.LFE64-.LFB64
 1261 0020 00000000 		.4byte	.LFB65
 1262 0024 58000000 		.4byte	.LFE65-.LFB65
 1263 0028 00000000 		.4byte	.LFB66
 1264 002c 18000000 		.4byte	.LFE66-.LFB66
 1265 0030 00000000 		.4byte	.LFB67
 1266 0034 40000000 		.4byte	.LFE67-.LFB67
 1267 0038 00000000 		.4byte	.LFB69
 1268 003c 10000000 		.4byte	.LFE69-.LFB69
 1269 0040 00000000 		.4byte	.LFB68
 1270 0044 B8000000 		.4byte	.LFE68-.LFB68
 1271 0048 00000000 		.4byte	0
 1272 004c 00000000 		.4byte	0
 1273              		.section	.debug_ranges,"",%progbits
 1274              	.Ldebug_ranges0:
 1275 0000 00000000 		.4byte	.LFB63
 1276 0004 20000000 		.4byte	.LFE63
 1277 0008 00000000 		.4byte	.LFB64
 1278 000c 28000000 		.4byte	.LFE64
 1279 0010 00000000 		.4byte	.LFB65
 1280 0014 58000000 		.4byte	.LFE65
 1281 0018 00000000 		.4byte	.LFB66
 1282 001c 18000000 		.4byte	.LFE66
 1283 0020 00000000 		.4byte	.LFB67
 1284 0024 40000000 		.4byte	.LFE67
 1285 0028 00000000 		.4byte	.LFB69
 1286 002c 10000000 		.4byte	.LFE69
 1287 0030 00000000 		.4byte	.LFB68
ARM GAS  C:\Users\leoja\AppData\Local\Temp\cctQdlaO.s 			page 26


 1288 0034 B8000000 		.4byte	.LFE68
 1289 0038 00000000 		.4byte	0
 1290 003c 00000000 		.4byte	0
 1291              		.section	.debug_line,"",%progbits
 1292              	.Ldebug_line0:
 1293 0000 51020000 		.section	.debug_str,"MS",%progbits,1
 1293      02006D01 
 1293      00000201 
 1293      FB0E0D00 
 1293      01010101 
 1294              	.LASF51:
 1295 0000 68765F72 		.ascii	"hv_requested\000"
 1295      65717565 
 1295      73746564 
 1295      00
 1296              	.LASF39:
 1297 000d 68765F61 		.ascii	"hv_allowed\000"
 1297      6C6C6F77 
 1297      656400
 1298              	.LASF62:
 1299 0018 4750494F 		.ascii	"GPIO1_ESD_Read\000"
 1299      315F4553 
 1299      445F5265 
 1299      616400
 1300              	.LASF34:
 1301 0027 53504545 		.ascii	"SPEED_CHECK\000"
 1301      445F4348 
 1301      45434B00 
 1302              	.LASF19:
 1303 0033 63686172 		.ascii	"char\000"
 1303      00
 1304              	.LASF46:
 1305 0038 6D635F76 		.ascii	"mc_voltage\000"
 1305      6F6C7461 
 1305      676500
 1306              	.LASF48:
 1307 0043 6D635F64 		.ascii	"mc_discharge_state\000"
 1307      69736368 
 1307      61726765 
 1307      5F737461 
 1307      746500
 1308              	.LASF45:
 1309 0056 626D735F 		.ascii	"bms_voltage\000"
 1309      766F6C74 
 1309      61676500 
 1310              	.LASF21:
 1311 0062 73697A65 		.ascii	"sizetype\000"
 1311      74797065 
 1311      00
 1312              	.LASF52:
 1313 006b 7663755F 		.ascii	"vcu_attached\000"
 1313      61747461 
 1313      63686564 
 1313      00
 1314              	.LASF35:
 1315 0078 44495343 		.ascii	"DISCHARGE_ACTIVE\000"
 1315      48415247 
ARM GAS  C:\Users\leoja\AppData\Local\Temp\cctQdlaO.s 			page 27


 1315      455F4143 
 1315      54495645 
 1315      00
 1316              	.LASF5:
 1317 0089 5F5F7569 		.ascii	"__uint16_t\000"
 1317      6E743136 
 1317      5F7400
 1318              	.LASF4:
 1319 0094 73686F72 		.ascii	"short int\000"
 1319      7420696E 
 1319      7400
 1320              	.LASF69:
 1321 009e 75706461 		.ascii	"update_status\000"
 1321      74655F73 
 1321      74617475 
 1321      7300
 1322              	.LASF40:
 1323 00ac 70726563 		.ascii	"precharge_ready\000"
 1323      68617267 
 1323      655F7265 
 1323      61647900 
 1324              	.LASF13:
 1325 00bc 75696E74 		.ascii	"uint8_t\000"
 1325      385F7400 
 1326              	.LASF23:
 1327 00c4 50524543 		.ascii	"PRECHARGE_INIT\000"
 1327      48415247 
 1327      455F494E 
 1327      495400
 1328              	.LASF54:
 1329 00d3 63686172 		.ascii	"charger_status\000"
 1329      6765725F 
 1329      73746174 
 1329      757300
 1330              	.LASF44:
 1331 00e2 7065695F 		.ascii	"pei_status\000"
 1331      73746174 
 1331      757300
 1332              	.LASF29:
 1333 00ed 424C494E 		.ascii	"BLINK_FAULT_CODE\000"
 1333      4B5F4641 
 1333      554C545F 
 1333      434F4445 
 1333      00
 1334              	.LASF17:
 1335 00fe 666C6F61 		.ascii	"float\000"
 1335      7400
 1336              	.LASF32:
 1337 0104 44495343 		.ascii	"DISCHARGE_DISABLED\000"
 1337      48415247 
 1337      455F4449 
 1337      5341424C 
 1337      454400
 1338              	.LASF50:
 1339 0117 6D635F72 		.ascii	"mc_run_faults\000"
 1339      756E5F66 
 1339      61756C74 
ARM GAS  C:\Users\leoja\AppData\Local\Temp\cctQdlaO.s 			page 28


 1339      7300
 1340              	.LASF10:
 1341 0125 6C6F6E67 		.ascii	"long long int\000"
 1341      206C6F6E 
 1341      6720696E 
 1341      7400
 1342              	.LASF57:
 1343 0133 6C6F6F70 		.ascii	"loops_since_mc_message\000"
 1343      735F7369 
 1343      6E63655F 
 1343      6D635F6D 
 1343      65737361 
 1344              	.LASF67:
 1345 014a 74687265 		.ascii	"threshold\000"
 1345      73686F6C 
 1345      6400
 1346              	.LASF58:
 1347 0154 6C6F6F70 		.ascii	"loops_since_charger_message\000"
 1347      735F7369 
 1347      6E63655F 
 1347      63686172 
 1347      6765725F 
 1348              	.LASF8:
 1349 0170 6C6F6E67 		.ascii	"long int\000"
 1349      20696E74 
 1349      00
 1350              	.LASF2:
 1351 0179 5F5F7569 		.ascii	"__uint8_t\000"
 1351      6E74385F 
 1351      7400
 1352              	.LASF63:
 1353 0183 53445F46 		.ascii	"SD_FINAL_Read\000"
 1353      494E414C 
 1353      5F526561 
 1353      6400
 1354              	.LASF22:
 1355 0191 56534D5F 		.ascii	"VSM_START\000"
 1355      53544152 
 1355      5400
 1356              	.LASF1:
 1357 019b 756E7369 		.ascii	"unsigned char\000"
 1357      676E6564 
 1357      20636861 
 1357      7200
 1358              	.LASF25:
 1359 01a9 50524543 		.ascii	"PRECHARGE_COMPLETE\000"
 1359      48415247 
 1359      455F434F 
 1359      4D504C45 
 1359      544500
 1360              	.LASF20:
 1361 01bc 6C6F6E67 		.ascii	"long double\000"
 1361      20646F75 
 1361      626C6500 
 1362              	.LASF33:
 1363 01c8 44495343 		.ascii	"DISCHARGE_ENABLED\000"
 1363      48415247 
ARM GAS  C:\Users\leoja\AppData\Local\Temp\cctQdlaO.s 			page 29


 1363      455F454E 
 1363      41424C45 
 1363      4400
 1364              	.LASF27:
 1365 01da 56534D5F 		.ascii	"VSM_READY\000"
 1365      52454144 
 1365      5900
 1366              	.LASF55:
 1367 01e4 6C6F6F70 		.ascii	"loops_since_vcu_message\000"
 1367      735F7369 
 1367      6E63655F 
 1367      7663755F 
 1367      6D657373 
 1368              	.LASF0:
 1369 01fc 7369676E 		.ascii	"signed char\000"
 1369      65642063 
 1369      68617200 
 1370              	.LASF11:
 1371 0208 6C6F6E67 		.ascii	"long long unsigned int\000"
 1371      206C6F6E 
 1371      6720756E 
 1371      7369676E 
 1371      65642069 
 1372              	.LASF12:
 1373 021f 756E7369 		.ascii	"unsigned int\000"
 1373      676E6564 
 1373      20696E74 
 1373      00
 1374              	.LASF15:
 1375 022c 75696E74 		.ascii	"uint16_t\000"
 1375      31365F74 
 1375      00
 1376              	.LASF9:
 1377 0235 6C6F6E67 		.ascii	"long unsigned int\000"
 1377      20756E73 
 1377      69676E65 
 1377      6420696E 
 1377      7400
 1378              	.LASF24:
 1379 0247 50524543 		.ascii	"PRECHARGE_ACTIVE\000"
 1379      48415247 
 1379      455F4143 
 1379      54495645 
 1379      00
 1380              	.LASF59:
 1381 0258 656E6162 		.ascii	"enable_commands\000"
 1381      6C655F63 
 1381      6F6D6D61 
 1381      6E647300 
 1382              	.LASF6:
 1383 0268 73686F72 		.ascii	"short unsigned int\000"
 1383      7420756E 
 1383      7369676E 
 1383      65642069 
 1383      6E7400
 1384              	.LASF68:
 1385 027b 73746174 		.ascii	"status\000"
ARM GAS  C:\Users\leoja\AppData\Local\Temp\cctQdlaO.s 			page 30


 1385      757300
 1386              	.LASF41:
 1387 0282 70726563 		.ascii	"precharge_complete\000"
 1387      68617267 
 1387      655F636F 
 1387      6D706C65 
 1387      746500
 1388              	.LASF61:
 1389 0295 4C43445F 		.ascii	"LCD_PrintInt8\000"
 1389      5072696E 
 1389      74496E74 
 1389      3800
 1390              	.LASF16:
 1391 02a3 696E7433 		.ascii	"int32_t\000"
 1391      325F7400 
 1392              	.LASF65:
 1393 02ab 66736D2E 		.ascii	"fsm.c\000"
 1393      6300
 1394              	.LASF14:
 1395 02b1 696E7431 		.ascii	"int16_t\000"
 1395      365F7400 
 1396              	.LASF31:
 1397 02b9 52454359 		.ascii	"RECYCLE_POWER\000"
 1397      434C455F 
 1397      504F5745 
 1397      5200
 1398              	.LASF28:
 1399 02c7 4D4F544F 		.ascii	"MOTOR_RUNNING\000"
 1399      525F5255 
 1399      4E4E494E 
 1399      4700
 1400              	.LASF53:
 1401 02d5 63686172 		.ascii	"charger_attached\000"
 1401      6765725F 
 1401      61747461 
 1401      63686564 
 1401      00
 1402              	.LASF66:
 1403 02e6 433A5C55 		.ascii	"C:\\Users\\leoja\\Documents\\GitHub\\PEI-Firmware-F"
 1403      73657273 
 1403      5C6C656F 
 1403      6A615C44 
 1403      6F63756D 
 1404 0314 4531305C 		.ascii	"E10\\PEI_Firmware_FE10_Rev2\\Design01.cydsn\000"
 1404      5045495F 
 1404      4669726D 
 1404      77617265 
 1404      5F464531 
 1405              	.LASF18:
 1406 033e 646F7562 		.ascii	"double\000"
 1406      6C6500
 1407              	.LASF37:
 1408 0345 696E7665 		.ascii	"inverter_enable\000"
 1408      72746572 
 1408      5F656E61 
 1408      626C6500 
 1409              	.LASF7:
ARM GAS  C:\Users\leoja\AppData\Local\Temp\cctQdlaO.s 			page 31


 1410 0355 5F5F696E 		.ascii	"__int32_t\000"
 1410      7433325F 
 1410      7400
 1411              	.LASF3:
 1412 035f 5F5F696E 		.ascii	"__int16_t\000"
 1412      7431365F 
 1412      7400
 1413              	.LASF56:
 1414 0369 6C6F6F70 		.ascii	"loops_since_bms_message\000"
 1414      735F7369 
 1414      6E63655F 
 1414      626D735F 
 1414      6D657373 
 1415              	.LASF60:
 1416 0381 4C43445F 		.ascii	"LCD_Position\000"
 1416      506F7369 
 1416      74696F6E 
 1416      00
 1417              	.LASF47:
 1418 038e 6D635F76 		.ascii	"mc_vsm_state\000"
 1418      736D5F73 
 1418      74617465 
 1418      00
 1419              	.LASF26:
 1420 039b 56534D5F 		.ascii	"VSM_WAIT\000"
 1420      57414954 
 1420      00
 1421              	.LASF30:
 1422 03a4 53485554 		.ascii	"SHUTDOWN_IN_PROCESS\000"
 1422      444F574E 
 1422      5F494E5F 
 1422      50524F43 
 1422      45535300 
 1423              	.LASF43:
 1424 03b8 49544D5F 		.ascii	"ITM_RxBuffer\000"
 1424      52784275 
 1424      66666572 
 1424      00
 1425              	.LASF64:
 1426 03c5 474E5520 		.ascii	"GNU C11 5.4.1 20160609 (release) [ARM/embedded-5-br"
 1426      43313120 
 1426      352E342E 
 1426      31203230 
 1426      31363036 
 1427 03f8 616E6368 		.ascii	"anch revision 237715] -mcpu=cortex-m3 -mthumb -g -O"
 1427      20726576 
 1427      6973696F 
 1427      6E203233 
 1427      37373135 
 1428 042b 67202D66 		.ascii	"g -ffunction-sections -ffat-lto-objects\000"
 1428      66756E63 
 1428      74696F6E 
 1428      2D736563 
 1428      74696F6E 
 1429              	.LASF36:
 1430 0453 44495343 		.ascii	"DISCHARGE_COMPLETE\000"
 1430      48415247 
ARM GAS  C:\Users\leoja\AppData\Local\Temp\cctQdlaO.s 			page 32


 1430      455F434F 
 1430      4D504C45 
 1430      544500
 1431              	.LASF38:
 1432 0466 68765F72 		.ascii	"hv_request\000"
 1432      65717565 
 1432      737400
 1433              	.LASF49:
 1434 0471 6D635F70 		.ascii	"mc_post_faults\000"
 1434      6F73745F 
 1434      6661756C 
 1434      747300
 1435              	.LASF42:
 1436 0480 6164645F 		.ascii	"add_status\000"
 1436      73746174 
 1436      757300
 1437              		.ident	"GCC: (GNU Tools for ARM Embedded Processors) 5.4.1 20160609 (release) [ARM/embedded-5-bran
