ARM GAS  C:\Users\leoja\AppData\Local\Temp\ccdjl5SU.s 			page 1


   1              		.syntax unified
   2              		.cpu cortex-m3
   3              		.fpu softvfp
   4              		.eabi_attribute 20, 1
   5              		.eabi_attribute 21, 1
   6              		.eabi_attribute 23, 3
   7              		.eabi_attribute 24, 1
   8              		.eabi_attribute 25, 1
   9              		.eabi_attribute 26, 1
  10              		.eabi_attribute 30, 1
  11              		.eabi_attribute 34, 1
  12              		.eabi_attribute 18, 4
  13              		.thumb
  14              		.syntax unified
  15              		.file	"relays.c"
  16              		.text
  17              	.Ltext0:
  18              		.cfi_sections	.debug_frame
  19              		.section	.text.start_precharge,"ax",%progbits
  20              		.align	2
  21              		.global	start_precharge
  22              		.thumb
  23              		.thumb_func
  24              		.type	start_precharge, %function
  25              	start_precharge:
  26              	.LFB63:
  27              		.file 1 "relays.c"
   1:relays.c      **** /* ========================================
   2:relays.c      ****  *
   3:relays.c      ****  * Copyright YOUR COMPANY, THE YEAR
   4:relays.c      ****  * All Rights Reserved
   5:relays.c      ****  * UNPUBLISHED, LICENSED SOFTWARE.
   6:relays.c      ****  *
   7:relays.c      ****  * CONFIDENTIAL AND PROPRIETARY INFORMATION
   8:relays.c      ****  * WHICH IS THE PROPERTY OF your company.
   9:relays.c      ****  *
  10:relays.c      ****  * ========================================
  11:relays.c      **** */
  12:relays.c      **** 
  13:relays.c      **** #include "relays.h"
  14:relays.c      **** extern uint8_t relay_flags;
  15:relays.c      **** 
  16:relays.c      **** //Closes the precharge relay, opens the positive relay
  17:relays.c      **** void start_precharge() {
  28              		.loc 1 17 0
  29              		.cfi_startproc
  30              		@ args = 0, pretend = 0, frame = 0
  31              		@ frame_needed = 0, uses_anonymous_args = 0
  32 0000 08B5     		push	{r3, lr}
  33              		.cfi_def_cfa_offset 8
  34              		.cfi_offset 3, -8
  35              		.cfi_offset 14, -4
  18:relays.c      ****     AIR_NEG_Write(1);
  36              		.loc 1 18 0
  37 0002 0120     		movs	r0, #1
  38 0004 FFF7FEFF 		bl	AIR_NEG_Write
  39              	.LVL0:
ARM GAS  C:\Users\leoja\AppData\Local\Temp\ccdjl5SU.s 			page 2


  19:relays.c      ****     AIR_POS_Write(0);
  40              		.loc 1 19 0
  41 0008 0020     		movs	r0, #0
  42 000a FFF7FEFF 		bl	AIR_POS_Write
  43              	.LVL1:
  20:relays.c      ****     Precharge_Write(1);
  44              		.loc 1 20 0
  45 000e 0120     		movs	r0, #1
  46 0010 FFF7FEFF 		bl	Precharge_Write
  47              	.LVL2:
  21:relays.c      ****     
  22:relays.c      ****     relay_flags = 0b101;
  48              		.loc 1 22 0
  49 0014 0522     		movs	r2, #5
  50 0016 014B     		ldr	r3, .L3
  51 0018 1A70     		strb	r2, [r3]
  52 001a 08BD     		pop	{r3, pc}
  53              	.L4:
  54              		.align	2
  55              	.L3:
  56 001c 00000000 		.word	relay_flags
  57              		.cfi_endproc
  58              	.LFE63:
  59              		.size	start_precharge, .-start_precharge
  60              		.section	.text.finish_precharge,"ax",%progbits
  61              		.align	2
  62              		.global	finish_precharge
  63              		.thumb
  64              		.thumb_func
  65              		.type	finish_precharge, %function
  66              	finish_precharge:
  67              	.LFB64:
  23:relays.c      **** }
  24:relays.c      **** 
  25:relays.c      **** //Opens the precharge relay, closese the positive relay
  26:relays.c      **** void finish_precharge()
  27:relays.c      **** {
  68              		.loc 1 27 0
  69              		.cfi_startproc
  70              		@ args = 0, pretend = 0, frame = 0
  71              		@ frame_needed = 0, uses_anonymous_args = 0
  72 0000 08B5     		push	{r3, lr}
  73              		.cfi_def_cfa_offset 8
  74              		.cfi_offset 3, -8
  75              		.cfi_offset 14, -4
  28:relays.c      ****     AIR_NEG_Write(1);
  76              		.loc 1 28 0
  77 0002 0120     		movs	r0, #1
  78 0004 FFF7FEFF 		bl	AIR_NEG_Write
  79              	.LVL3:
  29:relays.c      ****     AIR_POS_Write(1);
  80              		.loc 1 29 0
  81 0008 0120     		movs	r0, #1
  82 000a FFF7FEFF 		bl	AIR_POS_Write
  83              	.LVL4:
  30:relays.c      ****     Precharge_Write(0);
  84              		.loc 1 30 0
ARM GAS  C:\Users\leoja\AppData\Local\Temp\ccdjl5SU.s 			page 3


  85 000e 0020     		movs	r0, #0
  86 0010 FFF7FEFF 		bl	Precharge_Write
  87              	.LVL5:
  31:relays.c      ****     
  32:relays.c      ****     relay_flags = 0b110;
  88              		.loc 1 32 0
  89 0014 0622     		movs	r2, #6
  90 0016 014B     		ldr	r3, .L7
  91 0018 1A70     		strb	r2, [r3]
  92 001a 08BD     		pop	{r3, pc}
  93              	.L8:
  94              		.align	2
  95              	.L7:
  96 001c 00000000 		.word	relay_flags
  97              		.cfi_endproc
  98              	.LFE64:
  99              		.size	finish_precharge, .-finish_precharge
 100              		.section	.text.clear_interlock,"ax",%progbits
 101              		.align	2
 102              		.global	clear_interlock
 103              		.thumb
 104              		.thumb_func
 105              		.type	clear_interlock, %function
 106              	clear_interlock:
 107              	.LFB65:
  33:relays.c      **** }    
  34:relays.c      **** 
  35:relays.c      **** void clear_interlock()
  36:relays.c      **** {
 108              		.loc 1 36 0
 109              		.cfi_startproc
 110              		@ args = 0, pretend = 0, frame = 0
 111              		@ frame_needed = 0, uses_anonymous_args = 0
 112 0000 08B5     		push	{r3, lr}
 113              		.cfi_def_cfa_offset 8
 114              		.cfi_offset 3, -8
 115              		.cfi_offset 14, -4
  37:relays.c      ****     AIR_NEG_Write(0);
 116              		.loc 1 37 0
 117 0002 0020     		movs	r0, #0
 118 0004 FFF7FEFF 		bl	AIR_NEG_Write
 119              	.LVL6:
  38:relays.c      ****     AIR_POS_Write(0);
 120              		.loc 1 38 0
 121 0008 0020     		movs	r0, #0
 122 000a FFF7FEFF 		bl	AIR_POS_Write
 123              	.LVL7:
  39:relays.c      ****     Precharge_Write(0);
 124              		.loc 1 39 0
 125 000e 0020     		movs	r0, #0
 126 0010 FFF7FEFF 		bl	Precharge_Write
 127              	.LVL8:
  40:relays.c      ****     
  41:relays.c      ****     relay_flags = 0b000;
 128              		.loc 1 41 0
 129 0014 0022     		movs	r2, #0
 130 0016 014B     		ldr	r3, .L11
ARM GAS  C:\Users\leoja\AppData\Local\Temp\ccdjl5SU.s 			page 4


 131 0018 1A70     		strb	r2, [r3]
 132 001a 08BD     		pop	{r3, pc}
 133              	.L12:
 134              		.align	2
 135              	.L11:
 136 001c 00000000 		.word	relay_flags
 137              		.cfi_endproc
 138              	.LFE65:
 139              		.size	clear_interlock, .-clear_interlock
 140              		.text
 141              	.Letext0:
 142              		.file 2 "c:\\program files (x86)\\cypress\\psoc creator\\4.4\\psoc creator\\import\\gnu\\arm\\5.4.
 143              		.file 3 "c:\\program files (x86)\\cypress\\psoc creator\\4.4\\psoc creator\\import\\gnu\\arm\\5.4.
 144              		.file 4 "Generated_Source\\PSoC5/core_cm3.h"
 145              		.file 5 "Generated_Source\\PSoC5/AIR_NEG.h"
 146              		.file 6 "Generated_Source\\PSoC5/AIR_POS.h"
 147              		.file 7 "Generated_Source\\PSoC5/Precharge.h"
 148              		.section	.debug_info,"",%progbits
 149              	.Ldebug_info0:
 150 0000 D5010000 		.4byte	0x1d5
 151 0004 0400     		.2byte	0x4
 152 0006 00000000 		.4byte	.Ldebug_abbrev0
 153 000a 04       		.byte	0x4
 154 000b 01       		.uleb128 0x1
 155 000c 3C000000 		.4byte	.LASF26
 156 0010 0C       		.byte	0xc
 157 0011 33000000 		.4byte	.LASF27
 158 0015 BC010000 		.4byte	.LASF28
 159 0019 00000000 		.4byte	.Ldebug_ranges0+0
 160 001d 00000000 		.4byte	0
 161 0021 00000000 		.4byte	.Ldebug_line0
 162 0025 02       		.uleb128 0x2
 163 0026 01       		.byte	0x1
 164 0027 06       		.byte	0x6
 165 0028 86010000 		.4byte	.LASF0
 166 002c 03       		.uleb128 0x3
 167 002d 04010000 		.4byte	.LASF4
 168 0031 02       		.byte	0x2
 169 0032 1D       		.byte	0x1d
 170 0033 37000000 		.4byte	0x37
 171 0037 02       		.uleb128 0x2
 172 0038 01       		.byte	0x1
 173 0039 08       		.byte	0x8
 174 003a 26010000 		.4byte	.LASF1
 175 003e 02       		.uleb128 0x2
 176 003f 02       		.byte	0x2
 177 0040 05       		.byte	0x5
 178 0041 14020000 		.4byte	.LASF2
 179 0045 02       		.uleb128 0x2
 180 0046 02       		.byte	0x2
 181 0047 07       		.byte	0x7
 182 0048 10000000 		.4byte	.LASF3
 183 004c 03       		.uleb128 0x3
 184 004d 9E010000 		.4byte	.LASF5
 185 0051 02       		.byte	0x2
 186 0052 3F       		.byte	0x3f
 187 0053 57000000 		.4byte	0x57
ARM GAS  C:\Users\leoja\AppData\Local\Temp\ccdjl5SU.s 			page 5


 188 0057 02       		.uleb128 0x2
 189 0058 04       		.byte	0x4
 190 0059 05       		.byte	0x5
 191 005a 39010000 		.4byte	.LASF6
 192 005e 02       		.uleb128 0x2
 193 005f 04       		.byte	0x4
 194 0060 07       		.byte	0x7
 195 0061 DB000000 		.4byte	.LASF7
 196 0065 02       		.uleb128 0x2
 197 0066 08       		.byte	0x8
 198 0067 05       		.byte	0x5
 199 0068 5F010000 		.4byte	.LASF8
 200 006c 02       		.uleb128 0x2
 201 006d 08       		.byte	0x8
 202 006e 07       		.byte	0x7
 203 006f ED000000 		.4byte	.LASF9
 204 0073 04       		.uleb128 0x4
 205 0074 04       		.byte	0x4
 206 0075 05       		.byte	0x5
 207 0076 696E7400 		.ascii	"int\000"
 208 007a 02       		.uleb128 0x2
 209 007b 04       		.byte	0x4
 210 007c 07       		.byte	0x7
 211 007d 1E020000 		.4byte	.LASF10
 212 0081 03       		.uleb128 0x3
 213 0082 1E010000 		.4byte	.LASF11
 214 0086 03       		.byte	0x3
 215 0087 18       		.byte	0x18
 216 0088 2C000000 		.4byte	0x2c
 217 008c 03       		.uleb128 0x3
 218 008d 49010000 		.4byte	.LASF12
 219 0091 03       		.byte	0x3
 220 0092 2C       		.byte	0x2c
 221 0093 4C000000 		.4byte	0x4c
 222 0097 02       		.uleb128 0x2
 223 0098 04       		.byte	0x4
 224 0099 04       		.byte	0x4
 225 009a A8010000 		.4byte	.LASF13
 226 009e 02       		.uleb128 0x2
 227 009f 08       		.byte	0x8
 228 00a0 04       		.byte	0x4
 229 00a1 42010000 		.4byte	.LASF14
 230 00a5 02       		.uleb128 0x2
 231 00a6 01       		.byte	0x1
 232 00a7 08       		.byte	0x8
 233 00a8 34010000 		.4byte	.LASF15
 234 00ac 02       		.uleb128 0x2
 235 00ad 08       		.byte	0x8
 236 00ae 04       		.byte	0x4
 237 00af 92010000 		.4byte	.LASF16
 238 00b3 02       		.uleb128 0x2
 239 00b4 04       		.byte	0x4
 240 00b5 07       		.byte	0x7
 241 00b6 2B020000 		.4byte	.LASF17
 242 00ba 05       		.uleb128 0x5
 243 00bb 00000000 		.4byte	.LASF18
 244 00bf 01       		.byte	0x1
ARM GAS  C:\Users\leoja\AppData\Local\Temp\ccdjl5SU.s 			page 6


 245 00c0 11       		.byte	0x11
 246 00c1 00000000 		.4byte	.LFB63
 247 00c5 20000000 		.4byte	.LFE63-.LFB63
 248 00c9 01       		.uleb128 0x1
 249 00ca 9C       		.byte	0x9c
 250 00cb 05010000 		.4byte	0x105
 251 00cf 06       		.uleb128 0x6
 252 00d0 08000000 		.4byte	.LVL0
 253 00d4 B7010000 		.4byte	0x1b7
 254 00d8 E2000000 		.4byte	0xe2
 255 00dc 07       		.uleb128 0x7
 256 00dd 01       		.uleb128 0x1
 257 00de 50       		.byte	0x50
 258 00df 01       		.uleb128 0x1
 259 00e0 31       		.byte	0x31
 260 00e1 00       		.byte	0
 261 00e2 06       		.uleb128 0x6
 262 00e3 0E000000 		.4byte	.LVL1
 263 00e7 C2010000 		.4byte	0x1c2
 264 00eb F5000000 		.4byte	0xf5
 265 00ef 07       		.uleb128 0x7
 266 00f0 01       		.uleb128 0x1
 267 00f1 50       		.byte	0x50
 268 00f2 01       		.uleb128 0x1
 269 00f3 30       		.byte	0x30
 270 00f4 00       		.byte	0
 271 00f5 08       		.uleb128 0x8
 272 00f6 14000000 		.4byte	.LVL2
 273 00fa CD010000 		.4byte	0x1cd
 274 00fe 07       		.uleb128 0x7
 275 00ff 01       		.uleb128 0x1
 276 0100 50       		.byte	0x50
 277 0101 01       		.uleb128 0x1
 278 0102 31       		.byte	0x31
 279 0103 00       		.byte	0
 280 0104 00       		.byte	0
 281 0105 05       		.uleb128 0x5
 282 0106 CA000000 		.4byte	.LASF19
 283 010a 01       		.byte	0x1
 284 010b 1A       		.byte	0x1a
 285 010c 00000000 		.4byte	.LFB64
 286 0110 20000000 		.4byte	.LFE64-.LFB64
 287 0114 01       		.uleb128 0x1
 288 0115 9C       		.byte	0x9c
 289 0116 50010000 		.4byte	0x150
 290 011a 06       		.uleb128 0x6
 291 011b 08000000 		.4byte	.LVL3
 292 011f B7010000 		.4byte	0x1b7
 293 0123 2D010000 		.4byte	0x12d
 294 0127 07       		.uleb128 0x7
 295 0128 01       		.uleb128 0x1
 296 0129 50       		.byte	0x50
 297 012a 01       		.uleb128 0x1
 298 012b 31       		.byte	0x31
 299 012c 00       		.byte	0
 300 012d 06       		.uleb128 0x6
 301 012e 0E000000 		.4byte	.LVL4
ARM GAS  C:\Users\leoja\AppData\Local\Temp\ccdjl5SU.s 			page 7


 302 0132 C2010000 		.4byte	0x1c2
 303 0136 40010000 		.4byte	0x140
 304 013a 07       		.uleb128 0x7
 305 013b 01       		.uleb128 0x1
 306 013c 50       		.byte	0x50
 307 013d 01       		.uleb128 0x1
 308 013e 31       		.byte	0x31
 309 013f 00       		.byte	0
 310 0140 08       		.uleb128 0x8
 311 0141 14000000 		.4byte	.LVL5
 312 0145 CD010000 		.4byte	0x1cd
 313 0149 07       		.uleb128 0x7
 314 014a 01       		.uleb128 0x1
 315 014b 50       		.byte	0x50
 316 014c 01       		.uleb128 0x1
 317 014d 30       		.byte	0x30
 318 014e 00       		.byte	0
 319 014f 00       		.byte	0
 320 0150 05       		.uleb128 0x5
 321 0151 23000000 		.4byte	.LASF20
 322 0155 01       		.byte	0x1
 323 0156 23       		.byte	0x23
 324 0157 00000000 		.4byte	.LFB65
 325 015b 20000000 		.4byte	.LFE65-.LFB65
 326 015f 01       		.uleb128 0x1
 327 0160 9C       		.byte	0x9c
 328 0161 9B010000 		.4byte	0x19b
 329 0165 06       		.uleb128 0x6
 330 0166 08000000 		.4byte	.LVL6
 331 016a B7010000 		.4byte	0x1b7
 332 016e 78010000 		.4byte	0x178
 333 0172 07       		.uleb128 0x7
 334 0173 01       		.uleb128 0x1
 335 0174 50       		.byte	0x50
 336 0175 01       		.uleb128 0x1
 337 0176 30       		.byte	0x30
 338 0177 00       		.byte	0
 339 0178 06       		.uleb128 0x6
 340 0179 0E000000 		.4byte	.LVL7
 341 017d C2010000 		.4byte	0x1c2
 342 0181 8B010000 		.4byte	0x18b
 343 0185 07       		.uleb128 0x7
 344 0186 01       		.uleb128 0x1
 345 0187 50       		.byte	0x50
 346 0188 01       		.uleb128 0x1
 347 0189 30       		.byte	0x30
 348 018a 00       		.byte	0
 349 018b 08       		.uleb128 0x8
 350 018c 14000000 		.4byte	.LVL8
 351 0190 CD010000 		.4byte	0x1cd
 352 0194 07       		.uleb128 0x7
 353 0195 01       		.uleb128 0x1
 354 0196 50       		.byte	0x50
 355 0197 01       		.uleb128 0x1
 356 0198 30       		.byte	0x30
 357 0199 00       		.byte	0
 358 019a 00       		.byte	0
ARM GAS  C:\Users\leoja\AppData\Local\Temp\ccdjl5SU.s 			page 8


 359 019b 09       		.uleb128 0x9
 360 019c 79010000 		.4byte	.LASF21
 361 01a0 04       		.byte	0x4
 362 01a1 1207     		.2byte	0x712
 363 01a3 A7010000 		.4byte	0x1a7
 364 01a7 0A       		.uleb128 0xa
 365 01a8 8C000000 		.4byte	0x8c
 366 01ac 0B       		.uleb128 0xb
 367 01ad 6D010000 		.4byte	.LASF22
 368 01b1 01       		.byte	0x1
 369 01b2 0E       		.byte	0xe
 370 01b3 81000000 		.4byte	0x81
 371 01b7 0C       		.uleb128 0xc
 372 01b8 AE010000 		.4byte	.LASF23
 373 01bc AE010000 		.4byte	.LASF23
 374 01c0 05       		.byte	0x5
 375 01c1 26       		.byte	0x26
 376 01c2 0C       		.uleb128 0xc
 377 01c3 51010000 		.4byte	.LASF24
 378 01c7 51010000 		.4byte	.LASF24
 379 01cb 06       		.byte	0x6
 380 01cc 26       		.byte	0x26
 381 01cd 0C       		.uleb128 0xc
 382 01ce 0E010000 		.4byte	.LASF25
 383 01d2 0E010000 		.4byte	.LASF25
 384 01d6 07       		.byte	0x7
 385 01d7 26       		.byte	0x26
 386 01d8 00       		.byte	0
 387              		.section	.debug_abbrev,"",%progbits
 388              	.Ldebug_abbrev0:
 389 0000 01       		.uleb128 0x1
 390 0001 11       		.uleb128 0x11
 391 0002 01       		.byte	0x1
 392 0003 25       		.uleb128 0x25
 393 0004 0E       		.uleb128 0xe
 394 0005 13       		.uleb128 0x13
 395 0006 0B       		.uleb128 0xb
 396 0007 03       		.uleb128 0x3
 397 0008 0E       		.uleb128 0xe
 398 0009 1B       		.uleb128 0x1b
 399 000a 0E       		.uleb128 0xe
 400 000b 55       		.uleb128 0x55
 401 000c 17       		.uleb128 0x17
 402 000d 11       		.uleb128 0x11
 403 000e 01       		.uleb128 0x1
 404 000f 10       		.uleb128 0x10
 405 0010 17       		.uleb128 0x17
 406 0011 00       		.byte	0
 407 0012 00       		.byte	0
 408 0013 02       		.uleb128 0x2
 409 0014 24       		.uleb128 0x24
 410 0015 00       		.byte	0
 411 0016 0B       		.uleb128 0xb
 412 0017 0B       		.uleb128 0xb
 413 0018 3E       		.uleb128 0x3e
 414 0019 0B       		.uleb128 0xb
 415 001a 03       		.uleb128 0x3
ARM GAS  C:\Users\leoja\AppData\Local\Temp\ccdjl5SU.s 			page 9


 416 001b 0E       		.uleb128 0xe
 417 001c 00       		.byte	0
 418 001d 00       		.byte	0
 419 001e 03       		.uleb128 0x3
 420 001f 16       		.uleb128 0x16
 421 0020 00       		.byte	0
 422 0021 03       		.uleb128 0x3
 423 0022 0E       		.uleb128 0xe
 424 0023 3A       		.uleb128 0x3a
 425 0024 0B       		.uleb128 0xb
 426 0025 3B       		.uleb128 0x3b
 427 0026 0B       		.uleb128 0xb
 428 0027 49       		.uleb128 0x49
 429 0028 13       		.uleb128 0x13
 430 0029 00       		.byte	0
 431 002a 00       		.byte	0
 432 002b 04       		.uleb128 0x4
 433 002c 24       		.uleb128 0x24
 434 002d 00       		.byte	0
 435 002e 0B       		.uleb128 0xb
 436 002f 0B       		.uleb128 0xb
 437 0030 3E       		.uleb128 0x3e
 438 0031 0B       		.uleb128 0xb
 439 0032 03       		.uleb128 0x3
 440 0033 08       		.uleb128 0x8
 441 0034 00       		.byte	0
 442 0035 00       		.byte	0
 443 0036 05       		.uleb128 0x5
 444 0037 2E       		.uleb128 0x2e
 445 0038 01       		.byte	0x1
 446 0039 3F       		.uleb128 0x3f
 447 003a 19       		.uleb128 0x19
 448 003b 03       		.uleb128 0x3
 449 003c 0E       		.uleb128 0xe
 450 003d 3A       		.uleb128 0x3a
 451 003e 0B       		.uleb128 0xb
 452 003f 3B       		.uleb128 0x3b
 453 0040 0B       		.uleb128 0xb
 454 0041 11       		.uleb128 0x11
 455 0042 01       		.uleb128 0x1
 456 0043 12       		.uleb128 0x12
 457 0044 06       		.uleb128 0x6
 458 0045 40       		.uleb128 0x40
 459 0046 18       		.uleb128 0x18
 460 0047 9742     		.uleb128 0x2117
 461 0049 19       		.uleb128 0x19
 462 004a 01       		.uleb128 0x1
 463 004b 13       		.uleb128 0x13
 464 004c 00       		.byte	0
 465 004d 00       		.byte	0
 466 004e 06       		.uleb128 0x6
 467 004f 898201   		.uleb128 0x4109
 468 0052 01       		.byte	0x1
 469 0053 11       		.uleb128 0x11
 470 0054 01       		.uleb128 0x1
 471 0055 31       		.uleb128 0x31
 472 0056 13       		.uleb128 0x13
ARM GAS  C:\Users\leoja\AppData\Local\Temp\ccdjl5SU.s 			page 10


 473 0057 01       		.uleb128 0x1
 474 0058 13       		.uleb128 0x13
 475 0059 00       		.byte	0
 476 005a 00       		.byte	0
 477 005b 07       		.uleb128 0x7
 478 005c 8A8201   		.uleb128 0x410a
 479 005f 00       		.byte	0
 480 0060 02       		.uleb128 0x2
 481 0061 18       		.uleb128 0x18
 482 0062 9142     		.uleb128 0x2111
 483 0064 18       		.uleb128 0x18
 484 0065 00       		.byte	0
 485 0066 00       		.byte	0
 486 0067 08       		.uleb128 0x8
 487 0068 898201   		.uleb128 0x4109
 488 006b 01       		.byte	0x1
 489 006c 11       		.uleb128 0x11
 490 006d 01       		.uleb128 0x1
 491 006e 31       		.uleb128 0x31
 492 006f 13       		.uleb128 0x13
 493 0070 00       		.byte	0
 494 0071 00       		.byte	0
 495 0072 09       		.uleb128 0x9
 496 0073 34       		.uleb128 0x34
 497 0074 00       		.byte	0
 498 0075 03       		.uleb128 0x3
 499 0076 0E       		.uleb128 0xe
 500 0077 3A       		.uleb128 0x3a
 501 0078 0B       		.uleb128 0xb
 502 0079 3B       		.uleb128 0x3b
 503 007a 05       		.uleb128 0x5
 504 007b 49       		.uleb128 0x49
 505 007c 13       		.uleb128 0x13
 506 007d 3F       		.uleb128 0x3f
 507 007e 19       		.uleb128 0x19
 508 007f 3C       		.uleb128 0x3c
 509 0080 19       		.uleb128 0x19
 510 0081 00       		.byte	0
 511 0082 00       		.byte	0
 512 0083 0A       		.uleb128 0xa
 513 0084 35       		.uleb128 0x35
 514 0085 00       		.byte	0
 515 0086 49       		.uleb128 0x49
 516 0087 13       		.uleb128 0x13
 517 0088 00       		.byte	0
 518 0089 00       		.byte	0
 519 008a 0B       		.uleb128 0xb
 520 008b 34       		.uleb128 0x34
 521 008c 00       		.byte	0
 522 008d 03       		.uleb128 0x3
 523 008e 0E       		.uleb128 0xe
 524 008f 3A       		.uleb128 0x3a
 525 0090 0B       		.uleb128 0xb
 526 0091 3B       		.uleb128 0x3b
 527 0092 0B       		.uleb128 0xb
 528 0093 49       		.uleb128 0x49
 529 0094 13       		.uleb128 0x13
ARM GAS  C:\Users\leoja\AppData\Local\Temp\ccdjl5SU.s 			page 11


 530 0095 3F       		.uleb128 0x3f
 531 0096 19       		.uleb128 0x19
 532 0097 3C       		.uleb128 0x3c
 533 0098 19       		.uleb128 0x19
 534 0099 00       		.byte	0
 535 009a 00       		.byte	0
 536 009b 0C       		.uleb128 0xc
 537 009c 2E       		.uleb128 0x2e
 538 009d 00       		.byte	0
 539 009e 3F       		.uleb128 0x3f
 540 009f 19       		.uleb128 0x19
 541 00a0 3C       		.uleb128 0x3c
 542 00a1 19       		.uleb128 0x19
 543 00a2 6E       		.uleb128 0x6e
 544 00a3 0E       		.uleb128 0xe
 545 00a4 03       		.uleb128 0x3
 546 00a5 0E       		.uleb128 0xe
 547 00a6 3A       		.uleb128 0x3a
 548 00a7 0B       		.uleb128 0xb
 549 00a8 3B       		.uleb128 0x3b
 550 00a9 0B       		.uleb128 0xb
 551 00aa 00       		.byte	0
 552 00ab 00       		.byte	0
 553 00ac 00       		.byte	0
 554              		.section	.debug_aranges,"",%progbits
 555 0000 2C000000 		.4byte	0x2c
 556 0004 0200     		.2byte	0x2
 557 0006 00000000 		.4byte	.Ldebug_info0
 558 000a 04       		.byte	0x4
 559 000b 00       		.byte	0
 560 000c 0000     		.2byte	0
 561 000e 0000     		.2byte	0
 562 0010 00000000 		.4byte	.LFB63
 563 0014 20000000 		.4byte	.LFE63-.LFB63
 564 0018 00000000 		.4byte	.LFB64
 565 001c 20000000 		.4byte	.LFE64-.LFB64
 566 0020 00000000 		.4byte	.LFB65
 567 0024 20000000 		.4byte	.LFE65-.LFB65
 568 0028 00000000 		.4byte	0
 569 002c 00000000 		.4byte	0
 570              		.section	.debug_ranges,"",%progbits
 571              	.Ldebug_ranges0:
 572 0000 00000000 		.4byte	.LFB63
 573 0004 20000000 		.4byte	.LFE63
 574 0008 00000000 		.4byte	.LFB64
 575 000c 20000000 		.4byte	.LFE64
 576 0010 00000000 		.4byte	.LFB65
 577 0014 20000000 		.4byte	.LFE65
 578 0018 00000000 		.4byte	0
 579 001c 00000000 		.4byte	0
 580              		.section	.debug_line,"",%progbits
 581              	.Ldebug_line0:
 582 0000 A9010000 		.section	.debug_str,"MS",%progbits,1
 582      02006A01 
 582      00000201 
 582      FB0E0D00 
 582      01010101 
ARM GAS  C:\Users\leoja\AppData\Local\Temp\ccdjl5SU.s 			page 12


 583              	.LASF18:
 584 0000 73746172 		.ascii	"start_precharge\000"
 584      745F7072 
 584      65636861 
 584      72676500 
 585              	.LASF3:
 586 0010 73686F72 		.ascii	"short unsigned int\000"
 586      7420756E 
 586      7369676E 
 586      65642069 
 586      6E7400
 587              	.LASF20:
 588 0023 636C6561 		.ascii	"clear_interlock\000"
 588      725F696E 
 588      7465726C 
 588      6F636B00 
 589              	.LASF27:
 590 0033 72656C61 		.ascii	"relays.c\000"
 590      79732E63 
 590      00
 591              	.LASF26:
 592 003c 474E5520 		.ascii	"GNU C11 5.4.1 20160609 (release) [ARM/embedded-5-br"
 592      43313120 
 592      352E342E 
 592      31203230 
 592      31363036 
 593 006f 616E6368 		.ascii	"anch revision 237715] -mcpu=cortex-m3 -mthumb -g -O"
 593      20726576 
 593      6973696F 
 593      6E203233 
 593      37373135 
 594 00a2 67202D66 		.ascii	"g -ffunction-sections -ffat-lto-objects\000"
 594      66756E63 
 594      74696F6E 
 594      2D736563 
 594      74696F6E 
 595              	.LASF19:
 596 00ca 66696E69 		.ascii	"finish_precharge\000"
 596      73685F70 
 596      72656368 
 596      61726765 
 596      00
 597              	.LASF7:
 598 00db 6C6F6E67 		.ascii	"long unsigned int\000"
 598      20756E73 
 598      69676E65 
 598      6420696E 
 598      7400
 599              	.LASF9:
 600 00ed 6C6F6E67 		.ascii	"long long unsigned int\000"
 600      206C6F6E 
 600      6720756E 
 600      7369676E 
 600      65642069 
 601              	.LASF4:
 602 0104 5F5F7569 		.ascii	"__uint8_t\000"
 602      6E74385F 
ARM GAS  C:\Users\leoja\AppData\Local\Temp\ccdjl5SU.s 			page 13


 602      7400
 603              	.LASF25:
 604 010e 50726563 		.ascii	"Precharge_Write\000"
 604      68617267 
 604      655F5772 
 604      69746500 
 605              	.LASF11:
 606 011e 75696E74 		.ascii	"uint8_t\000"
 606      385F7400 
 607              	.LASF1:
 608 0126 756E7369 		.ascii	"unsigned char\000"
 608      676E6564 
 608      20636861 
 608      7200
 609              	.LASF15:
 610 0134 63686172 		.ascii	"char\000"
 610      00
 611              	.LASF6:
 612 0139 6C6F6E67 		.ascii	"long int\000"
 612      20696E74 
 612      00
 613              	.LASF14:
 614 0142 646F7562 		.ascii	"double\000"
 614      6C6500
 615              	.LASF12:
 616 0149 696E7433 		.ascii	"int32_t\000"
 616      325F7400 
 617              	.LASF24:
 618 0151 4149525F 		.ascii	"AIR_POS_Write\000"
 618      504F535F 
 618      57726974 
 618      6500
 619              	.LASF8:
 620 015f 6C6F6E67 		.ascii	"long long int\000"
 620      206C6F6E 
 620      6720696E 
 620      7400
 621              	.LASF22:
 622 016d 72656C61 		.ascii	"relay_flags\000"
 622      795F666C 
 622      61677300 
 623              	.LASF21:
 624 0179 49544D5F 		.ascii	"ITM_RxBuffer\000"
 624      52784275 
 624      66666572 
 624      00
 625              	.LASF0:
 626 0186 7369676E 		.ascii	"signed char\000"
 626      65642063 
 626      68617200 
 627              	.LASF16:
 628 0192 6C6F6E67 		.ascii	"long double\000"
 628      20646F75 
 628      626C6500 
 629              	.LASF5:
 630 019e 5F5F696E 		.ascii	"__int32_t\000"
 630      7433325F 
ARM GAS  C:\Users\leoja\AppData\Local\Temp\ccdjl5SU.s 			page 14


 630      7400
 631              	.LASF13:
 632 01a8 666C6F61 		.ascii	"float\000"
 632      7400
 633              	.LASF23:
 634 01ae 4149525F 		.ascii	"AIR_NEG_Write\000"
 634      4E45475F 
 634      57726974 
 634      6500
 635              	.LASF28:
 636 01bc 433A5C55 		.ascii	"C:\\Users\\leoja\\Documents\\GitHub\\PEI-Firmware-F"
 636      73657273 
 636      5C6C656F 
 636      6A615C44 
 636      6F63756D 
 637 01ea 4531305C 		.ascii	"E10\\PEI_Firmware_FE10_Rev2\\Design01.cydsn\000"
 637      5045495F 
 637      4669726D 
 637      77617265 
 637      5F464531 
 638              	.LASF2:
 639 0214 73686F72 		.ascii	"short int\000"
 639      7420696E 
 639      7400
 640              	.LASF10:
 641 021e 756E7369 		.ascii	"unsigned int\000"
 641      676E6564 
 641      20696E74 
 641      00
 642              	.LASF17:
 643 022b 73697A65 		.ascii	"sizetype\000"
 643      74797065 
 643      00
 644              		.ident	"GCC: (GNU Tools for ARM Embedded Processors) 5.4.1 20160609 (release) [ARM/embedded-5-bran
