ARM GAS  C:\Users\JUSTIN~1\AppData\Local\Temp\ccyIjCsO.s 			page 1


   1              		.syntax unified
   2              		.cpu cortex-m3
   3              		.fpu softvfp
   4              		.eabi_attribute 20, 1
   5              		.eabi_attribute 21, 1
   6              		.eabi_attribute 23, 3
   7              		.eabi_attribute 24, 1
   8              		.eabi_attribute 25, 1
   9              		.eabi_attribute 26, 1
  10              		.eabi_attribute 30, 1
  11              		.eabi_attribute 34, 1
  12              		.eabi_attribute 18, 4
  13              		.thumb
  14              		.syntax unified
  15              		.file	"main.c"
  16              		.text
  17              	.Ltext0:
  18              		.cfi_sections	.debug_frame
  19              		.section	.text.Clear_interlock,"ax",%progbits
  20              		.align	2
  21              		.global	Clear_interlock
  22              		.thumb
  23              		.thumb_func
  24              		.type	Clear_interlock, %function
  25              	Clear_interlock:
  26              	.LFB0:
  27              		.file 1 "main.c"
   1:main.c        **** /* ========================================
   2:main.c        ****  *
   3:main.c        ****  * Copyright YOUR COMPANY, THE YEAR
   4:main.c        ****  * All Rights Reserved
   5:main.c        ****  * UNPUBLISHED, LICENSED SOFTWARE.
   6:main.c        ****  *
   7:main.c        ****  * CONFIDENTIAL AND PROPRIETARY INFORMATION
   8:main.c        ****  * WHICH IS THE PROPERTY OF your company.
   9:main.c        ****  *
  10:main.c        ****  * ========================================
  11:main.c        **** */
  12:main.c        **** #include "canInitialize.h"
  13:main.c        **** // first put it inside the main, put that into a source file in the future
  14:main.c        **** 
  15:main.c        **** 
  16:main.c        **** typedef struct{
  17:main.c        ****     double data0;
  18:main.c        ****     double data1;
  19:main.c        ****     double data2;
  20:main.c        **** }frame;
  21:main.c        **** 
  22:main.c        **** typedef struct 
  23:main.c        **** {
  24:main.c        ****     frame frame1;
  25:main.c        **** } canMsg;
  26:main.c        **** 
  27:main.c        **** 
  28:main.c        **** typedef enum {
  29:main.c        ****     VEHICLE_STATE = 0x0c0,
  30:main.c        ****     SWITCHES = 0x0d0,
ARM GAS  C:\Users\JUSTIN~1\AppData\Local\Temp\ccyIjCsO.s 			page 2


  31:main.c        ****     TORQUE_REQUEST_COMMAND = 0x766,
  32:main.c        ****     BMS_STATUS = 0x380,
  33:main.c        ****     PEI_CURRENT = 0x387,
  34:main.c        ****     BMS_VOLTAGES = 0x388,
  35:main.c        ****     BMS_TEMPERATURES = 0x389
  36:main.c        **** } CAN_ID;
  37:main.c        **** 
  38:main.c        **** void Clear_interlock() {
  28              		.loc 1 38 0
  29              		.cfi_startproc
  30              		@ args = 0, pretend = 0, frame = 0
  31              		@ frame_needed = 0, uses_anonymous_args = 0
  32              		@ link register save eliminated.
  33 0000 7047     		bx	lr
  34              		.cfi_endproc
  35              	.LFE0:
  36              		.size	Clear_interlock, .-Clear_interlock
  37 0002 00BF     		.section	.text.Set_Interlock,"ax",%progbits
  38              		.align	2
  39              		.global	Set_Interlock
  40              		.thumb
  41              		.thumb_func
  42              		.type	Set_Interlock, %function
  43              	Set_Interlock:
  44              	.LFB1:
  39:main.c        ****     //TODO
  40:main.c        ****     // trial
  41:main.c        ****     // make change
  42:main.c        **** }
  43:main.c        **** 
  44:main.c        **** void Set_Interlock() {
  45              		.loc 1 44 0
  46              		.cfi_startproc
  47              		@ args = 0, pretend = 0, frame = 0
  48              		@ frame_needed = 0, uses_anonymous_args = 0
  49              		@ link register save eliminated.
  50 0000 7047     		bx	lr
  51              		.cfi_endproc
  52              	.LFE1:
  53              		.size	Set_Interlock, .-Set_Interlock
  54 0002 00BF     		.section	.text.main,"ax",%progbits
  55              		.align	2
  56              		.global	main
  57              		.thumb
  58              		.thumb_func
  59              		.type	main, %function
  60              	main:
  61              	.LFB2:
  45:main.c        ****     //TODO   
  46:main.c        **** }
  47:main.c        **** 
  48:main.c        **** int main(void)
  49:main.c        **** {
  62              		.loc 1 49 0
  63              		.cfi_startproc
  64              		@ args = 0, pretend = 0, frame = 0
  65              		@ frame_needed = 0, uses_anonymous_args = 0
ARM GAS  C:\Users\JUSTIN~1\AppData\Local\Temp\ccyIjCsO.s 			page 3


  66              		@ link register save eliminated.
  67              	.L4:
  68              	.LVL0:
  69 0000 FEE7     		b	.L4
  70              		.cfi_endproc
  71              	.LFE2:
  72              		.size	main, .-main
  73 0002 00BF     		.text
  74              	.Letext0:
  75              		.section	.debug_info,"",%progbits
  76              	.Ldebug_info0:
  77 0000 45010000 		.4byte	0x145
  78 0004 0400     		.2byte	0x4
  79 0006 00000000 		.4byte	.Ldebug_abbrev0
  80 000a 04       		.byte	0x4
  81 000b 01       		.uleb128 0x1
  82 000c 7E000000 		.4byte	.LASF20
  83 0010 0C       		.byte	0xc
  84 0011 21000000 		.4byte	.LASF21
  85 0015 3C000000 		.4byte	.LASF22
  86 0019 00000000 		.4byte	.Ldebug_ranges0+0
  87 001d 00000000 		.4byte	0
  88 0021 00000000 		.4byte	.Ldebug_line0
  89 0025 02       		.uleb128 0x2
  90 0026 18       		.byte	0x18
  91 0027 01       		.byte	0x1
  92 0028 10       		.byte	0x10
  93 0029 52000000 		.4byte	0x52
  94 002d 03       		.uleb128 0x3
  95 002e 7B010000 		.4byte	.LASF0
  96 0032 01       		.byte	0x1
  97 0033 11       		.byte	0x11
  98 0034 52000000 		.4byte	0x52
  99 0038 00       		.byte	0
 100 0039 03       		.uleb128 0x3
 101 003a 88010000 		.4byte	.LASF1
 102 003e 01       		.byte	0x1
 103 003f 12       		.byte	0x12
 104 0040 52000000 		.4byte	0x52
 105 0044 08       		.byte	0x8
 106 0045 03       		.uleb128 0x3
 107 0046 0C010000 		.4byte	.LASF2
 108 004a 01       		.byte	0x1
 109 004b 13       		.byte	0x13
 110 004c 52000000 		.4byte	0x52
 111 0050 10       		.byte	0x10
 112 0051 00       		.byte	0
 113 0052 04       		.uleb128 0x4
 114 0053 08       		.byte	0x8
 115 0054 04       		.byte	0x4
 116 0055 6A010000 		.4byte	.LASF6
 117 0059 05       		.uleb128 0x5
 118 005a 47010000 		.4byte	.LASF4
 119 005e 01       		.byte	0x1
 120 005f 14       		.byte	0x14
 121 0060 25000000 		.4byte	0x25
 122 0064 02       		.uleb128 0x2
ARM GAS  C:\Users\JUSTIN~1\AppData\Local\Temp\ccyIjCsO.s 			page 4


 123 0065 18       		.byte	0x18
 124 0066 01       		.byte	0x1
 125 0067 16       		.byte	0x16
 126 0068 79000000 		.4byte	0x79
 127 006c 03       		.uleb128 0x3
 128 006d 35000000 		.4byte	.LASF3
 129 0071 01       		.byte	0x1
 130 0072 18       		.byte	0x18
 131 0073 59000000 		.4byte	0x59
 132 0077 00       		.byte	0
 133 0078 00       		.byte	0
 134 0079 05       		.uleb128 0x5
 135 007a 3B010000 		.4byte	.LASF5
 136 007e 01       		.byte	0x1
 137 007f 19       		.byte	0x19
 138 0080 64000000 		.4byte	0x64
 139 0084 04       		.uleb128 0x4
 140 0085 02       		.byte	0x2
 141 0086 07       		.byte	0x7
 142 0087 00000000 		.4byte	.LASF7
 143 008b 06       		.uleb128 0x6
 144 008c 4D010000 		.4byte	.LASF8
 145 0090 01       		.byte	0x1
 146 0091 26       		.byte	0x26
 147 0092 00000000 		.4byte	.LFB0
 148 0096 02000000 		.4byte	.LFE0-.LFB0
 149 009a 01       		.uleb128 0x1
 150 009b 9C       		.byte	0x9c
 151 009c 06       		.uleb128 0x6
 152 009d A9010000 		.4byte	.LASF9
 153 00a1 01       		.byte	0x1
 154 00a2 2C       		.byte	0x2c
 155 00a3 00000000 		.4byte	.LFB1
 156 00a7 02000000 		.4byte	.LFE1-.LFB1
 157 00ab 01       		.uleb128 0x1
 158 00ac 9C       		.byte	0x9c
 159 00ad 07       		.uleb128 0x7
 160 00ae 42010000 		.4byte	.LASF23
 161 00b2 01       		.byte	0x1
 162 00b3 30       		.byte	0x30
 163 00b4 41010000 		.4byte	0x141
 164 00b8 00000000 		.4byte	.LFB2
 165 00bc 02000000 		.4byte	.LFE2-.LFB2
 166 00c0 01       		.uleb128 0x1
 167 00c1 9C       		.byte	0x9c
 168 00c2 41010000 		.4byte	0x141
 169 00c6 08       		.uleb128 0x8
 170 00c7 12010000 		.4byte	.LASF10
 171 00cb 01       		.byte	0x1
 172 00cc 33       		.byte	0x33
 173 00cd 79000000 		.4byte	0x79
 174 00d1 09       		.uleb128 0x9
 175 00d2 8E010000 		.4byte	.LASF24
 176 00d6 01       		.byte	0x1
 177 00d7 43       		.byte	0x43
 178 00d8 41010000 		.4byte	0x141
 179 00dc 00       		.byte	0
ARM GAS  C:\Users\JUSTIN~1\AppData\Local\Temp\ccyIjCsO.s 			page 5


 180 00dd 08       		.uleb128 0x8
 181 00de 28000000 		.4byte	.LASF11
 182 00e2 01       		.byte	0x1
 183 00e3 46       		.byte	0x46
 184 00e4 41010000 		.4byte	0x141
 185 00e8 08       		.uleb128 0x8
 186 00e9 9C010000 		.4byte	.LASF12
 187 00ed 01       		.byte	0x1
 188 00ee 47       		.byte	0x47
 189 00ef 41010000 		.4byte	0x141
 190 00f3 08       		.uleb128 0x8
 191 00f4 71010000 		.4byte	.LASF13
 192 00f8 01       		.byte	0x1
 193 00f9 4A       		.byte	0x4a
 194 00fa 41010000 		.4byte	0x141
 195 00fe 08       		.uleb128 0x8
 196 00ff 21010000 		.4byte	.LASF14
 197 0103 01       		.byte	0x1
 198 0104 4C       		.byte	0x4c
 199 0105 41010000 		.4byte	0x141
 200 0109 08       		.uleb128 0x8
 201 010a 81010000 		.4byte	.LASF15
 202 010e 01       		.byte	0x1
 203 010f 4D       		.byte	0x4d
 204 0110 41010000 		.4byte	0x141
 205 0114 08       		.uleb128 0x8
 206 0115 13000000 		.4byte	.LASF16
 207 0119 01       		.byte	0x1
 208 011a 51       		.byte	0x51
 209 011b 41010000 		.4byte	0x141
 210 011f 08       		.uleb128 0x8
 211 0120 2E010000 		.4byte	.LASF17
 212 0124 01       		.byte	0x1
 213 0125 52       		.byte	0x52
 214 0126 41010000 		.4byte	0x141
 215 012a 08       		.uleb128 0x8
 216 012b 94010000 		.4byte	.LASF18
 217 012f 01       		.byte	0x1
 218 0130 54       		.byte	0x54
 219 0131 41010000 		.4byte	0x141
 220 0135 08       		.uleb128 0x8
 221 0136 5D010000 		.4byte	.LASF19
 222 013a 01       		.byte	0x1
 223 013b 55       		.byte	0x55
 224 013c 41010000 		.4byte	0x141
 225 0140 00       		.byte	0
 226 0141 0A       		.uleb128 0xa
 227 0142 04       		.byte	0x4
 228 0143 05       		.byte	0x5
 229 0144 696E7400 		.ascii	"int\000"
 230 0148 00       		.byte	0
 231              		.section	.debug_abbrev,"",%progbits
 232              	.Ldebug_abbrev0:
 233 0000 01       		.uleb128 0x1
 234 0001 11       		.uleb128 0x11
 235 0002 01       		.byte	0x1
 236 0003 25       		.uleb128 0x25
ARM GAS  C:\Users\JUSTIN~1\AppData\Local\Temp\ccyIjCsO.s 			page 6


 237 0004 0E       		.uleb128 0xe
 238 0005 13       		.uleb128 0x13
 239 0006 0B       		.uleb128 0xb
 240 0007 03       		.uleb128 0x3
 241 0008 0E       		.uleb128 0xe
 242 0009 1B       		.uleb128 0x1b
 243 000a 0E       		.uleb128 0xe
 244 000b 55       		.uleb128 0x55
 245 000c 17       		.uleb128 0x17
 246 000d 11       		.uleb128 0x11
 247 000e 01       		.uleb128 0x1
 248 000f 10       		.uleb128 0x10
 249 0010 17       		.uleb128 0x17
 250 0011 00       		.byte	0
 251 0012 00       		.byte	0
 252 0013 02       		.uleb128 0x2
 253 0014 13       		.uleb128 0x13
 254 0015 01       		.byte	0x1
 255 0016 0B       		.uleb128 0xb
 256 0017 0B       		.uleb128 0xb
 257 0018 3A       		.uleb128 0x3a
 258 0019 0B       		.uleb128 0xb
 259 001a 3B       		.uleb128 0x3b
 260 001b 0B       		.uleb128 0xb
 261 001c 01       		.uleb128 0x1
 262 001d 13       		.uleb128 0x13
 263 001e 00       		.byte	0
 264 001f 00       		.byte	0
 265 0020 03       		.uleb128 0x3
 266 0021 0D       		.uleb128 0xd
 267 0022 00       		.byte	0
 268 0023 03       		.uleb128 0x3
 269 0024 0E       		.uleb128 0xe
 270 0025 3A       		.uleb128 0x3a
 271 0026 0B       		.uleb128 0xb
 272 0027 3B       		.uleb128 0x3b
 273 0028 0B       		.uleb128 0xb
 274 0029 49       		.uleb128 0x49
 275 002a 13       		.uleb128 0x13
 276 002b 38       		.uleb128 0x38
 277 002c 0B       		.uleb128 0xb
 278 002d 00       		.byte	0
 279 002e 00       		.byte	0
 280 002f 04       		.uleb128 0x4
 281 0030 24       		.uleb128 0x24
 282 0031 00       		.byte	0
 283 0032 0B       		.uleb128 0xb
 284 0033 0B       		.uleb128 0xb
 285 0034 3E       		.uleb128 0x3e
 286 0035 0B       		.uleb128 0xb
 287 0036 03       		.uleb128 0x3
 288 0037 0E       		.uleb128 0xe
 289 0038 00       		.byte	0
 290 0039 00       		.byte	0
 291 003a 05       		.uleb128 0x5
 292 003b 16       		.uleb128 0x16
 293 003c 00       		.byte	0
ARM GAS  C:\Users\JUSTIN~1\AppData\Local\Temp\ccyIjCsO.s 			page 7


 294 003d 03       		.uleb128 0x3
 295 003e 0E       		.uleb128 0xe
 296 003f 3A       		.uleb128 0x3a
 297 0040 0B       		.uleb128 0xb
 298 0041 3B       		.uleb128 0x3b
 299 0042 0B       		.uleb128 0xb
 300 0043 49       		.uleb128 0x49
 301 0044 13       		.uleb128 0x13
 302 0045 00       		.byte	0
 303 0046 00       		.byte	0
 304 0047 06       		.uleb128 0x6
 305 0048 2E       		.uleb128 0x2e
 306 0049 00       		.byte	0
 307 004a 3F       		.uleb128 0x3f
 308 004b 19       		.uleb128 0x19
 309 004c 03       		.uleb128 0x3
 310 004d 0E       		.uleb128 0xe
 311 004e 3A       		.uleb128 0x3a
 312 004f 0B       		.uleb128 0xb
 313 0050 3B       		.uleb128 0x3b
 314 0051 0B       		.uleb128 0xb
 315 0052 11       		.uleb128 0x11
 316 0053 01       		.uleb128 0x1
 317 0054 12       		.uleb128 0x12
 318 0055 06       		.uleb128 0x6
 319 0056 40       		.uleb128 0x40
 320 0057 18       		.uleb128 0x18
 321 0058 9742     		.uleb128 0x2117
 322 005a 19       		.uleb128 0x19
 323 005b 00       		.byte	0
 324 005c 00       		.byte	0
 325 005d 07       		.uleb128 0x7
 326 005e 2E       		.uleb128 0x2e
 327 005f 01       		.byte	0x1
 328 0060 3F       		.uleb128 0x3f
 329 0061 19       		.uleb128 0x19
 330 0062 03       		.uleb128 0x3
 331 0063 0E       		.uleb128 0xe
 332 0064 3A       		.uleb128 0x3a
 333 0065 0B       		.uleb128 0xb
 334 0066 3B       		.uleb128 0x3b
 335 0067 0B       		.uleb128 0xb
 336 0068 27       		.uleb128 0x27
 337 0069 19       		.uleb128 0x19
 338 006a 49       		.uleb128 0x49
 339 006b 13       		.uleb128 0x13
 340 006c 8701     		.uleb128 0x87
 341 006e 19       		.uleb128 0x19
 342 006f 11       		.uleb128 0x11
 343 0070 01       		.uleb128 0x1
 344 0071 12       		.uleb128 0x12
 345 0072 06       		.uleb128 0x6
 346 0073 40       		.uleb128 0x40
 347 0074 18       		.uleb128 0x18
 348 0075 9742     		.uleb128 0x2117
 349 0077 19       		.uleb128 0x19
 350 0078 01       		.uleb128 0x1
ARM GAS  C:\Users\JUSTIN~1\AppData\Local\Temp\ccyIjCsO.s 			page 8


 351 0079 13       		.uleb128 0x13
 352 007a 00       		.byte	0
 353 007b 00       		.byte	0
 354 007c 08       		.uleb128 0x8
 355 007d 34       		.uleb128 0x34
 356 007e 00       		.byte	0
 357 007f 03       		.uleb128 0x3
 358 0080 0E       		.uleb128 0xe
 359 0081 3A       		.uleb128 0x3a
 360 0082 0B       		.uleb128 0xb
 361 0083 3B       		.uleb128 0x3b
 362 0084 0B       		.uleb128 0xb
 363 0085 49       		.uleb128 0x49
 364 0086 13       		.uleb128 0x13
 365 0087 00       		.byte	0
 366 0088 00       		.byte	0
 367 0089 09       		.uleb128 0x9
 368 008a 34       		.uleb128 0x34
 369 008b 00       		.byte	0
 370 008c 03       		.uleb128 0x3
 371 008d 0E       		.uleb128 0xe
 372 008e 3A       		.uleb128 0x3a
 373 008f 0B       		.uleb128 0xb
 374 0090 3B       		.uleb128 0x3b
 375 0091 0B       		.uleb128 0xb
 376 0092 49       		.uleb128 0x49
 377 0093 13       		.uleb128 0x13
 378 0094 1C       		.uleb128 0x1c
 379 0095 0B       		.uleb128 0xb
 380 0096 00       		.byte	0
 381 0097 00       		.byte	0
 382 0098 0A       		.uleb128 0xa
 383 0099 24       		.uleb128 0x24
 384 009a 00       		.byte	0
 385 009b 0B       		.uleb128 0xb
 386 009c 0B       		.uleb128 0xb
 387 009d 3E       		.uleb128 0x3e
 388 009e 0B       		.uleb128 0xb
 389 009f 03       		.uleb128 0x3
 390 00a0 08       		.uleb128 0x8
 391 00a1 00       		.byte	0
 392 00a2 00       		.byte	0
 393 00a3 00       		.byte	0
 394              		.section	.debug_aranges,"",%progbits
 395 0000 2C000000 		.4byte	0x2c
 396 0004 0200     		.2byte	0x2
 397 0006 00000000 		.4byte	.Ldebug_info0
 398 000a 04       		.byte	0x4
 399 000b 00       		.byte	0
 400 000c 0000     		.2byte	0
 401 000e 0000     		.2byte	0
 402 0010 00000000 		.4byte	.LFB0
 403 0014 02000000 		.4byte	.LFE0-.LFB0
 404 0018 00000000 		.4byte	.LFB1
 405 001c 02000000 		.4byte	.LFE1-.LFB1
 406 0020 00000000 		.4byte	.LFB2
 407 0024 02000000 		.4byte	.LFE2-.LFB2
ARM GAS  C:\Users\JUSTIN~1\AppData\Local\Temp\ccyIjCsO.s 			page 9


 408 0028 00000000 		.4byte	0
 409 002c 00000000 		.4byte	0
 410              		.section	.debug_ranges,"",%progbits
 411              	.Ldebug_ranges0:
 412 0000 00000000 		.4byte	.LFB0
 413 0004 02000000 		.4byte	.LFE0
 414 0008 00000000 		.4byte	.LFB1
 415 000c 02000000 		.4byte	.LFE1
 416 0010 00000000 		.4byte	.LFB2
 417 0014 02000000 		.4byte	.LFE2
 418 0018 00000000 		.4byte	0
 419 001c 00000000 		.4byte	0
 420              		.section	.debug_line,"",%progbits
 421              	.Ldebug_line0:
 422 0000 50000000 		.section	.debug_str,"MS",%progbits,1
 422      02001D00 
 422      00000201 
 422      FB0E0D00 
 422      01010101 
 423              	.LASF7:
 424 0000 73686F72 		.ascii	"short unsigned int\000"
 424      7420756E 
 424      7369676E 
 424      65642069 
 424      6E7400
 425              	.LASF16:
 426 0013 7468726F 		.ascii	"throttle_high\000"
 426      74746C65 
 426      5F686967 
 426      6800
 427              	.LASF21:
 428 0021 6D61696E 		.ascii	"main.c\000"
 428      2E6300
 429              	.LASF11:
 430 0028 73657449 		.ascii	"setInterlock\000"
 430      6E746572 
 430      6C6F636B 
 430      00
 431              	.LASF3:
 432 0035 6672616D 		.ascii	"frame1\000"
 432      653100
 433              	.LASF22:
 434 003c 433A5C55 		.ascii	"C:\\Users\\Justin Chang\\PEI-Firmware-FE10\\PEI Fir"
 434      73657273 
 434      5C4A7573 
 434      74696E20 
 434      4368616E 
 435 006b 73742050 		.ascii	"st Prototype.cydsn\000"
 435      726F746F 
 435      74797065 
 435      2E637964 
 435      736E00
 436              	.LASF20:
 437 007e 474E5520 		.ascii	"GNU C11 5.4.1 20160609 (release) [ARM/embedded-5-br"
 437      43313120 
 437      352E342E 
 437      31203230 
ARM GAS  C:\Users\JUSTIN~1\AppData\Local\Temp\ccyIjCsO.s 			page 10


 437      31363036 
 438 00b1 616E6368 		.ascii	"anch revision 237715] -mcpu=cortex-m3 -mthumb -g -O"
 438      20726576 
 438      6973696F 
 438      6E203233 
 438      37373135 
 439 00e4 67202D66 		.ascii	"g -ffunction-sections -ffat-lto-objects\000"
 439      66756E63 
 439      74696F6E 
 439      2D736563 
 439      74696F6E 
 440              	.LASF2:
 441 010c 64617461 		.ascii	"data2\000"
 441      3200
 442              	.LASF10:
 443 0112 63616E43 		.ascii	"canCurrentData\000"
 443      75727265 
 443      6E744461 
 443      746100
 444              	.LASF14:
 445 0121 655F7374 		.ascii	"e_stop_check\000"
 445      6F705F63 
 445      6865636B 
 445      00
 446              	.LASF17:
 447 012e 7468726F 		.ascii	"throttle_low\000"
 447      74746C65 
 447      5F6C6F77 
 447      00
 448              	.LASF5:
 449 013b 63616E4D 		.ascii	"canMsg\000"
 449      736700
 450              	.LASF23:
 451 0142 6D61696E 		.ascii	"main\000"
 451      00
 452              	.LASF4:
 453 0147 6672616D 		.ascii	"frame\000"
 453      6500
 454              	.LASF8:
 455 014d 436C6561 		.ascii	"Clear_interlock\000"
 455      725F696E 
 455      7465726C 
 455      6F636B00 
 456              	.LASF19:
 457 015d 44697370 		.ascii	"DisplayState\000"
 457      6C617953 
 457      74617465 
 457      00
 458              	.LASF6:
 459 016a 646F7562 		.ascii	"double\000"
 459      6C6500
 460              	.LASF13:
 461 0171 56434C5F 		.ascii	"VCL_Brake\000"
 461      4272616B 
 461      6500
 462              	.LASF0:
 463 017b 64617461 		.ascii	"data0\000"
ARM GAS  C:\Users\JUSTIN~1\AppData\Local\Temp\ccyIjCsO.s 			page 11


 463      3000
 464              	.LASF15:
 465 0181 655F7374 		.ascii	"e_stop\000"
 465      6F7000
 466              	.LASF1:
 467 0188 64617461 		.ascii	"data1\000"
 467      3100
 468              	.LASF24:
 469 018e 73746174 		.ascii	"state\000"
 469      6500
 470              	.LASF18:
 471 0194 73746174 		.ascii	"status3\000"
 471      75733300 
 472              	.LASF12:
 473 019c 56434C5F 		.ascii	"VCL_Throttle\000"
 473      5468726F 
 473      74746C65 
 473      00
 474              	.LASF9:
 475 01a9 5365745F 		.ascii	"Set_Interlock\000"
 475      496E7465 
 475      726C6F63 
 475      6B00
 476              		.ident	"GCC: (GNU Tools for ARM Embedded Processors) 5.4.1 20160609 (release) [ARM/embedded-5-bran
