--------------- Clean Started: 03/11/2023 11:19:45 Project: Design01, Configuration: ARM GCC 5.4-2016-q2-update Debug ---------------
Deleting file ".\CortexM3\ARM_GCC_541\Debug\main.o"
Deleting file ".\CortexM3\ARM_GCC_541\Debug\can_manager.o"
Deleting file ".\CortexM3\ARM_GCC_541\Debug\cyfitter_cfg.o"
Deleting file ".\CortexM3\ARM_GCC_541\Debug\cymetadata.o"
Deleting file ".\CortexM3\ARM_GCC_541\Debug\SD_IN.o"
Deleting file ".\CortexM3\ARM_GCC_541\Debug\SD_OUT.o"
Deleting file ".\CortexM3\ARM_GCC_541\Debug\SD_ACC_OUT.o"
Deleting file ".\CortexM3\ARM_GCC_541\Debug\SD_FINAL.o"
Deleting file ".\CortexM3\ARM_GCC_541\Debug\Clock_1.o"
Deleting file ".\CortexM3\ARM_GCC_541\Debug\GraphicLCDIntf.o"
Deleting file ".\CortexM3\ARM_GCC_541\Debug\GraphicLCDIntf_PM.o"
Deleting file ".\CortexM3\ARM_GCC_541\Debug\Rx.o"
Deleting file ".\CortexM3\ARM_GCC_541\Debug\Tx.o"
Deleting file ".\CortexM3\ARM_GCC_541\Debug\CAN.o"
Deleting file ".\CortexM3\ARM_GCC_541\Debug\CAN_INT.o"
Deleting file ".\CortexM3\ARM_GCC_541\Debug\CAN_PM.o"
Deleting file ".\CortexM3\ARM_GCC_541\Debug\CAN_TX_RX_func.o"
Deleting file ".\CortexM3\ARM_GCC_541\Debug\AIR_NEG.o"
Deleting file ".\CortexM3\ARM_GCC_541\Debug\AIR_POS.o"
Deleting file ".\CortexM3\ARM_GCC_541\Debug\Precharge.o"
Deleting file ".\CortexM3\ARM_GCC_541\Debug\GPIO1_ESD.o"
Deleting file ".\CortexM3\ARM_GCC_541\Debug\GPIO2_ESD.o"
Deleting file ".\CortexM3\ARM_GCC_541\Debug\GPIO3_ESD.o"
Deleting file ".\CortexM3\ARM_GCC_541\Debug\GPIO4_ESD.o"
Deleting file ".\CortexM3\ARM_GCC_541\Debug\IMD_Fault.o"
Deleting file ".\CortexM3\ARM_GCC_541\Debug\BMS_Fault.o"
Deleting file ".\CortexM3\ARM_GCC_541\Debug\Current_Analog.o"
Deleting file ".\CortexM3\ARM_GCC_541\Debug\Cm3Start.o"
Deleting file ".\CortexM3\ARM_GCC_541\Debug\CyBootAsmGnu.o"
Deleting file ".\CortexM3\ARM_GCC_541\Debug\CyDmac.o"
Deleting file ".\CortexM3\ARM_GCC_541\Debug\CyFlash.o"
Deleting file ".\CortexM3\ARM_GCC_541\Debug\CyLib.o"
Deleting file ".\CortexM3\ARM_GCC_541\Debug\cyPm.o"
Deleting file ".\CortexM3\ARM_GCC_541\Debug\CySpc.o"
Deleting file ".\CortexM3\ARM_GCC_541\Debug\cyutils.o"
Deleting file ".\CortexM3\ARM_GCC_541\Debug\cy_em_eeprom.o"
Deleting file ".\CortexM3\ARM_GCC_541\Debug\ADC_DelSig_1.o"
Deleting file ".\CortexM3\ARM_GCC_541\Debug\ADC_DelSig_1_PM.o"
Deleting file ".\CortexM3\ARM_GCC_541\Debug\ADC_DelSig_1_INT.o"
Deleting file ".\CortexM3\ARM_GCC_541\Debug\ADC_DelSig_1_AMux.o"
Deleting file ".\CortexM3\ARM_GCC_541\Debug\ADC_DelSig_1_Ext_CP_Clk.o"
Deleting file ".\CortexM3\ARM_GCC_541\Debug\ADC_DelSig_1_IRQ.o"
Deleting file ".\CortexM3\ARM_GCC_541\Debug\ADC_DelSig_1_theACLK.o"
Deleting file ".\CortexM3\ARM_GCC_541\Debug\Design01.hex"
Deleting file ".\CortexM3\ARM_GCC_541\Debug\Design01.elf"
Deleting file ".\CortexM3\ARM_GCC_541\Debug\Design01.map"
Deleting file ".\Design01.cycdx"
Deleting file ".\Design01.svd"
Deleting file ".\Design01.rpt"
Deleting file ".\Design01_timing.html"
Deleting file ".\CortexM3\ARM_GCC_541\Debug\.deps\SOURCE_C__ARM_GCC_GENERIC.P"
Deleting file ".\CortexM3\ARM_GCC_541\Debug\.deps\SOURCE_ASM__ARM_GCC_GENERIC.P"
--------------- Clean Succeeded: 03/11/2023 11:19:45 ---------------
